[35m[1mConsolidate compiler generated dependencies of target center__rosidl_generator_c[0m
[35m[1mConsolidate compiler generated dependencies of target center_node[0m
[  1%] Built target center__cpp
[  2%] Built target center__cs
[  8%] Built target center__rosidl_generator_c
[ 11%] Built target center_node
[35m[1mConsolidate compiler generated dependencies of target center__rosidl_typesupport_cpp[0m
[ 11%] Built target ament_cmake_python_copy_center
[35m[1mConsolidate compiler generated dependencies of target center__rosidl_typesupport_introspection_cpp[0m
[35m[1mConsolidate compiler generated dependencies of target center__rosidl_typesupport_fastrtps_cpp[0m
[35m[1mConsolidate compiler generated dependencies of target center__rosidl_typesupport_fastrtps_c[0m
[35m[1mConsolidate compiler generated dependencies of target center__rosidl_typesupport_introspection_c[0m
[35m[1mConsolidate compiler generated dependencies of target center__rosidl_typesupport_c[0m
[ 13%] [34m[1m/usr/bin/cmake;-version;/usr/bin/dotnet restore center_assembly_dotnetcore.csproj;          /usr/bin/dotnet build center_assembly_dotnetcore.csproj -> /home/osawakousei/ros2_ws/src/center/build/center/center_assembly[0m
[ 19%] Built target center__rosidl_typesupport_cpp
[ 25%] Built target center__rosidl_typesupport_fastrtps_cpp
[ 31%] Built target center__rosidl_typesupport_introspection_cpp
[ 37%] Built target center__rosidl_typesupport_c
[ 43%] Built target center__rosidl_typesupport_introspection_c
[ 49%] Built target center__rosidl_typesupport_fastrtps_c
[35m[1mConsolidate compiler generated dependencies of target center_custom_unity__rosidl_typesupport_c[0m
[35m[1mConsolidate compiler generated dependencies of target center_srv_add_three_ints__rosidl_typesupport_c[0m
[35m[1mConsolidate compiler generated dependencies of target center_custom_unity__rosidl_typesupport_introspection_c[0m
[35m[1mConsolidate compiler generated dependencies of target center_srv_add_three_ints__rosidl_typesupport_introspection_c[0m
[35m[1mConsolidate compiler generated dependencies of target center_srv_add_three_ints__rosidl_typesupport_fastrtps_c[0m
[ 55%] Built target center_custom_unity__rosidl_typesupport_c
[ 61%] Built target center_custom_unity__rosidl_typesupport_introspection_c
[ 67%] Built target center_srv_add_three_ints__rosidl_typesupport_c
[ 73%] Built target center_srv_add_three_ints__rosidl_typesupport_introspection_c
cmake version 3.22.1

CMake suite maintained and supported by Kitware (kitware.com/cmake).
[ 79%] Built target center_srv_add_three_ints__rosidl_typesupport_fastrtps_c
[35m[1mConsolidate compiler generated dependencies of target center_custom_unity__rosidl_typesupport_fastrtps_c[0m
[ 79%] Built target center
[ 85%] Built target center_custom_unity__rosidl_typesupport_fastrtps_c
[ 86%] Built target center__py
[35m[1mConsolidate compiler generated dependencies of target center__rosidl_generator_py[0m
running egg_info
writing center.egg-info/PKG-INFO
writing dependency_links to center.egg-info/dependency_links.txt
writing top-level names to center.egg-info/top_level.txt
reading manifest file 'center.egg-info/SOURCES.txt'
writing manifest file 'center.egg-info/SOURCES.txt'
[ 91%] Built target center__rosidl_generator_py
[35m[1mConsolidate compiler generated dependencies of target center__rosidl_typesupport_introspection_c__pyext[0m
[35m[1mConsolidate compiler generated dependencies of target center__rosidl_typesupport_fastrtps_c__pyext[0m
[ 91%] Built target ament_cmake_python_build_center_egg
[35m[1mConsolidate compiler generated dependencies of target center__rosidl_typesupport_c__pyext[0m
[?1h=[ 94%] Built target center__rosidl_typesupport_fastrtps_c__pyext
[ 97%] Built target center__rosidl_typesupport_introspection_c__pyext
[100%] Built target center__rosidl_typesupport_c__pyext
  Determining projects to restore...
  All projects are up-to-date for restore.
[?1h=.NET 向け Microsoft (R) Build Engine バージョン 17.0.1+b177f8fa7
Copyright (C) Microsoft Corporation.All rights reserved.

  Determining projects to restore...
  All projects are up-to-date for restore.
  center_assembly_dotnetcore -> /home/osawakousei/ros2_ws/src/center/build/center/netstandard2.0/center_assembly.dll
[39;49m[92m
ビルドに成功しました。
[39;49m    0 個の警告
[39;49m    0 エラー
[39;49m
経過時間 00:00:04.07
[100%] Built target center_assembly
-- Install configuration: ""
-- Up-to-date: /home/osawakousei/ros2_ws/src/center/install/center/share/ament_index/resource_index/rosidl_interfaces/center
-- Up-to-date: /home/osawakousei/ros2_ws/src/center/install/center/include/center/center
-- Up-to-date: /home/osawakousei/ros2_ws/src/center/install/center/include/center/center/srv
-- Up-to-date: /home/osawakousei/ros2_ws/src/center/install/center/include/center/center/srv/detail
-- Up-to-date: /home/osawakousei/ros2_ws/src/center/install/center/include/center/center/srv/detail/add_three_ints__type_support.h
-- Up-to-date: /home/osawakousei/ros2_ws/src/center/install/center/include/center/center/srv/detail/add_three_ints__functions.c
-- Up-to-date: /home/osawakousei/ros2_ws/src/center/install/center/include/center/center/srv/detail/add_three_ints__struct.h
-- Up-to-date: /home/osawakousei/ros2_ws/src/center/install/center/include/center/center/srv/detail/add_three_ints__functions.h
-- Up-to-date: /home/osawakousei/ros2_ws/src/center/install/center/include/center/center/srv/add_three_ints.h
-- Up-to-date: /home/osawakousei/ros2_ws/src/center/install/center/include/center/center/msg
-- Up-to-date: /home/osawakousei/ros2_ws/src/center/install/center/include/center/center/msg/rosidl_generator_c__visibility_control.h
-- Up-to-date: /home/osawakousei/ros2_ws/src/center/install/center/include/center/center/msg/detail
-- Up-to-date: /home/osawakousei/ros2_ws/src/center/install/center/include/center/center/msg/detail/custom_unity__struct.h
-- Up-to-date: /home/osawakousei/ros2_ws/src/center/install/center/include/center/center/msg/detail/custom_unity__type_support.h
-- Up-to-date: /home/osawakousei/ros2_ws/src/center/install/center/include/center/center/msg/detail/custom_unity__functions.c
-- Up-to-date: /home/osawakousei/ros2_ws/src/center/install/center/include/center/center/msg/detail/custom_unity__functions.h
-- Up-to-date: /home/osawakousei/ros2_ws/src/center/install/center/include/center/center/msg/custom_unity.h
-- Up-to-date: /home/osawakousei/ros2_ws/src/center/install/center/share/center/environment/library_path.sh
-- Up-to-date: /home/osawakousei/ros2_ws/src/center/install/center/share/center/environment/library_path.dsv
-- Up-to-date: /home/osawakousei/ros2_ws/src/center/install/center/lib/libcenter__rosidl_generator_c.so
-- Up-to-date: /home/osawakousei/ros2_ws/src/center/install/center/include/center/center
-- Up-to-date: /home/osawakousei/ros2_ws/src/center/install/center/include/center/center/srv
-- Up-to-date: /home/osawakousei/ros2_ws/src/center/install/center/include/center/center/srv/detail
-- Up-to-date: /home/osawakousei/ros2_ws/src/center/install/center/include/center/center/srv/detail/add_three_ints__rosidl_typesupport_fastrtps_c.h
-- Up-to-date: /home/osawakousei/ros2_ws/src/center/install/center/include/center/center/msg
-- Up-to-date: /home/osawakousei/ros2_ws/src/center/install/center/include/center/center/msg/detail
-- Up-to-date: /home/osawakousei/ros2_ws/src/center/install/center/include/center/center/msg/detail/custom_unity__rosidl_typesupport_fastrtps_c.h
-- Up-to-date: /home/osawakousei/ros2_ws/src/center/install/center/include/center/center/msg/rosidl_typesupport_fastrtps_c__visibility_control.h
-- Up-to-date: /home/osawakousei/ros2_ws/src/center/install/center/lib/libcenter__rosidl_typesupport_fastrtps_c.so
-- Up-to-date: /home/osawakousei/ros2_ws/src/center/install/center/include/center/center
-- Up-to-date: /home/osawakousei/ros2_ws/src/center/install/center/include/center/center/srv
-- Up-to-date: /home/osawakousei/ros2_ws/src/center/install/center/include/center/center/srv/detail
-- Up-to-date: /home/osawakousei/ros2_ws/src/center/install/center/include/center/center/srv/detail/add_three_ints__traits.hpp
-- Up-to-date: /home/osawakousei/ros2_ws/src/center/install/center/include/center/center/srv/detail/add_three_ints__struct.hpp
-- Up-to-date: /home/osawakousei/ros2_ws/src/center/install/center/include/center/center/srv/detail/add_three_ints__builder.hpp
-- Up-to-date: /home/osawakousei/ros2_ws/src/center/install/center/include/center/center/srv/add_three_ints.hpp
-- Up-to-date: /home/osawakousei/ros2_ws/src/center/install/center/include/center/center/msg
-- Up-to-date: /home/osawakousei/ros2_ws/src/center/install/center/include/center/center/msg/custom_unity.hpp
-- Up-to-date: /home/osawakousei/ros2_ws/src/center/install/center/include/center/center/msg/detail
-- Up-to-date: /home/osawakousei/ros2_ws/src/center/install/center/include/center/center/msg/detail/custom_unity__builder.hpp
-- Up-to-date: /home/osawakousei/ros2_ws/src/center/install/center/include/center/center/msg/detail/custom_unity__struct.hpp
-- Up-to-date: /home/osawakousei/ros2_ws/src/center/install/center/include/center/center/msg/detail/custom_unity__traits.hpp
-- Up-to-date: /home/osawakousei/ros2_ws/src/center/install/center/include/center/center
-- Up-to-date: /home/osawakousei/ros2_ws/src/center/install/center/include/center/center/srv
-- Up-to-date: /home/osawakousei/ros2_ws/src/center/install/center/include/center/center/srv/detail
-- Up-to-date: /home/osawakousei/ros2_ws/src/center/install/center/include/center/center/srv/detail/add_three_ints__rosidl_typesupport_fastrtps_cpp.hpp
-- Up-to-date: /home/osawakousei/ros2_ws/src/center/install/center/include/center/center/srv/detail/dds_fastrtps
-- Up-to-date: /home/osawakousei/ros2_ws/src/center/install/center/include/center/center/msg
-- Up-to-date: /home/osawakousei/ros2_ws/src/center/install/center/include/center/center/msg/rosidl_typesupport_fastrtps_cpp__visibility_control.h
-- Up-to-date: /home/osawakousei/ros2_ws/src/center/install/center/include/center/center/msg/detail
-- Up-to-date: /home/osawakousei/ros2_ws/src/center/install/center/include/center/center/msg/detail/custom_unity__rosidl_typesupport_fastrtps_cpp.hpp
-- Up-to-date: /home/osawakousei/ros2_ws/src/center/install/center/include/center/center/msg/detail/dds_fastrtps
-- Up-to-date: /home/osawakousei/ros2_ws/src/center/install/center/lib/libcenter__rosidl_typesupport_fastrtps_cpp.so
-- Up-to-date: /home/osawakousei/ros2_ws/src/center/install/center/include/center/center
-- Up-to-date: /home/osawakousei/ros2_ws/src/center/install/center/include/center/center/srv
-- Up-to-date: /home/osawakousei/ros2_ws/src/center/install/center/include/center/center/srv/detail
-- Up-to-date: /home/osawakousei/ros2_ws/src/center/install/center/include/center/center/srv/detail/add_three_ints__type_support.c
-- Up-to-date: /home/osawakousei/ros2_ws/src/center/install/center/include/center/center/srv/detail/add_three_ints__rosidl_typesupport_introspection_c.h
-- Up-to-date: /home/osawakousei/ros2_ws/src/center/install/center/include/center/center/msg
-- Up-to-date: /home/osawakousei/ros2_ws/src/center/install/center/include/center/center/msg/rosidl_typesupport_introspection_c__visibility_control.h
-- Up-to-date: /home/osawakousei/ros2_ws/src/center/install/center/include/center/center/msg/detail
-- Up-to-date: /home/osawakousei/ros2_ws/src/center/install/center/include/center/center/msg/detail/custom_unity__rosidl_typesupport_introspection_c.h
-- Up-to-date: /home/osawakousei/ros2_ws/src/center/install/center/include/center/center/msg/detail/custom_unity__type_support.c
-- Up-to-date: /home/osawakousei/ros2_ws/src/center/install/center/lib/libcenter__rosidl_typesupport_introspection_c.so
-- Up-to-date: /home/osawakousei/ros2_ws/src/center/install/center/lib/libcenter__rosidl_typesupport_c.so
-- Up-to-date: /home/osawakousei/ros2_ws/src/center/install/center/include/center/center
-- Up-to-date: /home/osawakousei/ros2_ws/src/center/install/center/include/center/center/srv
-- Up-to-date: /home/osawakousei/ros2_ws/src/center/install/center/include/center/center/srv/detail
-- Up-to-date: /home/osawakousei/ros2_ws/src/center/install/center/include/center/center/srv/detail/add_three_ints__type_support.cpp
-- Up-to-date: /home/osawakousei/ros2_ws/src/center/install/center/include/center/center/srv/detail/add_three_ints__rosidl_typesupport_introspection_cpp.hpp
-- Up-to-date: /home/osawakousei/ros2_ws/src/center/install/center/include/center/center/msg
-- Up-to-date: /home/osawakousei/ros2_ws/src/center/install/center/include/center/center/msg/detail
-- Up-to-date: /home/osawakousei/ros2_ws/src/center/install/center/include/center/center/msg/detail/custom_unity__rosidl_typesupport_introspection_cpp.hpp
-- Up-to-date: /home/osawakousei/ros2_ws/src/center/install/center/include/center/center/msg/detail/custom_unity__type_support.cpp
-- Up-to-date: /home/osawakousei/ros2_ws/src/center/install/center/lib/libcenter__rosidl_typesupport_introspection_cpp.so
-- Up-to-date: /home/osawakousei/ros2_ws/src/center/install/center/lib/libcenter__rosidl_typesupport_cpp.so
-- Up-to-date: /home/osawakousei/ros2_ws/src/center/install/center/lib/libcenter_custom_unity__rosidl_typesupport_c_native.so
-- Up-to-date: /home/osawakousei/ros2_ws/src/center/install/center/lib/libcenter_custom_unity__rosidl_typesupport_introspection_c_native.so
-- Up-to-date: /home/osawakousei/ros2_ws/src/center/install/center/lib/libcenter_custom_unity__rosidl_typesupport_fastrtps_c_native.so
-- Up-to-date: /home/osawakousei/ros2_ws/src/center/install/center/lib/libcenter_srv_add_three_ints__rosidl_typesupport_c_native.so
-- Up-to-date: /home/osawakousei/ros2_ws/src/center/install/center/lib/libcenter_srv_add_three_ints__rosidl_typesupport_introspection_c_native.so
-- Up-to-date: /home/osawakousei/ros2_ws/src/center/install/center/lib/libcenter_srv_add_three_ints__rosidl_typesupport_fastrtps_c_native.so
-- Up-to-date: /home/osawakousei/ros2_ws/src/center/install/center/lib/dotnet
-- Up-to-date: /home/osawakousei/ros2_ws/src/center/install/center/lib/dotnet/ros2cs_common.dll
-- Up-to-date: /home/osawakousei/ros2_ws/src/center/install/center/lib/dotnet/center_assembly.dll
-- Up-to-date: /home/osawakousei/ros2_ws/src/center/install/center/lib/dotnet/center_assembly.deps.json
-- Up-to-date: /home/osawakousei/ros2_ws/src/center/install/center/lib/dotnet
-- Up-to-date: /home/osawakousei/ros2_ws/src/center/install/center/lib/dotnet/ros2cs_common.dll
-- Up-to-date: /home/osawakousei/ros2_ws/src/center/install/center/lib/dotnet/center_assembly.dll
-- Up-to-date: /home/osawakousei/ros2_ws/src/center/install/center/lib/dotnet/center_assembly.deps.json
-- Up-to-date: /home/osawakousei/ros2_ws/src/center/install/center/share/center/environment/pythonpath.sh
-- Up-to-date: /home/osawakousei/ros2_ws/src/center/install/center/share/center/environment/pythonpath.dsv
-- Up-to-date: /home/osawakousei/ros2_ws/src/center/install/center/local/lib/python3.10/dist-packages/center-0.0.0-py3.10.egg-info
-- Installing: /home/osawakousei/ros2_ws/src/center/install/center/local/lib/python3.10/dist-packages/center-0.0.0-py3.10.egg-info/top_level.txt
-- Installing: /home/osawakousei/ros2_ws/src/center/install/center/local/lib/python3.10/dist-packages/center-0.0.0-py3.10.egg-info/SOURCES.txt
-- Installing: /home/osawakousei/ros2_ws/src/center/install/center/local/lib/python3.10/dist-packages/center-0.0.0-py3.10.egg-info/dependency_links.txt
-- Installing: /home/osawakousei/ros2_ws/src/center/install/center/local/lib/python3.10/dist-packages/center-0.0.0-py3.10.egg-info/PKG-INFO
-- Up-to-date: /home/osawakousei/ros2_ws/src/center/install/center/local/lib/python3.10/dist-packages/center
-- Up-to-date: /home/osawakousei/ros2_ws/src/center/install/center/local/lib/python3.10/dist-packages/center/_center_s.ep.rosidl_typesupport_fastrtps_c.c
-- Up-to-date: /home/osawakousei/ros2_ws/src/center/install/center/local/lib/python3.10/dist-packages/center/srv
-- Up-to-date: /home/osawakousei/ros2_ws/src/center/install/center/local/lib/python3.10/dist-packages/center/srv/_add_three_ints.py
-- Up-to-date: /home/osawakousei/ros2_ws/src/center/install/center/local/lib/python3.10/dist-packages/center/srv/__init__.py
-- Up-to-date: /home/osawakousei/ros2_ws/src/center/install/center/local/lib/python3.10/dist-packages/center/srv/_add_three_ints_s.c
-- Up-to-date: /home/osawakousei/ros2_ws/src/center/install/center/local/lib/python3.10/dist-packages/center/center_s__rosidl_typesupport_fastrtps_c.cpython-310-x86_64-linux-gnu.so
-- Up-to-date: /home/osawakousei/ros2_ws/src/center/install/center/local/lib/python3.10/dist-packages/center/center_s__rosidl_typesupport_c.cpython-310-x86_64-linux-gnu.so
-- Up-to-date: /home/osawakousei/ros2_ws/src/center/install/center/local/lib/python3.10/dist-packages/center/libcenter__rosidl_generator_py.so
-- Up-to-date: /home/osawakousei/ros2_ws/src/center/install/center/local/lib/python3.10/dist-packages/center/__init__.py
-- Up-to-date: /home/osawakousei/ros2_ws/src/center/install/center/local/lib/python3.10/dist-packages/center/_center_s.ep.rosidl_typesupport_c.c
-- Up-to-date: /home/osawakousei/ros2_ws/src/center/install/center/local/lib/python3.10/dist-packages/center/center_s__rosidl_typesupport_introspection_c.cpython-310-x86_64-linux-gnu.so
-- Up-to-date: /home/osawakousei/ros2_ws/src/center/install/center/local/lib/python3.10/dist-packages/center/_center_s.ep.rosidl_typesupport_introspection_c.c
-- Up-to-date: /home/osawakousei/ros2_ws/src/center/install/center/local/lib/python3.10/dist-packages/center/msg
-- Up-to-date: /home/osawakousei/ros2_ws/src/center/install/center/local/lib/python3.10/dist-packages/center/msg/_custom_unity_s.c
-- Up-to-date: /home/osawakousei/ros2_ws/src/center/install/center/local/lib/python3.10/dist-packages/center/msg/_custom_unity.py
-- Up-to-date: /home/osawakousei/ros2_ws/src/center/install/center/local/lib/python3.10/dist-packages/center/msg/__init__.py
Listing '/home/osawakousei/ros2_ws/src/center/install/center/local/lib/python3.10/dist-packages/center'...
Listing '/home/osawakousei/ros2_ws/src/center/install/center/local/lib/python3.10/dist-packages/center/msg'...
Listing '/home/osawakousei/ros2_ws/src/center/install/center/local/lib/python3.10/dist-packages/center/srv'...
-- Up-to-date: /home/osawakousei/ros2_ws/src/center/install/center/local/lib/python3.10/dist-packages/center/center_s__rosidl_typesupport_fastrtps_c.cpython-310-x86_64-linux-gnu.so
-- Up-to-date: /home/osawakousei/ros2_ws/src/center/install/center/local/lib/python3.10/dist-packages/center/center_s__rosidl_typesupport_introspection_c.cpython-310-x86_64-linux-gnu.so
-- Up-to-date: /home/osawakousei/ros2_ws/src/center/install/center/local/lib/python3.10/dist-packages/center/center_s__rosidl_typesupport_c.cpython-310-x86_64-linux-gnu.so
-- Up-to-date: /home/osawakousei/ros2_ws/src/center/install/center/lib/libcenter__rosidl_generator_py.so
-- Up-to-date: /home/osawakousei/ros2_ws/src/center/install/center/share/center/msg/CustomUnity.idl
-- Up-to-date: /home/osawakousei/ros2_ws/src/center/install/center/share/center/srv/AddThreeInts.idl
-- Up-to-date: /home/osawakousei/ros2_ws/src/center/install/center/share/center/msg/CustomUnity.msg
-- Up-to-date: /home/osawakousei/ros2_ws/src/center/install/center/share/center/srv/AddThreeInts.srv
-- Up-to-date: /home/osawakousei/ros2_ws/src/center/install/center/share/center/srv/AddThreeInts_Request.msg
-- Up-to-date: /home/osawakousei/ros2_ws/src/center/install/center/share/center/srv/AddThreeInts_Response.msg
-- Up-to-date: /home/osawakousei/ros2_ws/src/center/install/center/lib/center/center_node
-- Up-to-date: /home/osawakousei/ros2_ws/src/center/install/center/share/ament_index/resource_index/package_run_dependencies/center
-- Up-to-date: /home/osawakousei/ros2_ws/src/center/install/center/share/ament_index/resource_index/parent_prefix_path/center
-- Up-to-date: /home/osawakousei/ros2_ws/src/center/install/center/share/center/environment/ament_prefix_path.sh
-- Up-to-date: /home/osawakousei/ros2_ws/src/center/install/center/share/center/environment/ament_prefix_path.dsv
-- Up-to-date: /home/osawakousei/ros2_ws/src/center/install/center/share/center/environment/path.sh
-- Up-to-date: /home/osawakousei/ros2_ws/src/center/install/center/share/center/environment/path.dsv
-- Up-to-date: /home/osawakousei/ros2_ws/src/center/install/center/share/center/local_setup.bash
-- Up-to-date: /home/osawakousei/ros2_ws/src/center/install/center/share/center/local_setup.sh
-- Up-to-date: /home/osawakousei/ros2_ws/src/center/install/center/share/center/local_setup.zsh
-- Up-to-date: /home/osawakousei/ros2_ws/src/center/install/center/share/center/local_setup.dsv
-- Installing: /home/osawakousei/ros2_ws/src/center/install/center/share/center/package.dsv
-- Up-to-date: /home/osawakousei/ros2_ws/src/center/install/center/share/ament_index/resource_index/packages/center
-- Up-to-date: /home/osawakousei/ros2_ws/src/center/install/center/share/center/cmake/export_center__rosidl_generator_cExport.cmake
-- Up-to-date: /home/osawakousei/ros2_ws/src/center/install/center/share/center/cmake/export_center__rosidl_generator_cExport-noconfig.cmake
-- Up-to-date: /home/osawakousei/ros2_ws/src/center/install/center/share/center/cmake/export_center__rosidl_typesupport_fastrtps_cExport.cmake
-- Up-to-date: /home/osawakousei/ros2_ws/src/center/install/center/share/center/cmake/export_center__rosidl_typesupport_fastrtps_cExport-noconfig.cmake
-- Up-to-date: /home/osawakousei/ros2_ws/src/center/install/center/share/center/cmake/export_center__rosidl_generator_cppExport.cmake
-- Up-to-date: /home/osawakousei/ros2_ws/src/center/install/center/share/center/cmake/export_center__rosidl_typesupport_fastrtps_cppExport.cmake
-- Up-to-date: /home/osawakousei/ros2_ws/src/center/install/center/share/center/cmake/export_center__rosidl_typesupport_fastrtps_cppExport-noconfig.cmake
-- Up-to-date: /home/osawakousei/ros2_ws/src/center/install/center/share/center/cmake/center__rosidl_typesupport_introspection_cExport.cmake
-- Up-to-date: /home/osawakousei/ros2_ws/src/center/install/center/share/center/cmake/center__rosidl_typesupport_introspection_cExport-noconfig.cmake
-- Up-to-date: /home/osawakousei/ros2_ws/src/center/install/center/share/center/cmake/center__rosidl_typesupport_cExport.cmake
-- Up-to-date: /home/osawakousei/ros2_ws/src/center/install/center/share/center/cmake/center__rosidl_typesupport_cExport-noconfig.cmake
-- Up-to-date: /home/osawakousei/ros2_ws/src/center/install/center/share/center/cmake/center__rosidl_typesupport_introspection_cppExport.cmake
-- Up-to-date: /home/osawakousei/ros2_ws/src/center/install/center/share/center/cmake/center__rosidl_typesupport_introspection_cppExport-noconfig.cmake
-- Up-to-date: /home/osawakousei/ros2_ws/src/center/install/center/share/center/cmake/center__rosidl_typesupport_cppExport.cmake
-- Up-to-date: /home/osawakousei/ros2_ws/src/center/install/center/share/center/cmake/center__rosidl_typesupport_cppExport-noconfig.cmake
-- Up-to-date: /home/osawakousei/ros2_ws/src/center/install/center/share/center/cmake/export_center__rosidl_generator_pyExport.cmake
-- Up-to-date: /home/osawakousei/ros2_ws/src/center/install/center/share/center/cmake/export_center__rosidl_generator_pyExport-noconfig.cmake
-- Up-to-date: /home/osawakousei/ros2_ws/src/center/install/center/share/center/cmake/rosidl_cmake-extras.cmake
-- Up-to-date: /home/osawakousei/ros2_ws/src/center/install/center/share/center/cmake/ament_cmake_export_include_directories-extras.cmake
-- Up-to-date: /home/osawakousei/ros2_ws/src/center/install/center/share/center/cmake/ament_cmake_export_libraries-extras.cmake
-- Up-to-date: /home/osawakousei/ros2_ws/src/center/install/center/share/center/cmake/ament_cmake_export_targets-extras.cmake
-- Up-to-date: /home/osawakousei/ros2_ws/src/center/install/center/share/center/cmake/rosidl_cmake_export_typesupport_targets-extras.cmake
-- Up-to-date: /home/osawakousei/ros2_ws/src/center/install/center/share/center/cmake/ament_cmake_export_dependencies-extras.cmake
-- Up-to-date: /home/osawakousei/ros2_ws/src/center/install/center/share/center/cmake/rosidl_cmake_export_typesupport_libraries-extras.cmake
-- Up-to-date: /home/osawakousei/ros2_ws/src/center/install/center/share/center/cmake/ament_cmake_export_assemblies-extras.cmake
-- Up-to-date: /home/osawakousei/ros2_ws/src/center/install/center/share/center/cmake/centerConfig.cmake
-- Up-to-date: /home/osawakousei/ros2_ws/src/center/install/center/share/center/cmake/centerConfig-version.cmake
-- Up-to-date: /home/osawakousei/ros2_ws/src/center/install/center/share/center/package.xml
