[7.548s] DEBUG:colcon:Command line arguments: ['/usr/bin/colcon', 'build']
[7.548s] DEBUG:colcon:Parsed command line arguments: Namespace(log_base=None, log_level=None, verb_name='build', build_base='build', install_base='install', merge_install=False, symlink_install=False, test_result_base=None, continue_on_error=False, executor='parallel', parallel_workers=12, event_handlers=None, ignore_user_meta=False, metas=['./colcon.meta'], base_paths=['.'], packages_ignore=None, packages_ignore_regex=None, paths=None, packages_up_to=None, packages_up_to_regex=None, packages_above=None, packages_above_and_dependencies=None, packages_above_depth=None, packages_select_by_dep=None, packages_skip_by_dep=None, packages_skip_up_to=None, packages_select_build_failed=False, packages_skip_build_finished=False, packages_select_test_failures=False, packages_skip_test_passed=False, packages_select=None, packages_skip=None, packages_select_regex=None, packages_skip_regex=None, packages_start=None, packages_end=None, allow_overriding=[], cmake_args=None, cmake_target=None, cmake_target_skip_unavailable=False, cmake_clean_cache=False, cmake_clean_first=False, cmake_force_configure=False, ament_cmake_args=None, catkin_cmake_args=None, catkin_skip_building_tests=False, verb_parser=<colcon_defaults.argument_parser.defaults.DefaultArgumentsDecorator object at 0x7f7fb87bc040>, verb_extension=<colcon_core.verb.build.BuildVerb object at 0x7f7fb870fb80>, main=<bound method BuildVerb.main of <colcon_core.verb.build.BuildVerb object at 0x7f7fb870fb80>>)
[7.886s] Level 1:colcon.colcon_core.package_discovery:discover_packages(colcon_meta) check parameters
[7.886s] Level 1:colcon.colcon_core.package_discovery:discover_packages(recursive) check parameters
[7.887s] Level 1:colcon.colcon_core.package_discovery:discover_packages(ignore) check parameters
[7.887s] Level 1:colcon.colcon_core.package_discovery:discover_packages(path) check parameters
[7.887s] Level 1:colcon.colcon_core.package_discovery:discover_packages(colcon_meta) discover
[7.887s] Level 1:colcon.colcon_core.package_discovery:discover_packages(recursive) discover
[7.888s] INFO:colcon.colcon_core.package_discovery:Crawling recursively for packages in '/home/osawakousei/ros2_ws/src/center'
[7.888s] Level 1:colcon.colcon_core.package_identification:_identify(.) by extensions ['ignore', 'ignore_ament_install']
[7.889s] Level 1:colcon.colcon_core.package_identification:_identify(.) by extension 'ignore'
[7.889s] Level 1:colcon.colcon_core.package_identification:_identify(.) by extension 'ignore_ament_install'
[7.890s] Level 1:colcon.colcon_core.package_identification:_identify(.) by extensions ['colcon_pkg']
[7.890s] Level 1:colcon.colcon_core.package_identification:_identify(.) by extension 'colcon_pkg'
[7.890s] Level 1:colcon.colcon_core.package_identification:_identify(.) by extensions ['colcon_meta']
[7.890s] Level 1:colcon.colcon_core.package_identification:_identify(.) by extension 'colcon_meta'
[7.891s] Level 1:colcon.colcon_core.package_identification:_identify(.) by extensions ['ros']
[7.891s] Level 1:colcon.colcon_core.package_identification:_identify(.) by extension 'ros'
[7.960s] DEBUG:colcon.colcon_core.package_identification:Package '.' with type 'ros.ament_cmake' and name 'center'
[7.960s] Level 1:colcon.colcon_core.package_discovery:discover_packages(recursive) using defaults
[7.961s] Level 1:colcon.colcon_core.package_discovery:discover_packages(ignore) discover
[7.961s] Level 1:colcon.colcon_core.package_discovery:discover_packages(ignore) using defaults
[7.961s] Level 1:colcon.colcon_core.package_discovery:discover_packages(path) discover
[7.962s] Level 1:colcon.colcon_core.package_discovery:discover_packages(path) using defaults
[8.658s] Level 1:colcon.colcon_core.package_discovery:discover_packages(prefix_path) check parameters
[8.658s] Level 1:colcon.colcon_core.package_discovery:discover_packages(prefix_path) discover
[8.917s] DEBUG:colcon.colcon_installed_package_information.package_discovery:Found 17 installed packages in /home/osawakousei/ros2_ws/install
[9.029s] DEBUG:colcon.colcon_installed_package_information.package_discovery:Found 1 installed packages in /home/osawakousei/ros2_ws/src/android_controll_test/install
[9.148s] DEBUG:colcon.colcon_installed_package_information.package_discovery:Found 1 installed packages in /home/osawakousei/ros2_ws/src/custom_message_unity/install
[9.261s] DEBUG:colcon.colcon_installed_package_information.package_discovery:Found 1 installed packages in /home/osawakousei/ros2_ws/src/cpp_server_client/install
[9.393s] DEBUG:colcon.colcon_installed_package_information.package_discovery:Found 1 installed packages in /home/osawakousei/ros2_ws/src/cpp_topic_pubsub/install
[9.504s] DEBUG:colcon.colcon_installed_package_information.package_discovery:Found 1 installed packages in /home/osawakousei/ros2_ws/src/test_package/install
[9.617s] DEBUG:colcon.colcon_installed_package_information.package_discovery:Found 3 installed packages in /home/osawakousei/ros2_ws/uros_ws/install
[9.731s] DEBUG:colcon.colcon_installed_package_information.package_discovery:Found 1 installed packages in /home/osawakousei/ros2_ws/src/custom_test_msgs/install
[9.862s] DEBUG:colcon.colcon_installed_package_information.package_discovery:Found 331 installed packages in /opt/ros/humble
[9.869s] Level 1:colcon.colcon_core.package_discovery:discover_packages(prefix_path) using defaults
[10.512s] Level 5:colcon.colcon_core.verb:set package 'center' build argument 'cmake_args' from command line to 'None'
[10.512s] Level 5:colcon.colcon_core.verb:set package 'center' build argument 'cmake_target' from command line to 'None'
[10.512s] Level 5:colcon.colcon_core.verb:set package 'center' build argument 'cmake_target_skip_unavailable' from command line to 'False'
[10.513s] Level 5:colcon.colcon_core.verb:set package 'center' build argument 'cmake_clean_cache' from command line to 'False'
[10.513s] Level 5:colcon.colcon_core.verb:set package 'center' build argument 'cmake_clean_first' from command line to 'False'
[10.513s] Level 5:colcon.colcon_core.verb:set package 'center' build argument 'cmake_force_configure' from command line to 'False'
[10.513s] Level 5:colcon.colcon_core.verb:set package 'center' build argument 'ament_cmake_args' from command line to 'None'
[10.514s] Level 5:colcon.colcon_core.verb:set package 'center' build argument 'catkin_cmake_args' from command line to 'None'
[10.514s] Level 5:colcon.colcon_core.verb:set package 'center' build argument 'catkin_skip_building_tests' from command line to 'False'
[10.514s] DEBUG:colcon.colcon_core.verb:Building package 'center' with the following arguments: {'ament_cmake_args': None, 'build_base': '/home/osawakousei/ros2_ws/src/center/build/center', 'catkin_cmake_args': None, 'catkin_skip_building_tests': False, 'cmake_args': None, 'cmake_clean_cache': False, 'cmake_clean_first': False, 'cmake_force_configure': False, 'cmake_target': None, 'cmake_target_skip_unavailable': False, 'install_base': '/home/osawakousei/ros2_ws/src/center/install/center', 'merge_install': False, 'path': '/home/osawakousei/ros2_ws/src/center', 'symlink_install': False, 'test_result_base': None}
[10.623s] INFO:colcon.colcon_core.executor:Executing jobs using 'parallel' executor
[10.736s] DEBUG:colcon.colcon_parallel_executor.executor.parallel:run_until_complete
[10.738s] INFO:colcon.colcon_ros.task.ament_cmake.build:Building ROS package in '/home/osawakousei/ros2_ws/src/center' with build type 'ament_cmake'
[10.739s] INFO:colcon.colcon_cmake.task.cmake.build:Building CMake package in '/home/osawakousei/ros2_ws/src/center'
[10.877s] INFO:colcon.colcon_core.plugin_system:Skipping extension 'colcon_core.shell.bat': Not used on non-Windows systems
[10.878s] INFO:colcon.colcon_core.shell:Skip shell extension 'powershell' for command environment: Not usable outside of PowerShell
[10.878s] DEBUG:colcon.colcon_core.shell:Skip shell extension 'dsv' for command environment
[12.200s] DEBUG:colcon.colcon_core.event_handler.log_command:Invoking command in '/home/osawakousei/ros2_ws/src/center/build/center': CMAKE_PREFIX_PATH=${CMAKE_PREFIX_PATH}:/opt/ros/humble /usr/bin/cmake /home/osawakousei/ros2_ws/src/center -DCMAKE_INSTALL_PREFIX=/home/osawakousei/ros2_ws/src/center/install/center
[27.751s] DEBUG:colcon.colcon_core.event_handler.log_command:Invoked command in '/home/osawakousei/ros2_ws/src/center/build/center' returned '1': CMAKE_PREFIX_PATH=${CMAKE_PREFIX_PATH}:/opt/ros/humble /usr/bin/cmake /home/osawakousei/ros2_ws/src/center -DCMAKE_INSTALL_PREFIX=/home/osawakousei/ros2_ws/src/center/install/center
[27.936s] Level 1:colcon.colcon_core.environment:create_environment_scripts_only(center)
[28.067s] Level 1:colcon.colcon_core.environment:checking '/home/osawakousei/ros2_ws/src/center/install/center' for CMake module files
[28.071s] Level 1:colcon.colcon_core.environment:checking '/home/osawakousei/ros2_ws/src/center/install/center' for CMake config files
[28.073s] Level 1:colcon.colcon_core.environment:checking '/home/osawakousei/ros2_ws/src/center/install/center/bin'
[28.074s] Level 1:colcon.colcon_core.environment:checking '/home/osawakousei/ros2_ws/src/center/install/center/lib/pkgconfig/center.pc'
[28.075s] Level 1:colcon.colcon_core.environment:checking '/home/osawakousei/ros2_ws/src/center/install/center/lib/python3.10/site-packages'
[28.076s] Level 1:colcon.colcon_core.environment:checking '/home/osawakousei/ros2_ws/src/center/install/center/bin'
[28.186s] INFO:colcon.colcon_core.shell:Creating package script '/home/osawakousei/ros2_ws/src/center/install/center/share/center/package.ps1'
[28.190s] INFO:colcon.colcon_core.shell:Creating package descriptor '/home/osawakousei/ros2_ws/src/center/install/center/share/center/package.dsv'
[28.192s] INFO:colcon.colcon_core.shell:Creating package script '/home/osawakousei/ros2_ws/src/center/install/center/share/center/package.sh'
[28.199s] INFO:colcon.colcon_core.shell:Creating package script '/home/osawakousei/ros2_ws/src/center/install/center/share/center/package.bash'
[28.204s] INFO:colcon.colcon_core.shell:Creating package script '/home/osawakousei/ros2_ws/src/center/install/center/share/center/package.zsh'
[28.210s] Level 1:colcon.colcon_core.environment:create_file_with_runtime_dependencies(/home/osawakousei/ros2_ws/src/center/install/center/share/colcon-core/packages/center)
[28.215s] DEBUG:colcon.colcon_parallel_executor.executor.parallel:closing loop
[28.216s] DEBUG:colcon.colcon_parallel_executor.executor.parallel:loop closed
[28.219s] DEBUG:colcon.colcon_parallel_executor.executor.parallel:run_until_complete finished with '1'
[28.220s] DEBUG:colcon.colcon_core.event_reactor:joining thread
[28.382s] INFO:colcon.colcon_core.plugin_system:Skipping extension 'colcon_notification.desktop_notification.terminal_notifier': Not used on non-Darwin systems
[28.382s] INFO:colcon.colcon_core.plugin_system:Skipping extension 'colcon_notification.desktop_notification.win32': Not used on non-Windows systems
[28.382s] INFO:colcon.colcon_notification.desktop_notification:Sending desktop notification using 'notify2'
[28.466s] DEBUG:colcon.colcon_core.event_reactor:joined thread
[28.586s] INFO:colcon.colcon_core.shell:Creating prefix script '/home/osawakousei/ros2_ws/src/center/install/local_setup.ps1'
[28.593s] INFO:colcon.colcon_core.shell:Creating prefix util module '/home/osawakousei/ros2_ws/src/center/install/_local_setup_util_ps1.py'
[28.598s] INFO:colcon.colcon_core.shell:Creating prefix chain script '/home/osawakousei/ros2_ws/src/center/install/setup.ps1'
[28.751s] INFO:colcon.colcon_core.shell:Creating prefix script '/home/osawakousei/ros2_ws/src/center/install/local_setup.sh'
[28.755s] INFO:colcon.colcon_core.shell:Creating prefix util module '/home/osawakousei/ros2_ws/src/center/install/_local_setup_util_sh.py'
[28.758s] INFO:colcon.colcon_core.shell:Creating prefix chain script '/home/osawakousei/ros2_ws/src/center/install/setup.sh'
[28.891s] INFO:colcon.colcon_core.shell:Creating prefix script '/home/osawakousei/ros2_ws/src/center/install/local_setup.bash'
[28.895s] INFO:colcon.colcon_core.shell:Creating prefix chain script '/home/osawakousei/ros2_ws/src/center/install/setup.bash'
[29.028s] INFO:colcon.colcon_core.shell:Creating prefix script '/home/osawakousei/ros2_ws/src/center/install/local_setup.zsh'
[29.032s] INFO:colcon.colcon_core.shell:Creating prefix chain script '/home/osawakousei/ros2_ws/src/center/install/setup.zsh'
