[2.777s] Invoking command in '/home/osawakousei/ros2_ws/build/custom_message_unity': CMAKE_PREFIX_PATH=${CMAKE_PREFIX_PATH}:/opt/ros/humble /usr/bin/cmake --build /home/osawakousei/ros2_ws/build/custom_message_unity -- -j8 -l8
[2.895s] -- Found ament_cmake: 1.3.5 (/opt/ros/humble/share/ament_cmake/cmake)
[3.426s] -- Found ament_cmake_auto: 1.3.5 (/opt/ros/humble/share/ament_cmake_auto/cmake)
[3.429s] -- Found rosidl_default_generators: 1.2.0 (/home/osawakousei/ros2_ws/install/rosidl_default_generators/share/rosidl_default_generators/cmake)
[3.444s] -- Using all available rosidl_typesupport_c: rosidl_typesupport_fastrtps_c;rosidl_typesupport_introspection_c
[3.453s] -- Found rosidl_adapter: 3.1.5 (/opt/ros/humble/share/rosidl_adapter/cmake)
[3.549s] -- Using all available rosidl_typesupport_cpp: rosidl_typesupport_fastrtps_cpp;rosidl_typesupport_introspection_cpp
[3.623s] -- Found rmw_implementation_cmake: 6.1.1 (/opt/ros/humble/share/rmw_implementation_cmake/cmake)
[3.650s] -- Found ament_lint_auto: 0.12.8 (/opt/ros/humble/share/ament_lint_auto/cmake)
[4.553s] -- Found ament_cmake_ros: 0.10.0 (/opt/ros/humble/share/ament_cmake_ros/cmake)
[5.253s] -- Using all available rosidl_typesupport_c: rosidl_typesupport_fastrtps_c;rosidl_typesupport_introspection_c
[6.059s] -- Using all available rosidl_typesupport_cpp: rosidl_typesupport_fastrtps_cpp;rosidl_typesupport_introspection_cpp
[6.065s] -- Found ament_cmake_export_assemblies: 0.0.0 (/home/osawakousei/ros2_ws/install/ament_cmake_export_assemblies/share/ament_cmake_export_assemblies/cmake)
[6.066s] -- Found dotnet_cmake_module: 0.0.0 (/home/osawakousei/ros2_ws/install/dotnet_cmake_module/share/dotnet_cmake_module/cmake)
[7.530s] -- Found .NET Core: 6.0.122
[7.531s] -- Using Framework: netstandard2.0
[7.531s] -- Using Framework: netstandard2.0
[7.532s] -- Using Runtime: linux-x64
[7.532s] -- Found ros2cs_common: 2.0.0 (/home/osawakousei/ros2_ws/install/ros2cs_common/share/ros2cs_common/cmake)
[8.032s] -- Generating C# code for ROS interfaces /home/osawakousei/ros2_ws/build/custom_message_unity/rosidl_generator_cs/custom_message_unity/msg/custom_unity.cs and 
[8.033s] -- Adding custom target
[8.035s] [0mLink libraries: custom_message_unity__rosidl_typesupport_c[0m
[8.043s] [0mLink libraries: custom_message_unity__rosidl_typesupport_introspection_c[0m
[8.051s] [0mLink libraries: custom_message_unity__rosidl_typesupport_fastrtps_c[0m
[8.059s] [0mInstall targets[0m
[8.138s] -- Found python_cmake_module: 0.10.0 (/opt/ros/humble/share/python_cmake_module/cmake)
[8.224s] -- Using PYTHON_EXECUTABLE: /usr/bin/python3
[8.224s] -- Using PYTHON_INCLUDE_DIRS: /usr/include/python3.10
[8.225s] -- Using PYTHON_LIBRARIES: /usr/lib/x86_64-linux-gnu/libpython3.10.so
[8.490s] -- Added test 'cppcheck' to perform static code analysis on C / C++ code
[8.492s] -- Configured cppcheck include dirs: 
[8.492s] -- Configured cppcheck exclude dirs and/or files: 
[8.522s] -- Added test 'flake8' to check Python code syntax and style conventions
[8.568s] -- Added test 'lint_cmake' to check CMake code style
[8.592s] -- Added test 'pep257' to check Python code against some of the docstring style conventions in PEP 257
[8.775s] -- Added test 'uncrustify' to check C / C++ code style
[8.776s] -- Configured uncrustify additional arguments: 
[8.799s] -- Added test 'xmllint' to check XML markup files
[8.814s] -- Configuring done
[8.977s] -- Generating done
[9.002s] -- Build files have been written to: /home/osawakousei/ros2_ws/build/custom_message_unity
[9.122s] [35m[1mConsolidate compiler generated dependencies of target custom_message_unity__rosidl_generator_c[0m
[9.175s] [  2%] Built target custom_message_unity__cpp
[9.180s] [  6%] [32mBuilding C object CMakeFiles/custom_message_unity__rosidl_generator_c.dir/rosidl_generator_c/custom_message_unity/msg/detail/custom_unity__functions.c.o[0m
[9.180s] [  6%] [34m[1mGenerating C# code for ROS interfaces[0m
[9.265s] [  6%] Built target ament_cmake_python_copy_custom_message_unity
[9.267s] [35m[1mConsolidate compiler generated dependencies of target custom_message_unity__rosidl_typesupport_cpp[0m
[9.270s] [35m[1mConsolidate compiler generated dependencies of target custom_message_unity__rosidl_typesupport_fastrtps_cpp[0m
[9.327s] [35m[1mConsolidate compiler generated dependencies of target custom_message_unity__rosidl_typesupport_introspection_cpp[0m
[9.407s] [  8%] [32mBuilding CXX object CMakeFiles/custom_message_unity__rosidl_typesupport_fastrtps_cpp.dir/rosidl_typesupport_fastrtps_cpp/custom_message_unity/msg/detail/dds_fastrtps/custom_unity__type_support.cpp.o[0m
[9.452s] [ 10%] [32mBuilding CXX object CMakeFiles/custom_message_unity__rosidl_typesupport_cpp.dir/rosidl_typesupport_cpp/custom_message_unity/msg/custom_unity__type_support.cpp.o[0m
[9.463s] [ 13%] [32m[1mLinking C shared library libcustom_message_unity__rosidl_generator_c.so[0m
[9.534s] [ 15%] [32mBuilding CXX object CMakeFiles/custom_message_unity__rosidl_typesupport_introspection_cpp.dir/rosidl_typesupport_introspection_cpp/custom_message_unity/msg/detail/custom_unity__type_support.cpp.o[0m
[9.968s] [ 17%] Built target custom_message_unity__rosidl_generator_c
[10.145s] [35m[1mConsolidate compiler generated dependencies of target custom_message_unity__rosidl_typesupport_c[0m
[10.183s] [35m[1mConsolidate compiler generated dependencies of target custom_message_unity__rosidl_typesupport_introspection_c[0m
[10.234s] [35m[1mConsolidate compiler generated dependencies of target custom_message_unity__rosidl_typesupport_fastrtps_c[0m
[10.305s] [ 19%] [32mBuilding CXX object CMakeFiles/custom_message_unity__rosidl_typesupport_c.dir/rosidl_typesupport_c/custom_message_unity/msg/custom_unity__type_support.cpp.o[0m
[10.349s] [ 21%] [32mBuilding C object CMakeFiles/custom_message_unity__rosidl_typesupport_introspection_c.dir/rosidl_typesupport_introspection_c/custom_message_unity/msg/detail/custom_unity__type_support.c.o[0m
[10.464s] [ 23%] [32mBuilding CXX object CMakeFiles/custom_message_unity__rosidl_typesupport_fastrtps_c.dir/rosidl_typesupport_fastrtps_c/custom_message_unity/msg/detail/custom_unity__type_support_c.cpp.o[0m
[10.736s] [ 26%] [32m[1mLinking CXX shared library libcustom_message_unity__rosidl_typesupport_c.so[0m
[10.869s] [ 28%] [32m[1mLinking C shared library libcustom_message_unity__rosidl_typesupport_introspection_c.so[0m
[11.443s] [ 30%] Built target custom_message_unity__rosidl_typesupport_introspection_c
[11.530s] [ 32%] Built target custom_message_unity__rosidl_typesupport_c
[11.910s] [35m[1mConsolidate compiler generated dependencies of target custom_message_unity_custom_unity__rosidl_typesupport_c[0m
[12.043s] [35m[1mConsolidate compiler generated dependencies of target custom_message_unity_custom_unity__rosidl_typesupport_introspection_c[0m
[12.170s] [ 32%] Built target custom_message_unity__cs
[12.210s] [ 34%] [32mBuilding C object CMakeFiles/custom_message_unity_custom_unity__rosidl_typesupport_c.dir/rosidl_generator_cs/custom_message_unity/msg/custom_unity.ep.rosidl_typesupport_c.c.o[0m
[12.277s] [ 36%] [32mBuilding C object CMakeFiles/custom_message_unity_custom_unity__rosidl_typesupport_introspection_c.dir/rosidl_generator_cs/custom_message_unity/msg/custom_unity.ep.rosidl_typesupport_introspection_c.c.o[0m
[12.609s] running egg_info
[12.629s] writing custom_message_unity.egg-info/PKG-INFO
[12.630s] writing dependency_links to custom_message_unity.egg-info/dependency_links.txt
[12.631s] writing top-level names to custom_message_unity.egg-info/top_level.txt
[12.670s] reading manifest file 'custom_message_unity.egg-info/SOURCES.txt'
[12.672s] writing manifest file 'custom_message_unity.egg-info/SOURCES.txt'
[12.786s] [ 39%] [34m[1m/usr/bin/cmake;-version;/usr/bin/dotnet restore custom_message_unity_assembly_dotnetcore.csproj;          /usr/bin/dotnet build custom_message_unity_assembly_dotnetcore.csproj -> /home/osawakousei/ros2_ws/build/custom_message_unity/custom_message_unity_assembly[0m
[12.858s] [ 41%] [32mBuilding C object CMakeFiles/custom_message_unity_custom_unity__rosidl_typesupport_c.dir/rosidl_generator_cs/custom_message_unity/msg/custom_unity_s.c.o[0m
[12.900s] [ 43%] [32mBuilding C object CMakeFiles/custom_message_unity_custom_unity__rosidl_typesupport_introspection_c.dir/rosidl_generator_cs/custom_message_unity/msg/custom_unity_s.c.o[0m
[12.969s] [ 45%] [32m[1mLinking CXX shared library libcustom_message_unity__rosidl_typesupport_cpp.so[0m
[13.083s] [ 45%] Built target ament_cmake_python_build_custom_message_unity_egg
[13.439s] [ 47%] [32m[1mLinking C shared library rosidl_generator_cs/custom_message_unity/msg/libcustom_message_unity_custom_unity__rosidl_typesupport_c_native.so[0m
[13.553s] cmake version 3.22.1
[13.553s] 
[13.554s] CMake suite maintained and supported by Kitware (kitware.com/cmake).
[13.594s] [ 50%] [32m[1mLinking C shared library rosidl_generator_cs/custom_message_unity/msg/libcustom_message_unity_custom_unity__rosidl_typesupport_introspection_c_native.so[0m
[13.681s] [ 52%] Built target custom_message_unity__rosidl_typesupport_cpp
[14.021s] [ 54%] [32m[1mLinking CXX shared library libcustom_message_unity__rosidl_typesupport_introspection_cpp.so[0m
[14.101s] [ 56%] Built target custom_message_unity_custom_unity__rosidl_typesupport_c
[14.274s] [ 58%] Built target custom_message_unity_custom_unity__rosidl_typesupport_introspection_c
[14.677s] [ 60%] Built target custom_message_unity__rosidl_typesupport_introspection_cpp
[14.720s] [ 63%] [32m[1mLinking CXX shared library libcustom_message_unity__rosidl_typesupport_fastrtps_cpp.so[0m
[14.978s] [ 65%] [32m[1mLinking CXX shared library libcustom_message_unity__rosidl_typesupport_fastrtps_c.so[0m
[15.507s] [ 67%] Built target custom_message_unity__rosidl_typesupport_fastrtps_cpp
[15.727s] [ 69%] Built target custom_message_unity__rosidl_typesupport_fastrtps_c
[15.870s] [35m[1mConsolidate compiler generated dependencies of target custom_message_unity_custom_unity__rosidl_typesupport_fastrtps_c[0m
[15.955s] [ 69%] Built target custom_message_unity
[16.026s] [ 71%] [32mBuilding C object CMakeFiles/custom_message_unity_custom_unity__rosidl_typesupport_fastrtps_c.dir/rosidl_generator_cs/custom_message_unity/msg/custom_unity.ep.rosidl_typesupport_fastrtps_c.c.o[0m
[16.031s] [ 73%] [32mBuilding C object CMakeFiles/custom_message_unity_custom_unity__rosidl_typesupport_fastrtps_c.dir/rosidl_generator_cs/custom_message_unity/msg/custom_unity_s.c.o[0m
[16.235s] [ 76%] Built target custom_message_unity__py
[16.404s] [35m[1mConsolidate compiler generated dependencies of target custom_message_unity__rosidl_generator_py[0m
[16.427s] [ 78%] [32m[1mLinking C shared library rosidl_generator_cs/custom_message_unity/msg/libcustom_message_unity_custom_unity__rosidl_typesupport_fastrtps_c_native.so[0m
[16.594s] [?1h=[ 80%] [32mBuilding C object CMakeFiles/custom_message_unity__rosidl_generator_py.dir/rosidl_generator_py/custom_message_unity/msg/_custom_unity_s.c.o[0m
[16.860s] [ 82%] Built target custom_message_unity_custom_unity__rosidl_typesupport_fastrtps_c
[17.287s] [ 84%] [32m[1mLinking C shared library rosidl_generator_py/custom_message_unity/libcustom_message_unity__rosidl_generator_py.so[0m
[17.694s] [ 84%] Built target custom_message_unity__rosidl_generator_py
[17.842s] [35m[1mConsolidate compiler generated dependencies of target custom_message_unity__rosidl_typesupport_fastrtps_c__pyext[0m
[17.846s] [35m[1mConsolidate compiler generated dependencies of target custom_message_unity__rosidl_typesupport_introspection_c__pyext[0m
[17.865s] [35m[1mConsolidate compiler generated dependencies of target custom_message_unity__rosidl_typesupport_c__pyext[0m
[18.023s] [ 86%] [32mBuilding C object CMakeFiles/custom_message_unity__rosidl_typesupport_fastrtps_c__pyext.dir/rosidl_generator_py/custom_message_unity/_custom_message_unity_s.ep.rosidl_typesupport_fastrtps_c.c.o[0m
[18.048s] [ 89%] [32mBuilding C object CMakeFiles/custom_message_unity__rosidl_typesupport_introspection_c__pyext.dir/rosidl_generator_py/custom_message_unity/_custom_message_unity_s.ep.rosidl_typesupport_introspection_c.c.o[0m
[18.055s] [ 91%] [32mBuilding C object CMakeFiles/custom_message_unity__rosidl_typesupport_c__pyext.dir/rosidl_generator_py/custom_message_unity/_custom_message_unity_s.ep.rosidl_typesupport_c.c.o[0m
[18.679s] [ 93%] [32m[1mLinking C shared library rosidl_generator_py/custom_message_unity/custom_message_unity_s__rosidl_typesupport_fastrtps_c.cpython-310-x86_64-linux-gnu.so[0m
[18.822s] [ 95%] [32m[1mLinking C shared library rosidl_generator_py/custom_message_unity/custom_message_unity_s__rosidl_typesupport_c.cpython-310-x86_64-linux-gnu.so[0m
[19.070s] [ 97%] [32m[1mLinking C shared library rosidl_generator_py/custom_message_unity/custom_message_unity_s__rosidl_typesupport_introspection_c.cpython-310-x86_64-linux-gnu.so[0m
[19.224s] [ 97%] Built target custom_message_unity__rosidl_typesupport_fastrtps_c__pyext
[19.271s] [ 97%] Built target custom_message_unity__rosidl_typesupport_c__pyext
[19.490s] [ 97%] Built target custom_message_unity__rosidl_typesupport_introspection_c__pyext
[21.502s]   Determining projects to restore...
[22.774s]   All projects are up-to-date for restore.
[24.592s] [?1h=.NET 向け Microsoft (R) Build Engine バージョン 17.0.1+b177f8fa7
[24.592s] Copyright (C) Microsoft Corporation.All rights reserved.
[24.593s] 
[28.328s]   Determining projects to restore...
[30.220s]   All projects are up-to-date for restore.
[41.001s]   custom_message_unity_assembly_dotnetcore -> /home/osawakousei/ros2_ws/build/custom_message_unity/netstandard2.0/custom_message_unity_assembly.dll
[41.023s] [39;49m[92m
[41.024s] ビルドに成功しました。
[41.024s] [39;49m    0 個の警告
[41.025s] [39;49m    0 エラー
[41.025s] [39;49m
[41.026s] 経過時間 00:00:15.14
[41.103s] [100%] Built target custom_message_unity_assembly
[41.157s] Invoked command in '/home/osawakousei/ros2_ws/build/custom_message_unity' returned '0': CMAKE_PREFIX_PATH=${CMAKE_PREFIX_PATH}:/opt/ros/humble /usr/bin/cmake --build /home/osawakousei/ros2_ws/build/custom_message_unity -- -j8 -l8
[41.841s] Invoking command in '/home/osawakousei/ros2_ws/build/custom_message_unity': CMAKE_PREFIX_PATH=${CMAKE_PREFIX_PATH}:/opt/ros/humble /usr/bin/cmake --install /home/osawakousei/ros2_ws/build/custom_message_unity
[41.883s] -- Install configuration: ""
[41.884s] -- Up-to-date: /home/osawakousei/ros2_ws/install/custom_message_unity/share/ament_index/resource_index/rosidl_interfaces/custom_message_unity
[41.888s] -- Up-to-date: /home/osawakousei/ros2_ws/install/custom_message_unity/include/custom_message_unity/custom_message_unity
[41.888s] -- Up-to-date: /home/osawakousei/ros2_ws/install/custom_message_unity/include/custom_message_unity/custom_message_unity/msg
[41.889s] -- Up-to-date: /home/osawakousei/ros2_ws/install/custom_message_unity/include/custom_message_unity/custom_message_unity/msg/rosidl_generator_c__visibility_control.h
[41.889s] -- Up-to-date: /home/osawakousei/ros2_ws/install/custom_message_unity/include/custom_message_unity/custom_message_unity/msg/detail
[41.890s] -- Up-to-date: /home/osawakousei/ros2_ws/install/custom_message_unity/include/custom_message_unity/custom_message_unity/msg/detail/custom_unity__struct.h
[41.890s] -- Up-to-date: /home/osawakousei/ros2_ws/install/custom_message_unity/include/custom_message_unity/custom_message_unity/msg/detail/custom_unity__type_support.h
[41.891s] -- Up-to-date: /home/osawakousei/ros2_ws/install/custom_message_unity/include/custom_message_unity/custom_message_unity/msg/detail/custom_unity__functions.c
[41.891s] -- Up-to-date: /home/osawakousei/ros2_ws/install/custom_message_unity/include/custom_message_unity/custom_message_unity/msg/detail/custom_unity__functions.h
[41.893s] -- Up-to-date: /home/osawakousei/ros2_ws/install/custom_message_unity/include/custom_message_unity/custom_message_unity/msg/custom_unity.h
[41.893s] -- Installing: /home/osawakousei/ros2_ws/install/custom_message_unity/share/custom_message_unity/environment/library_path.sh
[41.895s] -- Installing: /home/osawakousei/ros2_ws/install/custom_message_unity/share/custom_message_unity/environment/library_path.dsv
[41.896s] -- Installing: /home/osawakousei/ros2_ws/install/custom_message_unity/lib/libcustom_message_unity__rosidl_generator_c.so
[41.900s] -- Set runtime path of "/home/osawakousei/ros2_ws/install/custom_message_unity/lib/libcustom_message_unity__rosidl_generator_c.so" to ""
[41.900s] -- Up-to-date: /home/osawakousei/ros2_ws/install/custom_message_unity/include/custom_message_unity/custom_message_unity
[41.901s] -- Up-to-date: /home/osawakousei/ros2_ws/install/custom_message_unity/include/custom_message_unity/custom_message_unity/msg
[41.902s] -- Up-to-date: /home/osawakousei/ros2_ws/install/custom_message_unity/include/custom_message_unity/custom_message_unity/msg/detail
[41.903s] -- Up-to-date: /home/osawakousei/ros2_ws/install/custom_message_unity/include/custom_message_unity/custom_message_unity/msg/detail/custom_unity__rosidl_typesupport_fastrtps_c.h
[41.904s] -- Up-to-date: /home/osawakousei/ros2_ws/install/custom_message_unity/include/custom_message_unity/custom_message_unity/msg/rosidl_typesupport_fastrtps_c__visibility_control.h
[41.905s] -- Installing: /home/osawakousei/ros2_ws/install/custom_message_unity/lib/libcustom_message_unity__rosidl_typesupport_fastrtps_c.so
[41.908s] -- Set runtime path of "/home/osawakousei/ros2_ws/install/custom_message_unity/lib/libcustom_message_unity__rosidl_typesupport_fastrtps_c.so" to ""
[41.910s] -- Up-to-date: /home/osawakousei/ros2_ws/install/custom_message_unity/include/custom_message_unity/custom_message_unity
[41.911s] -- Up-to-date: /home/osawakousei/ros2_ws/install/custom_message_unity/include/custom_message_unity/custom_message_unity/msg
[41.911s] -- Up-to-date: /home/osawakousei/ros2_ws/install/custom_message_unity/include/custom_message_unity/custom_message_unity/msg/rosidl_typesupport_introspection_c__visibility_control.h
[41.911s] -- Up-to-date: /home/osawakousei/ros2_ws/install/custom_message_unity/include/custom_message_unity/custom_message_unity/msg/detail
[41.912s] -- Up-to-date: /home/osawakousei/ros2_ws/install/custom_message_unity/include/custom_message_unity/custom_message_unity/msg/detail/custom_unity__rosidl_typesupport_introspection_c.h
[41.912s] -- Up-to-date: /home/osawakousei/ros2_ws/install/custom_message_unity/include/custom_message_unity/custom_message_unity/msg/detail/custom_unity__type_support.c
[41.913s] -- Installing: /home/osawakousei/ros2_ws/install/custom_message_unity/lib/libcustom_message_unity__rosidl_typesupport_introspection_c.so
[41.914s] -- Set runtime path of "/home/osawakousei/ros2_ws/install/custom_message_unity/lib/libcustom_message_unity__rosidl_typesupport_introspection_c.so" to ""
[41.915s] -- Installing: /home/osawakousei/ros2_ws/install/custom_message_unity/lib/libcustom_message_unity__rosidl_typesupport_c.so
[41.927s] -- Set runtime path of "/home/osawakousei/ros2_ws/install/custom_message_unity/lib/libcustom_message_unity__rosidl_typesupport_c.so" to ""
[41.927s] -- Up-to-date: /home/osawakousei/ros2_ws/install/custom_message_unity/include/custom_message_unity/custom_message_unity
[41.928s] -- Up-to-date: /home/osawakousei/ros2_ws/install/custom_message_unity/include/custom_message_unity/custom_message_unity/msg
[41.929s] -- Up-to-date: /home/osawakousei/ros2_ws/install/custom_message_unity/include/custom_message_unity/custom_message_unity/msg/custom_unity.hpp
[41.929s] -- Up-to-date: /home/osawakousei/ros2_ws/install/custom_message_unity/include/custom_message_unity/custom_message_unity/msg/detail
[41.930s] -- Up-to-date: /home/osawakousei/ros2_ws/install/custom_message_unity/include/custom_message_unity/custom_message_unity/msg/detail/custom_unity__builder.hpp
[41.933s] -- Up-to-date: /home/osawakousei/ros2_ws/install/custom_message_unity/include/custom_message_unity/custom_message_unity/msg/detail/custom_unity__struct.hpp
[41.934s] -- Up-to-date: /home/osawakousei/ros2_ws/install/custom_message_unity/include/custom_message_unity/custom_message_unity/msg/detail/custom_unity__traits.hpp
[41.934s] -- Up-to-date: /home/osawakousei/ros2_ws/install/custom_message_unity/include/custom_message_unity/custom_message_unity
[41.934s] -- Up-to-date: /home/osawakousei/ros2_ws/install/custom_message_unity/include/custom_message_unity/custom_message_unity/msg
[41.935s] -- Up-to-date: /home/osawakousei/ros2_ws/install/custom_message_unity/include/custom_message_unity/custom_message_unity/msg/rosidl_typesupport_fastrtps_cpp__visibility_control.h
[41.935s] -- Up-to-date: /home/osawakousei/ros2_ws/install/custom_message_unity/include/custom_message_unity/custom_message_unity/msg/detail
[41.935s] -- Up-to-date: /home/osawakousei/ros2_ws/install/custom_message_unity/include/custom_message_unity/custom_message_unity/msg/detail/custom_unity__rosidl_typesupport_fastrtps_cpp.hpp
[41.935s] -- Installing: /home/osawakousei/ros2_ws/install/custom_message_unity/include/custom_message_unity/custom_message_unity/msg/detail/dds_fastrtps
[41.936s] -- Installing: /home/osawakousei/ros2_ws/install/custom_message_unity/lib/libcustom_message_unity__rosidl_typesupport_fastrtps_cpp.so
[41.937s] -- Set runtime path of "/home/osawakousei/ros2_ws/install/custom_message_unity/lib/libcustom_message_unity__rosidl_typesupport_fastrtps_cpp.so" to ""
[41.937s] -- Up-to-date: /home/osawakousei/ros2_ws/install/custom_message_unity/include/custom_message_unity/custom_message_unity
[41.937s] -- Up-to-date: /home/osawakousei/ros2_ws/install/custom_message_unity/include/custom_message_unity/custom_message_unity/msg
[41.938s] -- Up-to-date: /home/osawakousei/ros2_ws/install/custom_message_unity/include/custom_message_unity/custom_message_unity/msg/detail
[41.938s] -- Up-to-date: /home/osawakousei/ros2_ws/install/custom_message_unity/include/custom_message_unity/custom_message_unity/msg/detail/custom_unity__rosidl_typesupport_introspection_cpp.hpp
[41.938s] -- Up-to-date: /home/osawakousei/ros2_ws/install/custom_message_unity/include/custom_message_unity/custom_message_unity/msg/detail/custom_unity__type_support.cpp
[41.938s] -- Installing: /home/osawakousei/ros2_ws/install/custom_message_unity/lib/libcustom_message_unity__rosidl_typesupport_introspection_cpp.so
[41.939s] -- Set runtime path of "/home/osawakousei/ros2_ws/install/custom_message_unity/lib/libcustom_message_unity__rosidl_typesupport_introspection_cpp.so" to ""
[41.939s] -- Installing: /home/osawakousei/ros2_ws/install/custom_message_unity/lib/libcustom_message_unity__rosidl_typesupport_cpp.so
[41.939s] -- Set runtime path of "/home/osawakousei/ros2_ws/install/custom_message_unity/lib/libcustom_message_unity__rosidl_typesupport_cpp.so" to ""
[41.939s] -- Installing: /home/osawakousei/ros2_ws/install/custom_message_unity/lib/libcustom_message_unity_custom_unity__rosidl_typesupport_c_native.so
[41.939s] -- Set runtime path of "/home/osawakousei/ros2_ws/install/custom_message_unity/lib/libcustom_message_unity_custom_unity__rosidl_typesupport_c_native.so" to ""
[41.940s] -- Installing: /home/osawakousei/ros2_ws/install/custom_message_unity/lib/libcustom_message_unity_custom_unity__rosidl_typesupport_introspection_c_native.so
[41.940s] -- Set runtime path of "/home/osawakousei/ros2_ws/install/custom_message_unity/lib/libcustom_message_unity_custom_unity__rosidl_typesupport_introspection_c_native.so" to ""
[41.940s] -- Installing: /home/osawakousei/ros2_ws/install/custom_message_unity/lib/libcustom_message_unity_custom_unity__rosidl_typesupport_fastrtps_c_native.so
[41.940s] -- Set runtime path of "/home/osawakousei/ros2_ws/install/custom_message_unity/lib/libcustom_message_unity_custom_unity__rosidl_typesupport_fastrtps_c_native.so" to ""
[41.941s] -- Up-to-date: /home/osawakousei/ros2_ws/install/custom_message_unity/lib/dotnet
[41.941s] -- Installing: /home/osawakousei/ros2_ws/install/custom_message_unity/lib/dotnet/custom_message_unity_assembly.dll
[41.941s] -- Up-to-date: /home/osawakousei/ros2_ws/install/custom_message_unity/lib/dotnet/ros2cs_common.dll
[41.942s] -- Installing: /home/osawakousei/ros2_ws/install/custom_message_unity/lib/dotnet/custom_message_unity_assembly.deps.json
[41.942s] -- Up-to-date: /home/osawakousei/ros2_ws/install/custom_message_unity/share/custom_message_unity/environment/pythonpath.sh
[41.942s] -- Installing: /home/osawakousei/ros2_ws/install/custom_message_unity/share/custom_message_unity/environment/pythonpath.dsv
[41.942s] -- Up-to-date: /home/osawakousei/ros2_ws/install/custom_message_unity/local/lib/python3.10/dist-packages/custom_message_unity-0.0.0-py3.10.egg-info
[41.943s] -- Installing: /home/osawakousei/ros2_ws/install/custom_message_unity/local/lib/python3.10/dist-packages/custom_message_unity-0.0.0-py3.10.egg-info/top_level.txt
[41.943s] -- Installing: /home/osawakousei/ros2_ws/install/custom_message_unity/local/lib/python3.10/dist-packages/custom_message_unity-0.0.0-py3.10.egg-info/SOURCES.txt
[41.943s] -- Installing: /home/osawakousei/ros2_ws/install/custom_message_unity/local/lib/python3.10/dist-packages/custom_message_unity-0.0.0-py3.10.egg-info/dependency_links.txt
[41.943s] -- Installing: /home/osawakousei/ros2_ws/install/custom_message_unity/local/lib/python3.10/dist-packages/custom_message_unity-0.0.0-py3.10.egg-info/PKG-INFO
[41.943s] -- Up-to-date: /home/osawakousei/ros2_ws/install/custom_message_unity/local/lib/python3.10/dist-packages/custom_message_unity
[41.944s] -- Up-to-date: /home/osawakousei/ros2_ws/install/custom_message_unity/local/lib/python3.10/dist-packages/custom_message_unity/_custom_message_unity_s.ep.rosidl_typesupport_fastrtps_c.c
[41.944s] -- Installing: /home/osawakousei/ros2_ws/install/custom_message_unity/local/lib/python3.10/dist-packages/custom_message_unity/custom_message_unity_s__rosidl_typesupport_fastrtps_c.cpython-310-x86_64-linux-gnu.so
[41.945s] -- Installing: /home/osawakousei/ros2_ws/install/custom_message_unity/local/lib/python3.10/dist-packages/custom_message_unity/custom_message_unity_s__rosidl_typesupport_introspection_c.cpython-310-x86_64-linux-gnu.so
[41.945s] -- Up-to-date: /home/osawakousei/ros2_ws/install/custom_message_unity/local/lib/python3.10/dist-packages/custom_message_unity/_custom_message_unity_s.ep.rosidl_typesupport_c.c
[41.945s] -- Up-to-date: /home/osawakousei/ros2_ws/install/custom_message_unity/local/lib/python3.10/dist-packages/custom_message_unity/_custom_message_unity_s.ep.rosidl_typesupport_introspection_c.c
[41.946s] -- Installing: /home/osawakousei/ros2_ws/install/custom_message_unity/local/lib/python3.10/dist-packages/custom_message_unity/__init__.py
[41.946s] -- Installing: /home/osawakousei/ros2_ws/install/custom_message_unity/local/lib/python3.10/dist-packages/custom_message_unity/libcustom_message_unity__rosidl_generator_py.so
[41.947s] -- Up-to-date: /home/osawakousei/ros2_ws/install/custom_message_unity/local/lib/python3.10/dist-packages/custom_message_unity/msg
[41.947s] -- Up-to-date: /home/osawakousei/ros2_ws/install/custom_message_unity/local/lib/python3.10/dist-packages/custom_message_unity/msg/_custom_unity_s.c
[41.948s] -- Up-to-date: /home/osawakousei/ros2_ws/install/custom_message_unity/local/lib/python3.10/dist-packages/custom_message_unity/msg/_custom_unity.py
[41.948s] -- Up-to-date: /home/osawakousei/ros2_ws/install/custom_message_unity/local/lib/python3.10/dist-packages/custom_message_unity/msg/__init__.py
[41.948s] -- Installing: /home/osawakousei/ros2_ws/install/custom_message_unity/local/lib/python3.10/dist-packages/custom_message_unity/custom_message_unity_s__rosidl_typesupport_c.cpython-310-x86_64-linux-gnu.so
[42.070s] Listing '/home/osawakousei/ros2_ws/install/custom_message_unity/local/lib/python3.10/dist-packages/custom_message_unity'...
[42.070s] Compiling '/home/osawakousei/ros2_ws/install/custom_message_unity/local/lib/python3.10/dist-packages/custom_message_unity/__init__.py'...
[42.070s] Listing '/home/osawakousei/ros2_ws/install/custom_message_unity/local/lib/python3.10/dist-packages/custom_message_unity/msg'...
[42.071s] Compiling '/home/osawakousei/ros2_ws/install/custom_message_unity/local/lib/python3.10/dist-packages/custom_message_unity/msg/__init__.py'...
[42.071s] Compiling '/home/osawakousei/ros2_ws/install/custom_message_unity/local/lib/python3.10/dist-packages/custom_message_unity/msg/_custom_unity.py'...
[42.078s] -- Installing: /home/osawakousei/ros2_ws/install/custom_message_unity/local/lib/python3.10/dist-packages/custom_message_unity/custom_message_unity_s__rosidl_typesupport_fastrtps_c.cpython-310-x86_64-linux-gnu.so
[42.080s] -- Set runtime path of "/home/osawakousei/ros2_ws/install/custom_message_unity/local/lib/python3.10/dist-packages/custom_message_unity/custom_message_unity_s__rosidl_typesupport_fastrtps_c.cpython-310-x86_64-linux-gnu.so" to ""
[42.081s] -- Installing: /home/osawakousei/ros2_ws/install/custom_message_unity/local/lib/python3.10/dist-packages/custom_message_unity/custom_message_unity_s__rosidl_typesupport_introspection_c.cpython-310-x86_64-linux-gnu.so
[42.083s] -- Set runtime path of "/home/osawakousei/ros2_ws/install/custom_message_unity/local/lib/python3.10/dist-packages/custom_message_unity/custom_message_unity_s__rosidl_typesupport_introspection_c.cpython-310-x86_64-linux-gnu.so" to ""
[42.085s] -- Installing: /home/osawakousei/ros2_ws/install/custom_message_unity/local/lib/python3.10/dist-packages/custom_message_unity/custom_message_unity_s__rosidl_typesupport_c.cpython-310-x86_64-linux-gnu.so
[42.090s] -- Set runtime path of "/home/osawakousei/ros2_ws/install/custom_message_unity/local/lib/python3.10/dist-packages/custom_message_unity/custom_message_unity_s__rosidl_typesupport_c.cpython-310-x86_64-linux-gnu.so" to ""
[42.090s] -- Installing: /home/osawakousei/ros2_ws/install/custom_message_unity/lib/libcustom_message_unity__rosidl_generator_py.so
[42.102s] -- Set runtime path of "/home/osawakousei/ros2_ws/install/custom_message_unity/lib/libcustom_message_unity__rosidl_generator_py.so" to ""
[42.103s] -- Up-to-date: /home/osawakousei/ros2_ws/install/custom_message_unity/share/custom_message_unity/msg/CustomUnity.idl
[42.104s] -- Installing: /home/osawakousei/ros2_ws/install/custom_message_unity/share/custom_message_unity/msg/CustomUnity.msg
[42.105s] -- Up-to-date: /home/osawakousei/ros2_ws/install/custom_message_unity/share/ament_index/resource_index/package_run_dependencies/custom_message_unity
[42.106s] -- Up-to-date: /home/osawakousei/ros2_ws/install/custom_message_unity/share/ament_index/resource_index/parent_prefix_path/custom_message_unity
[42.107s] -- Installing: /home/osawakousei/ros2_ws/install/custom_message_unity/share/custom_message_unity/environment/ament_prefix_path.sh
[42.107s] -- Installing: /home/osawakousei/ros2_ws/install/custom_message_unity/share/custom_message_unity/environment/ament_prefix_path.dsv
[42.108s] -- Installing: /home/osawakousei/ros2_ws/install/custom_message_unity/share/custom_message_unity/environment/path.sh
[42.108s] -- Installing: /home/osawakousei/ros2_ws/install/custom_message_unity/share/custom_message_unity/environment/path.dsv
[42.112s] -- Up-to-date: /home/osawakousei/ros2_ws/install/custom_message_unity/share/custom_message_unity/local_setup.bash
[42.116s] -- Up-to-date: /home/osawakousei/ros2_ws/install/custom_message_unity/share/custom_message_unity/local_setup.sh
[42.118s] -- Up-to-date: /home/osawakousei/ros2_ws/install/custom_message_unity/share/custom_message_unity/local_setup.zsh
[42.119s] -- Installing: /home/osawakousei/ros2_ws/install/custom_message_unity/share/custom_message_unity/local_setup.dsv
[42.121s] -- Installing: /home/osawakousei/ros2_ws/install/custom_message_unity/share/custom_message_unity/package.dsv
[42.123s] -- Up-to-date: /home/osawakousei/ros2_ws/install/custom_message_unity/share/ament_index/resource_index/packages/custom_message_unity
[42.124s] -- Up-to-date: /home/osawakousei/ros2_ws/install/custom_message_unity/share/custom_message_unity/cmake/export_custom_message_unity__rosidl_generator_cExport.cmake
[42.126s] -- Up-to-date: /home/osawakousei/ros2_ws/install/custom_message_unity/share/custom_message_unity/cmake/export_custom_message_unity__rosidl_generator_cExport-noconfig.cmake
[42.127s] -- Up-to-date: /home/osawakousei/ros2_ws/install/custom_message_unity/share/custom_message_unity/cmake/export_custom_message_unity__rosidl_typesupport_fastrtps_cExport.cmake
[42.127s] -- Up-to-date: /home/osawakousei/ros2_ws/install/custom_message_unity/share/custom_message_unity/cmake/export_custom_message_unity__rosidl_typesupport_fastrtps_cExport-noconfig.cmake
[42.128s] -- Up-to-date: /home/osawakousei/ros2_ws/install/custom_message_unity/share/custom_message_unity/cmake/custom_message_unity__rosidl_typesupport_introspection_cExport.cmake
[42.129s] -- Up-to-date: /home/osawakousei/ros2_ws/install/custom_message_unity/share/custom_message_unity/cmake/custom_message_unity__rosidl_typesupport_introspection_cExport-noconfig.cmake
[42.130s] -- Up-to-date: /home/osawakousei/ros2_ws/install/custom_message_unity/share/custom_message_unity/cmake/custom_message_unity__rosidl_typesupport_cExport.cmake
[42.131s] -- Up-to-date: /home/osawakousei/ros2_ws/install/custom_message_unity/share/custom_message_unity/cmake/custom_message_unity__rosidl_typesupport_cExport-noconfig.cmake
[42.132s] -- Up-to-date: /home/osawakousei/ros2_ws/install/custom_message_unity/share/custom_message_unity/cmake/export_custom_message_unity__rosidl_generator_cppExport.cmake
[42.133s] -- Up-to-date: /home/osawakousei/ros2_ws/install/custom_message_unity/share/custom_message_unity/cmake/export_custom_message_unity__rosidl_typesupport_fastrtps_cppExport.cmake
[42.135s] -- Up-to-date: /home/osawakousei/ros2_ws/install/custom_message_unity/share/custom_message_unity/cmake/export_custom_message_unity__rosidl_typesupport_fastrtps_cppExport-noconfig.cmake
[42.136s] -- Up-to-date: /home/osawakousei/ros2_ws/install/custom_message_unity/share/custom_message_unity/cmake/custom_message_unity__rosidl_typesupport_introspection_cppExport.cmake
[42.136s] -- Up-to-date: /home/osawakousei/ros2_ws/install/custom_message_unity/share/custom_message_unity/cmake/custom_message_unity__rosidl_typesupport_introspection_cppExport-noconfig.cmake
[42.138s] -- Up-to-date: /home/osawakousei/ros2_ws/install/custom_message_unity/share/custom_message_unity/cmake/custom_message_unity__rosidl_typesupport_cppExport.cmake
[42.139s] -- Up-to-date: /home/osawakousei/ros2_ws/install/custom_message_unity/share/custom_message_unity/cmake/custom_message_unity__rosidl_typesupport_cppExport-noconfig.cmake
[42.139s] -- Up-to-date: /home/osawakousei/ros2_ws/install/custom_message_unity/share/custom_message_unity/cmake/export_custom_message_unity__rosidl_generator_pyExport.cmake
[42.140s] -- Up-to-date: /home/osawakousei/ros2_ws/install/custom_message_unity/share/custom_message_unity/cmake/export_custom_message_unity__rosidl_generator_pyExport-noconfig.cmake
[42.141s] -- Up-to-date: /home/osawakousei/ros2_ws/install/custom_message_unity/share/custom_message_unity/cmake/rosidl_cmake-extras.cmake
[42.141s] -- Up-to-date: /home/osawakousei/ros2_ws/install/custom_message_unity/share/custom_message_unity/cmake/ament_cmake_export_include_directories-extras.cmake
[42.142s] -- Up-to-date: /home/osawakousei/ros2_ws/install/custom_message_unity/share/custom_message_unity/cmake/ament_cmake_export_libraries-extras.cmake
[42.143s] -- Up-to-date: /home/osawakousei/ros2_ws/install/custom_message_unity/share/custom_message_unity/cmake/ament_cmake_export_targets-extras.cmake
[42.144s] -- Up-to-date: /home/osawakousei/ros2_ws/install/custom_message_unity/share/custom_message_unity/cmake/rosidl_cmake_export_typesupport_targets-extras.cmake
[42.144s] -- Up-to-date: /home/osawakousei/ros2_ws/install/custom_message_unity/share/custom_message_unity/cmake/ament_cmake_export_dependencies-extras.cmake
[42.149s] -- Up-to-date: /home/osawakousei/ros2_ws/install/custom_message_unity/share/custom_message_unity/cmake/rosidl_cmake_export_typesupport_libraries-extras.cmake
[42.151s] -- Up-to-date: /home/osawakousei/ros2_ws/install/custom_message_unity/share/custom_message_unity/cmake/ament_cmake_export_assemblies-extras.cmake
[42.151s] -- Up-to-date: /home/osawakousei/ros2_ws/install/custom_message_unity/share/custom_message_unity/cmake/custom_message_unityConfig.cmake
[42.152s] -- Up-to-date: /home/osawakousei/ros2_ws/install/custom_message_unity/share/custom_message_unity/cmake/custom_message_unityConfig-version.cmake
[42.153s] -- Installing: /home/osawakousei/ros2_ws/install/custom_message_unity/share/custom_message_unity/package.xml
[42.161s] Invoked command in '/home/osawakousei/ros2_ws/build/custom_message_unity' returned '0': CMAKE_PREFIX_PATH=${CMAKE_PREFIX_PATH}:/opt/ros/humble /usr/bin/cmake --install /home/osawakousei/ros2_ws/build/custom_message_unity
