[5.622s] DEBUG:colcon:Command line arguments: ['/usr/bin/colcon', 'build']
[5.622s] DEBUG:colcon:Parsed command line arguments: Namespace(log_base=None, log_level=None, verb_name='build', build_base='build', install_base='install', merge_install=False, symlink_install=False, test_result_base=None, continue_on_error=False, executor='parallel', parallel_workers=12, event_handlers=None, ignore_user_meta=False, metas=['./colcon.meta'], base_paths=['.'], packages_ignore=None, packages_ignore_regex=None, paths=None, packages_up_to=None, packages_up_to_regex=None, packages_above=None, packages_above_and_dependencies=None, packages_above_depth=None, packages_select_by_dep=None, packages_skip_by_dep=None, packages_skip_up_to=None, packages_select_build_failed=False, packages_skip_build_finished=False, packages_select_test_failures=False, packages_skip_test_passed=False, packages_select=None, packages_skip=None, packages_select_regex=None, packages_skip_regex=None, packages_start=None, packages_end=None, allow_overriding=[], cmake_args=None, cmake_target=None, cmake_target_skip_unavailable=False, cmake_clean_cache=False, cmake_clean_first=False, cmake_force_configure=False, ament_cmake_args=None, catkin_cmake_args=None, catkin_skip_building_tests=False, verb_parser=<colcon_defaults.argument_parser.defaults.DefaultArgumentsDecorator object at 0x7f2dc28ac040>, verb_extension=<colcon_core.verb.build.BuildVerb object at 0x7f2dc29ffb80>, main=<bound method BuildVerb.main of <colcon_core.verb.build.BuildVerb object at 0x7f2dc29ffb80>>)
[5.956s] Level 1:colcon.colcon_core.package_discovery:discover_packages(colcon_meta) check parameters
[5.957s] Level 1:colcon.colcon_core.package_discovery:discover_packages(recursive) check parameters
[5.957s] Level 1:colcon.colcon_core.package_discovery:discover_packages(ignore) check parameters
[5.957s] Level 1:colcon.colcon_core.package_discovery:discover_packages(path) check parameters
[5.958s] Level 1:colcon.colcon_core.package_discovery:discover_packages(colcon_meta) discover
[5.958s] Level 1:colcon.colcon_core.package_discovery:discover_packages(recursive) discover
[5.958s] INFO:colcon.colcon_core.package_discovery:Crawling recursively for packages in '/home/osawakousei/ros2_ws/src/center'
[5.959s] Level 1:colcon.colcon_core.package_identification:_identify(.) by extensions ['ignore', 'ignore_ament_install']
[5.960s] Level 1:colcon.colcon_core.package_identification:_identify(.) by extension 'ignore'
[5.960s] Level 1:colcon.colcon_core.package_identification:_identify(.) by extension 'ignore_ament_install'
[5.961s] Level 1:colcon.colcon_core.package_identification:_identify(.) by extensions ['colcon_pkg']
[5.961s] Level 1:colcon.colcon_core.package_identification:_identify(.) by extension 'colcon_pkg'
[5.961s] Level 1:colcon.colcon_core.package_identification:_identify(.) by extensions ['colcon_meta']
[5.962s] Level 1:colcon.colcon_core.package_identification:_identify(.) by extension 'colcon_meta'
[5.962s] Level 1:colcon.colcon_core.package_identification:_identify(.) by extensions ['ros']
[5.962s] Level 1:colcon.colcon_core.package_identification:_identify(.) by extension 'ros'
[6.032s] DEBUG:colcon.colcon_core.package_identification:Package '.' with type 'ros.ament_cmake' and name 'center'
[6.032s] Level 1:colcon.colcon_core.package_discovery:discover_packages(recursive) using defaults
[6.032s] Level 1:colcon.colcon_core.package_discovery:discover_packages(ignore) discover
[6.033s] Level 1:colcon.colcon_core.package_discovery:discover_packages(ignore) using defaults
[6.033s] Level 1:colcon.colcon_core.package_discovery:discover_packages(path) discover
[6.033s] Level 1:colcon.colcon_core.package_discovery:discover_packages(path) using defaults
[6.707s] Level 1:colcon.colcon_core.package_discovery:discover_packages(prefix_path) check parameters
[6.707s] Level 1:colcon.colcon_core.package_discovery:discover_packages(prefix_path) discover
[6.955s] DEBUG:colcon.colcon_installed_package_information.package_discovery:Found 17 installed packages in /home/osawakousei/ros2_ws/install
[7.068s] DEBUG:colcon.colcon_installed_package_information.package_discovery:Found 1 installed packages in /home/osawakousei/ros2_ws/src/android_controll_test/install
[7.176s] DEBUG:colcon.colcon_installed_package_information.package_discovery:Found 1 installed packages in /home/osawakousei/ros2_ws/src/custom_message_unity/install
[7.285s] DEBUG:colcon.colcon_installed_package_information.package_discovery:Found 1 installed packages in /home/osawakousei/ros2_ws/src/cpp_server_client/install
[7.411s] DEBUG:colcon.colcon_installed_package_information.package_discovery:Found 1 installed packages in /home/osawakousei/ros2_ws/src/cpp_topic_pubsub/install
[7.523s] DEBUG:colcon.colcon_installed_package_information.package_discovery:Found 1 installed packages in /home/osawakousei/ros2_ws/src/test_package/install
[7.636s] DEBUG:colcon.colcon_installed_package_information.package_discovery:Found 3 installed packages in /home/osawakousei/ros2_ws/uros_ws/install
[7.751s] DEBUG:colcon.colcon_installed_package_information.package_discovery:Found 1 installed packages in /home/osawakousei/ros2_ws/src/custom_test_msgs/install
[7.877s] DEBUG:colcon.colcon_installed_package_information.package_discovery:Found 331 installed packages in /opt/ros/humble
[7.884s] Level 1:colcon.colcon_core.package_discovery:discover_packages(prefix_path) using defaults
[8.491s] Level 5:colcon.colcon_core.verb:set package 'center' build argument 'cmake_args' from command line to 'None'
[8.492s] Level 5:colcon.colcon_core.verb:set package 'center' build argument 'cmake_target' from command line to 'None'
[8.492s] Level 5:colcon.colcon_core.verb:set package 'center' build argument 'cmake_target_skip_unavailable' from command line to 'False'
[8.492s] Level 5:colcon.colcon_core.verb:set package 'center' build argument 'cmake_clean_cache' from command line to 'False'
[8.492s] Level 5:colcon.colcon_core.verb:set package 'center' build argument 'cmake_clean_first' from command line to 'False'
[8.493s] Level 5:colcon.colcon_core.verb:set package 'center' build argument 'cmake_force_configure' from command line to 'False'
[8.493s] Level 5:colcon.colcon_core.verb:set package 'center' build argument 'ament_cmake_args' from command line to 'None'
[8.493s] Level 5:colcon.colcon_core.verb:set package 'center' build argument 'catkin_cmake_args' from command line to 'None'
[8.493s] Level 5:colcon.colcon_core.verb:set package 'center' build argument 'catkin_skip_building_tests' from command line to 'False'
[8.493s] DEBUG:colcon.colcon_core.verb:Building package 'center' with the following arguments: {'ament_cmake_args': None, 'build_base': '/home/osawakousei/ros2_ws/src/center/build/center', 'catkin_cmake_args': None, 'catkin_skip_building_tests': False, 'cmake_args': None, 'cmake_clean_cache': False, 'cmake_clean_first': False, 'cmake_force_configure': False, 'cmake_target': None, 'cmake_target_skip_unavailable': False, 'install_base': '/home/osawakousei/ros2_ws/src/center/install/center', 'merge_install': False, 'path': '/home/osawakousei/ros2_ws/src/center', 'symlink_install': False, 'test_result_base': None}
[8.602s] INFO:colcon.colcon_core.executor:Executing jobs using 'parallel' executor
[8.711s] DEBUG:colcon.colcon_parallel_executor.executor.parallel:run_until_complete
[8.712s] INFO:colcon.colcon_ros.task.ament_cmake.build:Building ROS package in '/home/osawakousei/ros2_ws/src/center' with build type 'ament_cmake'
[8.713s] INFO:colcon.colcon_cmake.task.cmake.build:Building CMake package in '/home/osawakousei/ros2_ws/src/center'
[8.846s] INFO:colcon.colcon_core.plugin_system:Skipping extension 'colcon_core.shell.bat': Not used on non-Windows systems
[8.847s] INFO:colcon.colcon_core.shell:Skip shell extension 'powershell' for command environment: Not usable outside of PowerShell
[8.848s] DEBUG:colcon.colcon_core.shell:Skip shell extension 'dsv' for command environment
[10.170s] DEBUG:colcon.colcon_core.event_handler.log_command:Invoking command in '/home/osawakousei/ros2_ws/src/center/build/center': CMAKE_PREFIX_PATH=${CMAKE_PREFIX_PATH}:/opt/ros/humble /usr/bin/cmake --build /home/osawakousei/ros2_ws/src/center/build/center -- -j12 -l12
[24.976s] DEBUG:colcon.colcon_core.event_handler.log_command:Invoked command in '/home/osawakousei/ros2_ws/src/center/build/center' returned '0': CMAKE_PREFIX_PATH=${CMAKE_PREFIX_PATH}:/opt/ros/humble /usr/bin/cmake --build /home/osawakousei/ros2_ws/src/center/build/center -- -j12 -l12
[29.103s] DEBUG:colcon.colcon_core.event_handler.log_command:Invoking command in '/home/osawakousei/ros2_ws/src/center/build/center': CMAKE_PREFIX_PATH=${CMAKE_PREFIX_PATH}:/opt/ros/humble /usr/bin/cmake --install /home/osawakousei/ros2_ws/src/center/build/center
[29.917s] Level 1:colcon.colcon_core.environment:create_environment_scripts_only(center)
[29.923s] DEBUG:colcon.colcon_core.event_handler.log_command:Invoked command in '/home/osawakousei/ros2_ws/src/center/build/center' returned '0': CMAKE_PREFIX_PATH=${CMAKE_PREFIX_PATH}:/opt/ros/humble /usr/bin/cmake --install /home/osawakousei/ros2_ws/src/center/build/center
[30.052s] Level 1:colcon.colcon_core.environment:checking '/home/osawakousei/ros2_ws/src/center/install/center' for CMake module files
[30.059s] Level 1:colcon.colcon_core.environment:checking '/home/osawakousei/ros2_ws/src/center/install/center' for CMake config files
[30.070s] Level 1:colcon.colcon_core.shell:create_environment_hook('center', 'cmake_prefix_path')
[30.180s] INFO:colcon.colcon_core.shell:Creating environment hook '/home/osawakousei/ros2_ws/src/center/install/center/share/center/hook/cmake_prefix_path.ps1'
[30.183s] INFO:colcon.colcon_core.shell:Creating environment descriptor '/home/osawakousei/ros2_ws/src/center/install/center/share/center/hook/cmake_prefix_path.dsv'
[30.186s] INFO:colcon.colcon_core.shell:Creating environment hook '/home/osawakousei/ros2_ws/src/center/install/center/share/center/hook/cmake_prefix_path.sh'
[30.190s] Level 1:colcon.colcon_core.environment:checking '/home/osawakousei/ros2_ws/src/center/install/center/lib'
[30.191s] Level 1:colcon.colcon_core.shell:create_environment_hook('center', 'ld_library_path_lib')
[30.298s] INFO:colcon.colcon_core.shell:Creating environment hook '/home/osawakousei/ros2_ws/src/center/install/center/share/center/hook/ld_library_path_lib.ps1'
[30.301s] INFO:colcon.colcon_core.shell:Creating environment descriptor '/home/osawakousei/ros2_ws/src/center/install/center/share/center/hook/ld_library_path_lib.dsv'
[30.309s] INFO:colcon.colcon_core.shell:Creating environment hook '/home/osawakousei/ros2_ws/src/center/install/center/share/center/hook/ld_library_path_lib.sh'
[30.313s] Level 1:colcon.colcon_core.environment:checking '/home/osawakousei/ros2_ws/src/center/install/center/bin'
[30.315s] Level 1:colcon.colcon_core.environment:checking '/home/osawakousei/ros2_ws/src/center/install/center/lib/pkgconfig/center.pc'
[30.317s] Level 1:colcon.colcon_core.environment:checking '/home/osawakousei/ros2_ws/src/center/install/center/lib/python3.10/site-packages'
[30.318s] Level 1:colcon.colcon_core.environment:checking '/home/osawakousei/ros2_ws/src/center/install/center/bin'
[30.438s] INFO:colcon.colcon_core.shell:Creating package script '/home/osawakousei/ros2_ws/src/center/install/center/share/center/package.ps1'
[30.441s] INFO:colcon.colcon_core.shell:Creating package descriptor '/home/osawakousei/ros2_ws/src/center/install/center/share/center/package.dsv'
[30.445s] INFO:colcon.colcon_core.shell:Creating package script '/home/osawakousei/ros2_ws/src/center/install/center/share/center/package.sh'
[30.449s] INFO:colcon.colcon_core.shell:Creating package script '/home/osawakousei/ros2_ws/src/center/install/center/share/center/package.bash'
[30.452s] INFO:colcon.colcon_core.shell:Creating package script '/home/osawakousei/ros2_ws/src/center/install/center/share/center/package.zsh'
[30.456s] Level 1:colcon.colcon_core.environment:create_file_with_runtime_dependencies(/home/osawakousei/ros2_ws/src/center/install/center/share/colcon-core/packages/center)
[34.642s] Level 1:colcon.colcon_core.environment:create_environment_scripts_only(center)
[34.755s] Level 1:colcon.colcon_core.environment:checking '/home/osawakousei/ros2_ws/src/center/install/center' for CMake module files
[34.764s] Level 1:colcon.colcon_core.environment:checking '/home/osawakousei/ros2_ws/src/center/install/center' for CMake config files
[34.774s] Level 1:colcon.colcon_core.shell:create_environment_hook('center', 'cmake_prefix_path')
[34.885s] INFO:colcon.colcon_core.shell:Creating environment hook '/home/osawakousei/ros2_ws/src/center/install/center/share/center/hook/cmake_prefix_path.ps1'
[34.888s] INFO:colcon.colcon_core.shell:Creating environment descriptor '/home/osawakousei/ros2_ws/src/center/install/center/share/center/hook/cmake_prefix_path.dsv'
[34.890s] INFO:colcon.colcon_core.shell:Creating environment hook '/home/osawakousei/ros2_ws/src/center/install/center/share/center/hook/cmake_prefix_path.sh'
[34.894s] Level 1:colcon.colcon_core.environment:checking '/home/osawakousei/ros2_ws/src/center/install/center/lib'
[34.894s] Level 1:colcon.colcon_core.shell:create_environment_hook('center', 'ld_library_path_lib')
[35.011s] INFO:colcon.colcon_core.shell:Creating environment hook '/home/osawakousei/ros2_ws/src/center/install/center/share/center/hook/ld_library_path_lib.ps1'
[35.015s] INFO:colcon.colcon_core.shell:Creating environment descriptor '/home/osawakousei/ros2_ws/src/center/install/center/share/center/hook/ld_library_path_lib.dsv'
[35.019s] INFO:colcon.colcon_core.shell:Creating environment hook '/home/osawakousei/ros2_ws/src/center/install/center/share/center/hook/ld_library_path_lib.sh'
[35.022s] Level 1:colcon.colcon_core.environment:checking '/home/osawakousei/ros2_ws/src/center/install/center/bin'
[35.022s] Level 1:colcon.colcon_core.environment:checking '/home/osawakousei/ros2_ws/src/center/install/center/lib/pkgconfig/center.pc'
[35.024s] Level 1:colcon.colcon_core.environment:checking '/home/osawakousei/ros2_ws/src/center/install/center/lib/python3.10/site-packages'
[35.025s] Level 1:colcon.colcon_core.environment:checking '/home/osawakousei/ros2_ws/src/center/install/center/bin'
[35.138s] INFO:colcon.colcon_core.shell:Creating package script '/home/osawakousei/ros2_ws/src/center/install/center/share/center/package.ps1'
[35.141s] INFO:colcon.colcon_core.shell:Creating package descriptor '/home/osawakousei/ros2_ws/src/center/install/center/share/center/package.dsv'
[35.144s] INFO:colcon.colcon_core.shell:Creating package script '/home/osawakousei/ros2_ws/src/center/install/center/share/center/package.sh'
[35.147s] INFO:colcon.colcon_core.shell:Creating package script '/home/osawakousei/ros2_ws/src/center/install/center/share/center/package.bash'
[35.150s] INFO:colcon.colcon_core.shell:Creating package script '/home/osawakousei/ros2_ws/src/center/install/center/share/center/package.zsh'
[35.152s] Level 1:colcon.colcon_core.environment:create_file_with_runtime_dependencies(/home/osawakousei/ros2_ws/src/center/install/center/share/colcon-core/packages/center)
[35.156s] DEBUG:colcon.colcon_parallel_executor.executor.parallel:closing loop
[35.157s] DEBUG:colcon.colcon_parallel_executor.executor.parallel:loop closed
[35.158s] DEBUG:colcon.colcon_parallel_executor.executor.parallel:run_until_complete finished with '0'
[35.158s] DEBUG:colcon.colcon_core.event_reactor:joining thread
[35.315s] INFO:colcon.colcon_core.plugin_system:Skipping extension 'colcon_notification.desktop_notification.terminal_notifier': Not used on non-Darwin systems
[35.315s] INFO:colcon.colcon_core.plugin_system:Skipping extension 'colcon_notification.desktop_notification.win32': Not used on non-Windows systems
[35.316s] INFO:colcon.colcon_notification.desktop_notification:Sending desktop notification using 'notify2'
[35.394s] DEBUG:colcon.colcon_core.event_reactor:joined thread
[35.519s] INFO:colcon.colcon_core.shell:Creating prefix script '/home/osawakousei/ros2_ws/src/center/install/local_setup.ps1'
[35.523s] INFO:colcon.colcon_core.shell:Creating prefix util module '/home/osawakousei/ros2_ws/src/center/install/_local_setup_util_ps1.py'
[35.529s] INFO:colcon.colcon_core.shell:Creating prefix chain script '/home/osawakousei/ros2_ws/src/center/install/setup.ps1'
[35.668s] INFO:colcon.colcon_core.shell:Creating prefix script '/home/osawakousei/ros2_ws/src/center/install/local_setup.sh'
[35.671s] INFO:colcon.colcon_core.shell:Creating prefix util module '/home/osawakousei/ros2_ws/src/center/install/_local_setup_util_sh.py'
[35.674s] INFO:colcon.colcon_core.shell:Creating prefix chain script '/home/osawakousei/ros2_ws/src/center/install/setup.sh'
[35.807s] INFO:colcon.colcon_core.shell:Creating prefix script '/home/osawakousei/ros2_ws/src/center/install/local_setup.bash'
[35.810s] INFO:colcon.colcon_core.shell:Creating prefix chain script '/home/osawakousei/ros2_ws/src/center/install/setup.bash'
[35.948s] INFO:colcon.colcon_core.shell:Creating prefix script '/home/osawakousei/ros2_ws/src/center/install/local_setup.zsh'
[35.951s] INFO:colcon.colcon_core.shell:Creating prefix chain script '/home/osawakousei/ros2_ws/src/center/install/setup.zsh'
