[3.129s] Invoking command in '/home/osawakousei/ros2_ws/build/custom_message_unity': CMAKE_PREFIX_PATH=${CMAKE_PREFIX_PATH}:/opt/ros/humble /usr/bin/cmake --build /home/osawakousei/ros2_ws/build/custom_message_unity -- -j8 -l8
[3.321s] [35m[1mConsolidate compiler generated dependencies of target custom_message_unity__rosidl_generator_c[0m
[3.436s] [  6%] Built target custom_message_unity__rosidl_generator_c
[3.444s] [  8%] Built target custom_message_unity__cs
[3.454s] [ 10%] Built target custom_message_unity__cpp
[3.464s] [ 10%] Built target ament_cmake_python_copy_custom_message_unity
[3.552s] [35m[1mConsolidate compiler generated dependencies of target custom_message_unity__rosidl_typesupport_fastrtps_c[0m
[3.554s] [35m[1mConsolidate compiler generated dependencies of target custom_message_unity__rosidl_typesupport_introspection_c[0m
[3.562s] [35m[1mConsolidate compiler generated dependencies of target custom_message_unity__rosidl_typesupport_c[0m
[3.599s] [35m[1mConsolidate compiler generated dependencies of target custom_message_unity__rosidl_typesupport_fastrtps_cpp[0m
[3.731s] [ 13%] [34m[1m/usr/bin/cmake;-version;/usr/bin/dotnet restore custom_message_unity_assembly_dotnetcore.csproj;          /usr/bin/dotnet build custom_message_unity_assembly_dotnetcore.csproj -> /home/osawakousei/ros2_ws/build/custom_message_unity/custom_message_unity_assembly[0m
[3.782s] [ 19%] Built target custom_message_unity__rosidl_typesupport_fastrtps_cpp
[3.785s] [ 26%] Built target custom_message_unity__rosidl_typesupport_fastrtps_c
[3.809s] [ 32%] Built target custom_message_unity__rosidl_typesupport_c
[3.817s] [ 39%] Built target custom_message_unity__rosidl_typesupport_introspection_c
[3.929s] [35m[1mConsolidate compiler generated dependencies of target custom_message_unity__rosidl_typesupport_introspection_cpp[0m
[3.942s] [35m[1mConsolidate compiler generated dependencies of target custom_message_unity__rosidl_typesupport_cpp[0m
[4.015s] [35m[1mConsolidate compiler generated dependencies of target custom_message_unity_custom_unity__rosidl_typesupport_c[0m
[4.019s] [35m[1mConsolidate compiler generated dependencies of target custom_message_unity_custom_unity__rosidl_typesupport_fastrtps_c[0m
[4.170s] [ 45%] Built target custom_message_unity__rosidl_typesupport_cpp
[4.223s] [ 54%] Built target custom_message_unity_custom_unity__rosidl_typesupport_c
[4.241s] [ 60%] Built target custom_message_unity__rosidl_typesupport_introspection_cpp
[4.284s] [ 69%] Built target custom_message_unity_custom_unity__rosidl_typesupport_fastrtps_c
[4.344s] cmake version 3.22.1
[4.345s] 
[4.345s] CMake suite maintained and supported by Kitware (kitware.com/cmake).
[4.345s] [35m[1mConsolidate compiler generated dependencies of target custom_message_unity_custom_unity__rosidl_typesupport_introspection_c[0m
[4.464s] [ 78%] Built target custom_message_unity_custom_unity__rosidl_typesupport_introspection_c
[4.500s] [ 78%] Built target custom_message_unity
[4.755s] [ 80%] Built target custom_message_unity__py
[4.885s] [35m[1mConsolidate compiler generated dependencies of target custom_message_unity__rosidl_generator_py[0m
[5.050s] [ 84%] Built target custom_message_unity__rosidl_generator_py
[5.195s] [35m[1mConsolidate compiler generated dependencies of target custom_message_unity__rosidl_typesupport_fastrtps_c__pyext[0m
[5.202s] [35m[1mConsolidate compiler generated dependencies of target custom_message_unity__rosidl_typesupport_c__pyext[0m
[5.213s] [35m[1mConsolidate compiler generated dependencies of target custom_message_unity__rosidl_typesupport_introspection_c__pyext[0m
[5.380s] [ 89%] Built target custom_message_unity__rosidl_typesupport_fastrtps_c__pyext
[5.396s] [ 93%] Built target custom_message_unity__rosidl_typesupport_introspection_c__pyext
[5.398s] [ 97%] Built target custom_message_unity__rosidl_typesupport_c__pyext
[5.709s] running egg_info
[5.710s] writing custom_message_unity.egg-info/PKG-INFO
[5.711s] writing dependency_links to custom_message_unity.egg-info/dependency_links.txt
[5.712s] writing top-level names to custom_message_unity.egg-info/top_level.txt
[5.719s] reading manifest file 'custom_message_unity.egg-info/SOURCES.txt'
[5.720s] writing manifest file 'custom_message_unity.egg-info/SOURCES.txt'
[5.801s] [ 97%] Built target ament_cmake_python_build_custom_message_unity_egg
[7.801s] [?1h=  Determining projects to restore...
[8.348s]   All projects are up-to-date for restore.
[9.354s] [?1h=.NET 向け Microsoft (R) Build Engine バージョン 17.0.1+b177f8fa7
[9.354s] Copyright (C) Microsoft Corporation.All rights reserved.
[9.355s] 
[11.302s]   Determining projects to restore...
[11.882s]   All projects are up-to-date for restore.
[12.650s]   custom_message_unity_assembly_dotnetcore -> /home/osawakousei/ros2_ws/build/custom_message_unity/netstandard2.0/custom_message_unity_assembly.dll
[12.680s] [39;49m[92m
[12.680s] ビルドに成功しました。
[12.680s] [39;49m    0 個の警告
[12.681s] [39;49m    0 エラー
[12.681s] [39;49m
[12.681s] 経過時間 00:00:02.71
[12.779s] [100%] Built target custom_message_unity_assembly
[12.838s] Invoked command in '/home/osawakousei/ros2_ws/build/custom_message_unity' returned '0': CMAKE_PREFIX_PATH=${CMAKE_PREFIX_PATH}:/opt/ros/humble /usr/bin/cmake --build /home/osawakousei/ros2_ws/build/custom_message_unity -- -j8 -l8
[13.541s] Invoking command in '/home/osawakousei/ros2_ws/build/custom_message_unity': CMAKE_PREFIX_PATH=${CMAKE_PREFIX_PATH}:/opt/ros/humble /usr/bin/cmake --install /home/osawakousei/ros2_ws/build/custom_message_unity
[13.574s] -- Install configuration: ""
[13.575s] -- Up-to-date: /home/osawakousei/ros2_ws/install/custom_message_unity/share/ament_index/resource_index/rosidl_interfaces/custom_message_unity
[13.576s] -- Up-to-date: /home/osawakousei/ros2_ws/install/custom_message_unity/include/custom_message_unity/custom_message_unity
[13.576s] -- Up-to-date: /home/osawakousei/ros2_ws/install/custom_message_unity/include/custom_message_unity/custom_message_unity/msg
[13.577s] -- Up-to-date: /home/osawakousei/ros2_ws/install/custom_message_unity/include/custom_message_unity/custom_message_unity/msg/rosidl_generator_c__visibility_control.h
[13.577s] -- Up-to-date: /home/osawakousei/ros2_ws/install/custom_message_unity/include/custom_message_unity/custom_message_unity/msg/detail
[13.577s] -- Up-to-date: /home/osawakousei/ros2_ws/install/custom_message_unity/include/custom_message_unity/custom_message_unity/msg/detail/custom_unity__struct.h
[13.578s] -- Up-to-date: /home/osawakousei/ros2_ws/install/custom_message_unity/include/custom_message_unity/custom_message_unity/msg/detail/custom_unity__type_support.h
[13.578s] -- Up-to-date: /home/osawakousei/ros2_ws/install/custom_message_unity/include/custom_message_unity/custom_message_unity/msg/detail/custom_unity__functions.c
[13.579s] -- Up-to-date: /home/osawakousei/ros2_ws/install/custom_message_unity/include/custom_message_unity/custom_message_unity/msg/detail/custom_unity__functions.h
[13.580s] -- Up-to-date: /home/osawakousei/ros2_ws/install/custom_message_unity/include/custom_message_unity/custom_message_unity/msg/custom_unity.h
[13.581s] -- Up-to-date: /home/osawakousei/ros2_ws/install/custom_message_unity/share/custom_message_unity/environment/library_path.sh
[13.582s] -- Up-to-date: /home/osawakousei/ros2_ws/install/custom_message_unity/share/custom_message_unity/environment/library_path.dsv
[13.582s] -- Up-to-date: /home/osawakousei/ros2_ws/install/custom_message_unity/lib/libcustom_message_unity__rosidl_generator_c.so
[13.583s] -- Up-to-date: /home/osawakousei/ros2_ws/install/custom_message_unity/include/custom_message_unity/custom_message_unity
[13.583s] -- Up-to-date: /home/osawakousei/ros2_ws/install/custom_message_unity/include/custom_message_unity/custom_message_unity/msg
[13.583s] -- Up-to-date: /home/osawakousei/ros2_ws/install/custom_message_unity/include/custom_message_unity/custom_message_unity/msg/detail
[13.584s] -- Up-to-date: /home/osawakousei/ros2_ws/install/custom_message_unity/include/custom_message_unity/custom_message_unity/msg/detail/custom_unity__rosidl_typesupport_fastrtps_c.h
[13.584s] -- Up-to-date: /home/osawakousei/ros2_ws/install/custom_message_unity/include/custom_message_unity/custom_message_unity/msg/rosidl_typesupport_fastrtps_c__visibility_control.h
[13.584s] -- Up-to-date: /home/osawakousei/ros2_ws/install/custom_message_unity/lib/libcustom_message_unity__rosidl_typesupport_fastrtps_c.so
[13.585s] -- Up-to-date: /home/osawakousei/ros2_ws/install/custom_message_unity/include/custom_message_unity/custom_message_unity
[13.585s] -- Up-to-date: /home/osawakousei/ros2_ws/install/custom_message_unity/include/custom_message_unity/custom_message_unity/msg
[13.587s] -- Up-to-date: /home/osawakousei/ros2_ws/install/custom_message_unity/include/custom_message_unity/custom_message_unity/msg/rosidl_typesupport_introspection_c__visibility_control.h
[13.588s] -- Up-to-date: /home/osawakousei/ros2_ws/install/custom_message_unity/include/custom_message_unity/custom_message_unity/msg/detail
[13.589s] -- Up-to-date: /home/osawakousei/ros2_ws/install/custom_message_unity/include/custom_message_unity/custom_message_unity/msg/detail/custom_unity__rosidl_typesupport_introspection_c.h
[13.590s] -- Up-to-date: /home/osawakousei/ros2_ws/install/custom_message_unity/include/custom_message_unity/custom_message_unity/msg/detail/custom_unity__type_support.c
[13.591s] -- Up-to-date: /home/osawakousei/ros2_ws/install/custom_message_unity/lib/libcustom_message_unity__rosidl_typesupport_introspection_c.so
[13.592s] -- Up-to-date: /home/osawakousei/ros2_ws/install/custom_message_unity/lib/libcustom_message_unity__rosidl_typesupport_c.so
[13.592s] -- Up-to-date: /home/osawakousei/ros2_ws/install/custom_message_unity/include/custom_message_unity/custom_message_unity
[13.593s] -- Up-to-date: /home/osawakousei/ros2_ws/install/custom_message_unity/include/custom_message_unity/custom_message_unity/msg
[13.593s] -- Up-to-date: /home/osawakousei/ros2_ws/install/custom_message_unity/include/custom_message_unity/custom_message_unity/msg/custom_unity.hpp
[13.593s] -- Up-to-date: /home/osawakousei/ros2_ws/install/custom_message_unity/include/custom_message_unity/custom_message_unity/msg/detail
[13.594s] -- Up-to-date: /home/osawakousei/ros2_ws/install/custom_message_unity/include/custom_message_unity/custom_message_unity/msg/detail/custom_unity__builder.hpp
[13.595s] -- Up-to-date: /home/osawakousei/ros2_ws/install/custom_message_unity/include/custom_message_unity/custom_message_unity/msg/detail/custom_unity__struct.hpp
[13.595s] -- Up-to-date: /home/osawakousei/ros2_ws/install/custom_message_unity/include/custom_message_unity/custom_message_unity/msg/detail/custom_unity__traits.hpp
[13.595s] -- Up-to-date: /home/osawakousei/ros2_ws/install/custom_message_unity/include/custom_message_unity/custom_message_unity
[13.596s] -- Up-to-date: /home/osawakousei/ros2_ws/install/custom_message_unity/include/custom_message_unity/custom_message_unity/msg
[13.596s] -- Up-to-date: /home/osawakousei/ros2_ws/install/custom_message_unity/include/custom_message_unity/custom_message_unity/msg/rosidl_typesupport_fastrtps_cpp__visibility_control.h
[13.597s] -- Up-to-date: /home/osawakousei/ros2_ws/install/custom_message_unity/include/custom_message_unity/custom_message_unity/msg/detail
[13.598s] -- Up-to-date: /home/osawakousei/ros2_ws/install/custom_message_unity/include/custom_message_unity/custom_message_unity/msg/detail/custom_unity__rosidl_typesupport_fastrtps_cpp.hpp
[13.599s] -- Up-to-date: /home/osawakousei/ros2_ws/install/custom_message_unity/include/custom_message_unity/custom_message_unity/msg/detail/dds_fastrtps
[13.599s] -- Up-to-date: /home/osawakousei/ros2_ws/install/custom_message_unity/lib/libcustom_message_unity__rosidl_typesupport_fastrtps_cpp.so
[13.600s] -- Up-to-date: /home/osawakousei/ros2_ws/install/custom_message_unity/include/custom_message_unity/custom_message_unity
[13.600s] -- Up-to-date: /home/osawakousei/ros2_ws/install/custom_message_unity/include/custom_message_unity/custom_message_unity/msg
[13.602s] -- Up-to-date: /home/osawakousei/ros2_ws/install/custom_message_unity/include/custom_message_unity/custom_message_unity/msg/detail
[13.603s] -- Up-to-date: /home/osawakousei/ros2_ws/install/custom_message_unity/include/custom_message_unity/custom_message_unity/msg/detail/custom_unity__rosidl_typesupport_introspection_cpp.hpp
[13.603s] -- Up-to-date: /home/osawakousei/ros2_ws/install/custom_message_unity/include/custom_message_unity/custom_message_unity/msg/detail/custom_unity__type_support.cpp
[13.604s] -- Up-to-date: /home/osawakousei/ros2_ws/install/custom_message_unity/lib/libcustom_message_unity__rosidl_typesupport_introspection_cpp.so
[13.604s] -- Up-to-date: /home/osawakousei/ros2_ws/install/custom_message_unity/lib/libcustom_message_unity__rosidl_typesupport_cpp.so
[13.604s] -- Up-to-date: /home/osawakousei/ros2_ws/install/custom_message_unity/lib/libcustom_message_unity_custom_unity__rosidl_typesupport_c_native.so
[13.605s] -- Up-to-date: /home/osawakousei/ros2_ws/install/custom_message_unity/lib/libcustom_message_unity_custom_unity__rosidl_typesupport_introspection_c_native.so
[13.606s] -- Up-to-date: /home/osawakousei/ros2_ws/install/custom_message_unity/lib/libcustom_message_unity_custom_unity__rosidl_typesupport_fastrtps_c_native.so
[13.606s] -- Up-to-date: /home/osawakousei/ros2_ws/install/custom_message_unity/lib/dotnet
[13.607s] -- Up-to-date: /home/osawakousei/ros2_ws/install/custom_message_unity/lib/dotnet/custom_message_unity_assembly.dll
[13.607s] -- Up-to-date: /home/osawakousei/ros2_ws/install/custom_message_unity/lib/dotnet/ros2cs_common.dll
[13.607s] -- Up-to-date: /home/osawakousei/ros2_ws/install/custom_message_unity/lib/dotnet/custom_message_unity_assembly.deps.json
[13.608s] -- Up-to-date: /home/osawakousei/ros2_ws/install/custom_message_unity/share/custom_message_unity/environment/pythonpath.sh
[13.608s] -- Up-to-date: /home/osawakousei/ros2_ws/install/custom_message_unity/share/custom_message_unity/environment/pythonpath.dsv
[13.608s] -- Up-to-date: /home/osawakousei/ros2_ws/install/custom_message_unity/local/lib/python3.10/dist-packages/custom_message_unity-0.0.0-py3.10.egg-info
[13.608s] -- Installing: /home/osawakousei/ros2_ws/install/custom_message_unity/local/lib/python3.10/dist-packages/custom_message_unity-0.0.0-py3.10.egg-info/top_level.txt
[13.610s] -- Installing: /home/osawakousei/ros2_ws/install/custom_message_unity/local/lib/python3.10/dist-packages/custom_message_unity-0.0.0-py3.10.egg-info/SOURCES.txt
[13.610s] -- Installing: /home/osawakousei/ros2_ws/install/custom_message_unity/local/lib/python3.10/dist-packages/custom_message_unity-0.0.0-py3.10.egg-info/dependency_links.txt
[13.610s] -- Installing: /home/osawakousei/ros2_ws/install/custom_message_unity/local/lib/python3.10/dist-packages/custom_message_unity-0.0.0-py3.10.egg-info/PKG-INFO
[13.610s] -- Up-to-date: /home/osawakousei/ros2_ws/install/custom_message_unity/local/lib/python3.10/dist-packages/custom_message_unity
[13.611s] -- Up-to-date: /home/osawakousei/ros2_ws/install/custom_message_unity/local/lib/python3.10/dist-packages/custom_message_unity/_custom_message_unity_s.ep.rosidl_typesupport_fastrtps_c.c
[13.611s] -- Up-to-date: /home/osawakousei/ros2_ws/install/custom_message_unity/local/lib/python3.10/dist-packages/custom_message_unity/custom_message_unity_s__rosidl_typesupport_fastrtps_c.cpython-310-x86_64-linux-gnu.so
[13.612s] -- Up-to-date: /home/osawakousei/ros2_ws/install/custom_message_unity/local/lib/python3.10/dist-packages/custom_message_unity/custom_message_unity_s__rosidl_typesupport_introspection_c.cpython-310-x86_64-linux-gnu.so
[13.613s] -- Up-to-date: /home/osawakousei/ros2_ws/install/custom_message_unity/local/lib/python3.10/dist-packages/custom_message_unity/_custom_message_unity_s.ep.rosidl_typesupport_c.c
[13.613s] -- Up-to-date: /home/osawakousei/ros2_ws/install/custom_message_unity/local/lib/python3.10/dist-packages/custom_message_unity/_custom_message_unity_s.ep.rosidl_typesupport_introspection_c.c
[13.613s] -- Up-to-date: /home/osawakousei/ros2_ws/install/custom_message_unity/local/lib/python3.10/dist-packages/custom_message_unity/__init__.py
[13.613s] -- Up-to-date: /home/osawakousei/ros2_ws/install/custom_message_unity/local/lib/python3.10/dist-packages/custom_message_unity/libcustom_message_unity__rosidl_generator_py.so
[13.614s] -- Up-to-date: /home/osawakousei/ros2_ws/install/custom_message_unity/local/lib/python3.10/dist-packages/custom_message_unity/msg
[13.614s] -- Up-to-date: /home/osawakousei/ros2_ws/install/custom_message_unity/local/lib/python3.10/dist-packages/custom_message_unity/msg/_custom_unity_s.c
[13.614s] -- Up-to-date: /home/osawakousei/ros2_ws/install/custom_message_unity/local/lib/python3.10/dist-packages/custom_message_unity/msg/_custom_unity.py
[13.614s] -- Up-to-date: /home/osawakousei/ros2_ws/install/custom_message_unity/local/lib/python3.10/dist-packages/custom_message_unity/msg/__init__.py
[13.615s] -- Up-to-date: /home/osawakousei/ros2_ws/install/custom_message_unity/local/lib/python3.10/dist-packages/custom_message_unity/custom_message_unity_s__rosidl_typesupport_c.cpython-310-x86_64-linux-gnu.so
[13.727s] Listing '/home/osawakousei/ros2_ws/install/custom_message_unity/local/lib/python3.10/dist-packages/custom_message_unity'...
[13.728s] Listing '/home/osawakousei/ros2_ws/install/custom_message_unity/local/lib/python3.10/dist-packages/custom_message_unity/msg'...
[13.740s] -- Up-to-date: /home/osawakousei/ros2_ws/install/custom_message_unity/local/lib/python3.10/dist-packages/custom_message_unity/custom_message_unity_s__rosidl_typesupport_fastrtps_c.cpython-310-x86_64-linux-gnu.so
[13.740s] -- Up-to-date: /home/osawakousei/ros2_ws/install/custom_message_unity/local/lib/python3.10/dist-packages/custom_message_unity/custom_message_unity_s__rosidl_typesupport_introspection_c.cpython-310-x86_64-linux-gnu.so
[13.742s] -- Up-to-date: /home/osawakousei/ros2_ws/install/custom_message_unity/local/lib/python3.10/dist-packages/custom_message_unity/custom_message_unity_s__rosidl_typesupport_c.cpython-310-x86_64-linux-gnu.so
[13.743s] -- Up-to-date: /home/osawakousei/ros2_ws/install/custom_message_unity/lib/libcustom_message_unity__rosidl_generator_py.so
[13.744s] -- Up-to-date: /home/osawakousei/ros2_ws/install/custom_message_unity/share/custom_message_unity/msg/CustomUnity.idl
[13.747s] -- Up-to-date: /home/osawakousei/ros2_ws/install/custom_message_unity/share/custom_message_unity/msg/CustomUnity.msg
[13.748s] -- Up-to-date: /home/osawakousei/ros2_ws/install/custom_message_unity/share/ament_index/resource_index/package_run_dependencies/custom_message_unity
[13.748s] -- Up-to-date: /home/osawakousei/ros2_ws/install/custom_message_unity/share/ament_index/resource_index/parent_prefix_path/custom_message_unity
[13.749s] -- Up-to-date: /home/osawakousei/ros2_ws/install/custom_message_unity/share/custom_message_unity/environment/ament_prefix_path.sh
[13.750s] -- Up-to-date: /home/osawakousei/ros2_ws/install/custom_message_unity/share/custom_message_unity/environment/ament_prefix_path.dsv
[13.751s] -- Up-to-date: /home/osawakousei/ros2_ws/install/custom_message_unity/share/custom_message_unity/environment/path.sh
[13.752s] -- Up-to-date: /home/osawakousei/ros2_ws/install/custom_message_unity/share/custom_message_unity/environment/path.dsv
[13.752s] -- Up-to-date: /home/osawakousei/ros2_ws/install/custom_message_unity/share/custom_message_unity/local_setup.bash
[13.753s] -- Up-to-date: /home/osawakousei/ros2_ws/install/custom_message_unity/share/custom_message_unity/local_setup.sh
[13.756s] -- Up-to-date: /home/osawakousei/ros2_ws/install/custom_message_unity/share/custom_message_unity/local_setup.zsh
[13.756s] -- Up-to-date: /home/osawakousei/ros2_ws/install/custom_message_unity/share/custom_message_unity/local_setup.dsv
[13.759s] -- Installing: /home/osawakousei/ros2_ws/install/custom_message_unity/share/custom_message_unity/package.dsv
[13.759s] -- Up-to-date: /home/osawakousei/ros2_ws/install/custom_message_unity/share/ament_index/resource_index/packages/custom_message_unity
[13.760s] -- Up-to-date: /home/osawakousei/ros2_ws/install/custom_message_unity/share/custom_message_unity/cmake/export_custom_message_unity__rosidl_generator_cExport.cmake
[13.760s] -- Up-to-date: /home/osawakousei/ros2_ws/install/custom_message_unity/share/custom_message_unity/cmake/export_custom_message_unity__rosidl_generator_cExport-noconfig.cmake
[13.762s] -- Up-to-date: /home/osawakousei/ros2_ws/install/custom_message_unity/share/custom_message_unity/cmake/export_custom_message_unity__rosidl_typesupport_fastrtps_cExport.cmake
[13.763s] -- Up-to-date: /home/osawakousei/ros2_ws/install/custom_message_unity/share/custom_message_unity/cmake/export_custom_message_unity__rosidl_typesupport_fastrtps_cExport-noconfig.cmake
[13.766s] -- Up-to-date: /home/osawakousei/ros2_ws/install/custom_message_unity/share/custom_message_unity/cmake/custom_message_unity__rosidl_typesupport_introspection_cExport.cmake
[13.766s] -- Up-to-date: /home/osawakousei/ros2_ws/install/custom_message_unity/share/custom_message_unity/cmake/custom_message_unity__rosidl_typesupport_introspection_cExport-noconfig.cmake
[13.767s] -- Up-to-date: /home/osawakousei/ros2_ws/install/custom_message_unity/share/custom_message_unity/cmake/custom_message_unity__rosidl_typesupport_cExport.cmake
[13.768s] -- Up-to-date: /home/osawakousei/ros2_ws/install/custom_message_unity/share/custom_message_unity/cmake/custom_message_unity__rosidl_typesupport_cExport-noconfig.cmake
[13.768s] -- Up-to-date: /home/osawakousei/ros2_ws/install/custom_message_unity/share/custom_message_unity/cmake/export_custom_message_unity__rosidl_generator_cppExport.cmake
[13.769s] -- Up-to-date: /home/osawakousei/ros2_ws/install/custom_message_unity/share/custom_message_unity/cmake/export_custom_message_unity__rosidl_typesupport_fastrtps_cppExport.cmake
[13.770s] -- Up-to-date: /home/osawakousei/ros2_ws/install/custom_message_unity/share/custom_message_unity/cmake/export_custom_message_unity__rosidl_typesupport_fastrtps_cppExport-noconfig.cmake
[13.773s] -- Up-to-date: /home/osawakousei/ros2_ws/install/custom_message_unity/share/custom_message_unity/cmake/custom_message_unity__rosidl_typesupport_introspection_cppExport.cmake
[13.774s] -- Up-to-date: /home/osawakousei/ros2_ws/install/custom_message_unity/share/custom_message_unity/cmake/custom_message_unity__rosidl_typesupport_introspection_cppExport-noconfig.cmake
[13.775s] -- Up-to-date: /home/osawakousei/ros2_ws/install/custom_message_unity/share/custom_message_unity/cmake/custom_message_unity__rosidl_typesupport_cppExport.cmake
[13.779s] -- Up-to-date: /home/osawakousei/ros2_ws/install/custom_message_unity/share/custom_message_unity/cmake/custom_message_unity__rosidl_typesupport_cppExport-noconfig.cmake
[13.783s] -- Up-to-date: /home/osawakousei/ros2_ws/install/custom_message_unity/share/custom_message_unity/cmake/export_custom_message_unity__rosidl_generator_pyExport.cmake
[13.783s] -- Up-to-date: /home/osawakousei/ros2_ws/install/custom_message_unity/share/custom_message_unity/cmake/export_custom_message_unity__rosidl_generator_pyExport-noconfig.cmake
[13.783s] -- Up-to-date: /home/osawakousei/ros2_ws/install/custom_message_unity/share/custom_message_unity/cmake/rosidl_cmake-extras.cmake
[13.785s] -- Up-to-date: /home/osawakousei/ros2_ws/install/custom_message_unity/share/custom_message_unity/cmake/ament_cmake_export_include_directories-extras.cmake
[13.785s] -- Up-to-date: /home/osawakousei/ros2_ws/install/custom_message_unity/share/custom_message_unity/cmake/ament_cmake_export_libraries-extras.cmake
[13.785s] -- Up-to-date: /home/osawakousei/ros2_ws/install/custom_message_unity/share/custom_message_unity/cmake/ament_cmake_export_targets-extras.cmake
[13.786s] -- Up-to-date: /home/osawakousei/ros2_ws/install/custom_message_unity/share/custom_message_unity/cmake/rosidl_cmake_export_typesupport_targets-extras.cmake
[13.786s] -- Up-to-date: /home/osawakousei/ros2_ws/install/custom_message_unity/share/custom_message_unity/cmake/ament_cmake_export_dependencies-extras.cmake
[13.787s] -- Up-to-date: /home/osawakousei/ros2_ws/install/custom_message_unity/share/custom_message_unity/cmake/rosidl_cmake_export_typesupport_libraries-extras.cmake
[13.787s] -- Up-to-date: /home/osawakousei/ros2_ws/install/custom_message_unity/share/custom_message_unity/cmake/ament_cmake_export_assemblies-extras.cmake
[13.788s] -- Up-to-date: /home/osawakousei/ros2_ws/install/custom_message_unity/share/custom_message_unity/cmake/custom_message_unityConfig.cmake
[13.789s] -- Up-to-date: /home/osawakousei/ros2_ws/install/custom_message_unity/share/custom_message_unity/cmake/custom_message_unityConfig-version.cmake
[13.790s] -- Up-to-date: /home/osawakousei/ros2_ws/install/custom_message_unity/share/custom_message_unity/package.xml
[13.794s] Invoked command in '/home/osawakousei/ros2_ws/build/custom_message_unity' returned '0': CMAKE_PREFIX_PATH=${CMAKE_PREFIX_PATH}:/opt/ros/humble /usr/bin/cmake --install /home/osawakousei/ros2_ws/build/custom_message_unity
