[0.911s] Invoking command in '/home/osawakousei/ros2_ws/build/center': CMAKE_PREFIX_PATH=/home/osawakousei/ros2_ws/install/custom_test_msgs:/home/osawakousei/ros2_ws/install/custom_message_unity:/home/osawakousei/ros2_ws/install/test_package:/home/osawakousei/ros2_ws/install/test_interface_files:/home/osawakousei/ros2_ws/install/rosidl_default_generators:/home/osawakousei/ros2_ws/install/rosidl_generator_cs:/home/osawakousei/ros2_ws/install/micro_ros_agent:/home/osawakousei/ros2_ws/install/micro_ros_msgs:/home/osawakousei/ros2_ws/install/android_controll_test:/home/osawakousei/ros2_ws/install/cpp_topic_pubsub:/home/osawakousei/ros2_ws/install/cpp_server_client:/home/osawakousei/ros2_ws/install/rosidl_default_runtime:/home/osawakousei/ros2_ws/install/ros2cs_common:/home/osawakousei/ros2_ws/install/micro_ros_setup:/home/osawakousei/ros2_ws/install/dotnet_cmake_module:/home/osawakousei/ros2_ws/install/ament_cmake_export_assemblies:/home/osawakousei/ros2_ws/src/custom_message_unity/install/custom_message_unity:/home/osawakousei/ros2_ws/src/android_controll_test/install/custom_test_msgs:/home/osawakousei/ros2_ws/src/android_controll_test/install/android_controll_test:/home/osawakousei/ros2_ws/src/cpp_server_client/install/cpp_server_client:/home/osawakousei/ros2_ws/src/cpp_topic_pubsub/install/cpp_topic_pubsub:/home/osawakousei/ros2_ws/src/test_package/install/test_package:/home/osawakousei/ros2_ws/uros_ws/install/micro_ros_setup:/home/osawakousei/ros2_ws/uros_ws/install/micro_ros_agent:/home/osawakousei/ros2_ws/uros_ws/install/micro_ros_msgs:/home/osawakousei/ros2_ws/src/custom_test_msgs/install/custom_test_msgs:/opt/ros/humble LD_LIBRARY_PATH=/home/osawakousei/ros2_ws/install/custom_test_msgs/lib:/home/osawakousei/ros2_ws/install/custom_message_unity/lib:/home/osawakousei/ros2_ws/install/micro_ros_agent/lib:/home/osawakousei/ros2_ws/install/micro_ros_msgs/lib:/home/osawakousei/ros2_ws/install/android_controll_test/lib:/home/osawakousei/ros2_ws/install/cpp_topic_pubsub/lib:/home/osawakousei/ros2_ws/install/cpp_server_client/lib:/home/osawakousei/ros2_ws/src/custom_message_unity/install/custom_message_unity/lib:/home/osawakousei/ros2_ws/src/android_controll_test/install/custom_test_msgs/lib:/home/osawakousei/ros2_ws/src/android_controll_test/install/android_controll_test/lib:/home/osawakousei/ros2_ws/src/cpp_server_client/install/cpp_server_client/lib:/home/osawakousei/ros2_ws/src/cpp_topic_pubsub/install/cpp_topic_pubsub/lib:/home/osawakousei/ros2_ws/uros_ws/install/micro_ros_agent/lib:/home/osawakousei/ros2_ws/uros_ws/install/micro_ros_msgs/lib:/home/osawakousei/ros2_ws/src/custom_test_msgs/install/custom_test_msgs/lib:/usr/lib/x86_64-linux-gnu/gazebo-11/plugins:/opt/ros/humble/opt/rviz_ogre_vendor/lib:/opt/ros/humble/lib/x86_64-linux-gnu:/opt/ros/humble/lib /usr/bin/cmake --build /home/osawakousei/ros2_ws/build/center -- -j8 -l8
[1.013s] -- Found ament_cmake: 1.3.5 (/opt/ros/humble/share/ament_cmake/cmake)
[1.512s] -- Found rclcpp: 16.0.6 (/opt/ros/humble/share/rclcpp/cmake)
[1.603s] -- Found rosidl_generator_c: 3.1.5 (/opt/ros/humble/share/rosidl_generator_c/cmake)
[1.611s] -- Found rosidl_adapter: 3.1.5 (/opt/ros/humble/share/rosidl_adapter/cmake)
[1.630s] -- Found rosidl_generator_cpp: 3.1.5 (/opt/ros/humble/share/rosidl_generator_cpp/cmake)
[1.668s] -- Using all available rosidl_typesupport_c: rosidl_typesupport_fastrtps_c;rosidl_typesupport_introspection_c
[1.719s] -- Using all available rosidl_typesupport_cpp: rosidl_typesupport_fastrtps_cpp;rosidl_typesupport_introspection_cpp
[1.899s] -- Found rmw_implementation_cmake: 6.1.1 (/opt/ros/humble/share/rmw_implementation_cmake/cmake)
[1.906s] -- Found rmw_fastrtps_cpp: 6.2.4 (/opt/ros/humble/share/rmw_fastrtps_cpp/cmake)
[2.307s] -- Using RMW implementation 'rmw_fastrtps_cpp' as default
[2.788s] -- Found rosidl_default_generators: 1.2.0 (/home/osawakousei/ros2_ws/install/rosidl_default_generators/share/rosidl_default_generators/cmake)
[2.826s] -- Found custom_test_msgs: 0.0.0 (/home/osawakousei/ros2_ws/install/custom_test_msgs/share/custom_test_msgs/cmake)
[2.862s] -- Found custom_message_unity: 0.0.0 (/home/osawakousei/ros2_ws/install/custom_message_unity/share/custom_message_unity/cmake)
[2.901s] -- Found ament_lint_auto: 0.12.8 (/opt/ros/humble/share/ament_lint_auto/cmake)
[3.740s] -- Found ament_cmake_ros: 0.10.0 (/opt/ros/humble/share/ament_cmake_ros/cmake)
[4.792s] -- Using all available rosidl_typesupport_c: rosidl_typesupport_fastrtps_c;rosidl_typesupport_introspection_c
[5.207s] -- Using all available rosidl_typesupport_cpp: rosidl_typesupport_fastrtps_cpp;rosidl_typesupport_introspection_cpp
[5.214s] -- Found ament_cmake_export_assemblies: 0.0.0 (/home/osawakousei/ros2_ws/install/ament_cmake_export_assemblies/share/ament_cmake_export_assemblies/cmake)
[5.215s] -- Found dotnet_cmake_module: 0.0.0 (/home/osawakousei/ros2_ws/install/dotnet_cmake_module/share/dotnet_cmake_module/cmake)
[6.050s] -- Found .NET Core: 6.0.122
[6.050s] -- Using Framework: netstandard2.0
[6.051s] -- Using Framework: netstandard2.0
[6.051s] -- Using Runtime: linux-x64
[6.052s] -- Found ros2cs_common: 2.0.0 (/home/osawakousei/ros2_ws/install/ros2cs_common/share/ros2cs_common/cmake)
[6.106s] -- Generating C# code for ROS interfaces /home/osawakousei/ros2_ws/build/center/rosidl_generator_cs/center/msg/custom_unity.cs and /home/osawakousei/ros2_ws/build/center/rosidl_generator_cs/center/srv/add_three_ints.cs
[6.107s] -- Adding custom target
[6.108s] [0mLink libraries: center__rosidl_typesupport_c[0m
[6.117s] [0mLink libraries: center__rosidl_typesupport_introspection_c[0m
[6.126s] [0mLink libraries: center__rosidl_typesupport_fastrtps_c[0m
[6.135s] [0mLink libraries: center__rosidl_typesupport_c[0m
[6.144s] [0mLink libraries: center__rosidl_typesupport_introspection_c[0m
[6.153s] [0mLink libraries: center__rosidl_typesupport_fastrtps_c[0m
[6.161s] [0mInstall targets[0m
[6.247s] -- Found python_cmake_module: 0.10.0 (/opt/ros/humble/share/python_cmake_module/cmake)
[6.331s] -- Using PYTHON_EXECUTABLE: /usr/bin/python3
[6.332s] -- Using PYTHON_INCLUDE_DIRS: /usr/include/python3.10
[6.332s] -- Using PYTHON_LIBRARIES: /usr/lib/x86_64-linux-gnu/libpython3.10.so
[6.631s] -- Added test 'cppcheck' to perform static code analysis on C / C++ code
[6.633s] -- Configured cppcheck include dirs: 
[6.633s] -- Configured cppcheck exclude dirs and/or files: 
[6.661s] -- Added test 'flake8' to check Python code syntax and style conventions
[6.714s] -- Added test 'lint_cmake' to check CMake code style
[6.741s] -- Added test 'pep257' to check Python code against some of the docstring style conventions in PEP 257
[6.950s] -- Added test 'uncrustify' to check C / C++ code style
[6.951s] -- Configured uncrustify additional arguments: 
[6.982s] -- Added test 'xmllint' to check XML markup files
[6.995s] -- Configuring done
[7.203s] -- Generating done
[7.232s] -- Build files have been written to: /home/osawakousei/ros2_ws/build/center
[7.393s] [35m[1mConsolidate compiler generated dependencies of target center__rosidl_generator_c[0m
[7.434s] [  1%] Built target center__cs
[7.455s] [  2%] Built target center__cpp
[7.460s] [  4%] [32mBuilding C object CMakeFiles/center__rosidl_generator_c.dir/rosidl_generator_c/center/srv/detail/add_three_ints__functions.c.o[0m
[7.463s] [  5%] [32mBuilding C object CMakeFiles/center__rosidl_generator_c.dir/rosidl_generator_c/center/msg/detail/custom_unity__functions.c.o[0m
[7.491s] [35m[1mConsolidate compiler generated dependencies of target center_node[0m
[7.578s] [  7%] [32mBuilding CXX object CMakeFiles/center_node.dir/src/center_node.cpp.o[0m
[7.581s] [  8%] [34m[1m/usr/bin/cmake;-version;/usr/bin/dotnet restore center_assembly_dotnetcore.csproj;          /usr/bin/dotnet build center_assembly_dotnetcore.csproj -> /home/osawakousei/ros2_ws/build/center/center_assembly[0m
[7.679s] [ 10%] [32m[1mLinking C shared library libcenter__rosidl_generator_c.so[0m
[7.762s] cmake version 3.22.1
[7.763s] 
[7.763s] CMake suite maintained and supported by Kitware (kitware.com/cmake).
[7.856s] [ 11%] Built target center__rosidl_generator_c
[7.909s] [35m[1mConsolidate compiler generated dependencies of target center__rosidl_typesupport_introspection_cpp[0m
[7.974s] [ 13%] [32mBuilding CXX object CMakeFiles/center__rosidl_typesupport_introspection_cpp.dir/rosidl_typesupport_introspection_cpp/center/msg/detail/custom_unity__type_support.cpp.o[0m
[9.107s] [?1h=[35m[1mConsolidate compiler generated dependencies of target center__rosidl_typesupport_introspection_c[0m
[9.195s] [ 14%] [32mBuilding C object CMakeFiles/center__rosidl_typesupport_introspection_c.dir/rosidl_typesupport_introspection_c/center/msg/detail/custom_unity__type_support.c.o[0m
[9.329s] [ 16%] [32mBuilding CXX object CMakeFiles/center__rosidl_typesupport_introspection_cpp.dir/rosidl_typesupport_introspection_cpp/center/srv/detail/add_three_ints__type_support.cpp.o[0m
[9.406s] [ 17%] [32mBuilding C object CMakeFiles/center__rosidl_typesupport_introspection_c.dir/rosidl_typesupport_introspection_c/center/srv/detail/add_three_ints__type_support.c.o[0m
[9.650s] [ 19%] [32m[1mLinking C shared library libcenter__rosidl_typesupport_introspection_c.so[0m
[9.940s] [ 20%] Built target center__rosidl_typesupport_introspection_c
[9.978s] [35m[1mConsolidate compiler generated dependencies of target center__rosidl_typesupport_fastrtps_c[0m
[10.082s] [35m[1mConsolidate compiler generated dependencies of target center__rosidl_typesupport_fastrtps_cpp[0m
[10.153s] [ 22%] [32mBuilding CXX object CMakeFiles/center__rosidl_typesupport_fastrtps_c.dir/rosidl_typesupport_fastrtps_c/center/msg/detail/custom_unity__type_support_c.cpp.o[0m
[10.214s] [ 23%] [32mBuilding CXX object CMakeFiles/center__rosidl_typesupport_fastrtps_cpp.dir/rosidl_typesupport_fastrtps_cpp/center/msg/detail/dds_fastrtps/custom_unity__type_support.cpp.o[0m
[11.149s] [ 25%] [32m[1mLinking CXX shared library libcenter__rosidl_typesupport_introspection_cpp.so[0m
[11.492s] [ 26%] Built target center__rosidl_typesupport_introspection_cpp
[11.534s] [ 27%] [32mBuilding CXX object CMakeFiles/center__rosidl_typesupport_fastrtps_c.dir/rosidl_typesupport_fastrtps_c/center/srv/detail/add_three_ints__type_support_c.cpp.o[0m
[11.600s] [35m[1mConsolidate compiler generated dependencies of target center__rosidl_typesupport_c[0m
[11.632s]   Determining projects to restore...
[11.650s] [35m[1mConsolidate compiler generated dependencies of target center__rosidl_typesupport_cpp[0m
[11.716s] [ 29%] [32mBuilding CXX object CMakeFiles/center__rosidl_typesupport_c.dir/rosidl_typesupport_c/center/msg/custom_unity__type_support.cpp.o[0m
[11.758s] [ 30%] [32mBuilding CXX object CMakeFiles/center__rosidl_typesupport_cpp.dir/rosidl_typesupport_cpp/center/msg/custom_unity__type_support.cpp.o[0m
[11.798s] [ 30%] Built target ament_cmake_python_copy_center
[11.867s] [ 32%] [32mBuilding CXX object CMakeFiles/center__rosidl_typesupport_cpp.dir/rosidl_typesupport_cpp/center/srv/add_three_ints__type_support.cpp.o[0m
[11.943s] [ 33%] [32mBuilding CXX object CMakeFiles/center__rosidl_typesupport_c.dir/rosidl_typesupport_c/center/srv/add_three_ints__type_support.cpp.o[0m
[12.141s]   All projects are up-to-date for restore.
[12.228s] [ 35%] [32m[1mLinking CXX shared library libcenter__rosidl_typesupport_c.so[0m
[12.454s] [ 36%] [32mBuilding CXX object CMakeFiles/center__rosidl_typesupport_fastrtps_cpp.dir/rosidl_typesupport_fastrtps_cpp/center/srv/detail/dds_fastrtps/add_three_ints__type_support.cpp.o[0m
[12.580s] [ 38%] Built target center__rosidl_typesupport_c
[13.073s] [ 39%] [32m[1mLinking CXX shared library libcenter__rosidl_typesupport_cpp.so[0m
[13.198s] [ 41%] [32m[1mLinking CXX shared library libcenter__rosidl_typesupport_fastrtps_c.so[0m
[13.323s] [ 42%] Built target center__rosidl_typesupport_cpp
[13.468s] running egg_info
[13.470s] writing center.egg-info/PKG-INFO
[13.472s] writing dependency_links to center.egg-info/dependency_links.txt
[13.478s] writing top-level names to center.egg-info/top_level.txt
[13.485s] reading manifest file 'center.egg-info/SOURCES.txt'
[13.486s] writing manifest file 'center.egg-info/SOURCES.txt'
[13.579s] [?1h=.NET 向け Microsoft (R) Build Engine バージョン 17.0.1+b177f8fa7
[13.580s] Copyright (C) Microsoft Corporation.All rights reserved.
[13.580s] 
[13.584s] [ 44%] Built target center__rosidl_typesupport_fastrtps_c
[13.602s] [ 44%] Built target ament_cmake_python_build_center_egg
[14.075s] [ 45%] [32m[1mLinking CXX shared library libcenter__rosidl_typesupport_fastrtps_cpp.so[0m
[14.336s] [ 47%] Built target center__rosidl_typesupport_fastrtps_cpp
[15.603s]   Determining projects to restore...
[16.158s]   All projects are up-to-date for restore.
[17.539s]   center_assembly_dotnetcore -> /home/osawakousei/ros2_ws/build/center/netstandard2.0/center_assembly.dll
[17.562s] [39;49m[92m
[17.562s] ビルドに成功しました。
[17.563s] [39;49m    0 個の警告
[17.563s] [39;49m    0 エラー
[17.563s] [39;49m
[17.564s] 経過時間 00:00:03.36
[17.657s] [ 48%] Built target center_assembly
[32.962s] [ 50%] [32m[1mLinking CXX executable center_node[0m
[34.230s] [ 50%] Built target center_node
[34.284s] [35m[1mConsolidate compiler generated dependencies of target center_srv_add_three_ints__rosidl_typesupport_c[0m
[34.284s] [35m[1mConsolidate compiler generated dependencies of target center_srv_add_three_ints__rosidl_typesupport_fastrtps_c[0m
[34.285s] [35m[1mConsolidate compiler generated dependencies of target center_srv_add_three_ints__rosidl_typesupport_introspection_c[0m
[34.285s] [35m[1mConsolidate compiler generated dependencies of target center_custom_unity__rosidl_typesupport_fastrtps_c[0m
[34.289s] [35m[1mConsolidate compiler generated dependencies of target center_custom_unity__rosidl_typesupport_introspection_c[0m
[34.329s] [ 50%] Built target center
[34.332s] [ 51%] [32mBuilding C object CMakeFiles/center_srv_add_three_ints__rosidl_typesupport_fastrtps_c.dir/rosidl_generator_cs/center/srv/add_three_ints.ep.rosidl_typesupport_fastrtps_c.c.o[0m
[34.332s] [ 52%] [32mBuilding C object CMakeFiles/center_srv_add_three_ints__rosidl_typesupport_c.dir/rosidl_generator_cs/center/srv/add_three_ints_s.c.o[0m
[34.333s] [ 55%] [32mBuilding C object CMakeFiles/center_custom_unity__rosidl_typesupport_fastrtps_c.dir/rosidl_generator_cs/center/msg/custom_unity.ep.rosidl_typesupport_fastrtps_c.c.o[0m
[34.333s] [ 55%] [32mBuilding C object CMakeFiles/center_srv_add_three_ints__rosidl_typesupport_introspection_c.dir/rosidl_generator_cs/center/srv/add_three_ints.ep.rosidl_typesupport_introspection_c.c.o[0m
[34.334s] [ 57%] [32mBuilding C object CMakeFiles/center_srv_add_three_ints__rosidl_typesupport_c.dir/rosidl_generator_cs/center/srv/add_three_ints.ep.rosidl_typesupport_c.c.o[0m
[34.337s] [ 58%] [32mBuilding C object CMakeFiles/center_custom_unity__rosidl_typesupport_introspection_c.dir/rosidl_generator_cs/center/msg/custom_unity.ep.rosidl_typesupport_introspection_c.c.o[0m
[34.384s] [ 60%] [32mBuilding C object CMakeFiles/center_custom_unity__rosidl_typesupport_introspection_c.dir/rosidl_generator_cs/center/msg/custom_unity_s.c.o[0m
[34.432s] [35m[1mConsolidate compiler generated dependencies of target center_custom_unity__rosidl_typesupport_c[0m
[34.470s] [ 61%] [32mBuilding C object CMakeFiles/center_custom_unity__rosidl_typesupport_fastrtps_c.dir/rosidl_generator_cs/center/msg/custom_unity_s.c.o[0m
[34.471s] [ 63%] [32m[1mLinking C shared library rosidl_generator_cs/center/srv/libcenter_srv_add_three_ints__rosidl_typesupport_c_native.so[0m
[34.480s] [ 64%] [32mBuilding C object CMakeFiles/center_srv_add_three_ints__rosidl_typesupport_introspection_c.dir/rosidl_generator_cs/center/srv/add_three_ints_s.c.o[0m
[34.480s] [ 66%] [32mBuilding C object CMakeFiles/center_srv_add_three_ints__rosidl_typesupport_fastrtps_c.dir/rosidl_generator_cs/center/srv/add_three_ints_s.c.o[0m
[34.490s] [ 67%] [32mBuilding C object CMakeFiles/center_custom_unity__rosidl_typesupport_c.dir/rosidl_generator_cs/center/msg/custom_unity.ep.rosidl_typesupport_c.c.o[0m
[34.502s] [ 69%] [32mBuilding C object CMakeFiles/center_custom_unity__rosidl_typesupport_c.dir/rosidl_generator_cs/center/msg/custom_unity_s.c.o[0m
[34.553s] [ 70%] [32m[1mLinking C shared library rosidl_generator_cs/center/msg/libcenter_custom_unity__rosidl_typesupport_introspection_c_native.so[0m
[34.620s] [ 72%] Built target center_srv_add_three_ints__rosidl_typesupport_c
[34.628s] [ 73%] [32m[1mLinking C shared library rosidl_generator_cs/center/srv/libcenter_srv_add_three_ints__rosidl_typesupport_introspection_c_native.so[0m
[34.634s] [ 75%] [32m[1mLinking C shared library rosidl_generator_cs/center/msg/libcenter_custom_unity__rosidl_typesupport_fastrtps_c_native.so[0m
[34.641s] [ 76%] [32m[1mLinking C shared library rosidl_generator_cs/center/msg/libcenter_custom_unity__rosidl_typesupport_c_native.so[0m
[34.650s] [ 77%] [32m[1mLinking C shared library rosidl_generator_cs/center/srv/libcenter_srv_add_three_ints__rosidl_typesupport_fastrtps_c_native.so[0m
[34.694s] [ 79%] Built target center_custom_unity__rosidl_typesupport_introspection_c
[34.732s] [ 80%] Built target center__py
[34.773s] [ 82%] Built target center_srv_add_three_ints__rosidl_typesupport_introspection_c
[34.781s] [ 85%] Built target center_custom_unity__rosidl_typesupport_c
[34.781s] [ 85%] Built target center_custom_unity__rosidl_typesupport_fastrtps_c
[34.791s] [35m[1mConsolidate compiler generated dependencies of target center__rosidl_generator_py[0m
[34.797s] [ 86%] Built target center_srv_add_three_ints__rosidl_typesupport_fastrtps_c
[34.854s] [ 89%] [32mBuilding C object CMakeFiles/center__rosidl_generator_py.dir/rosidl_generator_py/center/msg/_custom_unity_s.c.o[0m
[34.854s] [ 89%] [32mBuilding C object CMakeFiles/center__rosidl_generator_py.dir/rosidl_generator_py/center/srv/_add_three_ints_s.c.o[0m
[35.179s] [ 91%] [32m[1mLinking C shared library rosidl_generator_py/center/libcenter__rosidl_generator_py.so[0m
[35.337s] [ 91%] Built target center__rosidl_generator_py
[35.389s] [35m[1mConsolidate compiler generated dependencies of target center__rosidl_typesupport_c__pyext[0m
[35.390s] [35m[1mConsolidate compiler generated dependencies of target center__rosidl_typesupport_introspection_c__pyext[0m
[35.391s] [35m[1mConsolidate compiler generated dependencies of target center__rosidl_typesupport_fastrtps_c__pyext[0m
[35.452s] [ 94%] [32mBuilding C object CMakeFiles/center__rosidl_typesupport_introspection_c__pyext.dir/rosidl_generator_py/center/_center_s.ep.rosidl_typesupport_introspection_c.c.o[0m
[35.452s] [ 94%] [32mBuilding C object CMakeFiles/center__rosidl_typesupport_fastrtps_c__pyext.dir/rosidl_generator_py/center/_center_s.ep.rosidl_typesupport_fastrtps_c.c.o[0m
[35.453s] [ 95%] [32mBuilding C object CMakeFiles/center__rosidl_typesupport_c__pyext.dir/rosidl_generator_py/center/_center_s.ep.rosidl_typesupport_c.c.o[0m
[35.778s] [ 97%] [32m[1mLinking C shared library rosidl_generator_py/center/center_s__rosidl_typesupport_introspection_c.cpython-310-x86_64-linux-gnu.so[0m
[35.784s] [ 98%] [32m[1mLinking C shared library rosidl_generator_py/center/center_s__rosidl_typesupport_c.cpython-310-x86_64-linux-gnu.so[0m
[35.795s] [100%] [32m[1mLinking C shared library rosidl_generator_py/center/center_s__rosidl_typesupport_fastrtps_c.cpython-310-x86_64-linux-gnu.so[0m
[35.923s] [100%] Built target center__rosidl_typesupport_introspection_c__pyext
[35.928s] [100%] Built target center__rosidl_typesupport_c__pyext
[35.944s] [100%] Built target center__rosidl_typesupport_fastrtps_c__pyext
[35.989s] Invoked command in '/home/osawakousei/ros2_ws/build/center' returned '0': CMAKE_PREFIX_PATH=/home/osawakousei/ros2_ws/install/custom_test_msgs:/home/osawakousei/ros2_ws/install/custom_message_unity:/home/osawakousei/ros2_ws/install/test_package:/home/osawakousei/ros2_ws/install/test_interface_files:/home/osawakousei/ros2_ws/install/rosidl_default_generators:/home/osawakousei/ros2_ws/install/rosidl_generator_cs:/home/osawakousei/ros2_ws/install/micro_ros_agent:/home/osawakousei/ros2_ws/install/micro_ros_msgs:/home/osawakousei/ros2_ws/install/android_controll_test:/home/osawakousei/ros2_ws/install/cpp_topic_pubsub:/home/osawakousei/ros2_ws/install/cpp_server_client:/home/osawakousei/ros2_ws/install/rosidl_default_runtime:/home/osawakousei/ros2_ws/install/ros2cs_common:/home/osawakousei/ros2_ws/install/micro_ros_setup:/home/osawakousei/ros2_ws/install/dotnet_cmake_module:/home/osawakousei/ros2_ws/install/ament_cmake_export_assemblies:/home/osawakousei/ros2_ws/src/custom_message_unity/install/custom_message_unity:/home/osawakousei/ros2_ws/src/android_controll_test/install/custom_test_msgs:/home/osawakousei/ros2_ws/src/android_controll_test/install/android_controll_test:/home/osawakousei/ros2_ws/src/cpp_server_client/install/cpp_server_client:/home/osawakousei/ros2_ws/src/cpp_topic_pubsub/install/cpp_topic_pubsub:/home/osawakousei/ros2_ws/src/test_package/install/test_package:/home/osawakousei/ros2_ws/uros_ws/install/micro_ros_setup:/home/osawakousei/ros2_ws/uros_ws/install/micro_ros_agent:/home/osawakousei/ros2_ws/uros_ws/install/micro_ros_msgs:/home/osawakousei/ros2_ws/src/custom_test_msgs/install/custom_test_msgs:/opt/ros/humble LD_LIBRARY_PATH=/home/osawakousei/ros2_ws/install/custom_test_msgs/lib:/home/osawakousei/ros2_ws/install/custom_message_unity/lib:/home/osawakousei/ros2_ws/install/micro_ros_agent/lib:/home/osawakousei/ros2_ws/install/micro_ros_msgs/lib:/home/osawakousei/ros2_ws/install/android_controll_test/lib:/home/osawakousei/ros2_ws/install/cpp_topic_pubsub/lib:/home/osawakousei/ros2_ws/install/cpp_server_client/lib:/home/osawakousei/ros2_ws/src/custom_message_unity/install/custom_message_unity/lib:/home/osawakousei/ros2_ws/src/android_controll_test/install/custom_test_msgs/lib:/home/osawakousei/ros2_ws/src/android_controll_test/install/android_controll_test/lib:/home/osawakousei/ros2_ws/src/cpp_server_client/install/cpp_server_client/lib:/home/osawakousei/ros2_ws/src/cpp_topic_pubsub/install/cpp_topic_pubsub/lib:/home/osawakousei/ros2_ws/uros_ws/install/micro_ros_agent/lib:/home/osawakousei/ros2_ws/uros_ws/install/micro_ros_msgs/lib:/home/osawakousei/ros2_ws/src/custom_test_msgs/install/custom_test_msgs/lib:/usr/lib/x86_64-linux-gnu/gazebo-11/plugins:/opt/ros/humble/opt/rviz_ogre_vendor/lib:/opt/ros/humble/lib/x86_64-linux-gnu:/opt/ros/humble/lib /usr/bin/cmake --build /home/osawakousei/ros2_ws/build/center -- -j8 -l8
[36.959s] Invoking command in '/home/osawakousei/ros2_ws/build/center': CMAKE_PREFIX_PATH=/home/osawakousei/ros2_ws/install/custom_test_msgs:/home/osawakousei/ros2_ws/install/custom_message_unity:/home/osawakousei/ros2_ws/install/test_package:/home/osawakousei/ros2_ws/install/test_interface_files:/home/osawakousei/ros2_ws/install/rosidl_default_generators:/home/osawakousei/ros2_ws/install/rosidl_generator_cs:/home/osawakousei/ros2_ws/install/micro_ros_agent:/home/osawakousei/ros2_ws/install/micro_ros_msgs:/home/osawakousei/ros2_ws/install/android_controll_test:/home/osawakousei/ros2_ws/install/cpp_topic_pubsub:/home/osawakousei/ros2_ws/install/cpp_server_client:/home/osawakousei/ros2_ws/install/rosidl_default_runtime:/home/osawakousei/ros2_ws/install/ros2cs_common:/home/osawakousei/ros2_ws/install/micro_ros_setup:/home/osawakousei/ros2_ws/install/dotnet_cmake_module:/home/osawakousei/ros2_ws/install/ament_cmake_export_assemblies:/home/osawakousei/ros2_ws/src/custom_message_unity/install/custom_message_unity:/home/osawakousei/ros2_ws/src/android_controll_test/install/custom_test_msgs:/home/osawakousei/ros2_ws/src/android_controll_test/install/android_controll_test:/home/osawakousei/ros2_ws/src/cpp_server_client/install/cpp_server_client:/home/osawakousei/ros2_ws/src/cpp_topic_pubsub/install/cpp_topic_pubsub:/home/osawakousei/ros2_ws/src/test_package/install/test_package:/home/osawakousei/ros2_ws/uros_ws/install/micro_ros_setup:/home/osawakousei/ros2_ws/uros_ws/install/micro_ros_agent:/home/osawakousei/ros2_ws/uros_ws/install/micro_ros_msgs:/home/osawakousei/ros2_ws/src/custom_test_msgs/install/custom_test_msgs:/opt/ros/humble LD_LIBRARY_PATH=/home/osawakousei/ros2_ws/install/custom_test_msgs/lib:/home/osawakousei/ros2_ws/install/custom_message_unity/lib:/home/osawakousei/ros2_ws/install/micro_ros_agent/lib:/home/osawakousei/ros2_ws/install/micro_ros_msgs/lib:/home/osawakousei/ros2_ws/install/android_controll_test/lib:/home/osawakousei/ros2_ws/install/cpp_topic_pubsub/lib:/home/osawakousei/ros2_ws/install/cpp_server_client/lib:/home/osawakousei/ros2_ws/src/custom_message_unity/install/custom_message_unity/lib:/home/osawakousei/ros2_ws/src/android_controll_test/install/custom_test_msgs/lib:/home/osawakousei/ros2_ws/src/android_controll_test/install/android_controll_test/lib:/home/osawakousei/ros2_ws/src/cpp_server_client/install/cpp_server_client/lib:/home/osawakousei/ros2_ws/src/cpp_topic_pubsub/install/cpp_topic_pubsub/lib:/home/osawakousei/ros2_ws/uros_ws/install/micro_ros_agent/lib:/home/osawakousei/ros2_ws/uros_ws/install/micro_ros_msgs/lib:/home/osawakousei/ros2_ws/src/custom_test_msgs/install/custom_test_msgs/lib:/usr/lib/x86_64-linux-gnu/gazebo-11/plugins:/opt/ros/humble/opt/rviz_ogre_vendor/lib:/opt/ros/humble/lib/x86_64-linux-gnu:/opt/ros/humble/lib /usr/bin/cmake --install /home/osawakousei/ros2_ws/build/center
[36.993s] -- Install configuration: ""
[36.994s] -- Up-to-date: /home/osawakousei/ros2_ws/install/center/share/ament_index/resource_index/rosidl_interfaces/center
[36.995s] -- Up-to-date: /home/osawakousei/ros2_ws/install/center/include/center/center
[36.995s] -- Up-to-date: /home/osawakousei/ros2_ws/install/center/include/center/center/srv
[36.995s] -- Up-to-date: /home/osawakousei/ros2_ws/install/center/include/center/center/srv/detail
[36.996s] -- Up-to-date: /home/osawakousei/ros2_ws/install/center/include/center/center/srv/detail/add_three_ints__type_support.h
[36.996s] -- Up-to-date: /home/osawakousei/ros2_ws/install/center/include/center/center/srv/detail/add_three_ints__functions.c
[36.997s] -- Up-to-date: /home/osawakousei/ros2_ws/install/center/include/center/center/srv/detail/add_three_ints__struct.h
[36.997s] -- Up-to-date: /home/osawakousei/ros2_ws/install/center/include/center/center/srv/detail/add_three_ints__functions.h
[36.997s] -- Up-to-date: /home/osawakousei/ros2_ws/install/center/include/center/center/srv/add_three_ints.h
[36.997s] -- Up-to-date: /home/osawakousei/ros2_ws/install/center/include/center/center/msg
[36.998s] -- Up-to-date: /home/osawakousei/ros2_ws/install/center/include/center/center/msg/rosidl_generator_c__visibility_control.h
[36.998s] -- Up-to-date: /home/osawakousei/ros2_ws/install/center/include/center/center/msg/detail
[36.998s] -- Up-to-date: /home/osawakousei/ros2_ws/install/center/include/center/center/msg/detail/custom_unity__struct.h
[36.999s] -- Up-to-date: /home/osawakousei/ros2_ws/install/center/include/center/center/msg/detail/custom_unity__type_support.h
[36.999s] -- Installing: /home/osawakousei/ros2_ws/install/center/include/center/center/msg/detail/custom_unity__functions.c
[36.999s] -- Up-to-date: /home/osawakousei/ros2_ws/install/center/include/center/center/msg/detail/custom_unity__functions.h
[37.000s] -- Up-to-date: /home/osawakousei/ros2_ws/install/center/include/center/center/msg/custom_unity.h
[37.001s] -- Installing: /home/osawakousei/ros2_ws/install/center/share/center/environment/library_path.sh
[37.001s] -- Installing: /home/osawakousei/ros2_ws/install/center/share/center/environment/library_path.dsv
[37.001s] -- Installing: /home/osawakousei/ros2_ws/install/center/lib/libcenter__rosidl_generator_c.so
[37.002s] -- Set runtime path of "/home/osawakousei/ros2_ws/install/center/lib/libcenter__rosidl_generator_c.so" to ""
[37.002s] -- Up-to-date: /home/osawakousei/ros2_ws/install/center/include/center/center
[37.002s] -- Up-to-date: /home/osawakousei/ros2_ws/install/center/include/center/center/srv
[37.003s] -- Up-to-date: /home/osawakousei/ros2_ws/install/center/include/center/center/srv/detail
[37.003s] -- Up-to-date: /home/osawakousei/ros2_ws/install/center/include/center/center/srv/detail/add_three_ints__rosidl_typesupport_fastrtps_c.h
[37.003s] -- Up-to-date: /home/osawakousei/ros2_ws/install/center/include/center/center/msg
[37.005s] -- Up-to-date: /home/osawakousei/ros2_ws/install/center/include/center/center/msg/detail
[37.005s] -- Up-to-date: /home/osawakousei/ros2_ws/install/center/include/center/center/msg/detail/custom_unity__rosidl_typesupport_fastrtps_c.h
[37.006s] -- Up-to-date: /home/osawakousei/ros2_ws/install/center/include/center/center/msg/rosidl_typesupport_fastrtps_c__visibility_control.h
[37.007s] -- Installing: /home/osawakousei/ros2_ws/install/center/lib/libcenter__rosidl_typesupport_fastrtps_c.so
[37.007s] -- Set runtime path of "/home/osawakousei/ros2_ws/install/center/lib/libcenter__rosidl_typesupport_fastrtps_c.so" to ""
[37.008s] -- Up-to-date: /home/osawakousei/ros2_ws/install/center/include/center/center
[37.008s] -- Up-to-date: /home/osawakousei/ros2_ws/install/center/include/center/center/srv
[37.009s] -- Up-to-date: /home/osawakousei/ros2_ws/install/center/include/center/center/srv/detail
[37.009s] -- Up-to-date: /home/osawakousei/ros2_ws/install/center/include/center/center/srv/detail/add_three_ints__traits.hpp
[37.010s] -- Up-to-date: /home/osawakousei/ros2_ws/install/center/include/center/center/srv/detail/add_three_ints__struct.hpp
[37.010s] -- Up-to-date: /home/osawakousei/ros2_ws/install/center/include/center/center/srv/detail/add_three_ints__builder.hpp
[37.011s] -- Up-to-date: /home/osawakousei/ros2_ws/install/center/include/center/center/srv/add_three_ints.hpp
[37.012s] -- Up-to-date: /home/osawakousei/ros2_ws/install/center/include/center/center/msg
[37.012s] -- Up-to-date: /home/osawakousei/ros2_ws/install/center/include/center/center/msg/custom_unity.hpp
[37.013s] -- Up-to-date: /home/osawakousei/ros2_ws/install/center/include/center/center/msg/detail
[37.013s] -- Installing: /home/osawakousei/ros2_ws/install/center/include/center/center/msg/detail/custom_unity__builder.hpp
[37.014s] -- Up-to-date: /home/osawakousei/ros2_ws/install/center/include/center/center/msg/detail/custom_unity__struct.hpp
[37.014s] -- Up-to-date: /home/osawakousei/ros2_ws/install/center/include/center/center/msg/detail/custom_unity__traits.hpp
[37.015s] -- Up-to-date: /home/osawakousei/ros2_ws/install/center/include/center/center
[37.016s] -- Up-to-date: /home/osawakousei/ros2_ws/install/center/include/center/center/srv
[37.016s] -- Up-to-date: /home/osawakousei/ros2_ws/install/center/include/center/center/srv/detail
[37.016s] -- Up-to-date: /home/osawakousei/ros2_ws/install/center/include/center/center/srv/detail/add_three_ints__rosidl_typesupport_fastrtps_cpp.hpp
[37.016s] -- Installing: /home/osawakousei/ros2_ws/install/center/include/center/center/srv/detail/dds_fastrtps
[37.017s] -- Up-to-date: /home/osawakousei/ros2_ws/install/center/include/center/center/msg
[37.017s] -- Up-to-date: /home/osawakousei/ros2_ws/install/center/include/center/center/msg/rosidl_typesupport_fastrtps_cpp__visibility_control.h
[37.018s] -- Up-to-date: /home/osawakousei/ros2_ws/install/center/include/center/center/msg/detail
[37.018s] -- Up-to-date: /home/osawakousei/ros2_ws/install/center/include/center/center/msg/detail/custom_unity__rosidl_typesupport_fastrtps_cpp.hpp
[37.019s] -- Installing: /home/osawakousei/ros2_ws/install/center/include/center/center/msg/detail/dds_fastrtps
[37.019s] -- Installing: /home/osawakousei/ros2_ws/install/center/lib/libcenter__rosidl_typesupport_fastrtps_cpp.so
[37.019s] -- Set runtime path of "/home/osawakousei/ros2_ws/install/center/lib/libcenter__rosidl_typesupport_fastrtps_cpp.so" to ""
[37.019s] -- Up-to-date: /home/osawakousei/ros2_ws/install/center/include/center/center
[37.020s] -- Up-to-date: /home/osawakousei/ros2_ws/install/center/include/center/center/srv
[37.020s] -- Up-to-date: /home/osawakousei/ros2_ws/install/center/include/center/center/srv/detail
[37.021s] -- Up-to-date: /home/osawakousei/ros2_ws/install/center/include/center/center/srv/detail/add_three_ints__type_support.c
[37.021s] -- Installing: /home/osawakousei/ros2_ws/install/center/include/center/center/srv/detail/add_three_ints__rosidl_typesupport_introspection_c.h
[37.022s] -- Up-to-date: /home/osawakousei/ros2_ws/install/center/include/center/center/msg
[37.022s] -- Up-to-date: /home/osawakousei/ros2_ws/install/center/include/center/center/msg/rosidl_typesupport_introspection_c__visibility_control.h
[37.023s] -- Up-to-date: /home/osawakousei/ros2_ws/install/center/include/center/center/msg/detail
[37.023s] -- Up-to-date: /home/osawakousei/ros2_ws/install/center/include/center/center/msg/detail/custom_unity__rosidl_typesupport_introspection_c.h
[37.024s] -- Installing: /home/osawakousei/ros2_ws/install/center/include/center/center/msg/detail/custom_unity__type_support.c
[37.024s] -- Installing: /home/osawakousei/ros2_ws/install/center/lib/libcenter__rosidl_typesupport_introspection_c.so
[37.024s] -- Set runtime path of "/home/osawakousei/ros2_ws/install/center/lib/libcenter__rosidl_typesupport_introspection_c.so" to ""
[37.025s] -- Installing: /home/osawakousei/ros2_ws/install/center/lib/libcenter__rosidl_typesupport_c.so
[37.025s] -- Set runtime path of "/home/osawakousei/ros2_ws/install/center/lib/libcenter__rosidl_typesupport_c.so" to ""
[37.026s] -- Up-to-date: /home/osawakousei/ros2_ws/install/center/include/center/center
[37.026s] -- Up-to-date: /home/osawakousei/ros2_ws/install/center/include/center/center/srv
[37.027s] -- Up-to-date: /home/osawakousei/ros2_ws/install/center/include/center/center/srv/detail
[37.027s] -- Up-to-date: /home/osawakousei/ros2_ws/install/center/include/center/center/srv/detail/add_three_ints__type_support.cpp
[37.028s] -- Up-to-date: /home/osawakousei/ros2_ws/install/center/include/center/center/srv/detail/add_three_ints__rosidl_typesupport_introspection_cpp.hpp
[37.029s] -- Up-to-date: /home/osawakousei/ros2_ws/install/center/include/center/center/msg
[37.029s] -- Up-to-date: /home/osawakousei/ros2_ws/install/center/include/center/center/msg/detail
[37.029s] -- Up-to-date: /home/osawakousei/ros2_ws/install/center/include/center/center/msg/detail/custom_unity__rosidl_typesupport_introspection_cpp.hpp
[37.030s] -- Up-to-date: /home/osawakousei/ros2_ws/install/center/include/center/center/msg/detail/custom_unity__type_support.cpp
[37.030s] -- Installing: /home/osawakousei/ros2_ws/install/center/lib/libcenter__rosidl_typesupport_introspection_cpp.so
[37.030s] -- Set runtime path of "/home/osawakousei/ros2_ws/install/center/lib/libcenter__rosidl_typesupport_introspection_cpp.so" to ""
[37.031s] -- Installing: /home/osawakousei/ros2_ws/install/center/lib/libcenter__rosidl_typesupport_cpp.so
[37.031s] -- Set runtime path of "/home/osawakousei/ros2_ws/install/center/lib/libcenter__rosidl_typesupport_cpp.so" to ""
[37.031s] -- Installing: /home/osawakousei/ros2_ws/install/center/lib/libcenter_custom_unity__rosidl_typesupport_c_native.so
[37.032s] -- Set runtime path of "/home/osawakousei/ros2_ws/install/center/lib/libcenter_custom_unity__rosidl_typesupport_c_native.so" to ""
[37.032s] -- Installing: /home/osawakousei/ros2_ws/install/center/lib/libcenter_custom_unity__rosidl_typesupport_introspection_c_native.so
[37.033s] -- Set runtime path of "/home/osawakousei/ros2_ws/install/center/lib/libcenter_custom_unity__rosidl_typesupport_introspection_c_native.so" to ""
[37.034s] -- Installing: /home/osawakousei/ros2_ws/install/center/lib/libcenter_custom_unity__rosidl_typesupport_fastrtps_c_native.so
[37.036s] -- Set runtime path of "/home/osawakousei/ros2_ws/install/center/lib/libcenter_custom_unity__rosidl_typesupport_fastrtps_c_native.so" to ""
[37.036s] -- Installing: /home/osawakousei/ros2_ws/install/center/lib/libcenter_srv_add_three_ints__rosidl_typesupport_c_native.so
[37.038s] -- Set runtime path of "/home/osawakousei/ros2_ws/install/center/lib/libcenter_srv_add_three_ints__rosidl_typesupport_c_native.so" to ""
[37.039s] -- Installing: /home/osawakousei/ros2_ws/install/center/lib/libcenter_srv_add_three_ints__rosidl_typesupport_introspection_c_native.so
[37.041s] -- Set runtime path of "/home/osawakousei/ros2_ws/install/center/lib/libcenter_srv_add_three_ints__rosidl_typesupport_introspection_c_native.so" to ""
[37.042s] -- Installing: /home/osawakousei/ros2_ws/install/center/lib/libcenter_srv_add_three_ints__rosidl_typesupport_fastrtps_c_native.so
[37.044s] -- Set runtime path of "/home/osawakousei/ros2_ws/install/center/lib/libcenter_srv_add_three_ints__rosidl_typesupport_fastrtps_c_native.so" to ""
[37.044s] -- Up-to-date: /home/osawakousei/ros2_ws/install/center/lib/dotnet
[37.045s] -- Installing: /home/osawakousei/ros2_ws/install/center/lib/dotnet/ros2cs_common.dll
[37.045s] -- Installing: /home/osawakousei/ros2_ws/install/center/lib/dotnet/center_assembly.dll
[37.046s] -- Installing: /home/osawakousei/ros2_ws/install/center/lib/dotnet/center_assembly.deps.json
[37.047s] -- Up-to-date: /home/osawakousei/ros2_ws/install/center/lib/dotnet
[37.047s] -- Up-to-date: /home/osawakousei/ros2_ws/install/center/lib/dotnet/ros2cs_common.dll
[37.047s] -- Up-to-date: /home/osawakousei/ros2_ws/install/center/lib/dotnet/center_assembly.dll
[37.048s] -- Up-to-date: /home/osawakousei/ros2_ws/install/center/lib/dotnet/center_assembly.deps.json
[37.048s] -- Up-to-date: /home/osawakousei/ros2_ws/install/center/share/center/environment/pythonpath.sh
[37.049s] -- Installing: /home/osawakousei/ros2_ws/install/center/share/center/environment/pythonpath.dsv
[37.050s] -- Up-to-date: /home/osawakousei/ros2_ws/install/center/local/lib/python3.10/dist-packages/center-0.0.0-py3.10.egg-info
[37.050s] -- Installing: /home/osawakousei/ros2_ws/install/center/local/lib/python3.10/dist-packages/center-0.0.0-py3.10.egg-info/top_level.txt
[37.051s] -- Installing: /home/osawakousei/ros2_ws/install/center/local/lib/python3.10/dist-packages/center-0.0.0-py3.10.egg-info/SOURCES.txt
[37.051s] -- Installing: /home/osawakousei/ros2_ws/install/center/local/lib/python3.10/dist-packages/center-0.0.0-py3.10.egg-info/dependency_links.txt
[37.052s] -- Installing: /home/osawakousei/ros2_ws/install/center/local/lib/python3.10/dist-packages/center-0.0.0-py3.10.egg-info/PKG-INFO
[37.053s] -- Up-to-date: /home/osawakousei/ros2_ws/install/center/local/lib/python3.10/dist-packages/center
[37.053s] -- Up-to-date: /home/osawakousei/ros2_ws/install/center/local/lib/python3.10/dist-packages/center/_center_s.ep.rosidl_typesupport_fastrtps_c.c
[37.054s] -- Up-to-date: /home/osawakousei/ros2_ws/install/center/local/lib/python3.10/dist-packages/center/srv
[37.055s] -- Up-to-date: /home/osawakousei/ros2_ws/install/center/local/lib/python3.10/dist-packages/center/srv/_add_three_ints.py
[37.055s] -- Up-to-date: /home/osawakousei/ros2_ws/install/center/local/lib/python3.10/dist-packages/center/srv/__init__.py
[37.056s] -- Up-to-date: /home/osawakousei/ros2_ws/install/center/local/lib/python3.10/dist-packages/center/srv/_add_three_ints_s.c
[37.056s] -- Installing: /home/osawakousei/ros2_ws/install/center/local/lib/python3.10/dist-packages/center/center_s__rosidl_typesupport_fastrtps_c.cpython-310-x86_64-linux-gnu.so
[37.056s] -- Installing: /home/osawakousei/ros2_ws/install/center/local/lib/python3.10/dist-packages/center/center_s__rosidl_typesupport_c.cpython-310-x86_64-linux-gnu.so
[37.057s] -- Installing: /home/osawakousei/ros2_ws/install/center/local/lib/python3.10/dist-packages/center/libcenter__rosidl_generator_py.so
[37.057s] -- Installing: /home/osawakousei/ros2_ws/install/center/local/lib/python3.10/dist-packages/center/__init__.py
[37.057s] -- Up-to-date: /home/osawakousei/ros2_ws/install/center/local/lib/python3.10/dist-packages/center/_center_s.ep.rosidl_typesupport_c.c
[37.057s] -- Installing: /home/osawakousei/ros2_ws/install/center/local/lib/python3.10/dist-packages/center/center_s__rosidl_typesupport_introspection_c.cpython-310-x86_64-linux-gnu.so
[37.058s] -- Up-to-date: /home/osawakousei/ros2_ws/install/center/local/lib/python3.10/dist-packages/center/_center_s.ep.rosidl_typesupport_introspection_c.c
[37.058s] -- Up-to-date: /home/osawakousei/ros2_ws/install/center/local/lib/python3.10/dist-packages/center/msg
[37.058s] -- Up-to-date: /home/osawakousei/ros2_ws/install/center/local/lib/python3.10/dist-packages/center/msg/_custom_unity_s.c
[37.058s] -- Up-to-date: /home/osawakousei/ros2_ws/install/center/local/lib/python3.10/dist-packages/center/msg/_custom_unity.py
[37.058s] -- Up-to-date: /home/osawakousei/ros2_ws/install/center/local/lib/python3.10/dist-packages/center/msg/__init__.py
[37.192s] Listing '/home/osawakousei/ros2_ws/install/center/local/lib/python3.10/dist-packages/center'...
[37.192s] Compiling '/home/osawakousei/ros2_ws/install/center/local/lib/python3.10/dist-packages/center/__init__.py'...
[37.192s] Listing '/home/osawakousei/ros2_ws/install/center/local/lib/python3.10/dist-packages/center/msg'...
[37.192s] Compiling '/home/osawakousei/ros2_ws/install/center/local/lib/python3.10/dist-packages/center/msg/__init__.py'...
[37.193s] Compiling '/home/osawakousei/ros2_ws/install/center/local/lib/python3.10/dist-packages/center/msg/_custom_unity.py'...
[37.193s] Listing '/home/osawakousei/ros2_ws/install/center/local/lib/python3.10/dist-packages/center/srv'...
[37.193s] Compiling '/home/osawakousei/ros2_ws/install/center/local/lib/python3.10/dist-packages/center/srv/__init__.py'...
[37.193s] Compiling '/home/osawakousei/ros2_ws/install/center/local/lib/python3.10/dist-packages/center/srv/_add_three_ints.py'...
[37.204s] -- Installing: /home/osawakousei/ros2_ws/install/center/local/lib/python3.10/dist-packages/center/center_s__rosidl_typesupport_fastrtps_c.cpython-310-x86_64-linux-gnu.so
[37.206s] -- Set runtime path of "/home/osawakousei/ros2_ws/install/center/local/lib/python3.10/dist-packages/center/center_s__rosidl_typesupport_fastrtps_c.cpython-310-x86_64-linux-gnu.so" to ""
[37.207s] -- Installing: /home/osawakousei/ros2_ws/install/center/local/lib/python3.10/dist-packages/center/center_s__rosidl_typesupport_introspection_c.cpython-310-x86_64-linux-gnu.so
[37.209s] -- Set runtime path of "/home/osawakousei/ros2_ws/install/center/local/lib/python3.10/dist-packages/center/center_s__rosidl_typesupport_introspection_c.cpython-310-x86_64-linux-gnu.so" to ""
[37.210s] -- Installing: /home/osawakousei/ros2_ws/install/center/local/lib/python3.10/dist-packages/center/center_s__rosidl_typesupport_c.cpython-310-x86_64-linux-gnu.so
[37.212s] -- Set runtime path of "/home/osawakousei/ros2_ws/install/center/local/lib/python3.10/dist-packages/center/center_s__rosidl_typesupport_c.cpython-310-x86_64-linux-gnu.so" to ""
[37.213s] -- Installing: /home/osawakousei/ros2_ws/install/center/lib/libcenter__rosidl_generator_py.so
[37.215s] -- Set runtime path of "/home/osawakousei/ros2_ws/install/center/lib/libcenter__rosidl_generator_py.so" to ""
[37.215s] -- Up-to-date: /home/osawakousei/ros2_ws/install/center/share/center/msg/CustomUnity.idl
[37.216s] -- Up-to-date: /home/osawakousei/ros2_ws/install/center/share/center/srv/AddThreeInts.idl
[37.217s] -- Up-to-date: /home/osawakousei/ros2_ws/install/center/share/center/msg/CustomUnity.msg
[37.217s] -- Up-to-date: /home/osawakousei/ros2_ws/install/center/share/center/srv/AddThreeInts.srv
[37.217s] -- Up-to-date: /home/osawakousei/ros2_ws/install/center/share/center/srv/AddThreeInts_Request.msg
[37.217s] -- Up-to-date: /home/osawakousei/ros2_ws/install/center/share/center/srv/AddThreeInts_Response.msg
[37.218s] -- Installing: /home/osawakousei/ros2_ws/install/center/lib/center/center_node
[37.239s] -- Set runtime path of "/home/osawakousei/ros2_ws/install/center/lib/center/center_node" to ""
[37.240s] -- Up-to-date: /home/osawakousei/ros2_ws/install/center/share/ament_index/resource_index/package_run_dependencies/center
[37.240s] -- Installing: /home/osawakousei/ros2_ws/install/center/share/ament_index/resource_index/parent_prefix_path/center
[37.241s] -- Installing: /home/osawakousei/ros2_ws/install/center/share/center/environment/ament_prefix_path.sh
[37.242s] -- Installing: /home/osawakousei/ros2_ws/install/center/share/center/environment/ament_prefix_path.dsv
[37.243s] -- Installing: /home/osawakousei/ros2_ws/install/center/share/center/environment/path.sh
[37.244s] -- Installing: /home/osawakousei/ros2_ws/install/center/share/center/environment/path.dsv
[37.246s] -- Up-to-date: /home/osawakousei/ros2_ws/install/center/share/center/local_setup.bash
[37.246s] -- Up-to-date: /home/osawakousei/ros2_ws/install/center/share/center/local_setup.sh
[37.247s] -- Up-to-date: /home/osawakousei/ros2_ws/install/center/share/center/local_setup.zsh
[37.249s] -- Installing: /home/osawakousei/ros2_ws/install/center/share/center/local_setup.dsv
[37.250s] -- Installing: /home/osawakousei/ros2_ws/install/center/share/center/package.dsv
[37.250s] -- Up-to-date: /home/osawakousei/ros2_ws/install/center/share/ament_index/resource_index/packages/center
[37.251s] -- Up-to-date: /home/osawakousei/ros2_ws/install/center/share/center/cmake/export_center__rosidl_generator_cExport.cmake
[37.251s] -- Up-to-date: /home/osawakousei/ros2_ws/install/center/share/center/cmake/export_center__rosidl_generator_cExport-noconfig.cmake
[37.251s] -- Up-to-date: /home/osawakousei/ros2_ws/install/center/share/center/cmake/export_center__rosidl_typesupport_fastrtps_cExport.cmake
[37.251s] -- Up-to-date: /home/osawakousei/ros2_ws/install/center/share/center/cmake/export_center__rosidl_typesupport_fastrtps_cExport-noconfig.cmake
[37.252s] -- Up-to-date: /home/osawakousei/ros2_ws/install/center/share/center/cmake/export_center__rosidl_generator_cppExport.cmake
[37.252s] -- Up-to-date: /home/osawakousei/ros2_ws/install/center/share/center/cmake/export_center__rosidl_typesupport_fastrtps_cppExport.cmake
[37.252s] -- Up-to-date: /home/osawakousei/ros2_ws/install/center/share/center/cmake/export_center__rosidl_typesupport_fastrtps_cppExport-noconfig.cmake
[37.252s] -- Up-to-date: /home/osawakousei/ros2_ws/install/center/share/center/cmake/center__rosidl_typesupport_introspection_cExport.cmake
[37.252s] -- Up-to-date: /home/osawakousei/ros2_ws/install/center/share/center/cmake/center__rosidl_typesupport_introspection_cExport-noconfig.cmake
[37.253s] -- Up-to-date: /home/osawakousei/ros2_ws/install/center/share/center/cmake/center__rosidl_typesupport_cExport.cmake
[37.253s] -- Up-to-date: /home/osawakousei/ros2_ws/install/center/share/center/cmake/center__rosidl_typesupport_cExport-noconfig.cmake
[37.253s] -- Up-to-date: /home/osawakousei/ros2_ws/install/center/share/center/cmake/center__rosidl_typesupport_introspection_cppExport.cmake
[37.253s] -- Up-to-date: /home/osawakousei/ros2_ws/install/center/share/center/cmake/center__rosidl_typesupport_introspection_cppExport-noconfig.cmake
[37.254s] -- Up-to-date: /home/osawakousei/ros2_ws/install/center/share/center/cmake/center__rosidl_typesupport_cppExport.cmake
[37.255s] -- Up-to-date: /home/osawakousei/ros2_ws/install/center/share/center/cmake/center__rosidl_typesupport_cppExport-noconfig.cmake
[37.255s] -- Up-to-date: /home/osawakousei/ros2_ws/install/center/share/center/cmake/export_center__rosidl_generator_pyExport.cmake
[37.256s] -- Up-to-date: /home/osawakousei/ros2_ws/install/center/share/center/cmake/export_center__rosidl_generator_pyExport-noconfig.cmake
[37.256s] -- Up-to-date: /home/osawakousei/ros2_ws/install/center/share/center/cmake/rosidl_cmake-extras.cmake
[37.257s] -- Up-to-date: /home/osawakousei/ros2_ws/install/center/share/center/cmake/ament_cmake_export_include_directories-extras.cmake
[37.257s] -- Up-to-date: /home/osawakousei/ros2_ws/install/center/share/center/cmake/ament_cmake_export_libraries-extras.cmake
[37.258s] -- Up-to-date: /home/osawakousei/ros2_ws/install/center/share/center/cmake/ament_cmake_export_targets-extras.cmake
[37.258s] -- Up-to-date: /home/osawakousei/ros2_ws/install/center/share/center/cmake/rosidl_cmake_export_typesupport_targets-extras.cmake
[37.259s] -- Up-to-date: /home/osawakousei/ros2_ws/install/center/share/center/cmake/ament_cmake_export_dependencies-extras.cmake
[37.259s] -- Up-to-date: /home/osawakousei/ros2_ws/install/center/share/center/cmake/rosidl_cmake_export_typesupport_libraries-extras.cmake
[37.260s] -- Up-to-date: /home/osawakousei/ros2_ws/install/center/share/center/cmake/ament_cmake_export_assemblies-extras.cmake
[37.264s] -- Up-to-date: /home/osawakousei/ros2_ws/install/center/share/center/cmake/centerConfig.cmake
[37.266s] -- Up-to-date: /home/osawakousei/ros2_ws/install/center/share/center/cmake/centerConfig-version.cmake
[37.271s] -- Up-to-date: /home/osawakousei/ros2_ws/install/center/share/center/package.xml
[37.272s] Invoked command in '/home/osawakousei/ros2_ws/build/center' returned '0': CMAKE_PREFIX_PATH=/home/osawakousei/ros2_ws/install/custom_test_msgs:/home/osawakousei/ros2_ws/install/custom_message_unity:/home/osawakousei/ros2_ws/install/test_package:/home/osawakousei/ros2_ws/install/test_interface_files:/home/osawakousei/ros2_ws/install/rosidl_default_generators:/home/osawakousei/ros2_ws/install/rosidl_generator_cs:/home/osawakousei/ros2_ws/install/micro_ros_agent:/home/osawakousei/ros2_ws/install/micro_ros_msgs:/home/osawakousei/ros2_ws/install/android_controll_test:/home/osawakousei/ros2_ws/install/cpp_topic_pubsub:/home/osawakousei/ros2_ws/install/cpp_server_client:/home/osawakousei/ros2_ws/install/rosidl_default_runtime:/home/osawakousei/ros2_ws/install/ros2cs_common:/home/osawakousei/ros2_ws/install/micro_ros_setup:/home/osawakousei/ros2_ws/install/dotnet_cmake_module:/home/osawakousei/ros2_ws/install/ament_cmake_export_assemblies:/home/osawakousei/ros2_ws/src/custom_message_unity/install/custom_message_unity:/home/osawakousei/ros2_ws/src/android_controll_test/install/custom_test_msgs:/home/osawakousei/ros2_ws/src/android_controll_test/install/android_controll_test:/home/osawakousei/ros2_ws/src/cpp_server_client/install/cpp_server_client:/home/osawakousei/ros2_ws/src/cpp_topic_pubsub/install/cpp_topic_pubsub:/home/osawakousei/ros2_ws/src/test_package/install/test_package:/home/osawakousei/ros2_ws/uros_ws/install/micro_ros_setup:/home/osawakousei/ros2_ws/uros_ws/install/micro_ros_agent:/home/osawakousei/ros2_ws/uros_ws/install/micro_ros_msgs:/home/osawakousei/ros2_ws/src/custom_test_msgs/install/custom_test_msgs:/opt/ros/humble LD_LIBRARY_PATH=/home/osawakousei/ros2_ws/install/custom_test_msgs/lib:/home/osawakousei/ros2_ws/install/custom_message_unity/lib:/home/osawakousei/ros2_ws/install/micro_ros_agent/lib:/home/osawakousei/ros2_ws/install/micro_ros_msgs/lib:/home/osawakousei/ros2_ws/install/android_controll_test/lib:/home/osawakousei/ros2_ws/install/cpp_topic_pubsub/lib:/home/osawakousei/ros2_ws/install/cpp_server_client/lib:/home/osawakousei/ros2_ws/src/custom_message_unity/install/custom_message_unity/lib:/home/osawakousei/ros2_ws/src/android_controll_test/install/custom_test_msgs/lib:/home/osawakousei/ros2_ws/src/android_controll_test/install/android_controll_test/lib:/home/osawakousei/ros2_ws/src/cpp_server_client/install/cpp_server_client/lib:/home/osawakousei/ros2_ws/src/cpp_topic_pubsub/install/cpp_topic_pubsub/lib:/home/osawakousei/ros2_ws/uros_ws/install/micro_ros_agent/lib:/home/osawakousei/ros2_ws/uros_ws/install/micro_ros_msgs/lib:/home/osawakousei/ros2_ws/src/custom_test_msgs/install/custom_test_msgs/lib:/usr/lib/x86_64-linux-gnu/gazebo-11/plugins:/opt/ros/humble/opt/rviz_ogre_vendor/lib:/opt/ros/humble/lib/x86_64-linux-gnu:/opt/ros/humble/lib /usr/bin/cmake --install /home/osawakousei/ros2_ws/build/center
