[1.418s] Invoking command in '/home/osawakousei/ros2_ws/build/cpp_topic_pubsub': CMAKE_PREFIX_PATH=${CMAKE_PREFIX_PATH}:/opt/ros/humble /usr/bin/cmake --build /home/osawakousei/ros2_ws/build/cpp_topic_pubsub -- -j8 -l8
[1.854s] [  2%] Built target cpp_topic_pubsub__cpp
[1.945s] [  8%] Built target cpp_topic_pubsub__rosidl_generator_c
[1.993s] [ 10%] Built target cpp_topic_pubsub__cs
[2.112s] [ 10%] Built target ament_cmake_python_copy_cpp_topic_pubsub
[2.374s] [ 16%] Built target cpp_topic_pubsub__rosidl_typesupport_cpp
[2.387s] [ 22%] Built target cpp_topic_pubsub__rosidl_typesupport_fastrtps_cpp
[2.421s] [ 28%] Built target cpp_topic_pubsub__rosidl_typesupport_introspection_cpp
[2.514s] [ 34%] Built target cpp_topic_pubsub__rosidl_typesupport_introspection_c
[2.537s] [ 40%] Built target cpp_topic_pubsub__rosidl_typesupport_c
[2.597s] [ 42%] [34m[1m/usr/bin/cmake;-version;/usr/bin/dotnet restore cpp_topic_pubsub_assembly_dotnetcore.csproj;          /usr/bin/dotnet build cpp_topic_pubsub_assembly_dotnetcore.csproj -> /home/osawakousei/ros2_ws/build/cpp_topic_pubsub/cpp_topic_pubsub_assembly[0m
[2.603s] [ 48%] Built target cpp_topic_pubsub__rosidl_typesupport_fastrtps_c
[2.899s] [ 53%] Built target practice_subscriber_node
[2.932s] [ 57%] Built target practice_publisher_node
[2.966s] [ 65%] Built target cpp_topic_pubsub_practice_msg__rosidl_typesupport_c
[3.002s] [ 73%] Built target cpp_topic_pubsub_practice_msg__rosidl_typesupport_introspection_c
[3.077s] [ 81%] Built target cpp_topic_pubsub_practice_msg__rosidl_typesupport_fastrtps_c
[3.081s] [ 81%] Built target cpp_topic_pubsub
[3.333s] [ 83%] Built target cpp_topic_pubsub__py
[3.343s] cmake version 3.22.1
[3.343s] 
[3.343s] CMake suite maintained and supported by Kitware (kitware.com/cmake).
[3.639s] [ 87%] Built target cpp_topic_pubsub__rosidl_generator_py
[3.947s] [ 91%] Built target cpp_topic_pubsub__rosidl_typesupport_fastrtps_c__pyext
[4.008s] [ 95%] Built target cpp_topic_pubsub__rosidl_typesupport_c__pyext
[4.070s] [100%] Built target cpp_topic_pubsub__rosidl_typesupport_introspection_c__pyext
[4.610s] running egg_info
[4.611s] writing cpp_topic_pubsub.egg-info/PKG-INFO
[4.612s] writing dependency_links to cpp_topic_pubsub.egg-info/dependency_links.txt
[4.613s] writing top-level names to cpp_topic_pubsub.egg-info/top_level.txt
[4.621s] reading manifest file 'cpp_topic_pubsub.egg-info/SOURCES.txt'
[4.623s] writing manifest file 'cpp_topic_pubsub.egg-info/SOURCES.txt'
[4.722s] [100%] Built target ament_cmake_python_build_cpp_topic_pubsub_egg
[7.213s] [?1h=  Determining projects to restore...
[7.811s]   All projects are up-to-date for restore.
[8.928s] [?1h=.NET 向け Microsoft (R) Build Engine バージョン 17.0.1+b177f8fa7
[8.929s] Copyright (C) Microsoft Corporation.All rights reserved.
[8.929s] 
[11.402s]   Determining projects to restore...
[12.108s]   All projects are up-to-date for restore.
[12.959s]   cpp_topic_pubsub_assembly_dotnetcore -> /home/osawakousei/ros2_ws/build/cpp_topic_pubsub/netstandard2.0/cpp_topic_pubsub_assembly.dll
[12.995s] [39;49m[92m
[12.995s] ビルドに成功しました。
[12.995s] [39;49m    0 個の警告
[12.996s] [39;49m    0 エラー
[12.996s] [39;49m
[12.997s] 経過時間 00:00:03.41
[13.106s] [100%] Built target cpp_topic_pubsub_assembly
[13.196s] Invoked command in '/home/osawakousei/ros2_ws/build/cpp_topic_pubsub' returned '0': CMAKE_PREFIX_PATH=${CMAKE_PREFIX_PATH}:/opt/ros/humble /usr/bin/cmake --build /home/osawakousei/ros2_ws/build/cpp_topic_pubsub -- -j8 -l8
[14.107s] Invoking command in '/home/osawakousei/ros2_ws/build/cpp_topic_pubsub': CMAKE_PREFIX_PATH=${CMAKE_PREFIX_PATH}:/opt/ros/humble /usr/bin/cmake --install /home/osawakousei/ros2_ws/build/cpp_topic_pubsub
[14.145s] -- Install configuration: ""
[14.146s] -- Up-to-date: /home/osawakousei/ros2_ws/install/cpp_topic_pubsub/share/ament_index/resource_index/rosidl_interfaces/cpp_topic_pubsub
[14.147s] -- Up-to-date: /home/osawakousei/ros2_ws/install/cpp_topic_pubsub/include/cpp_topic_pubsub/cpp_topic_pubsub
[14.148s] -- Up-to-date: /home/osawakousei/ros2_ws/install/cpp_topic_pubsub/include/cpp_topic_pubsub/cpp_topic_pubsub/msg
[14.148s] -- Up-to-date: /home/osawakousei/ros2_ws/install/cpp_topic_pubsub/include/cpp_topic_pubsub/cpp_topic_pubsub/msg/practice_msg.h
[14.149s] -- Up-to-date: /home/osawakousei/ros2_ws/install/cpp_topic_pubsub/include/cpp_topic_pubsub/cpp_topic_pubsub/msg/rosidl_generator_c__visibility_control.h
[14.149s] -- Up-to-date: /home/osawakousei/ros2_ws/install/cpp_topic_pubsub/include/cpp_topic_pubsub/cpp_topic_pubsub/msg/detail
[14.149s] -- Up-to-date: /home/osawakousei/ros2_ws/install/cpp_topic_pubsub/include/cpp_topic_pubsub/cpp_topic_pubsub/msg/detail/practice_msg__struct.h
[14.150s] -- Up-to-date: /home/osawakousei/ros2_ws/install/cpp_topic_pubsub/include/cpp_topic_pubsub/cpp_topic_pubsub/msg/detail/practice_msg__functions.c
[14.151s] -- Up-to-date: /home/osawakousei/ros2_ws/install/cpp_topic_pubsub/include/cpp_topic_pubsub/cpp_topic_pubsub/msg/detail/practice_msg__type_support.h
[14.152s] -- Up-to-date: /home/osawakousei/ros2_ws/install/cpp_topic_pubsub/include/cpp_topic_pubsub/cpp_topic_pubsub/msg/detail/practice_msg__functions.h
[14.153s] -- Up-to-date: /home/osawakousei/ros2_ws/install/cpp_topic_pubsub/share/cpp_topic_pubsub/environment/library_path.sh
[14.155s] -- Up-to-date: /home/osawakousei/ros2_ws/install/cpp_topic_pubsub/share/cpp_topic_pubsub/environment/library_path.dsv
[14.158s] -- Up-to-date: /home/osawakousei/ros2_ws/install/cpp_topic_pubsub/lib/libcpp_topic_pubsub__rosidl_generator_c.so
[14.160s] -- Up-to-date: /home/osawakousei/ros2_ws/install/cpp_topic_pubsub/include/cpp_topic_pubsub/cpp_topic_pubsub
[14.160s] -- Up-to-date: /home/osawakousei/ros2_ws/install/cpp_topic_pubsub/include/cpp_topic_pubsub/cpp_topic_pubsub/msg
[14.160s] -- Up-to-date: /home/osawakousei/ros2_ws/install/cpp_topic_pubsub/include/cpp_topic_pubsub/cpp_topic_pubsub/msg/detail
[14.161s] -- Up-to-date: /home/osawakousei/ros2_ws/install/cpp_topic_pubsub/include/cpp_topic_pubsub/cpp_topic_pubsub/msg/detail/practice_msg__rosidl_typesupport_fastrtps_c.h
[14.162s] -- Up-to-date: /home/osawakousei/ros2_ws/install/cpp_topic_pubsub/include/cpp_topic_pubsub/cpp_topic_pubsub/msg/rosidl_typesupport_fastrtps_c__visibility_control.h
[14.170s] -- Up-to-date: /home/osawakousei/ros2_ws/install/cpp_topic_pubsub/lib/libcpp_topic_pubsub__rosidl_typesupport_fastrtps_c.so
[14.170s] -- Up-to-date: /home/osawakousei/ros2_ws/install/cpp_topic_pubsub/include/cpp_topic_pubsub/cpp_topic_pubsub
[14.172s] -- Up-to-date: /home/osawakousei/ros2_ws/install/cpp_topic_pubsub/include/cpp_topic_pubsub/cpp_topic_pubsub/msg
[14.172s] -- Up-to-date: /home/osawakousei/ros2_ws/install/cpp_topic_pubsub/include/cpp_topic_pubsub/cpp_topic_pubsub/msg/practice_msg.hpp
[14.173s] -- Up-to-date: /home/osawakousei/ros2_ws/install/cpp_topic_pubsub/include/cpp_topic_pubsub/cpp_topic_pubsub/msg/detail
[14.173s] -- Up-to-date: /home/osawakousei/ros2_ws/install/cpp_topic_pubsub/include/cpp_topic_pubsub/cpp_topic_pubsub/msg/detail/practice_msg__traits.hpp
[14.179s] -- Up-to-date: /home/osawakousei/ros2_ws/install/cpp_topic_pubsub/include/cpp_topic_pubsub/cpp_topic_pubsub/msg/detail/practice_msg__struct.hpp
[14.179s] -- Up-to-date: /home/osawakousei/ros2_ws/install/cpp_topic_pubsub/include/cpp_topic_pubsub/cpp_topic_pubsub/msg/detail/practice_msg__builder.hpp
[14.180s] -- Up-to-date: /home/osawakousei/ros2_ws/install/cpp_topic_pubsub/include/cpp_topic_pubsub/cpp_topic_pubsub
[14.180s] -- Up-to-date: /home/osawakousei/ros2_ws/install/cpp_topic_pubsub/include/cpp_topic_pubsub/cpp_topic_pubsub/msg
[14.180s] -- Up-to-date: /home/osawakousei/ros2_ws/install/cpp_topic_pubsub/include/cpp_topic_pubsub/cpp_topic_pubsub/msg/rosidl_typesupport_fastrtps_cpp__visibility_control.h
[14.181s] -- Up-to-date: /home/osawakousei/ros2_ws/install/cpp_topic_pubsub/include/cpp_topic_pubsub/cpp_topic_pubsub/msg/detail
[14.181s] -- Up-to-date: /home/osawakousei/ros2_ws/install/cpp_topic_pubsub/include/cpp_topic_pubsub/cpp_topic_pubsub/msg/detail/dds_fastrtps
[14.181s] -- Up-to-date: /home/osawakousei/ros2_ws/install/cpp_topic_pubsub/include/cpp_topic_pubsub/cpp_topic_pubsub/msg/detail/practice_msg__rosidl_typesupport_fastrtps_cpp.hpp
[14.182s] -- Up-to-date: /home/osawakousei/ros2_ws/install/cpp_topic_pubsub/lib/libcpp_topic_pubsub__rosidl_typesupport_fastrtps_cpp.so
[14.185s] -- Up-to-date: /home/osawakousei/ros2_ws/install/cpp_topic_pubsub/include/cpp_topic_pubsub/cpp_topic_pubsub
[14.187s] -- Up-to-date: /home/osawakousei/ros2_ws/install/cpp_topic_pubsub/include/cpp_topic_pubsub/cpp_topic_pubsub/msg
[14.188s] -- Up-to-date: /home/osawakousei/ros2_ws/install/cpp_topic_pubsub/include/cpp_topic_pubsub/cpp_topic_pubsub/msg/rosidl_typesupport_introspection_c__visibility_control.h
[14.188s] -- Up-to-date: /home/osawakousei/ros2_ws/install/cpp_topic_pubsub/include/cpp_topic_pubsub/cpp_topic_pubsub/msg/detail
[14.189s] -- Up-to-date: /home/osawakousei/ros2_ws/install/cpp_topic_pubsub/include/cpp_topic_pubsub/cpp_topic_pubsub/msg/detail/practice_msg__rosidl_typesupport_introspection_c.h
[14.189s] -- Up-to-date: /home/osawakousei/ros2_ws/install/cpp_topic_pubsub/include/cpp_topic_pubsub/cpp_topic_pubsub/msg/detail/practice_msg__type_support.c
[14.190s] -- Up-to-date: /home/osawakousei/ros2_ws/install/cpp_topic_pubsub/lib/libcpp_topic_pubsub__rosidl_typesupport_introspection_c.so
[14.195s] -- Up-to-date: /home/osawakousei/ros2_ws/install/cpp_topic_pubsub/lib/libcpp_topic_pubsub__rosidl_typesupport_c.so
[14.195s] -- Up-to-date: /home/osawakousei/ros2_ws/install/cpp_topic_pubsub/include/cpp_topic_pubsub/cpp_topic_pubsub
[14.195s] -- Up-to-date: /home/osawakousei/ros2_ws/install/cpp_topic_pubsub/include/cpp_topic_pubsub/cpp_topic_pubsub/msg
[14.196s] -- Up-to-date: /home/osawakousei/ros2_ws/install/cpp_topic_pubsub/include/cpp_topic_pubsub/cpp_topic_pubsub/msg/detail
[14.196s] -- Up-to-date: /home/osawakousei/ros2_ws/install/cpp_topic_pubsub/include/cpp_topic_pubsub/cpp_topic_pubsub/msg/detail/practice_msg__rosidl_typesupport_introspection_cpp.hpp
[14.196s] -- Up-to-date: /home/osawakousei/ros2_ws/install/cpp_topic_pubsub/include/cpp_topic_pubsub/cpp_topic_pubsub/msg/detail/practice_msg__type_support.cpp
[14.196s] -- Up-to-date: /home/osawakousei/ros2_ws/install/cpp_topic_pubsub/lib/libcpp_topic_pubsub__rosidl_typesupport_introspection_cpp.so
[14.197s] -- Up-to-date: /home/osawakousei/ros2_ws/install/cpp_topic_pubsub/lib/libcpp_topic_pubsub__rosidl_typesupport_cpp.so
[14.197s] -- Up-to-date: /home/osawakousei/ros2_ws/install/cpp_topic_pubsub/lib/libcpp_topic_pubsub_practice_msg__rosidl_typesupport_c_native.so
[14.199s] -- Up-to-date: /home/osawakousei/ros2_ws/install/cpp_topic_pubsub/lib/libcpp_topic_pubsub_practice_msg__rosidl_typesupport_introspection_c_native.so
[14.200s] -- Up-to-date: /home/osawakousei/ros2_ws/install/cpp_topic_pubsub/lib/libcpp_topic_pubsub_practice_msg__rosidl_typesupport_fastrtps_c_native.so
[14.201s] -- Up-to-date: /home/osawakousei/ros2_ws/install/cpp_topic_pubsub/lib/dotnet
[14.201s] -- Up-to-date: /home/osawakousei/ros2_ws/install/cpp_topic_pubsub/lib/dotnet/cpp_topic_pubsub_assembly.deps.json
[14.201s] -- Up-to-date: /home/osawakousei/ros2_ws/install/cpp_topic_pubsub/lib/dotnet/ros2cs_common.dll
[14.202s] -- Up-to-date: /home/osawakousei/ros2_ws/install/cpp_topic_pubsub/lib/dotnet/cpp_topic_pubsub_assembly.dll
[14.202s] -- Up-to-date: /home/osawakousei/ros2_ws/install/cpp_topic_pubsub/share/cpp_topic_pubsub/environment/pythonpath.sh
[14.202s] -- Up-to-date: /home/osawakousei/ros2_ws/install/cpp_topic_pubsub/share/cpp_topic_pubsub/environment/pythonpath.dsv
[14.202s] -- Up-to-date: /home/osawakousei/ros2_ws/install/cpp_topic_pubsub/local/lib/python3.10/dist-packages/cpp_topic_pubsub-0.0.0-py3.10.egg-info
[14.203s] -- Installing: /home/osawakousei/ros2_ws/install/cpp_topic_pubsub/local/lib/python3.10/dist-packages/cpp_topic_pubsub-0.0.0-py3.10.egg-info/top_level.txt
[14.204s] -- Installing: /home/osawakousei/ros2_ws/install/cpp_topic_pubsub/local/lib/python3.10/dist-packages/cpp_topic_pubsub-0.0.0-py3.10.egg-info/SOURCES.txt
[14.205s] -- Installing: /home/osawakousei/ros2_ws/install/cpp_topic_pubsub/local/lib/python3.10/dist-packages/cpp_topic_pubsub-0.0.0-py3.10.egg-info/dependency_links.txt
[14.205s] -- Installing: /home/osawakousei/ros2_ws/install/cpp_topic_pubsub/local/lib/python3.10/dist-packages/cpp_topic_pubsub-0.0.0-py3.10.egg-info/PKG-INFO
[14.207s] -- Up-to-date: /home/osawakousei/ros2_ws/install/cpp_topic_pubsub/local/lib/python3.10/dist-packages/cpp_topic_pubsub
[14.207s] -- Up-to-date: /home/osawakousei/ros2_ws/install/cpp_topic_pubsub/local/lib/python3.10/dist-packages/cpp_topic_pubsub/_cpp_topic_pubsub_s.ep.rosidl_typesupport_fastrtps_c.c
[14.207s] -- Up-to-date: /home/osawakousei/ros2_ws/install/cpp_topic_pubsub/local/lib/python3.10/dist-packages/cpp_topic_pubsub/cpp_topic_pubsub_s__rosidl_typesupport_c.cpython-310-x86_64-linux-gnu.so
[14.207s] -- Up-to-date: /home/osawakousei/ros2_ws/install/cpp_topic_pubsub/local/lib/python3.10/dist-packages/cpp_topic_pubsub/cpp_topic_pubsub_s__rosidl_typesupport_fastrtps_c.cpython-310-x86_64-linux-gnu.so
[14.208s] -- Up-to-date: /home/osawakousei/ros2_ws/install/cpp_topic_pubsub/local/lib/python3.10/dist-packages/cpp_topic_pubsub/_cpp_topic_pubsub_s.ep.rosidl_typesupport_introspection_c.c
[14.208s] -- Up-to-date: /home/osawakousei/ros2_ws/install/cpp_topic_pubsub/local/lib/python3.10/dist-packages/cpp_topic_pubsub/cpp_topic_pubsub_s__rosidl_typesupport_introspection_c.cpython-310-x86_64-linux-gnu.so
[14.208s] -- Up-to-date: /home/osawakousei/ros2_ws/install/cpp_topic_pubsub/local/lib/python3.10/dist-packages/cpp_topic_pubsub/libcpp_topic_pubsub__rosidl_generator_py.so
[14.208s] -- Up-to-date: /home/osawakousei/ros2_ws/install/cpp_topic_pubsub/local/lib/python3.10/dist-packages/cpp_topic_pubsub/__init__.py
[14.209s] -- Up-to-date: /home/osawakousei/ros2_ws/install/cpp_topic_pubsub/local/lib/python3.10/dist-packages/cpp_topic_pubsub/_cpp_topic_pubsub_s.ep.rosidl_typesupport_c.c
[14.209s] -- Up-to-date: /home/osawakousei/ros2_ws/install/cpp_topic_pubsub/local/lib/python3.10/dist-packages/cpp_topic_pubsub/msg
[14.209s] -- Up-to-date: /home/osawakousei/ros2_ws/install/cpp_topic_pubsub/local/lib/python3.10/dist-packages/cpp_topic_pubsub/msg/_practice_msg.py
[14.209s] -- Up-to-date: /home/osawakousei/ros2_ws/install/cpp_topic_pubsub/local/lib/python3.10/dist-packages/cpp_topic_pubsub/msg/__init__.py
[14.210s] -- Up-to-date: /home/osawakousei/ros2_ws/install/cpp_topic_pubsub/local/lib/python3.10/dist-packages/cpp_topic_pubsub/msg/_practice_msg_s.c
[14.403s] Listing '/home/osawakousei/ros2_ws/install/cpp_topic_pubsub/local/lib/python3.10/dist-packages/cpp_topic_pubsub'...
[14.403s] Listing '/home/osawakousei/ros2_ws/install/cpp_topic_pubsub/local/lib/python3.10/dist-packages/cpp_topic_pubsub/msg'...
[14.419s] -- Up-to-date: /home/osawakousei/ros2_ws/install/cpp_topic_pubsub/local/lib/python3.10/dist-packages/cpp_topic_pubsub/cpp_topic_pubsub_s__rosidl_typesupport_fastrtps_c.cpython-310-x86_64-linux-gnu.so
[14.419s] -- Up-to-date: /home/osawakousei/ros2_ws/install/cpp_topic_pubsub/local/lib/python3.10/dist-packages/cpp_topic_pubsub/cpp_topic_pubsub_s__rosidl_typesupport_introspection_c.cpython-310-x86_64-linux-gnu.so
[14.428s] -- Up-to-date: /home/osawakousei/ros2_ws/install/cpp_topic_pubsub/local/lib/python3.10/dist-packages/cpp_topic_pubsub/cpp_topic_pubsub_s__rosidl_typesupport_c.cpython-310-x86_64-linux-gnu.so
[14.430s] -- Up-to-date: /home/osawakousei/ros2_ws/install/cpp_topic_pubsub/lib/libcpp_topic_pubsub__rosidl_generator_py.so
[14.431s] -- Up-to-date: /home/osawakousei/ros2_ws/install/cpp_topic_pubsub/share/cpp_topic_pubsub/msg/PracticeMsg.idl
[14.431s] -- Up-to-date: /home/osawakousei/ros2_ws/install/cpp_topic_pubsub/share/cpp_topic_pubsub/msg/PracticeMsg.msg
[14.432s] -- Up-to-date: /home/osawakousei/ros2_ws/install/cpp_topic_pubsub/lib/cpp_topic_pubsub/practice_publisher_node
[14.435s] -- Up-to-date: /home/osawakousei/ros2_ws/install/cpp_topic_pubsub/lib/cpp_topic_pubsub/practice_subscriber_node
[14.436s] -- Up-to-date: /home/osawakousei/ros2_ws/install/cpp_topic_pubsub/share/ament_index/resource_index/package_run_dependencies/cpp_topic_pubsub
[14.437s] -- Up-to-date: /home/osawakousei/ros2_ws/install/cpp_topic_pubsub/share/ament_index/resource_index/parent_prefix_path/cpp_topic_pubsub
[14.438s] -- Up-to-date: /home/osawakousei/ros2_ws/install/cpp_topic_pubsub/share/cpp_topic_pubsub/environment/ament_prefix_path.sh
[14.438s] -- Up-to-date: /home/osawakousei/ros2_ws/install/cpp_topic_pubsub/share/cpp_topic_pubsub/environment/ament_prefix_path.dsv
[14.440s] -- Up-to-date: /home/osawakousei/ros2_ws/install/cpp_topic_pubsub/share/cpp_topic_pubsub/environment/path.sh
[14.440s] -- Up-to-date: /home/osawakousei/ros2_ws/install/cpp_topic_pubsub/share/cpp_topic_pubsub/environment/path.dsv
[14.441s] -- Up-to-date: /home/osawakousei/ros2_ws/install/cpp_topic_pubsub/share/cpp_topic_pubsub/local_setup.bash
[14.441s] -- Up-to-date: /home/osawakousei/ros2_ws/install/cpp_topic_pubsub/share/cpp_topic_pubsub/local_setup.sh
[14.442s] -- Up-to-date: /home/osawakousei/ros2_ws/install/cpp_topic_pubsub/share/cpp_topic_pubsub/local_setup.zsh
[14.442s] -- Up-to-date: /home/osawakousei/ros2_ws/install/cpp_topic_pubsub/share/cpp_topic_pubsub/local_setup.dsv
[14.443s] -- Installing: /home/osawakousei/ros2_ws/install/cpp_topic_pubsub/share/cpp_topic_pubsub/package.dsv
[14.443s] -- Up-to-date: /home/osawakousei/ros2_ws/install/cpp_topic_pubsub/share/ament_index/resource_index/packages/cpp_topic_pubsub
[14.444s] -- Up-to-date: /home/osawakousei/ros2_ws/install/cpp_topic_pubsub/share/cpp_topic_pubsub/cmake/export_cpp_topic_pubsub__rosidl_generator_cExport.cmake
[14.444s] -- Up-to-date: /home/osawakousei/ros2_ws/install/cpp_topic_pubsub/share/cpp_topic_pubsub/cmake/export_cpp_topic_pubsub__rosidl_generator_cExport-noconfig.cmake
[14.445s] -- Up-to-date: /home/osawakousei/ros2_ws/install/cpp_topic_pubsub/share/cpp_topic_pubsub/cmake/export_cpp_topic_pubsub__rosidl_typesupport_fastrtps_cExport.cmake
[14.445s] -- Up-to-date: /home/osawakousei/ros2_ws/install/cpp_topic_pubsub/share/cpp_topic_pubsub/cmake/export_cpp_topic_pubsub__rosidl_typesupport_fastrtps_cExport-noconfig.cmake
[14.445s] -- Up-to-date: /home/osawakousei/ros2_ws/install/cpp_topic_pubsub/share/cpp_topic_pubsub/cmake/export_cpp_topic_pubsub__rosidl_generator_cppExport.cmake
[14.446s] -- Up-to-date: /home/osawakousei/ros2_ws/install/cpp_topic_pubsub/share/cpp_topic_pubsub/cmake/export_cpp_topic_pubsub__rosidl_typesupport_fastrtps_cppExport.cmake
[14.446s] -- Up-to-date: /home/osawakousei/ros2_ws/install/cpp_topic_pubsub/share/cpp_topic_pubsub/cmake/export_cpp_topic_pubsub__rosidl_typesupport_fastrtps_cppExport-noconfig.cmake
[14.447s] -- Up-to-date: /home/osawakousei/ros2_ws/install/cpp_topic_pubsub/share/cpp_topic_pubsub/cmake/cpp_topic_pubsub__rosidl_typesupport_introspection_cExport.cmake
[14.447s] -- Up-to-date: /home/osawakousei/ros2_ws/install/cpp_topic_pubsub/share/cpp_topic_pubsub/cmake/cpp_topic_pubsub__rosidl_typesupport_introspection_cExport-noconfig.cmake
[14.448s] -- Up-to-date: /home/osawakousei/ros2_ws/install/cpp_topic_pubsub/share/cpp_topic_pubsub/cmake/cpp_topic_pubsub__rosidl_typesupport_cExport.cmake
[14.448s] -- Up-to-date: /home/osawakousei/ros2_ws/install/cpp_topic_pubsub/share/cpp_topic_pubsub/cmake/cpp_topic_pubsub__rosidl_typesupport_cExport-noconfig.cmake
[14.449s] -- Up-to-date: /home/osawakousei/ros2_ws/install/cpp_topic_pubsub/share/cpp_topic_pubsub/cmake/cpp_topic_pubsub__rosidl_typesupport_introspection_cppExport.cmake
[14.451s] -- Up-to-date: /home/osawakousei/ros2_ws/install/cpp_topic_pubsub/share/cpp_topic_pubsub/cmake/cpp_topic_pubsub__rosidl_typesupport_introspection_cppExport-noconfig.cmake
[14.473s] -- Up-to-date: /home/osawakousei/ros2_ws/install/cpp_topic_pubsub/share/cpp_topic_pubsub/cmake/cpp_topic_pubsub__rosidl_typesupport_cppExport.cmake
[14.473s] -- Up-to-date: /home/osawakousei/ros2_ws/install/cpp_topic_pubsub/share/cpp_topic_pubsub/cmake/cpp_topic_pubsub__rosidl_typesupport_cppExport-noconfig.cmake
[14.473s] -- Up-to-date: /home/osawakousei/ros2_ws/install/cpp_topic_pubsub/share/cpp_topic_pubsub/cmake/export_cpp_topic_pubsub__rosidl_generator_pyExport.cmake
[14.474s] -- Up-to-date: /home/osawakousei/ros2_ws/install/cpp_topic_pubsub/share/cpp_topic_pubsub/cmake/export_cpp_topic_pubsub__rosidl_generator_pyExport-noconfig.cmake
[14.475s] -- Up-to-date: /home/osawakousei/ros2_ws/install/cpp_topic_pubsub/share/cpp_topic_pubsub/cmake/rosidl_cmake-extras.cmake
[14.475s] -- Up-to-date: /home/osawakousei/ros2_ws/install/cpp_topic_pubsub/share/cpp_topic_pubsub/cmake/ament_cmake_export_include_directories-extras.cmake
[14.475s] -- Up-to-date: /home/osawakousei/ros2_ws/install/cpp_topic_pubsub/share/cpp_topic_pubsub/cmake/ament_cmake_export_libraries-extras.cmake
[14.476s] -- Up-to-date: /home/osawakousei/ros2_ws/install/cpp_topic_pubsub/share/cpp_topic_pubsub/cmake/ament_cmake_export_targets-extras.cmake
[14.476s] -- Up-to-date: /home/osawakousei/ros2_ws/install/cpp_topic_pubsub/share/cpp_topic_pubsub/cmake/rosidl_cmake_export_typesupport_targets-extras.cmake
[14.476s] -- Up-to-date: /home/osawakousei/ros2_ws/install/cpp_topic_pubsub/share/cpp_topic_pubsub/cmake/ament_cmake_export_dependencies-extras.cmake
[14.476s] -- Up-to-date: /home/osawakousei/ros2_ws/install/cpp_topic_pubsub/share/cpp_topic_pubsub/cmake/rosidl_cmake_export_typesupport_libraries-extras.cmake
[14.477s] -- Up-to-date: /home/osawakousei/ros2_ws/install/cpp_topic_pubsub/share/cpp_topic_pubsub/cmake/ament_cmake_export_assemblies-extras.cmake
[14.477s] -- Up-to-date: /home/osawakousei/ros2_ws/install/cpp_topic_pubsub/share/cpp_topic_pubsub/cmake/cpp_topic_pubsubConfig.cmake
[14.477s] -- Up-to-date: /home/osawakousei/ros2_ws/install/cpp_topic_pubsub/share/cpp_topic_pubsub/cmake/cpp_topic_pubsubConfig-version.cmake
[14.477s] -- Up-to-date: /home/osawakousei/ros2_ws/install/cpp_topic_pubsub/share/cpp_topic_pubsub/package.xml
[14.988s] Invoked command in '/home/osawakousei/ros2_ws/build/cpp_topic_pubsub' returned '0': CMAKE_PREFIX_PATH=${CMAKE_PREFIX_PATH}:/opt/ros/humble /usr/bin/cmake --install /home/osawakousei/ros2_ws/build/cpp_topic_pubsub
