[1.455s] Invoking command in '/home/osawakousei/ros2_ws/src/center/build/center': CMAKE_PREFIX_PATH=${CMAKE_PREFIX_PATH}:/opt/ros/humble /usr/bin/cmake /home/osawakousei/ros2_ws/src/center -DCMAKE_INSTALL_PREFIX=/home/osawakousei/ros2_ws/src/center/install/center
[1.633s] -- Found ament_cmake: 1.3.5 (/opt/ros/humble/share/ament_cmake/cmake)
[2.832s] -- Found rclcpp: 16.0.6 (/opt/ros/humble/share/rclcpp/cmake)
[3.057s] -- Found rosidl_generator_c: 3.1.5 (/opt/ros/humble/share/rosidl_generator_c/cmake)
[3.080s] -- Found rosidl_adapter: 3.1.5 (/opt/ros/humble/share/rosidl_adapter/cmake)
[3.132s] -- Found rosidl_generator_cpp: 3.1.5 (/opt/ros/humble/share/rosidl_generator_cpp/cmake)
[3.228s] -- Using all available rosidl_typesupport_c: rosidl_typesupport_fastrtps_c;rosidl_typesupport_introspection_c
[3.360s] -- Using all available rosidl_typesupport_cpp: rosidl_typesupport_fastrtps_cpp;rosidl_typesupport_introspection_cpp
[3.788s] -- Found rmw_implementation_cmake: 6.1.1 (/opt/ros/humble/share/rmw_implementation_cmake/cmake)
[3.802s] -- Found rmw_fastrtps_cpp: 6.2.4 (/opt/ros/humble/share/rmw_fastrtps_cpp/cmake)
[4.971s] -- Using RMW implementation 'rmw_fastrtps_cpp' as default
[5.996s] -- Found rosidl_default_generators: 1.2.0 (/home/osawakousei/ros2_ws/install/rosidl_default_generators/share/rosidl_default_generators/cmake)
[6.099s] -- Found custom_test_msgs: 0.0.0 (/home/osawakousei/ros2_ws/install/custom_test_msgs/share/custom_test_msgs/cmake)
[6.207s] -- Found custom_message_unity: 0.0.0 (/home/osawakousei/ros2_ws/install/custom_message_unity/share/custom_message_unity/cmake)
[6.315s] -- Found ament_lint_auto: 0.12.8 (/opt/ros/humble/share/ament_lint_auto/cmake)
[8.479s] -- Found ament_cmake_ros: 0.10.0 (/opt/ros/humble/share/ament_cmake_ros/cmake)
[11.462s] -- Using all available rosidl_typesupport_c: rosidl_typesupport_fastrtps_c;rosidl_typesupport_introspection_c
[12.534s] -- Using all available rosidl_typesupport_cpp: rosidl_typesupport_fastrtps_cpp;rosidl_typesupport_introspection_cpp
[12.604s] -- Found ament_cmake_export_assemblies: 0.0.0 (/home/osawakousei/ros2_ws/install/ament_cmake_export_assemblies/share/ament_cmake_export_assemblies/cmake)
[12.654s] -- Found dotnet_cmake_module: 0.0.0 (/home/osawakousei/ros2_ws/install/dotnet_cmake_module/share/dotnet_cmake_module/cmake)
[14.038s] -- Found DotNetCore: /usr/bin/dotnet  
[14.040s] -- Found .NET Core: 6.0.122
[14.041s] -- Using Framework: netstandard2.0
[14.042s] -- Using Framework: netstandard2.0
[14.042s] -- Using Runtime: linux-x64
[14.086s] -- Found ros2cs_common: 2.0.0 (/home/osawakousei/ros2_ws/install/ros2cs_common/share/ros2cs_common/cmake)
[14.619s] -- Generating C# code for ROS interfaces /home/osawakousei/ros2_ws/src/center/build/center/rosidl_generator_cs/center/msg/custom_unity.cs and /home/osawakousei/ros2_ws/src/center/build/center/rosidl_generator_cs/center/srv/add_three_ints.cs
[14.620s] -- Adding custom target
[14.625s] [0mLink libraries: center__rosidl_typesupport_c[0m
[14.645s] [0mLink libraries: center__rosidl_typesupport_introspection_c[0m
[14.664s] [0mLink libraries: center__rosidl_typesupport_fastrtps_c[0m
[14.683s] [0mLink libraries: center__rosidl_typesupport_c[0m
[14.702s] [0mLink libraries: center__rosidl_typesupport_introspection_c[0m
[14.721s] [0mLink libraries: center__rosidl_typesupport_fastrtps_c[0m
[14.737s] [0mInstall targets[0m
[14.979s] -- Found PythonInterp: /usr/bin/python3 (found suitable version "3.10.12", minimum required is "3.6") 
[15.069s] -- Found python_cmake_module: 0.10.0 (/opt/ros/humble/share/python_cmake_module/cmake)
[15.335s] -- Found PythonLibs: /usr/lib/x86_64-linux-gnu/libpython3.10.so (found suitable version "3.10.12", minimum required is "3.5") 
[15.336s] -- Using PYTHON_EXECUTABLE: /usr/bin/python3
[15.337s] -- Using PYTHON_INCLUDE_DIRS: /usr/include/python3.10
[15.337s] -- Using PYTHON_LIBRARIES: /usr/lib/x86_64-linux-gnu/libpython3.10.so
[15.544s] -- Found PythonExtra: .so  
[16.258s] -- Added test 'cppcheck' to perform static code analysis on C / C++ code
[16.262s] -- Configured cppcheck include dirs: $<BUILD_INTERFACE:/home/osawakousei/ros2_ws/src/center/build/center/rosidl_generator_c>;$<BUILD_INTERFACE:/home/osawakousei/ros2_ws/src/center/build/center/rosidl_typesupport_fastrtps_c>;$<BUILD_INTERFACE:/home/osawakousei/ros2_ws/src/center/build/center/rosidl_generator_cpp>;$<BUILD_INTERFACE:/home/osawakousei/ros2_ws/src/center/build/center/rosidl_typesupport_fastrtps_cpp>;$<BUILD_INTERFACE:/home/osawakousei/ros2_ws/src/center/build/center/rosidl_typesupport_introspection_c>;$<BUILD_INTERFACE:/home/osawakousei/ros2_ws/src/center/build/center/rosidl_typesupport_introspection_cpp>;/home/osawakousei/ros2_ws/src/center/build/center/rosidl_generator_c;/home/osawakousei/ros2_ws/src/center/build/center/rosidl_generator_cs;/home/osawakousei/ros2_ws/src/center/build/center/rosidl_generator_py
[16.262s] -- Configured cppcheck exclude dirs and/or files: 
[16.298s] -- Added test 'flake8' to check Python code syntax and style conventions
[16.384s] -- Added test 'lint_cmake' to check CMake code style
[16.431s] -- Added test 'pep257' to check Python code against some of the docstring style conventions in PEP 257
[16.721s] -- Added test 'uncrustify' to check C / C++ code style
[16.722s] -- Configured uncrustify additional arguments: 
[16.770s] -- Added test 'xmllint' to check XML markup files
[16.850s] -- Configuring done
[16.940s] [31mCMake Error at CMakeLists.txt:39 (add_executable):
[16.940s]   Cannot find source file:
[16.941s] 
[16.942s]     src/connecter_node.cpp
[16.942s] 
[16.943s]   Tried extensions .c .C .c++ .cc .cpp .cxx .cu .mpp .m .M .mm .ixx .cppm .h
[16.943s]   .hh .h++ .hm .hpp .hxx .in .txx .f .F .for .f77 .f90 .f95 .f03 .hip .ispc
[16.944s] 
[16.944s] [0m
[16.954s] [31mCMake Error at CMakeLists.txt:39 (add_executable):
[16.955s]   No SOURCES given to target: connecter_node
[16.956s] 
[16.956s] [0m
[16.957s] [0mCMake Generate step failed.  Build files cannot be regenerated correctly.[0m
[17.006s] Invoked command in '/home/osawakousei/ros2_ws/src/center/build/center' returned '1': CMAKE_PREFIX_PATH=${CMAKE_PREFIX_PATH}:/opt/ros/humble /usr/bin/cmake /home/osawakousei/ros2_ws/src/center -DCMAKE_INSTALL_PREFIX=/home/osawakousei/ros2_ws/src/center/install/center
