[3.071s] Invoking command in '/home/osawakousei/ros2_ws/build/micro_ros_setup': CMAKE_PREFIX_PATH=${CMAKE_PREFIX_PATH}:/opt/ros/humble /usr/bin/cmake --build /home/osawakousei/ros2_ws/build/micro_ros_setup -- -j12 -l12
[4.155s] Invoked command in '/home/osawakousei/ros2_ws/build/micro_ros_setup' returned '0': CMAKE_PREFIX_PATH=${CMAKE_PREFIX_PATH}:/opt/ros/humble /usr/bin/cmake --build /home/osawakousei/ros2_ws/build/micro_ros_setup -- -j12 -l12
[7.755s] Invoking command in '/home/osawakousei/ros2_ws/build/micro_ros_setup': CMAKE_PREFIX_PATH=${CMAKE_PREFIX_PATH}:/opt/ros/humble /usr/bin/cmake --install /home/osawakousei/ros2_ws/build/micro_ros_setup
[8.346s] -- Install configuration: ""
[8.347s] -- Up-to-date: /home/osawakousei/ros2_ws/install/micro_ros_setup/share/ament_index/resource_index/package_run_dependencies/micro_ros_setup
[8.350s] -- Up-to-date: /home/osawakousei/ros2_ws/install/micro_ros_setup/share/ament_index/resource_index/parent_prefix_path/micro_ros_setup
[8.351s] -- Up-to-date: /home/osawakousei/ros2_ws/install/micro_ros_setup/share/micro_ros_setup/environment/ament_prefix_path.sh
[8.361s] -- Up-to-date: /home/osawakousei/ros2_ws/install/micro_ros_setup/share/micro_ros_setup/environment/ament_prefix_path.dsv
[8.435s] -- Up-to-date: /home/osawakousei/ros2_ws/install/micro_ros_setup/share/micro_ros_setup/environment/path.sh
[8.436s] -- Up-to-date: /home/osawakousei/ros2_ws/install/micro_ros_setup/share/micro_ros_setup/environment/path.dsv
[8.438s] -- Up-to-date: /home/osawakousei/ros2_ws/install/micro_ros_setup/share/micro_ros_setup/local_setup.bash
[8.438s] -- Up-to-date: /home/osawakousei/ros2_ws/install/micro_ros_setup/share/micro_ros_setup/local_setup.sh
[8.439s] -- Up-to-date: /home/osawakousei/ros2_ws/install/micro_ros_setup/share/micro_ros_setup/local_setup.zsh
[8.439s] -- Up-to-date: /home/osawakousei/ros2_ws/install/micro_ros_setup/share/micro_ros_setup/local_setup.dsv
[8.440s] -- Installing: /home/osawakousei/ros2_ws/install/micro_ros_setup/share/micro_ros_setup/package.dsv
[8.442s] -- Up-to-date: /home/osawakousei/ros2_ws/install/micro_ros_setup/share/ament_index/resource_index/packages/micro_ros_setup
[8.444s] -- Up-to-date: /home/osawakousei/ros2_ws/install/micro_ros_setup/share/micro_ros_setup/cmake/micro_ros_setupConfig.cmake
[8.447s] -- Up-to-date: /home/osawakousei/ros2_ws/install/micro_ros_setup/share/micro_ros_setup/cmake/micro_ros_setupConfig-version.cmake
[8.593s] -- Up-to-date: /home/osawakousei/ros2_ws/install/micro_ros_setup/share/micro_ros_setup/package.xml
[8.594s] -- Up-to-date: /home/osawakousei/ros2_ws/install/micro_ros_setup/./config
[8.595s] -- Up-to-date: /home/osawakousei/ros2_ws/install/micro_ros_setup/./config/host
[8.596s] -- Up-to-date: /home/osawakousei/ros2_ws/install/micro_ros_setup/./config/host/generic
[8.597s] -- Up-to-date: /home/osawakousei/ros2_ws/install/micro_ros_setup/./config/host/generic/package.xml
[8.597s] -- Up-to-date: /home/osawakousei/ros2_ws/install/micro_ros_setup/./config/host/generic/create.sh
[8.598s] -- Up-to-date: /home/osawakousei/ros2_ws/install/micro_ros_setup/./config/host/generic/client_host_packages.repos
[8.598s] -- Up-to-date: /home/osawakousei/ros2_ws/install/micro_ros_setup/./config/host/generic/client-host-colcon.meta
[8.599s] -- Up-to-date: /home/osawakousei/ros2_ws/install/micro_ros_setup/./config/host/generic/flash.sh
[8.600s] -- Up-to-date: /home/osawakousei/ros2_ws/install/micro_ros_setup/./config/host/generic/build.sh
[8.600s] -- Up-to-date: /home/osawakousei/ros2_ws/install/micro_ros_setup/./config/host/dev_uros_packages.repos
[8.601s] -- Up-to-date: /home/osawakousei/ros2_ws/install/micro_ros_setup/./config/host/dev_ros2_packages.txt
[8.602s] -- Up-to-date: /home/osawakousei/ros2_ws/install/micro_ros_setup/./config/host/client_ros2_packages.txt
[8.602s] -- Up-to-date: /home/osawakousei/ros2_ws/install/micro_ros_setup/./config/freertos
[8.603s] -- Up-to-date: /home/osawakousei/ros2_ws/install/micro_ros_setup/./config/freertos/esp32
[8.603s] -- Up-to-date: /home/osawakousei/ros2_ws/install/micro_ros_setup/./config/freertos/esp32/configure.sh
[8.604s] -- Up-to-date: /home/osawakousei/ros2_ws/install/micro_ros_setup/./config/freertos/esp32/client-colcon.meta
[8.624s] -- Up-to-date: /home/osawakousei/ros2_ws/install/micro_ros_setup/./config/freertos/esp32/package.xml
[8.689s] -- Up-to-date: /home/osawakousei/ros2_ws/install/micro_ros_setup/./config/freertos/esp32/create.sh
[8.690s] -- Up-to-date: /home/osawakousei/ros2_ws/install/micro_ros_setup/./config/freertos/esp32/board.repos
[8.690s] -- Up-to-date: /home/osawakousei/ros2_ws/install/micro_ros_setup/./config/freertos/esp32/flash.sh
[8.691s] -- Up-to-date: /home/osawakousei/ros2_ws/install/micro_ros_setup/./config/freertos/esp32/README.md
[8.693s] -- Up-to-date: /home/osawakousei/ros2_ws/install/micro_ros_setup/./config/freertos/esp32/client_uros_packages.repos
[8.694s] -- Up-to-date: /home/osawakousei/ros2_ws/install/micro_ros_setup/./config/freertos/esp32/build.sh
[8.703s] -- Up-to-date: /home/osawakousei/ros2_ws/install/micro_ros_setup/./config/freertos/olimex-stm32-e407
[8.770s] -- Up-to-date: /home/osawakousei/ros2_ws/install/micro_ros_setup/./config/freertos/olimex-stm32-e407/configure.sh
[8.771s] -- Up-to-date: /home/osawakousei/ros2_ws/install/micro_ros_setup/./config/freertos/olimex-stm32-e407/client-colcon.meta
[8.772s] -- Up-to-date: /home/osawakousei/ros2_ws/install/micro_ros_setup/./config/freertos/olimex-stm32-e407/package.xml
[8.773s] -- Up-to-date: /home/osawakousei/ros2_ws/install/micro_ros_setup/./config/freertos/olimex-stm32-e407/create.sh
[8.773s] -- Up-to-date: /home/osawakousei/ros2_ws/install/micro_ros_setup/./config/freertos/olimex-stm32-e407/board.repos
[8.774s] -- Up-to-date: /home/osawakousei/ros2_ws/install/micro_ros_setup/./config/freertos/olimex-stm32-e407/flash.sh
[8.774s] -- Up-to-date: /home/osawakousei/ros2_ws/install/micro_ros_setup/./config/freertos/olimex-stm32-e407/client_uros_packages.repos
[8.775s] -- Up-to-date: /home/osawakousei/ros2_ws/install/micro_ros_setup/./config/freertos/olimex-stm32-e407/build.sh
[8.776s] -- Up-to-date: /home/osawakousei/ros2_ws/install/micro_ros_setup/./config/freertos/list_apps.sh
[8.786s] -- Up-to-date: /home/osawakousei/ros2_ws/install/micro_ros_setup/./config/freertos/dev_uros_packages.repos
[8.787s] -- Up-to-date: /home/osawakousei/ros2_ws/install/micro_ros_setup/./config/freertos/nucleo_f746zg
[8.787s] -- Up-to-date: /home/osawakousei/ros2_ws/install/micro_ros_setup/./config/freertos/nucleo_f746zg/configure.sh
[8.788s] -- Up-to-date: /home/osawakousei/ros2_ws/install/micro_ros_setup/./config/freertos/nucleo_f746zg/client-colcon.meta
[8.789s] -- Up-to-date: /home/osawakousei/ros2_ws/install/micro_ros_setup/./config/freertos/nucleo_f746zg/package.xml
[8.792s] -- Up-to-date: /home/osawakousei/ros2_ws/install/micro_ros_setup/./config/freertos/nucleo_f746zg/create.sh
[8.793s] -- Up-to-date: /home/osawakousei/ros2_ws/install/micro_ros_setup/./config/freertos/nucleo_f746zg/board.repos
[8.796s] -- Up-to-date: /home/osawakousei/ros2_ws/install/micro_ros_setup/./config/freertos/nucleo_f746zg/flash.sh
[8.801s] -- Up-to-date: /home/osawakousei/ros2_ws/install/micro_ros_setup/./config/freertos/nucleo_f746zg/client_uros_packages.repos
[8.809s] -- Up-to-date: /home/osawakousei/ros2_ws/install/micro_ros_setup/./config/freertos/nucleo_f746zg/build.sh
[8.810s] -- Up-to-date: /home/osawakousei/ros2_ws/install/micro_ros_setup/./config/freertos/crazyflie21
[8.810s] -- Up-to-date: /home/osawakousei/ros2_ws/install/micro_ros_setup/./config/freertos/crazyflie21/configure.sh
[8.811s] -- Up-to-date: /home/osawakousei/ros2_ws/install/micro_ros_setup/./config/freertos/crazyflie21/client-colcon.meta
[8.811s] -- Up-to-date: /home/osawakousei/ros2_ws/install/micro_ros_setup/./config/freertos/crazyflie21/package.xml
[8.812s] -- Up-to-date: /home/osawakousei/ros2_ws/install/micro_ros_setup/./config/freertos/crazyflie21/create.sh
[8.813s] -- Up-to-date: /home/osawakousei/ros2_ws/install/micro_ros_setup/./config/freertos/crazyflie21/board.repos
[8.813s] -- Up-to-date: /home/osawakousei/ros2_ws/install/micro_ros_setup/./config/freertos/crazyflie21/flash.sh
[8.814s] -- Up-to-date: /home/osawakousei/ros2_ws/install/micro_ros_setup/./config/freertos/crazyflie21/client_uros_packages.repos
[8.814s] -- Up-to-date: /home/osawakousei/ros2_ws/install/micro_ros_setup/./config/freertos/crazyflie21/build.sh
[8.815s] -- Up-to-date: /home/osawakousei/ros2_ws/install/micro_ros_setup/./config/freertos/nucleo_f767zi
[8.816s] -- Up-to-date: /home/osawakousei/ros2_ws/install/micro_ros_setup/./config/freertos/nucleo_f767zi/configure.sh
[8.816s] -- Up-to-date: /home/osawakousei/ros2_ws/install/micro_ros_setup/./config/freertos/nucleo_f767zi/client-colcon.meta
[8.817s] -- Up-to-date: /home/osawakousei/ros2_ws/install/micro_ros_setup/./config/freertos/nucleo_f767zi/package.xml
[8.818s] -- Up-to-date: /home/osawakousei/ros2_ws/install/micro_ros_setup/./config/freertos/nucleo_f767zi/create.sh
[8.818s] -- Up-to-date: /home/osawakousei/ros2_ws/install/micro_ros_setup/./config/freertos/nucleo_f767zi/board.repos
[8.819s] -- Up-to-date: /home/osawakousei/ros2_ws/install/micro_ros_setup/./config/freertos/nucleo_f767zi/flash.sh
[8.820s] -- Up-to-date: /home/osawakousei/ros2_ws/install/micro_ros_setup/./config/freertos/nucleo_f767zi/client_uros_packages.repos
[8.884s] -- Up-to-date: /home/osawakousei/ros2_ws/install/micro_ros_setup/./config/freertos/nucleo_f767zi/build.sh
[8.885s] -- Up-to-date: /home/osawakousei/ros2_ws/install/micro_ros_setup/./config/freertos/nucleo_f446ze
[8.886s] -- Up-to-date: /home/osawakousei/ros2_ws/install/micro_ros_setup/./config/freertos/nucleo_f446ze/configure.sh
[8.886s] -- Up-to-date: /home/osawakousei/ros2_ws/install/micro_ros_setup/./config/freertos/nucleo_f446ze/client-colcon.meta
[8.887s] -- Up-to-date: /home/osawakousei/ros2_ws/install/micro_ros_setup/./config/freertos/nucleo_f446ze/package.xml
[8.888s] -- Up-to-date: /home/osawakousei/ros2_ws/install/micro_ros_setup/./config/freertos/nucleo_f446ze/create.sh
[8.889s] -- Up-to-date: /home/osawakousei/ros2_ws/install/micro_ros_setup/./config/freertos/nucleo_f446ze/board.repos
[8.891s] -- Up-to-date: /home/osawakousei/ros2_ws/install/micro_ros_setup/./config/freertos/nucleo_f446ze/flash.sh
[8.892s] -- Up-to-date: /home/osawakousei/ros2_ws/install/micro_ros_setup/./config/freertos/nucleo_f446ze/client_uros_packages.repos
[8.893s] -- Up-to-date: /home/osawakousei/ros2_ws/install/micro_ros_setup/./config/freertos/nucleo_f446ze/build.sh
[8.893s] -- Up-to-date: /home/osawakousei/ros2_ws/install/micro_ros_setup/./config/freertos/dev_ros2_packages.txt
[8.894s] -- Up-to-date: /home/osawakousei/ros2_ws/install/micro_ros_setup/./config/freertos/nucleo_f446re
[8.895s] -- Up-to-date: /home/osawakousei/ros2_ws/install/micro_ros_setup/./config/freertos/nucleo_f446re/configure.sh
[8.895s] -- Up-to-date: /home/osawakousei/ros2_ws/install/micro_ros_setup/./config/freertos/nucleo_f446re/client-colcon.meta
[8.896s] -- Up-to-date: /home/osawakousei/ros2_ws/install/micro_ros_setup/./config/freertos/nucleo_f446re/package.xml
[8.915s] -- Up-to-date: /home/osawakousei/ros2_ws/install/micro_ros_setup/./config/freertos/nucleo_f446re/create.sh
[8.916s] -- Up-to-date: /home/osawakousei/ros2_ws/install/micro_ros_setup/./config/freertos/nucleo_f446re/board.repos
[8.917s] -- Up-to-date: /home/osawakousei/ros2_ws/install/micro_ros_setup/./config/freertos/nucleo_f446re/flash.sh
[8.918s] -- Up-to-date: /home/osawakousei/ros2_ws/install/micro_ros_setup/./config/freertos/nucleo_f446re/client_uros_packages.repos
[8.918s] -- Up-to-date: /home/osawakousei/ros2_ws/install/micro_ros_setup/./config/freertos/nucleo_f446re/build.sh
[8.919s] -- Up-to-date: /home/osawakousei/ros2_ws/install/micro_ros_setup/./config/android
[8.920s] -- Up-to-date: /home/osawakousei/ros2_ws/install/micro_ros_setup/./config/android/generic
[8.920s] -- Up-to-date: /home/osawakousei/ros2_ws/install/micro_ros_setup/./config/android/generic/client-colcon.meta
[8.921s] -- Up-to-date: /home/osawakousei/ros2_ws/install/micro_ros_setup/./config/android/generic/package.xml
[8.922s] -- Up-to-date: /home/osawakousei/ros2_ws/install/micro_ros_setup/./config/android/generic/create.sh
[8.922s] -- Up-to-date: /home/osawakousei/ros2_ws/install/micro_ros_setup/./config/android/generic/flash.sh
[8.923s] -- Up-to-date: /home/osawakousei/ros2_ws/install/micro_ros_setup/./config/android/generic/client_uros_packages.repos
[8.923s] -- Up-to-date: /home/osawakousei/ros2_ws/install/micro_ros_setup/./config/android/generic/build.sh
[8.924s] -- Up-to-date: /home/osawakousei/ros2_ws/install/micro_ros_setup/./config/android/dev_uros_packages.repos
[8.925s] -- Up-to-date: /home/osawakousei/ros2_ws/install/micro_ros_setup/./config/android/dev_ros2_packages.txt
[8.925s] -- Up-to-date: /home/osawakousei/ros2_ws/install/micro_ros_setup/./config/utils.sh
[8.926s] -- Up-to-date: /home/osawakousei/ros2_ws/install/micro_ros_setup/./config/agent_uros_packages.repos
[8.927s] -- Up-to-date: /home/osawakousei/ros2_ws/install/micro_ros_setup/./config/raspbian
[8.927s] -- Up-to-date: /home/osawakousei/ros2_ws/install/micro_ros_setup/./config/raspbian/generic
[8.928s] -- Up-to-date: /home/osawakousei/ros2_ws/install/micro_ros_setup/./config/raspbian/generic/configure.sh
[8.929s] -- Up-to-date: /home/osawakousei/ros2_ws/install/micro_ros_setup/./config/raspbian/generic/client-colcon.meta
[8.929s] -- Up-to-date: /home/osawakousei/ros2_ws/install/micro_ros_setup/./config/raspbian/generic/create.sh
[8.930s] -- Up-to-date: /home/osawakousei/ros2_ws/install/micro_ros_setup/./config/raspbian/generic/flash.sh
[8.931s] -- Up-to-date: /home/osawakousei/ros2_ws/install/micro_ros_setup/./config/raspbian/generic/supported_platforms
[8.978s] -- Up-to-date: /home/osawakousei/ros2_ws/install/micro_ros_setup/./config/raspbian/generic/client_uros_packages.repos
[8.979s] -- Up-to-date: /home/osawakousei/ros2_ws/install/micro_ros_setup/./config/raspbian/generic/build.sh
[8.980s] -- Up-to-date: /home/osawakousei/ros2_ws/install/micro_ros_setup/./config/raspbian/dev_uros_packages.repos
[8.981s] -- Up-to-date: /home/osawakousei/ros2_ws/install/micro_ros_setup/./config/raspbian/dev_ros2_packages.txt
[8.981s] -- Up-to-date: /home/osawakousei/ros2_ws/install/micro_ros_setup/./config/zephyr
[8.984s] -- Up-to-date: /home/osawakousei/ros2_ws/install/micro_ros_setup/./config/zephyr/list_apps.sh
[8.985s] -- Up-to-date: /home/osawakousei/ros2_ws/install/micro_ros_setup/./config/zephyr/generic
[8.986s] -- Up-to-date: /home/osawakousei/ros2_ws/install/micro_ros_setup/./config/zephyr/generic/configure.sh
[8.986s] -- Up-to-date: /home/osawakousei/ros2_ws/install/micro_ros_setup/./config/zephyr/generic/client-colcon.meta
[8.987s] -- Up-to-date: /home/osawakousei/ros2_ws/install/micro_ros_setup/./config/zephyr/generic/package.xml
[8.987s] -- Up-to-date: /home/osawakousei/ros2_ws/install/micro_ros_setup/./config/zephyr/generic/create.sh
[8.988s] -- Up-to-date: /home/osawakousei/ros2_ws/install/micro_ros_setup/./config/zephyr/generic/board.repos
[8.989s] -- Up-to-date: /home/osawakousei/ros2_ws/install/micro_ros_setup/./config/zephyr/generic/flash.sh
[8.989s] -- Up-to-date: /home/osawakousei/ros2_ws/install/micro_ros_setup/./config/zephyr/generic/supported_platforms
[8.990s] -- Up-to-date: /home/osawakousei/ros2_ws/install/micro_ros_setup/./config/zephyr/generic/client_uros_packages.repos
[8.990s] -- Up-to-date: /home/osawakousei/ros2_ws/install/micro_ros_setup/./config/zephyr/generic/build.sh
[8.991s] -- Up-to-date: /home/osawakousei/ros2_ws/install/micro_ros_setup/./config/zephyr/dev_uros_packages.repos
[8.992s] -- Up-to-date: /home/osawakousei/ros2_ws/install/micro_ros_setup/./config/zephyr/dev_ros2_packages.txt
[8.992s] -- Up-to-date: /home/osawakousei/ros2_ws/install/micro_ros_setup/./config/mbed
[8.993s] -- Up-to-date: /home/osawakousei/ros2_ws/install/micro_ros_setup/./config/mbed/list_apps.sh
[8.994s] -- Up-to-date: /home/osawakousei/ros2_ws/install/micro_ros_setup/./config/mbed/generic
[8.995s] -- Up-to-date: /home/osawakousei/ros2_ws/install/micro_ros_setup/./config/mbed/generic/package.xml
[8.995s] -- Up-to-date: /home/osawakousei/ros2_ws/install/micro_ros_setup/./config/mbed/generic/create.sh
[8.996s] -- Up-to-date: /home/osawakousei/ros2_ws/install/micro_ros_setup/./config/mbed/generic/board.repos
[8.997s] -- Up-to-date: /home/osawakousei/ros2_ws/install/micro_ros_setup/./config/mbed/generic/flash.sh
[8.998s] -- Up-to-date: /home/osawakousei/ros2_ws/install/micro_ros_setup/./config/mbed/generic/supported_platforms
[9.092s] -- Up-to-date: /home/osawakousei/ros2_ws/install/micro_ros_setup/./config/mbed/generic/client_uros_packages.repos
[9.094s] -- Up-to-date: /home/osawakousei/ros2_ws/install/micro_ros_setup/./config/mbed/generic/build.sh
[9.095s] -- Up-to-date: /home/osawakousei/ros2_ws/install/micro_ros_setup/./config/mbed/dev_uros_packages.repos
[9.095s] -- Up-to-date: /home/osawakousei/ros2_ws/install/micro_ros_setup/./config/mbed/dev_ros2_packages.txt
[9.096s] -- Up-to-date: /home/osawakousei/ros2_ws/install/micro_ros_setup/./config/renesas_ra
[9.097s] -- Up-to-date: /home/osawakousei/ros2_ws/install/micro_ros_setup/./config/renesas_ra/list_apps.sh
[9.097s] -- Up-to-date: /home/osawakousei/ros2_ws/install/micro_ros_setup/./config/renesas_ra/dev_uros_packages.repos
[9.098s] -- Up-to-date: /home/osawakousei/ros2_ws/install/micro_ros_setup/./config/renesas_ra/dev_ros2_packages.txt
[9.098s] -- Up-to-date: /home/osawakousei/ros2_ws/install/micro_ros_setup/./config/renesas_ra/ra6m5
[9.099s] -- Up-to-date: /home/osawakousei/ros2_ws/install/micro_ros_setup/./config/renesas_ra/ra6m5/configure.sh
[9.100s] -- Up-to-date: /home/osawakousei/ros2_ws/install/micro_ros_setup/./config/renesas_ra/ra6m5/client-colcon.meta
[9.100s] -- Up-to-date: /home/osawakousei/ros2_ws/install/micro_ros_setup/./config/renesas_ra/ra6m5/create.sh
[9.101s] -- Up-to-date: /home/osawakousei/ros2_ws/install/micro_ros_setup/./config/renesas_ra/ra6m5/board.repos
[9.102s] -- Up-to-date: /home/osawakousei/ros2_ws/install/micro_ros_setup/./config/renesas_ra/ra6m5/flash.sh
[9.102s] -- Up-to-date: /home/osawakousei/ros2_ws/install/micro_ros_setup/./config/renesas_ra/ra6m5/client_uros_packages.repos
[9.103s] -- Up-to-date: /home/osawakousei/ros2_ws/install/micro_ros_setup/./config/renesas_ra/ra6m5/build.sh
[9.103s] -- Up-to-date: /home/osawakousei/ros2_ws/install/micro_ros_setup/./config/agent_ros2_packages.txt
[9.104s] -- Up-to-date: /home/osawakousei/ros2_ws/install/micro_ros_setup/./config/client_uros_packages.repos
[9.123s] -- Up-to-date: /home/osawakousei/ros2_ws/install/micro_ros_setup/./config/client_ros2_packages.txt
[9.138s] -- Up-to-date: /home/osawakousei/ros2_ws/install/micro_ros_setup/./config/generate_lib
[9.141s] -- Up-to-date: /home/osawakousei/ros2_ws/install/micro_ros_setup/./config/generate_lib/generic
[9.151s] -- Up-to-date: /home/osawakousei/ros2_ws/install/micro_ros_setup/./config/generate_lib/generic/client-colcon.meta
[9.152s] -- Up-to-date: /home/osawakousei/ros2_ws/install/micro_ros_setup/./config/generate_lib/generic/package.xml
[9.152s] -- Up-to-date: /home/osawakousei/ros2_ws/install/micro_ros_setup/./config/generate_lib/generic/create.sh
[9.236s] -- Up-to-date: /home/osawakousei/ros2_ws/install/micro_ros_setup/./config/generate_lib/generic/demo_toolchain.cmake
[9.237s] -- Up-to-date: /home/osawakousei/ros2_ws/install/micro_ros_setup/./config/generate_lib/generic/flash.sh
[9.238s] -- Up-to-date: /home/osawakousei/ros2_ws/install/micro_ros_setup/./config/generate_lib/generic/client_uros_packages.repos
[9.239s] -- Up-to-date: /home/osawakousei/ros2_ws/install/micro_ros_setup/./config/generate_lib/generic/build.sh
[9.239s] -- Up-to-date: /home/osawakousei/ros2_ws/install/micro_ros_setup/./config/generate_lib/dev_uros_packages.repos
[9.241s] -- Up-to-date: /home/osawakousei/ros2_ws/install/micro_ros_setup/./config/generate_lib/dev_ros2_packages.txt
[9.241s] -- Up-to-date: /home/osawakousei/ros2_ws/install/micro_ros_setup/lib/micro_ros_setup/create_ws.sh
[9.242s] -- Up-to-date: /home/osawakousei/ros2_ws/install/micro_ros_setup/lib/micro_ros_setup/create_agent_ws.sh
[9.242s] -- Up-to-date: /home/osawakousei/ros2_ws/install/micro_ros_setup/lib/micro_ros_setup/create_firmware_ws.sh
[9.243s] -- Up-to-date: /home/osawakousei/ros2_ws/install/micro_ros_setup/lib/micro_ros_setup/configure_firmware.sh
[9.244s] -- Up-to-date: /home/osawakousei/ros2_ws/install/micro_ros_setup/lib/micro_ros_setup/flash_firmware.sh
[9.245s] -- Up-to-date: /home/osawakousei/ros2_ws/install/micro_ros_setup/lib/micro_ros_setup/build_firmware.sh
[9.245s] -- Up-to-date: /home/osawakousei/ros2_ws/install/micro_ros_setup/lib/micro_ros_setup/build_agent.sh
[9.246s] -- Up-to-date: /home/osawakousei/ros2_ws/install/micro_ros_setup/lib/micro_ros_setup/yaml_filter.py
[9.246s] -- Up-to-date: /home/osawakousei/ros2_ws/install/micro_ros_setup/lib/micro_ros_setup/clean_env.sh
[9.247s] -- Up-to-date: /home/osawakousei/ros2_ws/install/micro_ros_setup/lib/micro_ros_setup/component
[9.961s] Invoked command in '/home/osawakousei/ros2_ws/build/micro_ros_setup' returned '0': CMAKE_PREFIX_PATH=${CMAKE_PREFIX_PATH}:/opt/ros/humble /usr/bin/cmake --install /home/osawakousei/ros2_ws/build/micro_ros_setup
