[1.764s] Invoking command in '/home/osawakousei/ros2_ws/build/center': CMAKE_PREFIX_PATH=/home/osawakousei/ros2_ws/install/custom_test_msgs:/home/osawakousei/ros2_ws/install/custom_message_unity:/home/osawakousei/ros2_ws/src/center/install/center:/home/osawakousei/ros2_ws/install/test_package:/home/osawakousei/ros2_ws/install/test_interface_files:/home/osawakousei/ros2_ws/install/rosidl_default_generators:/home/osawakousei/ros2_ws/install/rosidl_generator_cs:/home/osawakousei/ros2_ws/install/micro_ros_agent:/home/osawakousei/ros2_ws/install/micro_ros_msgs:/home/osawakousei/ros2_ws/install/android_controll_test:/home/osawakousei/ros2_ws/install/cpp_topic_pubsub:/home/osawakousei/ros2_ws/install/cpp_server_client:/home/osawakousei/ros2_ws/install/rosidl_default_runtime:/home/osawakousei/ros2_ws/install/ros2cs_common:/home/osawakousei/ros2_ws/install/micro_ros_setup:/home/osawakousei/ros2_ws/install/dotnet_cmake_module:/home/osawakousei/ros2_ws/install/ament_cmake_export_assemblies:/home/osawakousei/ros2_ws/src/android_controll_test/install/android_controll_test:/home/osawakousei/ros2_ws/src/custom_message_unity/install/custom_message_unity:/home/osawakousei/ros2_ws/src/cpp_server_client/install/cpp_server_client:/home/osawakousei/ros2_ws/src/cpp_topic_pubsub/install/cpp_topic_pubsub:/home/osawakousei/ros2_ws/src/test_package/install/test_package:/home/osawakousei/ros2_ws/uros_ws/install/micro_ros_setup:/home/osawakousei/ros2_ws/uros_ws/install/micro_ros_agent:/home/osawakousei/ros2_ws/uros_ws/install/micro_ros_msgs:/home/osawakousei/ros2_ws/src/custom_test_msgs/install/custom_test_msgs:/opt/ros/humble LD_LIBRARY_PATH=/home/osawakousei/ros2_ws/install/custom_test_msgs/lib:/home/osawakousei/ros2_ws/install/custom_message_unity/lib:/home/osawakousei/ros2_ws/src/center/install/center/lib:/home/osawakousei/ros2_ws/install/micro_ros_agent/lib:/home/osawakousei/ros2_ws/install/micro_ros_msgs/lib:/home/osawakousei/ros2_ws/install/android_controll_test/lib:/home/osawakousei/ros2_ws/install/cpp_topic_pubsub/lib:/home/osawakousei/ros2_ws/install/cpp_server_client/lib:/home/osawakousei/ros2_ws/src/android_controll_test/install/android_controll_test/lib:/home/osawakousei/ros2_ws/src/custom_message_unity/install/custom_message_unity/lib:/home/osawakousei/ros2_ws/src/cpp_server_client/install/cpp_server_client/lib:/home/osawakousei/ros2_ws/src/cpp_topic_pubsub/install/cpp_topic_pubsub/lib:/home/osawakousei/ros2_ws/uros_ws/install/micro_ros_agent/lib:/home/osawakousei/ros2_ws/uros_ws/install/micro_ros_msgs/lib:/home/osawakousei/ros2_ws/src/custom_test_msgs/install/custom_test_msgs/lib:/usr/lib/x86_64-linux-gnu/gazebo-11/plugins:/opt/ros/humble/opt/rviz_ogre_vendor/lib:/opt/ros/humble/lib/x86_64-linux-gnu:/opt/ros/humble/lib /usr/bin/cmake /home/osawakousei/ros2_ws/src/center -DCMAKE_INSTALL_PREFIX=/home/osawakousei/ros2_ws/install/center
[2.718s] -- The C compiler identification is GNU 11.4.0
[3.694s] -- The CXX compiler identification is GNU 11.4.0
[3.810s] -- Detecting C compiler ABI info
[5.084s] -- Detecting C compiler ABI info - done
[5.114s] -- Check for working C compiler: /usr/bin/cc - skipped
[5.114s] -- Detecting C compile features
[5.116s] -- Detecting C compile features - done
[5.140s] -- Detecting CXX compiler ABI info
[6.416s] -- Detecting CXX compiler ABI info - done
[6.442s] -- Check for working CXX compiler: /usr/bin/c++ - skipped
[6.445s] -- Detecting CXX compile features
[6.447s] -- Detecting CXX compile features - done
[6.554s] -- Found ament_cmake: 1.3.5 (/opt/ros/humble/share/ament_cmake/cmake)
[8.482s] -- Found Python3: /usr/bin/python3.10 (found version "3.10.12") found components: Interpreter 
[10.324s] -- Found rclcpp: 16.0.6 (/opt/ros/humble/share/rclcpp/cmake)
[11.528s] -- Found rosidl_generator_c: 3.1.5 (/opt/ros/humble/share/rosidl_generator_c/cmake)
[11.729s] -- Found rosidl_adapter: 3.1.5 (/opt/ros/humble/share/rosidl_adapter/cmake)
[11.959s] -- Found rosidl_generator_cpp: 3.1.5 (/opt/ros/humble/share/rosidl_generator_cpp/cmake)
[12.241s] -- Using all available rosidl_typesupport_c: rosidl_typesupport_fastrtps_c;rosidl_typesupport_introspection_c
[12.662s] -- Using all available rosidl_typesupport_cpp: rosidl_typesupport_fastrtps_cpp;rosidl_typesupport_introspection_cpp
[13.969s] -- Found rmw_implementation_cmake: 6.1.1 (/opt/ros/humble/share/rmw_implementation_cmake/cmake)
[14.079s] -- Found rmw_fastrtps_cpp: 6.2.4 (/opt/ros/humble/share/rmw_fastrtps_cpp/cmake)
[15.917s] -- Found OpenSSL: /usr/lib/x86_64-linux-gnu/libcrypto.so (found version "3.0.2")  
[16.211s] -- Found FastRTPS: /opt/ros/humble/include  
[16.783s] -- Using RMW implementation 'rmw_fastrtps_cpp' as default
[17.095s] -- Looking for pthread.h
[18.209s] -- Looking for pthread.h - found
[18.220s] -- Performing Test CMAKE_HAVE_LIBC_PTHREAD
[19.364s] -- Performing Test CMAKE_HAVE_LIBC_PTHREAD - Success
[19.378s] -- Found Threads: TRUE  
[20.823s] -- Found rosidl_default_generators: 1.2.0 (/home/osawakousei/ros2_ws/install/rosidl_default_generators/share/rosidl_default_generators/cmake)
[21.059s] -- Found custom_test_msgs: 0.0.0 (/home/osawakousei/ros2_ws/install/custom_test_msgs/share/custom_test_msgs/cmake)
[21.162s] -- Found custom_message_unity: 0.0.0 (/home/osawakousei/ros2_ws/install/custom_message_unity/share/custom_message_unity/cmake)
[21.363s] -- Found ament_lint_auto: 0.12.8 (/opt/ros/humble/share/ament_lint_auto/cmake)
[24.261s] -- Found ament_cmake_ros: 0.10.0 (/opt/ros/humble/share/ament_cmake_ros/cmake)
[27.350s] -- Using all available rosidl_typesupport_c: rosidl_typesupport_fastrtps_c;rosidl_typesupport_introspection_c
[28.470s] -- Using all available rosidl_typesupport_cpp: rosidl_typesupport_fastrtps_cpp;rosidl_typesupport_introspection_cpp
[28.535s] -- Found ament_cmake_export_assemblies: 0.0.0 (/home/osawakousei/ros2_ws/install/ament_cmake_export_assemblies/share/ament_cmake_export_assemblies/cmake)
[28.589s] -- Found dotnet_cmake_module: 0.0.0 (/home/osawakousei/ros2_ws/install/dotnet_cmake_module/share/dotnet_cmake_module/cmake)
[30.069s] -- Found DotNetCore: /usr/bin/dotnet  
[30.070s] -- Found .NET Core: 6.0.122
[30.071s] -- Using Framework: netstandard2.0
[30.072s] -- Using Framework: netstandard2.0
[30.072s] -- Using Runtime: linux-x64
[30.120s] -- Found ros2cs_common: 2.0.0 (/home/osawakousei/ros2_ws/install/ros2cs_common/share/ros2cs_common/cmake)
[30.628s] -- Generating C# code for ROS interfaces /home/osawakousei/ros2_ws/build/center/rosidl_generator_cs/center/msg/custom_unity.cs and /home/osawakousei/ros2_ws/build/center/rosidl_generator_cs/center/srv/add_three_ints.cs
[30.628s] -- Adding custom target
[30.631s] [0mLink libraries: center__rosidl_typesupport_c[0m
[30.646s] [0mLink libraries: center__rosidl_typesupport_introspection_c[0m
[30.661s] [0mLink libraries: center__rosidl_typesupport_fastrtps_c[0m
[30.678s] [0mLink libraries: center__rosidl_typesupport_c[0m
[30.694s] [0mLink libraries: center__rosidl_typesupport_introspection_c[0m
[30.712s] [0mLink libraries: center__rosidl_typesupport_fastrtps_c[0m
[30.725s] [0mInstall targets[0m
[30.958s] -- Found PythonInterp: /usr/bin/python3 (found suitable version "3.10.12", minimum required is "3.6") 
[31.051s] -- Found python_cmake_module: 0.10.0 (/opt/ros/humble/share/python_cmake_module/cmake)
[31.316s] -- Found PythonLibs: /usr/lib/x86_64-linux-gnu/libpython3.10.so (found suitable version "3.10.12", minimum required is "3.5") 
[31.317s] -- Using PYTHON_EXECUTABLE: /usr/bin/python3
[31.319s] -- Using PYTHON_INCLUDE_DIRS: /usr/include/python3.10
[31.320s] -- Using PYTHON_LIBRARIES: /usr/lib/x86_64-linux-gnu/libpython3.10.so
[31.538s] -- Found PythonExtra: .so  
[33.226s] -- Added test 'cppcheck' to perform static code analysis on C / C++ code
[33.229s] -- Configured cppcheck include dirs: 
[33.229s] -- Configured cppcheck exclude dirs and/or files: 
[33.394s] -- Added test 'flake8' to check Python code syntax and style conventions
[33.712s] -- Added test 'lint_cmake' to check CMake code style
[33.880s] -- Added test 'pep257' to check Python code against some of the docstring style conventions in PEP 257
[35.093s] -- Added test 'uncrustify' to check C / C++ code style
[35.093s] -- Configured uncrustify additional arguments: 
[35.258s] -- Added test 'xmllint' to check XML markup files
[35.341s] -- Configuring done
[35.995s] -- Generating done
[36.029s] -- Build files have been written to: /home/osawakousei/ros2_ws/build/center
[36.108s] Invoked command in '/home/osawakousei/ros2_ws/build/center' returned '0': CMAKE_PREFIX_PATH=/home/osawakousei/ros2_ws/install/custom_test_msgs:/home/osawakousei/ros2_ws/install/custom_message_unity:/home/osawakousei/ros2_ws/src/center/install/center:/home/osawakousei/ros2_ws/install/test_package:/home/osawakousei/ros2_ws/install/test_interface_files:/home/osawakousei/ros2_ws/install/rosidl_default_generators:/home/osawakousei/ros2_ws/install/rosidl_generator_cs:/home/osawakousei/ros2_ws/install/micro_ros_agent:/home/osawakousei/ros2_ws/install/micro_ros_msgs:/home/osawakousei/ros2_ws/install/android_controll_test:/home/osawakousei/ros2_ws/install/cpp_topic_pubsub:/home/osawakousei/ros2_ws/install/cpp_server_client:/home/osawakousei/ros2_ws/install/rosidl_default_runtime:/home/osawakousei/ros2_ws/install/ros2cs_common:/home/osawakousei/ros2_ws/install/micro_ros_setup:/home/osawakousei/ros2_ws/install/dotnet_cmake_module:/home/osawakousei/ros2_ws/install/ament_cmake_export_assemblies:/home/osawakousei/ros2_ws/src/android_controll_test/install/android_controll_test:/home/osawakousei/ros2_ws/src/custom_message_unity/install/custom_message_unity:/home/osawakousei/ros2_ws/src/cpp_server_client/install/cpp_server_client:/home/osawakousei/ros2_ws/src/cpp_topic_pubsub/install/cpp_topic_pubsub:/home/osawakousei/ros2_ws/src/test_package/install/test_package:/home/osawakousei/ros2_ws/uros_ws/install/micro_ros_setup:/home/osawakousei/ros2_ws/uros_ws/install/micro_ros_agent:/home/osawakousei/ros2_ws/uros_ws/install/micro_ros_msgs:/home/osawakousei/ros2_ws/src/custom_test_msgs/install/custom_test_msgs:/opt/ros/humble LD_LIBRARY_PATH=/home/osawakousei/ros2_ws/install/custom_test_msgs/lib:/home/osawakousei/ros2_ws/install/custom_message_unity/lib:/home/osawakousei/ros2_ws/src/center/install/center/lib:/home/osawakousei/ros2_ws/install/micro_ros_agent/lib:/home/osawakousei/ros2_ws/install/micro_ros_msgs/lib:/home/osawakousei/ros2_ws/install/android_controll_test/lib:/home/osawakousei/ros2_ws/install/cpp_topic_pubsub/lib:/home/osawakousei/ros2_ws/install/cpp_server_client/lib:/home/osawakousei/ros2_ws/src/android_controll_test/install/android_controll_test/lib:/home/osawakousei/ros2_ws/src/custom_message_unity/install/custom_message_unity/lib:/home/osawakousei/ros2_ws/src/cpp_server_client/install/cpp_server_client/lib:/home/osawakousei/ros2_ws/src/cpp_topic_pubsub/install/cpp_topic_pubsub/lib:/home/osawakousei/ros2_ws/uros_ws/install/micro_ros_agent/lib:/home/osawakousei/ros2_ws/uros_ws/install/micro_ros_msgs/lib:/home/osawakousei/ros2_ws/src/custom_test_msgs/install/custom_test_msgs/lib:/usr/lib/x86_64-linux-gnu/gazebo-11/plugins:/opt/ros/humble/opt/rviz_ogre_vendor/lib:/opt/ros/humble/lib/x86_64-linux-gnu:/opt/ros/humble/lib /usr/bin/cmake /home/osawakousei/ros2_ws/src/center -DCMAKE_INSTALL_PREFIX=/home/osawakousei/ros2_ws/install/center
[36.125s] Invoking command in '/home/osawakousei/ros2_ws/build/center': CMAKE_PREFIX_PATH=/home/osawakousei/ros2_ws/install/custom_test_msgs:/home/osawakousei/ros2_ws/install/custom_message_unity:/home/osawakousei/ros2_ws/src/center/install/center:/home/osawakousei/ros2_ws/install/test_package:/home/osawakousei/ros2_ws/install/test_interface_files:/home/osawakousei/ros2_ws/install/rosidl_default_generators:/home/osawakousei/ros2_ws/install/rosidl_generator_cs:/home/osawakousei/ros2_ws/install/micro_ros_agent:/home/osawakousei/ros2_ws/install/micro_ros_msgs:/home/osawakousei/ros2_ws/install/android_controll_test:/home/osawakousei/ros2_ws/install/cpp_topic_pubsub:/home/osawakousei/ros2_ws/install/cpp_server_client:/home/osawakousei/ros2_ws/install/rosidl_default_runtime:/home/osawakousei/ros2_ws/install/ros2cs_common:/home/osawakousei/ros2_ws/install/micro_ros_setup:/home/osawakousei/ros2_ws/install/dotnet_cmake_module:/home/osawakousei/ros2_ws/install/ament_cmake_export_assemblies:/home/osawakousei/ros2_ws/src/android_controll_test/install/android_controll_test:/home/osawakousei/ros2_ws/src/custom_message_unity/install/custom_message_unity:/home/osawakousei/ros2_ws/src/cpp_server_client/install/cpp_server_client:/home/osawakousei/ros2_ws/src/cpp_topic_pubsub/install/cpp_topic_pubsub:/home/osawakousei/ros2_ws/src/test_package/install/test_package:/home/osawakousei/ros2_ws/uros_ws/install/micro_ros_setup:/home/osawakousei/ros2_ws/uros_ws/install/micro_ros_agent:/home/osawakousei/ros2_ws/uros_ws/install/micro_ros_msgs:/home/osawakousei/ros2_ws/src/custom_test_msgs/install/custom_test_msgs:/opt/ros/humble LD_LIBRARY_PATH=/home/osawakousei/ros2_ws/install/custom_test_msgs/lib:/home/osawakousei/ros2_ws/install/custom_message_unity/lib:/home/osawakousei/ros2_ws/src/center/install/center/lib:/home/osawakousei/ros2_ws/install/micro_ros_agent/lib:/home/osawakousei/ros2_ws/install/micro_ros_msgs/lib:/home/osawakousei/ros2_ws/install/android_controll_test/lib:/home/osawakousei/ros2_ws/install/cpp_topic_pubsub/lib:/home/osawakousei/ros2_ws/install/cpp_server_client/lib:/home/osawakousei/ros2_ws/src/android_controll_test/install/android_controll_test/lib:/home/osawakousei/ros2_ws/src/custom_message_unity/install/custom_message_unity/lib:/home/osawakousei/ros2_ws/src/cpp_server_client/install/cpp_server_client/lib:/home/osawakousei/ros2_ws/src/cpp_topic_pubsub/install/cpp_topic_pubsub/lib:/home/osawakousei/ros2_ws/uros_ws/install/micro_ros_agent/lib:/home/osawakousei/ros2_ws/uros_ws/install/micro_ros_msgs/lib:/home/osawakousei/ros2_ws/src/custom_test_msgs/install/custom_test_msgs/lib:/usr/lib/x86_64-linux-gnu/gazebo-11/plugins:/opt/ros/humble/opt/rviz_ogre_vendor/lib:/opt/ros/humble/lib/x86_64-linux-gnu:/opt/ros/humble/lib /usr/bin/cmake --build /home/osawakousei/ros2_ws/build/center -- -j12 -l12
[36.887s] [  1%] [34m[1mGenerating C code for ROS interfaces[0m
[37.100s] [  2%] [34m[1mGenerating C++ code for ROS interfaces[0m
[37.132s] [  4%] [34m[1mGenerating C# code for ROS interfaces[0m
[37.155s] [  5%] [32mBuilding CXX object CMakeFiles/center_node.dir/src/center_node.cpp.o[0m
[37.313s] [  5%] Built target ament_cmake_python_copy_center
[39.148s] [  5%] Built target center__cpp
[39.371s] [  7%] [32mBuilding C object CMakeFiles/center__rosidl_generator_c.dir/rosidl_generator_c/center/srv/detail/add_three_ints__functions.c.o[0m
[39.391s] [  8%] [32mBuilding C object CMakeFiles/center__rosidl_generator_c.dir/rosidl_generator_c/center/msg/detail/custom_unity__functions.c.o[0m
[39.631s] [ 10%] [34m[1mGenerating C++ type support for eProsima Fast-RTPS[0m
[39.687s] [ 11%] [34m[1mGenerating C++ type support dispatch for ROS interfaces[0m
[39.688s] [ 13%] [34m[1mGenerating C++ introspection for ROS interfaces[0m
[39.848s] [ 13%] Built target center__cs
[40.393s] running egg_info
[40.398s] creating center.egg-info
[40.401s] writing center.egg-info/PKG-INFO
[40.404s] writing dependency_links to center.egg-info/dependency_links.txt
[40.404s] writing top-level names to center.egg-info/top_level.txt
[40.405s] writing manifest file 'center.egg-info/SOURCES.txt'
[40.411s] [ 14%] [34m[1m/usr/bin/cmake;-version;/usr/bin/dotnet restore center_assembly_dotnetcore.csproj;          /usr/bin/dotnet build center_assembly_dotnetcore.csproj -> /home/osawakousei/ros2_ws/build/center/center_assembly[0m
[40.414s] reading manifest file 'center.egg-info/SOURCES.txt'
[40.424s] writing manifest file 'center.egg-info/SOURCES.txt'
[40.495s] [ 16%] [32m[1mLinking C shared library libcenter__rosidl_generator_c.so[0m
[40.710s] [ 16%] Built target ament_cmake_python_build_center_egg
[41.239s] cmake version 3.22.1
[41.240s] 
[41.249s] CMake suite maintained and supported by Kitware (kitware.com/cmake).
[41.250s] [ 16%] Built target center__rosidl_generator_c
[41.522s] [ 17%] [34m[1mGenerating C introspection for ROS interfaces[0m
[41.611s] [ 20%] [34m[1mGenerating C type support dispatch for ROS interfaces[0m
[41.611s] [ 22%] [32mBuilding CXX object CMakeFiles/center__rosidl_typesupport_cpp.dir/rosidl_typesupport_cpp/center/msg/custom_unity__type_support.cpp.o[0m
[41.613s] [ 22%] [34m[1mGenerating C type support for eProsima Fast-RTPS[0m
[41.635s] [ 23%] [32mBuilding CXX object CMakeFiles/center__rosidl_typesupport_cpp.dir/rosidl_typesupport_cpp/center/srv/add_three_ints__type_support.cpp.o[0m
[41.749s] [ 25%] [32mBuilding CXX object CMakeFiles/center__rosidl_typesupport_introspection_cpp.dir/rosidl_typesupport_introspection_cpp/center/msg/detail/custom_unity__type_support.cpp.o[0m
[41.847s] [ 26%] [32mBuilding CXX object CMakeFiles/center__rosidl_typesupport_introspection_cpp.dir/rosidl_typesupport_introspection_cpp/center/srv/detail/add_three_ints__type_support.cpp.o[0m
[41.953s] [ 28%] [32mBuilding CXX object CMakeFiles/center__rosidl_typesupport_fastrtps_cpp.dir/rosidl_typesupport_fastrtps_cpp/center/msg/detail/dds_fastrtps/custom_unity__type_support.cpp.o[0m
[41.988s] [ 29%] [32mBuilding CXX object CMakeFiles/center__rosidl_typesupport_fastrtps_cpp.dir/rosidl_typesupport_fastrtps_cpp/center/srv/detail/dds_fastrtps/add_three_ints__type_support.cpp.o[0m
[44.338s] [?1h=[ 31%] [32mBuilding CXX object CMakeFiles/center__rosidl_typesupport_c.dir/rosidl_typesupport_c/center/msg/custom_unity__type_support.cpp.o[0m
[44.430s] [ 32%] [32mBuilding CXX object CMakeFiles/center__rosidl_typesupport_c.dir/rosidl_typesupport_c/center/srv/add_three_ints__type_support.cpp.o[0m
[44.590s] [ 34%] [32mBuilding C object CMakeFiles/center__rosidl_typesupport_introspection_c.dir/rosidl_typesupport_introspection_c/center/msg/detail/custom_unity__type_support.c.o[0m
[44.748s] [ 35%] [32mBuilding CXX object CMakeFiles/center__rosidl_typesupport_fastrtps_c.dir/rosidl_typesupport_fastrtps_c/center/msg/detail/custom_unity__type_support_c.cpp.o[0m
[45.248s] [ 37%] [32m[1mLinking CXX shared library libcenter__rosidl_typesupport_c.so[0m
[45.248s] [ 38%] [32mBuilding C object CMakeFiles/center__rosidl_typesupport_introspection_c.dir/rosidl_typesupport_introspection_c/center/srv/detail/add_three_ints__type_support.c.o[0m
[45.249s] [ 40%] [32mBuilding CXX object CMakeFiles/center__rosidl_typesupport_fastrtps_c.dir/rosidl_typesupport_fastrtps_c/center/srv/detail/add_three_ints__type_support_c.cpp.o[0m
[45.646s] [ 41%] [32m[1mLinking CXX shared library libcenter__rosidl_typesupport_cpp.so[0m
[46.181s] [ 43%] [32m[1mLinking C shared library libcenter__rosidl_typesupport_introspection_c.so[0m
[46.496s] [ 43%] Built target center__rosidl_typesupport_c
[46.867s] [ 43%] Built target center__rosidl_typesupport_cpp
[47.243s] [ 44%] [32mBuilding C object CMakeFiles/center_custom_unity__rosidl_typesupport_c.dir/rosidl_generator_cs/center/msg/custom_unity.ep.rosidl_typesupport_c.c.o[0m
[47.244s] [ 46%] [32mBuilding C object CMakeFiles/center_custom_unity__rosidl_typesupport_c.dir/rosidl_generator_cs/center/msg/custom_unity_s.c.o[0m
[47.245s] [ 47%] [32mBuilding C object CMakeFiles/center_srv_add_three_ints__rosidl_typesupport_c.dir/rosidl_generator_cs/center/srv/add_three_ints.ep.rosidl_typesupport_c.c.o[0m
[47.273s] [ 49%] [32mBuilding C object CMakeFiles/center_srv_add_three_ints__rosidl_typesupport_c.dir/rosidl_generator_cs/center/srv/add_three_ints_s.c.o[0m
[47.295s] [ 49%] Built target center__rosidl_typesupport_introspection_c
[47.461s] [ 50%] [32m[1mLinking CXX shared library libcenter__rosidl_typesupport_fastrtps_cpp.so[0m
[47.501s] [ 52%] [32m[1mLinking CXX shared library libcenter__rosidl_typesupport_introspection_cpp.so[0m
[48.142s] [ 55%] [32mBuilding C object CMakeFiles/center_custom_unity__rosidl_typesupport_introspection_c.dir/rosidl_generator_cs/center/msg/custom_unity.ep.rosidl_typesupport_introspection_c.c.o[0m
[48.164s] [ 55%] [32mBuilding C object CMakeFiles/center_srv_add_three_ints__rosidl_typesupport_introspection_c.dir/rosidl_generator_cs/center/srv/add_three_ints_s.c.o[0m
[48.192s] [ 56%] [32mBuilding C object CMakeFiles/center_srv_add_three_ints__rosidl_typesupport_introspection_c.dir/rosidl_generator_cs/center/srv/add_three_ints.ep.rosidl_typesupport_introspection_c.c.o[0m
[48.235s] [ 58%] [32m[1mLinking C shared library rosidl_generator_cs/center/msg/libcenter_custom_unity__rosidl_typesupport_c_native.so[0m
[48.344s] [ 59%] [32mBuilding C object CMakeFiles/center_custom_unity__rosidl_typesupport_introspection_c.dir/rosidl_generator_cs/center/msg/custom_unity_s.c.o[0m
[48.348s] [ 61%] [32m[1mLinking C shared library rosidl_generator_cs/center/srv/libcenter_srv_add_three_ints__rosidl_typesupport_c_native.so[0m
[48.918s] [ 61%] Built target center__rosidl_typesupport_introspection_cpp
[49.097s] [ 61%] Built target center__rosidl_typesupport_fastrtps_cpp
[49.198s] [ 62%] Built target center_custom_unity__rosidl_typesupport_c
[49.208s] [ 64%] [32m[1mLinking C shared library rosidl_generator_cs/center/srv/libcenter_srv_add_three_ints__rosidl_typesupport_introspection_c_native.so[0m
[49.290s] [ 65%] [32m[1mLinking C shared library rosidl_generator_cs/center/msg/libcenter_custom_unity__rosidl_typesupport_introspection_c_native.so[0m
[49.330s] [ 67%] Built target center_srv_add_three_ints__rosidl_typesupport_c
[49.915s] [ 68%] Built target center_srv_add_three_ints__rosidl_typesupport_introspection_c
[49.935s] [ 70%] [32m[1mLinking CXX shared library libcenter__rosidl_typesupport_fastrtps_c.so[0m
[49.972s]   Determining projects to restore...
[49.972s] [ 71%] Built target center_custom_unity__rosidl_typesupport_introspection_c
[50.760s] [ 71%] Built target center__rosidl_typesupport_fastrtps_c
[51.135s]   Restored /home/osawakousei/ros2_ws/build/center/center_assembly/center_assembly_dotnetcore.csproj (in 564 ms).
[51.233s] [ 71%] Built target center
[51.243s] [ 73%] [32mBuilding C object CMakeFiles/center_custom_unity__rosidl_typesupport_fastrtps_c.dir/rosidl_generator_cs/center/msg/custom_unity_s.c.o[0m
[51.244s] [ 74%] [32mBuilding C object CMakeFiles/center_srv_add_three_ints__rosidl_typesupport_fastrtps_c.dir/rosidl_generator_cs/center/srv/add_three_ints.ep.rosidl_typesupport_fastrtps_c.c.o[0m
[51.253s] [ 76%] [32mBuilding C object CMakeFiles/center_custom_unity__rosidl_typesupport_fastrtps_c.dir/rosidl_generator_cs/center/msg/custom_unity.ep.rosidl_typesupport_fastrtps_c.c.o[0m
[51.284s] [ 77%] [32mBuilding C object CMakeFiles/center_srv_add_three_ints__rosidl_typesupport_fastrtps_c.dir/rosidl_generator_cs/center/srv/add_three_ints_s.c.o[0m
[51.795s] [ 79%] [34m[1mGenerating Python code for ROS interfaces[0m
[52.012s] [ 80%] [32m[1mLinking C shared library rosidl_generator_cs/center/msg/libcenter_custom_unity__rosidl_typesupport_fastrtps_c_native.so[0m
[52.031s] [ 82%] [32m[1mLinking C shared library rosidl_generator_cs/center/srv/libcenter_srv_add_three_ints__rosidl_typesupport_fastrtps_c_native.so[0m
[52.623s] [ 83%] Built target center_srv_add_three_ints__rosidl_typesupport_fastrtps_c
[52.634s] [ 85%] Built target center_custom_unity__rosidl_typesupport_fastrtps_c
[53.119s] [?1h=.NET 向け Microsoft (R) Build Engine バージョン 17.0.1+b177f8fa7
[53.120s] Copyright (C) Microsoft Corporation.All rights reserved.
[53.121s] 
[53.857s] [ 85%] Built target center__py
[54.306s] [ 86%] [32mBuilding C object CMakeFiles/center__rosidl_generator_py.dir/rosidl_generator_py/center/msg/_custom_unity_s.c.o[0m
[54.313s] [ 88%] [32mBuilding C object CMakeFiles/center__rosidl_generator_py.dir/rosidl_generator_py/center/srv/_add_three_ints_s.c.o[0m
[55.434s] [ 89%] [32m[1mLinking C shared library rosidl_generator_py/center/libcenter__rosidl_generator_py.so[0m
[55.921s] [ 89%] Built target center__rosidl_generator_py
[56.406s] [ 94%] [32mBuilding C object CMakeFiles/center__rosidl_typesupport_fastrtps_c__pyext.dir/rosidl_generator_py/center/_center_s.ep.rosidl_typesupport_fastrtps_c.c.o[0m
[56.408s] [ 94%] [32mBuilding C object CMakeFiles/center__rosidl_typesupport_introspection_c__pyext.dir/rosidl_generator_py/center/_center_s.ep.rosidl_typesupport_introspection_c.c.o[0m
[56.408s] [ 94%] [32mBuilding C object CMakeFiles/center__rosidl_typesupport_c__pyext.dir/rosidl_generator_py/center/_center_s.ep.rosidl_typesupport_c.c.o[0m
[56.420s]   Determining projects to restore...
[57.468s]   All projects are up-to-date for restore.
[57.561s] [ 95%] [32m[1mLinking C shared library rosidl_generator_py/center/center_s__rosidl_typesupport_c.cpython-310-x86_64-linux-gnu.so[0m
[57.641s] [ 97%] [32m[1mLinking C shared library rosidl_generator_py/center/center_s__rosidl_typesupport_introspection_c.cpython-310-x86_64-linux-gnu.so[0m
[57.734s] [ 98%] [32m[1mLinking C shared library rosidl_generator_py/center/center_s__rosidl_typesupport_fastrtps_c.cpython-310-x86_64-linux-gnu.so[0m
[58.348s] [ 98%] Built target center__rosidl_typesupport_c__pyext
[58.395s] [ 98%] Built target center__rosidl_typesupport_introspection_c__pyext
[58.462s] [ 98%] Built target center__rosidl_typesupport_fastrtps_c__pyext
[60.183s]   center_assembly_dotnetcore -> /home/osawakousei/ros2_ws/build/center/netstandard2.0/center_assembly.dll
[60.415s] [39;49m[92m
[60.418s] ビルドに成功しました。
[60.418s] [39;49m    0 個の警告
[60.419s] [39;49m    0 エラー
[60.420s] [39;49m
[60.421s] 経過時間 00:00:06.44
[60.692s] [ 98%] Built target center_assembly
[83.150s] [100%] [32m[1mLinking CXX executable center_node[0m
[86.571s] [100%] Built target center_node
[86.732s] Invoked command in '/home/osawakousei/ros2_ws/build/center' returned '0': CMAKE_PREFIX_PATH=/home/osawakousei/ros2_ws/install/custom_test_msgs:/home/osawakousei/ros2_ws/install/custom_message_unity:/home/osawakousei/ros2_ws/src/center/install/center:/home/osawakousei/ros2_ws/install/test_package:/home/osawakousei/ros2_ws/install/test_interface_files:/home/osawakousei/ros2_ws/install/rosidl_default_generators:/home/osawakousei/ros2_ws/install/rosidl_generator_cs:/home/osawakousei/ros2_ws/install/micro_ros_agent:/home/osawakousei/ros2_ws/install/micro_ros_msgs:/home/osawakousei/ros2_ws/install/android_controll_test:/home/osawakousei/ros2_ws/install/cpp_topic_pubsub:/home/osawakousei/ros2_ws/install/cpp_server_client:/home/osawakousei/ros2_ws/install/rosidl_default_runtime:/home/osawakousei/ros2_ws/install/ros2cs_common:/home/osawakousei/ros2_ws/install/micro_ros_setup:/home/osawakousei/ros2_ws/install/dotnet_cmake_module:/home/osawakousei/ros2_ws/install/ament_cmake_export_assemblies:/home/osawakousei/ros2_ws/src/android_controll_test/install/android_controll_test:/home/osawakousei/ros2_ws/src/custom_message_unity/install/custom_message_unity:/home/osawakousei/ros2_ws/src/cpp_server_client/install/cpp_server_client:/home/osawakousei/ros2_ws/src/cpp_topic_pubsub/install/cpp_topic_pubsub:/home/osawakousei/ros2_ws/src/test_package/install/test_package:/home/osawakousei/ros2_ws/uros_ws/install/micro_ros_setup:/home/osawakousei/ros2_ws/uros_ws/install/micro_ros_agent:/home/osawakousei/ros2_ws/uros_ws/install/micro_ros_msgs:/home/osawakousei/ros2_ws/src/custom_test_msgs/install/custom_test_msgs:/opt/ros/humble LD_LIBRARY_PATH=/home/osawakousei/ros2_ws/install/custom_test_msgs/lib:/home/osawakousei/ros2_ws/install/custom_message_unity/lib:/home/osawakousei/ros2_ws/src/center/install/center/lib:/home/osawakousei/ros2_ws/install/micro_ros_agent/lib:/home/osawakousei/ros2_ws/install/micro_ros_msgs/lib:/home/osawakousei/ros2_ws/install/android_controll_test/lib:/home/osawakousei/ros2_ws/install/cpp_topic_pubsub/lib:/home/osawakousei/ros2_ws/install/cpp_server_client/lib:/home/osawakousei/ros2_ws/src/android_controll_test/install/android_controll_test/lib:/home/osawakousei/ros2_ws/src/custom_message_unity/install/custom_message_unity/lib:/home/osawakousei/ros2_ws/src/cpp_server_client/install/cpp_server_client/lib:/home/osawakousei/ros2_ws/src/cpp_topic_pubsub/install/cpp_topic_pubsub/lib:/home/osawakousei/ros2_ws/uros_ws/install/micro_ros_agent/lib:/home/osawakousei/ros2_ws/uros_ws/install/micro_ros_msgs/lib:/home/osawakousei/ros2_ws/src/custom_test_msgs/install/custom_test_msgs/lib:/usr/lib/x86_64-linux-gnu/gazebo-11/plugins:/opt/ros/humble/opt/rviz_ogre_vendor/lib:/opt/ros/humble/lib/x86_64-linux-gnu:/opt/ros/humble/lib /usr/bin/cmake --build /home/osawakousei/ros2_ws/build/center -- -j12 -l12
[90.698s] Invoking command in '/home/osawakousei/ros2_ws/build/center': CMAKE_PREFIX_PATH=/home/osawakousei/ros2_ws/install/custom_test_msgs:/home/osawakousei/ros2_ws/install/custom_message_unity:/home/osawakousei/ros2_ws/src/center/install/center:/home/osawakousei/ros2_ws/install/test_package:/home/osawakousei/ros2_ws/install/test_interface_files:/home/osawakousei/ros2_ws/install/rosidl_default_generators:/home/osawakousei/ros2_ws/install/rosidl_generator_cs:/home/osawakousei/ros2_ws/install/micro_ros_agent:/home/osawakousei/ros2_ws/install/micro_ros_msgs:/home/osawakousei/ros2_ws/install/android_controll_test:/home/osawakousei/ros2_ws/install/cpp_topic_pubsub:/home/osawakousei/ros2_ws/install/cpp_server_client:/home/osawakousei/ros2_ws/install/rosidl_default_runtime:/home/osawakousei/ros2_ws/install/ros2cs_common:/home/osawakousei/ros2_ws/install/micro_ros_setup:/home/osawakousei/ros2_ws/install/dotnet_cmake_module:/home/osawakousei/ros2_ws/install/ament_cmake_export_assemblies:/home/osawakousei/ros2_ws/src/android_controll_test/install/android_controll_test:/home/osawakousei/ros2_ws/src/custom_message_unity/install/custom_message_unity:/home/osawakousei/ros2_ws/src/cpp_server_client/install/cpp_server_client:/home/osawakousei/ros2_ws/src/cpp_topic_pubsub/install/cpp_topic_pubsub:/home/osawakousei/ros2_ws/src/test_package/install/test_package:/home/osawakousei/ros2_ws/uros_ws/install/micro_ros_setup:/home/osawakousei/ros2_ws/uros_ws/install/micro_ros_agent:/home/osawakousei/ros2_ws/uros_ws/install/micro_ros_msgs:/home/osawakousei/ros2_ws/src/custom_test_msgs/install/custom_test_msgs:/opt/ros/humble LD_LIBRARY_PATH=/home/osawakousei/ros2_ws/install/custom_test_msgs/lib:/home/osawakousei/ros2_ws/install/custom_message_unity/lib:/home/osawakousei/ros2_ws/src/center/install/center/lib:/home/osawakousei/ros2_ws/install/micro_ros_agent/lib:/home/osawakousei/ros2_ws/install/micro_ros_msgs/lib:/home/osawakousei/ros2_ws/install/android_controll_test/lib:/home/osawakousei/ros2_ws/install/cpp_topic_pubsub/lib:/home/osawakousei/ros2_ws/install/cpp_server_client/lib:/home/osawakousei/ros2_ws/src/android_controll_test/install/android_controll_test/lib:/home/osawakousei/ros2_ws/src/custom_message_unity/install/custom_message_unity/lib:/home/osawakousei/ros2_ws/src/cpp_server_client/install/cpp_server_client/lib:/home/osawakousei/ros2_ws/src/cpp_topic_pubsub/install/cpp_topic_pubsub/lib:/home/osawakousei/ros2_ws/uros_ws/install/micro_ros_agent/lib:/home/osawakousei/ros2_ws/uros_ws/install/micro_ros_msgs/lib:/home/osawakousei/ros2_ws/src/custom_test_msgs/install/custom_test_msgs/lib:/usr/lib/x86_64-linux-gnu/gazebo-11/plugins:/opt/ros/humble/opt/rviz_ogre_vendor/lib:/opt/ros/humble/lib/x86_64-linux-gnu:/opt/ros/humble/lib /usr/bin/cmake --install /home/osawakousei/ros2_ws/build/center
[90.828s] -- Install configuration: ""
[90.830s] -- Installing: /home/osawakousei/ros2_ws/install/center/share/ament_index/resource_index/rosidl_interfaces/center
[90.832s] -- Installing: /home/osawakousei/ros2_ws/install/center/include/center/center
[90.834s] -- Installing: /home/osawakousei/ros2_ws/install/center/include/center/center/srv
[90.835s] -- Installing: /home/osawakousei/ros2_ws/install/center/include/center/center/srv/detail
[90.836s] -- Installing: /home/osawakousei/ros2_ws/install/center/include/center/center/srv/detail/add_three_ints__type_support.h
[90.838s] -- Installing: /home/osawakousei/ros2_ws/install/center/include/center/center/srv/detail/add_three_ints__functions.c
[90.840s] -- Installing: /home/osawakousei/ros2_ws/install/center/include/center/center/srv/detail/add_three_ints__struct.h
[90.843s] -- Installing: /home/osawakousei/ros2_ws/install/center/include/center/center/srv/detail/add_three_ints__functions.h
[90.844s] -- Installing: /home/osawakousei/ros2_ws/install/center/include/center/center/srv/add_three_ints.h
[90.846s] -- Installing: /home/osawakousei/ros2_ws/install/center/include/center/center/msg
[90.848s] -- Installing: /home/osawakousei/ros2_ws/install/center/include/center/center/msg/rosidl_generator_c__visibility_control.h
[90.849s] -- Installing: /home/osawakousei/ros2_ws/install/center/include/center/center/msg/detail
[90.852s] -- Installing: /home/osawakousei/ros2_ws/install/center/include/center/center/msg/detail/custom_unity__struct.h
[90.853s] -- Installing: /home/osawakousei/ros2_ws/install/center/include/center/center/msg/detail/custom_unity__type_support.h
[90.856s] -- Installing: /home/osawakousei/ros2_ws/install/center/include/center/center/msg/detail/custom_unity__functions.c
[90.856s] -- Installing: /home/osawakousei/ros2_ws/install/center/include/center/center/msg/detail/custom_unity__functions.h
[90.861s] -- Installing: /home/osawakousei/ros2_ws/install/center/include/center/center/msg/custom_unity.h
[90.862s] -- Installing: /home/osawakousei/ros2_ws/install/center/share/center/environment/library_path.sh
[90.864s] -- Installing: /home/osawakousei/ros2_ws/install/center/share/center/environment/library_path.dsv
[90.866s] -- Installing: /home/osawakousei/ros2_ws/install/center/lib/libcenter__rosidl_generator_c.so
[90.883s] -- Set runtime path of "/home/osawakousei/ros2_ws/install/center/lib/libcenter__rosidl_generator_c.so" to ""
[90.884s] -- Up-to-date: /home/osawakousei/ros2_ws/install/center/include/center/center
[90.885s] -- Up-to-date: /home/osawakousei/ros2_ws/install/center/include/center/center/srv
[90.886s] -- Up-to-date: /home/osawakousei/ros2_ws/install/center/include/center/center/srv/detail
[90.887s] -- Installing: /home/osawakousei/ros2_ws/install/center/include/center/center/srv/detail/add_three_ints__rosidl_typesupport_fastrtps_c.h
[90.889s] -- Up-to-date: /home/osawakousei/ros2_ws/install/center/include/center/center/msg
[90.890s] -- Up-to-date: /home/osawakousei/ros2_ws/install/center/include/center/center/msg/detail
[90.891s] -- Installing: /home/osawakousei/ros2_ws/install/center/include/center/center/msg/detail/custom_unity__rosidl_typesupport_fastrtps_c.h
[90.891s] -- Installing: /home/osawakousei/ros2_ws/install/center/include/center/center/msg/rosidl_typesupport_fastrtps_c__visibility_control.h
[90.893s] -- Installing: /home/osawakousei/ros2_ws/install/center/lib/libcenter__rosidl_typesupport_fastrtps_c.so
[90.907s] -- Set runtime path of "/home/osawakousei/ros2_ws/install/center/lib/libcenter__rosidl_typesupport_fastrtps_c.so" to ""
[90.908s] -- Up-to-date: /home/osawakousei/ros2_ws/install/center/include/center/center
[90.909s] -- Up-to-date: /home/osawakousei/ros2_ws/install/center/include/center/center/srv
[90.911s] -- Up-to-date: /home/osawakousei/ros2_ws/install/center/include/center/center/srv/detail
[90.912s] -- Installing: /home/osawakousei/ros2_ws/install/center/include/center/center/srv/detail/add_three_ints__traits.hpp
[90.912s] -- Installing: /home/osawakousei/ros2_ws/install/center/include/center/center/srv/detail/add_three_ints__struct.hpp
[90.915s] -- Installing: /home/osawakousei/ros2_ws/install/center/include/center/center/srv/detail/add_three_ints__builder.hpp
[90.915s] -- Installing: /home/osawakousei/ros2_ws/install/center/include/center/center/srv/add_three_ints.hpp
[90.917s] -- Up-to-date: /home/osawakousei/ros2_ws/install/center/include/center/center/msg
[90.918s] -- Installing: /home/osawakousei/ros2_ws/install/center/include/center/center/msg/custom_unity.hpp
[90.919s] -- Up-to-date: /home/osawakousei/ros2_ws/install/center/include/center/center/msg/detail
[90.920s] -- Installing: /home/osawakousei/ros2_ws/install/center/include/center/center/msg/detail/custom_unity__builder.hpp
[90.923s] -- Installing: /home/osawakousei/ros2_ws/install/center/include/center/center/msg/detail/custom_unity__struct.hpp
[90.924s] -- Installing: /home/osawakousei/ros2_ws/install/center/include/center/center/msg/detail/custom_unity__traits.hpp
[90.927s] -- Up-to-date: /home/osawakousei/ros2_ws/install/center/include/center/center
[90.927s] -- Up-to-date: /home/osawakousei/ros2_ws/install/center/include/center/center/srv
[90.928s] -- Up-to-date: /home/osawakousei/ros2_ws/install/center/include/center/center/srv/detail
[90.929s] -- Installing: /home/osawakousei/ros2_ws/install/center/include/center/center/srv/detail/add_three_ints__rosidl_typesupport_fastrtps_cpp.hpp
[90.931s] -- Installing: /home/osawakousei/ros2_ws/install/center/include/center/center/srv/detail/dds_fastrtps
[90.933s] -- Up-to-date: /home/osawakousei/ros2_ws/install/center/include/center/center/msg
[90.935s] -- Installing: /home/osawakousei/ros2_ws/install/center/include/center/center/msg/rosidl_typesupport_fastrtps_cpp__visibility_control.h
[90.935s] -- Up-to-date: /home/osawakousei/ros2_ws/install/center/include/center/center/msg/detail
[90.937s] -- Installing: /home/osawakousei/ros2_ws/install/center/include/center/center/msg/detail/custom_unity__rosidl_typesupport_fastrtps_cpp.hpp
[90.939s] -- Installing: /home/osawakousei/ros2_ws/install/center/include/center/center/msg/detail/dds_fastrtps
[90.943s] -- Installing: /home/osawakousei/ros2_ws/install/center/lib/libcenter__rosidl_typesupport_fastrtps_cpp.so
[90.958s] -- Set runtime path of "/home/osawakousei/ros2_ws/install/center/lib/libcenter__rosidl_typesupport_fastrtps_cpp.so" to ""
[90.959s] -- Up-to-date: /home/osawakousei/ros2_ws/install/center/include/center/center
[90.962s] -- Up-to-date: /home/osawakousei/ros2_ws/install/center/include/center/center/srv
[90.963s] -- Up-to-date: /home/osawakousei/ros2_ws/install/center/include/center/center/srv/detail
[90.964s] -- Installing: /home/osawakousei/ros2_ws/install/center/include/center/center/srv/detail/add_three_ints__type_support.c
[90.967s] -- Installing: /home/osawakousei/ros2_ws/install/center/include/center/center/srv/detail/add_three_ints__rosidl_typesupport_introspection_c.h
[90.968s] -- Up-to-date: /home/osawakousei/ros2_ws/install/center/include/center/center/msg
[90.969s] -- Installing: /home/osawakousei/ros2_ws/install/center/include/center/center/msg/rosidl_typesupport_introspection_c__visibility_control.h
[90.971s] -- Up-to-date: /home/osawakousei/ros2_ws/install/center/include/center/center/msg/detail
[90.974s] -- Installing: /home/osawakousei/ros2_ws/install/center/include/center/center/msg/detail/custom_unity__rosidl_typesupport_introspection_c.h
[90.975s] -- Installing: /home/osawakousei/ros2_ws/install/center/include/center/center/msg/detail/custom_unity__type_support.c
[90.979s] -- Installing: /home/osawakousei/ros2_ws/install/center/lib/libcenter__rosidl_typesupport_introspection_c.so
[90.988s] -- Set runtime path of "/home/osawakousei/ros2_ws/install/center/lib/libcenter__rosidl_typesupport_introspection_c.so" to ""
[90.991s] -- Installing: /home/osawakousei/ros2_ws/install/center/lib/libcenter__rosidl_typesupport_c.so
[91.002s] -- Set runtime path of "/home/osawakousei/ros2_ws/install/center/lib/libcenter__rosidl_typesupport_c.so" to ""
[91.003s] -- Up-to-date: /home/osawakousei/ros2_ws/install/center/include/center/center
[91.004s] -- Up-to-date: /home/osawakousei/ros2_ws/install/center/include/center/center/srv
[91.007s] -- Up-to-date: /home/osawakousei/ros2_ws/install/center/include/center/center/srv/detail
[91.007s] -- Installing: /home/osawakousei/ros2_ws/install/center/include/center/center/srv/detail/add_three_ints__type_support.cpp
[91.009s] -- Installing: /home/osawakousei/ros2_ws/install/center/include/center/center/srv/detail/add_three_ints__rosidl_typesupport_introspection_cpp.hpp
[91.011s] -- Up-to-date: /home/osawakousei/ros2_ws/install/center/include/center/center/msg
[91.013s] -- Up-to-date: /home/osawakousei/ros2_ws/install/center/include/center/center/msg/detail
[91.014s] -- Installing: /home/osawakousei/ros2_ws/install/center/include/center/center/msg/detail/custom_unity__rosidl_typesupport_introspection_cpp.hpp
[91.016s] -- Installing: /home/osawakousei/ros2_ws/install/center/include/center/center/msg/detail/custom_unity__type_support.cpp
[91.018s] -- Installing: /home/osawakousei/ros2_ws/install/center/lib/libcenter__rosidl_typesupport_introspection_cpp.so
[91.030s] -- Set runtime path of "/home/osawakousei/ros2_ws/install/center/lib/libcenter__rosidl_typesupport_introspection_cpp.so" to ""
[91.032s] -- Installing: /home/osawakousei/ros2_ws/install/center/lib/libcenter__rosidl_typesupport_cpp.so
[91.045s] -- Set runtime path of "/home/osawakousei/ros2_ws/install/center/lib/libcenter__rosidl_typesupport_cpp.so" to ""
[91.046s] -- Installing: /home/osawakousei/ros2_ws/install/center/lib/libcenter_custom_unity__rosidl_typesupport_c_native.so
[91.059s] -- Set runtime path of "/home/osawakousei/ros2_ws/install/center/lib/libcenter_custom_unity__rosidl_typesupport_c_native.so" to ""
[91.060s] -- Installing: /home/osawakousei/ros2_ws/install/center/lib/libcenter_custom_unity__rosidl_typesupport_introspection_c_native.so
[91.069s] -- Set runtime path of "/home/osawakousei/ros2_ws/install/center/lib/libcenter_custom_unity__rosidl_typesupport_introspection_c_native.so" to ""
[91.070s] -- Installing: /home/osawakousei/ros2_ws/install/center/lib/libcenter_custom_unity__rosidl_typesupport_fastrtps_c_native.so
[91.082s] -- Set runtime path of "/home/osawakousei/ros2_ws/install/center/lib/libcenter_custom_unity__rosidl_typesupport_fastrtps_c_native.so" to ""
[91.083s] -- Installing: /home/osawakousei/ros2_ws/install/center/lib/libcenter_srv_add_three_ints__rosidl_typesupport_c_native.so
[91.091s] -- Set runtime path of "/home/osawakousei/ros2_ws/install/center/lib/libcenter_srv_add_three_ints__rosidl_typesupport_c_native.so" to ""
[91.091s] -- Installing: /home/osawakousei/ros2_ws/install/center/lib/libcenter_srv_add_three_ints__rosidl_typesupport_introspection_c_native.so
[91.098s] -- Set runtime path of "/home/osawakousei/ros2_ws/install/center/lib/libcenter_srv_add_three_ints__rosidl_typesupport_introspection_c_native.so" to ""
[91.098s] -- Installing: /home/osawakousei/ros2_ws/install/center/lib/libcenter_srv_add_three_ints__rosidl_typesupport_fastrtps_c_native.so
[91.106s] -- Set runtime path of "/home/osawakousei/ros2_ws/install/center/lib/libcenter_srv_add_three_ints__rosidl_typesupport_fastrtps_c_native.so" to ""
[91.106s] -- Installing: /home/osawakousei/ros2_ws/install/center/lib/dotnet
[91.108s] -- Installing: /home/osawakousei/ros2_ws/install/center/lib/dotnet/ros2cs_common.dll
[91.109s] -- Installing: /home/osawakousei/ros2_ws/install/center/lib/dotnet/center_assembly.dll
[91.112s] -- Installing: /home/osawakousei/ros2_ws/install/center/lib/dotnet/center_assembly.deps.json
[91.114s] -- Up-to-date: /home/osawakousei/ros2_ws/install/center/lib/dotnet
[91.114s] -- Up-to-date: /home/osawakousei/ros2_ws/install/center/lib/dotnet/ros2cs_common.dll
[91.115s] -- Up-to-date: /home/osawakousei/ros2_ws/install/center/lib/dotnet/center_assembly.dll
[91.117s] -- Up-to-date: /home/osawakousei/ros2_ws/install/center/lib/dotnet/center_assembly.deps.json
[91.118s] -- Installing: /home/osawakousei/ros2_ws/install/center/share/center/environment/pythonpath.sh
[91.119s] -- Installing: /home/osawakousei/ros2_ws/install/center/share/center/environment/pythonpath.dsv
[91.120s] -- Installing: /home/osawakousei/ros2_ws/install/center/local/lib/python3.10/dist-packages/center-0.0.0-py3.10.egg-info
[91.121s] -- Installing: /home/osawakousei/ros2_ws/install/center/local/lib/python3.10/dist-packages/center-0.0.0-py3.10.egg-info/top_level.txt
[91.122s] -- Installing: /home/osawakousei/ros2_ws/install/center/local/lib/python3.10/dist-packages/center-0.0.0-py3.10.egg-info/SOURCES.txt
[91.123s] -- Installing: /home/osawakousei/ros2_ws/install/center/local/lib/python3.10/dist-packages/center-0.0.0-py3.10.egg-info/dependency_links.txt
[91.126s] -- Installing: /home/osawakousei/ros2_ws/install/center/local/lib/python3.10/dist-packages/center-0.0.0-py3.10.egg-info/PKG-INFO
[91.127s] -- Installing: /home/osawakousei/ros2_ws/install/center/local/lib/python3.10/dist-packages/center
[91.128s] -- Installing: /home/osawakousei/ros2_ws/install/center/local/lib/python3.10/dist-packages/center/_center_s.ep.rosidl_typesupport_fastrtps_c.c
[91.130s] -- Installing: /home/osawakousei/ros2_ws/install/center/local/lib/python3.10/dist-packages/center/srv
[91.131s] -- Installing: /home/osawakousei/ros2_ws/install/center/local/lib/python3.10/dist-packages/center/srv/_add_three_ints.py
[91.133s] -- Installing: /home/osawakousei/ros2_ws/install/center/local/lib/python3.10/dist-packages/center/srv/__init__.py
[91.135s] -- Installing: /home/osawakousei/ros2_ws/install/center/local/lib/python3.10/dist-packages/center/srv/_add_three_ints_s.c
[91.137s] -- Installing: /home/osawakousei/ros2_ws/install/center/local/lib/python3.10/dist-packages/center/center_s__rosidl_typesupport_fastrtps_c.cpython-310-x86_64-linux-gnu.so
[91.139s] -- Installing: /home/osawakousei/ros2_ws/install/center/local/lib/python3.10/dist-packages/center/center_s__rosidl_typesupport_c.cpython-310-x86_64-linux-gnu.so
[91.141s] -- Installing: /home/osawakousei/ros2_ws/install/center/local/lib/python3.10/dist-packages/center/libcenter__rosidl_generator_py.so
[91.144s] -- Installing: /home/osawakousei/ros2_ws/install/center/local/lib/python3.10/dist-packages/center/__init__.py
[91.146s] -- Installing: /home/osawakousei/ros2_ws/install/center/local/lib/python3.10/dist-packages/center/_center_s.ep.rosidl_typesupport_c.c
[91.148s] -- Installing: /home/osawakousei/ros2_ws/install/center/local/lib/python3.10/dist-packages/center/center_s__rosidl_typesupport_introspection_c.cpython-310-x86_64-linux-gnu.so
[91.150s] -- Installing: /home/osawakousei/ros2_ws/install/center/local/lib/python3.10/dist-packages/center/_center_s.ep.rosidl_typesupport_introspection_c.c
[91.152s] -- Installing: /home/osawakousei/ros2_ws/install/center/local/lib/python3.10/dist-packages/center/msg
[91.153s] -- Installing: /home/osawakousei/ros2_ws/install/center/local/lib/python3.10/dist-packages/center/msg/_custom_unity_s.c
[91.158s] -- Installing: /home/osawakousei/ros2_ws/install/center/local/lib/python3.10/dist-packages/center/msg/_custom_unity.py
[91.159s] -- Installing: /home/osawakousei/ros2_ws/install/center/local/lib/python3.10/dist-packages/center/msg/__init__.py
[91.510s] Listing '/home/osawakousei/ros2_ws/install/center/local/lib/python3.10/dist-packages/center'...
[91.511s] Compiling '/home/osawakousei/ros2_ws/install/center/local/lib/python3.10/dist-packages/center/__init__.py'...
[91.511s] Listing '/home/osawakousei/ros2_ws/install/center/local/lib/python3.10/dist-packages/center/msg'...
[91.512s] Compiling '/home/osawakousei/ros2_ws/install/center/local/lib/python3.10/dist-packages/center/msg/__init__.py'...
[91.513s] Compiling '/home/osawakousei/ros2_ws/install/center/local/lib/python3.10/dist-packages/center/msg/_custom_unity.py'...
[91.513s] Listing '/home/osawakousei/ros2_ws/install/center/local/lib/python3.10/dist-packages/center/srv'...
[91.514s] Compiling '/home/osawakousei/ros2_ws/install/center/local/lib/python3.10/dist-packages/center/srv/__init__.py'...
[91.515s] Compiling '/home/osawakousei/ros2_ws/install/center/local/lib/python3.10/dist-packages/center/srv/_add_three_ints.py'...
[91.530s] -- Installing: /home/osawakousei/ros2_ws/install/center/local/lib/python3.10/dist-packages/center/center_s__rosidl_typesupport_fastrtps_c.cpython-310-x86_64-linux-gnu.so
[91.542s] -- Set runtime path of "/home/osawakousei/ros2_ws/install/center/local/lib/python3.10/dist-packages/center/center_s__rosidl_typesupport_fastrtps_c.cpython-310-x86_64-linux-gnu.so" to ""
[91.547s] -- Installing: /home/osawakousei/ros2_ws/install/center/local/lib/python3.10/dist-packages/center/center_s__rosidl_typesupport_introspection_c.cpython-310-x86_64-linux-gnu.so
[91.560s] -- Set runtime path of "/home/osawakousei/ros2_ws/install/center/local/lib/python3.10/dist-packages/center/center_s__rosidl_typesupport_introspection_c.cpython-310-x86_64-linux-gnu.so" to ""
[91.566s] -- Installing: /home/osawakousei/ros2_ws/install/center/local/lib/python3.10/dist-packages/center/center_s__rosidl_typesupport_c.cpython-310-x86_64-linux-gnu.so
[91.581s] -- Set runtime path of "/home/osawakousei/ros2_ws/install/center/local/lib/python3.10/dist-packages/center/center_s__rosidl_typesupport_c.cpython-310-x86_64-linux-gnu.so" to ""
[91.582s] -- Installing: /home/osawakousei/ros2_ws/install/center/lib/libcenter__rosidl_generator_py.so
[91.596s] -- Set runtime path of "/home/osawakousei/ros2_ws/install/center/lib/libcenter__rosidl_generator_py.so" to ""
[91.597s] -- Installing: /home/osawakousei/ros2_ws/install/center/share/center/msg/CustomUnity.idl
[91.600s] -- Installing: /home/osawakousei/ros2_ws/install/center/share/center/srv/AddThreeInts.idl
[91.603s] -- Installing: /home/osawakousei/ros2_ws/install/center/share/center/msg/CustomUnity.msg
[91.605s] -- Installing: /home/osawakousei/ros2_ws/install/center/share/center/srv/AddThreeInts.srv
[91.608s] -- Installing: /home/osawakousei/ros2_ws/install/center/share/center/srv/AddThreeInts_Request.msg
[91.609s] -- Installing: /home/osawakousei/ros2_ws/install/center/share/center/srv/AddThreeInts_Response.msg
[91.612s] -- Installing: /home/osawakousei/ros2_ws/install/center/lib/center/center_node
[91.700s] -- Set runtime path of "/home/osawakousei/ros2_ws/install/center/lib/center/center_node" to ""
[91.703s] -- Installing: /home/osawakousei/ros2_ws/install/center/share/ament_index/resource_index/package_run_dependencies/center
[91.703s] -- Installing: /home/osawakousei/ros2_ws/install/center/share/ament_index/resource_index/parent_prefix_path/center
[91.705s] -- Installing: /home/osawakousei/ros2_ws/install/center/share/center/environment/ament_prefix_path.sh
[91.707s] -- Installing: /home/osawakousei/ros2_ws/install/center/share/center/environment/ament_prefix_path.dsv
[91.709s] -- Installing: /home/osawakousei/ros2_ws/install/center/share/center/environment/path.sh
[91.711s] -- Installing: /home/osawakousei/ros2_ws/install/center/share/center/environment/path.dsv
[91.714s] -- Installing: /home/osawakousei/ros2_ws/install/center/share/center/local_setup.bash
[91.715s] -- Installing: /home/osawakousei/ros2_ws/install/center/share/center/local_setup.sh
[91.718s] -- Installing: /home/osawakousei/ros2_ws/install/center/share/center/local_setup.zsh
[91.719s] -- Installing: /home/osawakousei/ros2_ws/install/center/share/center/local_setup.dsv
[91.722s] -- Installing: /home/osawakousei/ros2_ws/install/center/share/center/package.dsv
[91.724s] -- Installing: /home/osawakousei/ros2_ws/install/center/share/ament_index/resource_index/packages/center
[91.727s] -- Installing: /home/osawakousei/ros2_ws/install/center/share/center/cmake/export_center__rosidl_generator_cExport.cmake
[91.729s] -- Installing: /home/osawakousei/ros2_ws/install/center/share/center/cmake/export_center__rosidl_generator_cExport-noconfig.cmake
[91.731s] -- Installing: /home/osawakousei/ros2_ws/install/center/share/center/cmake/export_center__rosidl_typesupport_fastrtps_cExport.cmake
[91.733s] -- Installing: /home/osawakousei/ros2_ws/install/center/share/center/cmake/export_center__rosidl_typesupport_fastrtps_cExport-noconfig.cmake
[91.735s] -- Installing: /home/osawakousei/ros2_ws/install/center/share/center/cmake/export_center__rosidl_generator_cppExport.cmake
[91.738s] -- Installing: /home/osawakousei/ros2_ws/install/center/share/center/cmake/export_center__rosidl_typesupport_fastrtps_cppExport.cmake
[91.740s] -- Installing: /home/osawakousei/ros2_ws/install/center/share/center/cmake/export_center__rosidl_typesupport_fastrtps_cppExport-noconfig.cmake
[91.742s] -- Installing: /home/osawakousei/ros2_ws/install/center/share/center/cmake/center__rosidl_typesupport_introspection_cExport.cmake
[91.744s] -- Installing: /home/osawakousei/ros2_ws/install/center/share/center/cmake/center__rosidl_typesupport_introspection_cExport-noconfig.cmake
[91.746s] -- Installing: /home/osawakousei/ros2_ws/install/center/share/center/cmake/center__rosidl_typesupport_cExport.cmake
[91.748s] -- Installing: /home/osawakousei/ros2_ws/install/center/share/center/cmake/center__rosidl_typesupport_cExport-noconfig.cmake
[91.750s] -- Installing: /home/osawakousei/ros2_ws/install/center/share/center/cmake/center__rosidl_typesupport_introspection_cppExport.cmake
[91.752s] -- Installing: /home/osawakousei/ros2_ws/install/center/share/center/cmake/center__rosidl_typesupport_introspection_cppExport-noconfig.cmake
[91.754s] -- Installing: /home/osawakousei/ros2_ws/install/center/share/center/cmake/center__rosidl_typesupport_cppExport.cmake
[91.756s] -- Installing: /home/osawakousei/ros2_ws/install/center/share/center/cmake/center__rosidl_typesupport_cppExport-noconfig.cmake
[91.758s] -- Installing: /home/osawakousei/ros2_ws/install/center/share/center/cmake/export_center__rosidl_generator_pyExport.cmake
[91.760s] -- Installing: /home/osawakousei/ros2_ws/install/center/share/center/cmake/export_center__rosidl_generator_pyExport-noconfig.cmake
[91.761s] -- Installing: /home/osawakousei/ros2_ws/install/center/share/center/cmake/rosidl_cmake-extras.cmake
[91.763s] -- Installing: /home/osawakousei/ros2_ws/install/center/share/center/cmake/ament_cmake_export_include_directories-extras.cmake
[91.765s] -- Installing: /home/osawakousei/ros2_ws/install/center/share/center/cmake/ament_cmake_export_libraries-extras.cmake
[91.766s] -- Installing: /home/osawakousei/ros2_ws/install/center/share/center/cmake/ament_cmake_export_targets-extras.cmake
[91.767s] -- Installing: /home/osawakousei/ros2_ws/install/center/share/center/cmake/rosidl_cmake_export_typesupport_targets-extras.cmake
[91.769s] -- Installing: /home/osawakousei/ros2_ws/install/center/share/center/cmake/ament_cmake_export_dependencies-extras.cmake
[91.771s] -- Installing: /home/osawakousei/ros2_ws/install/center/share/center/cmake/rosidl_cmake_export_typesupport_libraries-extras.cmake
[91.773s] -- Installing: /home/osawakousei/ros2_ws/install/center/share/center/cmake/ament_cmake_export_assemblies-extras.cmake
[91.774s] -- Installing: /home/osawakousei/ros2_ws/install/center/share/center/cmake/centerConfig.cmake
[91.776s] -- Installing: /home/osawakousei/ros2_ws/install/center/share/center/cmake/centerConfig-version.cmake
[91.777s] -- Installing: /home/osawakousei/ros2_ws/install/center/share/center/package.xml
[91.796s] Invoked command in '/home/osawakousei/ros2_ws/build/center' returned '0': CMAKE_PREFIX_PATH=/home/osawakousei/ros2_ws/install/custom_test_msgs:/home/osawakousei/ros2_ws/install/custom_message_unity:/home/osawakousei/ros2_ws/src/center/install/center:/home/osawakousei/ros2_ws/install/test_package:/home/osawakousei/ros2_ws/install/test_interface_files:/home/osawakousei/ros2_ws/install/rosidl_default_generators:/home/osawakousei/ros2_ws/install/rosidl_generator_cs:/home/osawakousei/ros2_ws/install/micro_ros_agent:/home/osawakousei/ros2_ws/install/micro_ros_msgs:/home/osawakousei/ros2_ws/install/android_controll_test:/home/osawakousei/ros2_ws/install/cpp_topic_pubsub:/home/osawakousei/ros2_ws/install/cpp_server_client:/home/osawakousei/ros2_ws/install/rosidl_default_runtime:/home/osawakousei/ros2_ws/install/ros2cs_common:/home/osawakousei/ros2_ws/install/micro_ros_setup:/home/osawakousei/ros2_ws/install/dotnet_cmake_module:/home/osawakousei/ros2_ws/install/ament_cmake_export_assemblies:/home/osawakousei/ros2_ws/src/android_controll_test/install/android_controll_test:/home/osawakousei/ros2_ws/src/custom_message_unity/install/custom_message_unity:/home/osawakousei/ros2_ws/src/cpp_server_client/install/cpp_server_client:/home/osawakousei/ros2_ws/src/cpp_topic_pubsub/install/cpp_topic_pubsub:/home/osawakousei/ros2_ws/src/test_package/install/test_package:/home/osawakousei/ros2_ws/uros_ws/install/micro_ros_setup:/home/osawakousei/ros2_ws/uros_ws/install/micro_ros_agent:/home/osawakousei/ros2_ws/uros_ws/install/micro_ros_msgs:/home/osawakousei/ros2_ws/src/custom_test_msgs/install/custom_test_msgs:/opt/ros/humble LD_LIBRARY_PATH=/home/osawakousei/ros2_ws/install/custom_test_msgs/lib:/home/osawakousei/ros2_ws/install/custom_message_unity/lib:/home/osawakousei/ros2_ws/src/center/install/center/lib:/home/osawakousei/ros2_ws/install/micro_ros_agent/lib:/home/osawakousei/ros2_ws/install/micro_ros_msgs/lib:/home/osawakousei/ros2_ws/install/android_controll_test/lib:/home/osawakousei/ros2_ws/install/cpp_topic_pubsub/lib:/home/osawakousei/ros2_ws/install/cpp_server_client/lib:/home/osawakousei/ros2_ws/src/android_controll_test/install/android_controll_test/lib:/home/osawakousei/ros2_ws/src/custom_message_unity/install/custom_message_unity/lib:/home/osawakousei/ros2_ws/src/cpp_server_client/install/cpp_server_client/lib:/home/osawakousei/ros2_ws/src/cpp_topic_pubsub/install/cpp_topic_pubsub/lib:/home/osawakousei/ros2_ws/uros_ws/install/micro_ros_agent/lib:/home/osawakousei/ros2_ws/uros_ws/install/micro_ros_msgs/lib:/home/osawakousei/ros2_ws/src/custom_test_msgs/install/custom_test_msgs/lib:/usr/lib/x86_64-linux-gnu/gazebo-11/plugins:/opt/ros/humble/opt/rviz_ogre_vendor/lib:/opt/ros/humble/lib/x86_64-linux-gnu:/opt/ros/humble/lib /usr/bin/cmake --install /home/osawakousei/ros2_ws/build/center
