[1.504s] Invoking command in '/home/osawakousei/ros2_ws/src/center/build/center': CMAKE_PREFIX_PATH=${CMAKE_PREFIX_PATH}:/opt/ros/humble /usr/bin/cmake /home/osawakousei/ros2_ws/src/center -DCMAKE_INSTALL_PREFIX=/home/osawakousei/ros2_ws/src/center/install/center
[2.350s] -- The C compiler identification is GNU 11.4.0
[3.030s] -- The CXX compiler identification is GNU 11.4.0
[3.120s] -- Detecting C compiler ABI info
[4.204s] -- Detecting C compiler ABI info - done
[4.238s] -- Check for working C compiler: /usr/bin/cc - skipped
[4.240s] -- Detecting C compile features
[4.242s] -- Detecting C compile features - done
[4.264s] -- Detecting CXX compiler ABI info
[5.452s] -- Detecting CXX compiler ABI info - done
[5.480s] -- Check for working CXX compiler: /usr/bin/c++ - skipped
[5.483s] -- Detecting CXX compile features
[5.486s] -- Detecting CXX compile features - done
[5.590s] -- Found ament_cmake: 1.3.5 (/opt/ros/humble/share/ament_cmake/cmake)
[7.516s] -- Found Python3: /usr/bin/python3.10 (found version "3.10.12") found components: Interpreter 
[9.308s] -- Found rclcpp: 16.0.6 (/opt/ros/humble/share/rclcpp/cmake)
[10.466s] -- Found rosidl_generator_c: 3.1.5 (/opt/ros/humble/share/rosidl_generator_c/cmake)
[10.659s] -- Found rosidl_adapter: 3.1.5 (/opt/ros/humble/share/rosidl_adapter/cmake)
[10.878s] -- Found rosidl_generator_cpp: 3.1.5 (/opt/ros/humble/share/rosidl_generator_cpp/cmake)
[11.151s] -- Using all available rosidl_typesupport_c: rosidl_typesupport_fastrtps_c;rosidl_typesupport_introspection_c
[11.540s] -- Using all available rosidl_typesupport_cpp: rosidl_typesupport_fastrtps_cpp;rosidl_typesupport_introspection_cpp
[12.771s] -- Found rmw_implementation_cmake: 6.1.1 (/opt/ros/humble/share/rmw_implementation_cmake/cmake)
[12.868s] -- Found rmw_fastrtps_cpp: 6.2.4 (/opt/ros/humble/share/rmw_fastrtps_cpp/cmake)
[14.648s] -- Found OpenSSL: /usr/lib/x86_64-linux-gnu/libcrypto.so (found version "3.0.2")  
[14.939s] -- Found FastRTPS: /opt/ros/humble/include  
[15.455s] -- Using RMW implementation 'rmw_fastrtps_cpp' as default
[15.756s] -- Looking for pthread.h
[16.870s] -- Looking for pthread.h - found
[16.882s] -- Performing Test CMAKE_HAVE_LIBC_PTHREAD
[18.003s] -- Performing Test CMAKE_HAVE_LIBC_PTHREAD - Success
[18.018s] -- Found Threads: TRUE  
[19.399s] -- Found rosidl_default_generators: 1.2.0 (/home/osawakousei/ros2_ws/install/rosidl_default_generators/share/rosidl_default_generators/cmake)
[19.614s] -- Found custom_test_msgs: 0.0.0 (/home/osawakousei/ros2_ws/install/custom_test_msgs/share/custom_test_msgs/cmake)
[19.747s] -- Found custom_message_unity: 0.0.0 (/home/osawakousei/ros2_ws/install/custom_message_unity/share/custom_message_unity/cmake)
[19.892s] -- Found ament_lint_auto: 0.12.8 (/opt/ros/humble/share/ament_lint_auto/cmake)
[20.830s] [31mCMake Error at /opt/ros/humble/share/rosidl_cmake/cmake/rosidl_generate_interfaces.cmake:93 (message):
[20.832s]   rosidl_generate_interfaces() the passed file 'msg/CustomUnity.msg' doesn't
[20.835s]   exist relative to the CMAKE_CURRENT_SOURCE_DIR
[20.836s]   '/home/osawakousei/ros2_ws/src/center'
[20.836s] Call Stack (most recent call first):
[20.838s]   CMakeLists.txt:35 (rosidl_generate_interfaces)
[20.840s] 
[20.840s] [0m
[20.841s] -- Configuring incomplete, errors occurred!
[20.842s] See also "/home/osawakousei/ros2_ws/src/center/build/center/CMakeFiles/CMakeOutput.log".
[20.908s] Invoked command in '/home/osawakousei/ros2_ws/src/center/build/center' returned '1': CMAKE_PREFIX_PATH=${CMAKE_PREFIX_PATH}:/opt/ros/humble /usr/bin/cmake /home/osawakousei/ros2_ws/src/center -DCMAKE_INSTALL_PREFIX=/home/osawakousei/ros2_ws/src/center/install/center
