[3.487s] Invoking command in '/home/osawakousei/ros2_ws/build/custom_message_unity': CMAKE_PREFIX_PATH=${CMAKE_PREFIX_PATH}:/opt/ros/humble /usr/bin/cmake --build /home/osawakousei/ros2_ws/build/custom_message_unity -- -j8 -l8
[4.258s] [  2%] Built target custom_message_unity__cs
[4.270s] [  4%] Built target custom_message_unity__cpp
[4.280s] [ 10%] Built target custom_message_unity__rosidl_generator_c
[4.532s] [ 10%] Built target ament_cmake_python_copy_custom_message_unity
[4.821s] [ 17%] Built target custom_message_unity__rosidl_typesupport_introspection_cpp
[4.821s] [ 19%] [34m[1m/usr/bin/cmake;-version;/usr/bin/dotnet restore custom_message_unity_assembly_dotnetcore.csproj;          /usr/bin/dotnet build custom_message_unity_assembly_dotnetcore.csproj -> /home/osawakousei/ros2_ws/build/custom_message_unity/custom_message_unity_assembly[0m
[4.884s] [ 26%] Built target custom_message_unity__rosidl_typesupport_cpp
[4.930s] [ 32%] Built target custom_message_unity__rosidl_typesupport_fastrtps_cpp
[5.082s] [ 41%] Built target custom_message_unity__rosidl_typesupport_c
[5.086s] [ 45%] Built target custom_message_unity__rosidl_typesupport_introspection_c
[5.157s] [ 52%] Built target custom_message_unity__rosidl_typesupport_fastrtps_c
[5.552s] [ 60%] Built target custom_message_unity_custom_unity__rosidl_typesupport_c
[5.667s] [ 60%] Built target custom_message_unity
[5.680s] [ 69%] Built target custom_message_unity_custom_unity__rosidl_typesupport_fastrtps_c
[5.685s] [ 78%] Built target custom_message_unity_custom_unity__rosidl_typesupport_introspection_c
[5.787s] cmake version 3.22.1
[5.787s] 
[5.788s] CMake suite maintained and supported by Kitware (kitware.com/cmake).
[6.002s] [ 80%] Built target custom_message_unity__py
[6.622s] [ 84%] Built target custom_message_unity__rosidl_generator_py
[6.938s] [ 89%] Built target custom_message_unity__rosidl_typesupport_introspection_c__pyext
[6.975s] [ 93%] Built target custom_message_unity__rosidl_typesupport_c__pyext
[7.062s] [ 97%] Built target custom_message_unity__rosidl_typesupport_fastrtps_c__pyext
[7.218s] running egg_info
[7.219s] writing custom_message_unity.egg-info/PKG-INFO
[7.220s] writing dependency_links to custom_message_unity.egg-info/dependency_links.txt
[7.223s] writing top-level names to custom_message_unity.egg-info/top_level.txt
[7.246s] reading manifest file 'custom_message_unity.egg-info/SOURCES.txt'
[7.251s] writing manifest file 'custom_message_unity.egg-info/SOURCES.txt'
[7.396s] [ 97%] Built target ament_cmake_python_build_custom_message_unity_egg
[11.584s] [?1h=  Determining projects to restore...
[12.619s]   All projects are up-to-date for restore.
[13.787s] [?1h=.NET 向け Microsoft (R) Build Engine バージョン 17.0.1+b177f8fa7
[13.787s] Copyright (C) Microsoft Corporation.All rights reserved.
[13.787s] 
[16.076s]   Determining projects to restore...
[16.821s]   All projects are up-to-date for restore.
[18.114s]   custom_message_unity_assembly_dotnetcore -> /home/osawakousei/ros2_ws/build/custom_message_unity/netstandard2.0/custom_message_unity_assembly.dll
[18.180s] [39;49m[92m
[18.188s] ビルドに成功しました。
[18.188s] [39;49m    0 個の警告
[18.189s] [39;49m    0 エラー
[18.189s] [39;49m
[18.189s] 経過時間 00:00:03.71
[18.326s] [100%] Built target custom_message_unity_assembly
[18.385s] Invoked command in '/home/osawakousei/ros2_ws/build/custom_message_unity' returned '0': CMAKE_PREFIX_PATH=${CMAKE_PREFIX_PATH}:/opt/ros/humble /usr/bin/cmake --build /home/osawakousei/ros2_ws/build/custom_message_unity -- -j8 -l8
[19.182s] Invoking command in '/home/osawakousei/ros2_ws/build/custom_message_unity': CMAKE_PREFIX_PATH=${CMAKE_PREFIX_PATH}:/opt/ros/humble /usr/bin/cmake --install /home/osawakousei/ros2_ws/build/custom_message_unity
[19.268s] -- Install configuration: ""
[19.270s] -- Up-to-date: /home/osawakousei/ros2_ws/install/custom_message_unity/share/ament_index/resource_index/rosidl_interfaces/custom_message_unity
[19.270s] -- Up-to-date: /home/osawakousei/ros2_ws/install/custom_message_unity/include/custom_message_unity/custom_message_unity
[19.270s] -- Up-to-date: /home/osawakousei/ros2_ws/install/custom_message_unity/include/custom_message_unity/custom_message_unity/msg
[19.271s] -- Up-to-date: /home/osawakousei/ros2_ws/install/custom_message_unity/include/custom_message_unity/custom_message_unity/msg/rosidl_generator_c__visibility_control.h
[19.271s] -- Up-to-date: /home/osawakousei/ros2_ws/install/custom_message_unity/include/custom_message_unity/custom_message_unity/msg/detail
[19.271s] -- Up-to-date: /home/osawakousei/ros2_ws/install/custom_message_unity/include/custom_message_unity/custom_message_unity/msg/detail/custom_unity__struct.h
[19.272s] -- Up-to-date: /home/osawakousei/ros2_ws/install/custom_message_unity/include/custom_message_unity/custom_message_unity/msg/detail/custom_unity__type_support.h
[19.273s] -- Up-to-date: /home/osawakousei/ros2_ws/install/custom_message_unity/include/custom_message_unity/custom_message_unity/msg/detail/custom_unity__functions.c
[19.273s] -- Up-to-date: /home/osawakousei/ros2_ws/install/custom_message_unity/include/custom_message_unity/custom_message_unity/msg/detail/custom_unity__functions.h
[19.273s] -- Up-to-date: /home/osawakousei/ros2_ws/install/custom_message_unity/include/custom_message_unity/custom_message_unity/msg/custom_unity.h
[19.273s] -- Up-to-date: /home/osawakousei/ros2_ws/install/custom_message_unity/share/custom_message_unity/environment/library_path.sh
[19.274s] -- Up-to-date: /home/osawakousei/ros2_ws/install/custom_message_unity/share/custom_message_unity/environment/library_path.dsv
[19.278s] -- Up-to-date: /home/osawakousei/ros2_ws/install/custom_message_unity/lib/libcustom_message_unity__rosidl_generator_c.so
[19.279s] -- Up-to-date: /home/osawakousei/ros2_ws/install/custom_message_unity/include/custom_message_unity/custom_message_unity
[19.280s] -- Up-to-date: /home/osawakousei/ros2_ws/install/custom_message_unity/include/custom_message_unity/custom_message_unity/msg
[19.281s] -- Up-to-date: /home/osawakousei/ros2_ws/install/custom_message_unity/include/custom_message_unity/custom_message_unity/msg/detail
[19.281s] -- Up-to-date: /home/osawakousei/ros2_ws/install/custom_message_unity/include/custom_message_unity/custom_message_unity/msg/detail/custom_unity__rosidl_typesupport_fastrtps_c.h
[19.281s] -- Up-to-date: /home/osawakousei/ros2_ws/install/custom_message_unity/include/custom_message_unity/custom_message_unity/msg/rosidl_typesupport_fastrtps_c__visibility_control.h
[19.287s] -- Up-to-date: /home/osawakousei/ros2_ws/install/custom_message_unity/lib/libcustom_message_unity__rosidl_typesupport_fastrtps_c.so
[19.287s] -- Up-to-date: /home/osawakousei/ros2_ws/install/custom_message_unity/include/custom_message_unity/custom_message_unity
[19.287s] -- Up-to-date: /home/osawakousei/ros2_ws/install/custom_message_unity/include/custom_message_unity/custom_message_unity/msg
[19.288s] -- Up-to-date: /home/osawakousei/ros2_ws/install/custom_message_unity/include/custom_message_unity/custom_message_unity/msg/rosidl_typesupport_introspection_c__visibility_control.h
[19.288s] -- Up-to-date: /home/osawakousei/ros2_ws/install/custom_message_unity/include/custom_message_unity/custom_message_unity/msg/detail
[19.288s] -- Up-to-date: /home/osawakousei/ros2_ws/install/custom_message_unity/include/custom_message_unity/custom_message_unity/msg/detail/custom_unity__rosidl_typesupport_introspection_c.h
[19.289s] -- Up-to-date: /home/osawakousei/ros2_ws/install/custom_message_unity/include/custom_message_unity/custom_message_unity/msg/detail/custom_unity__type_support.c
[19.291s] -- Up-to-date: /home/osawakousei/ros2_ws/install/custom_message_unity/lib/libcustom_message_unity__rosidl_typesupport_introspection_c.so
[19.294s] -- Up-to-date: /home/osawakousei/ros2_ws/install/custom_message_unity/lib/libcustom_message_unity__rosidl_typesupport_c.so
[19.295s] -- Up-to-date: /home/osawakousei/ros2_ws/install/custom_message_unity/include/custom_message_unity/custom_message_unity
[19.303s] -- Up-to-date: /home/osawakousei/ros2_ws/install/custom_message_unity/include/custom_message_unity/custom_message_unity/msg
[19.303s] -- Up-to-date: /home/osawakousei/ros2_ws/install/custom_message_unity/include/custom_message_unity/custom_message_unity/msg/custom_unity.hpp
[19.309s] -- Up-to-date: /home/osawakousei/ros2_ws/install/custom_message_unity/include/custom_message_unity/custom_message_unity/msg/detail
[19.310s] -- Up-to-date: /home/osawakousei/ros2_ws/install/custom_message_unity/include/custom_message_unity/custom_message_unity/msg/detail/custom_unity__builder.hpp
[19.310s] -- Up-to-date: /home/osawakousei/ros2_ws/install/custom_message_unity/include/custom_message_unity/custom_message_unity/msg/detail/custom_unity__struct.hpp
[19.310s] -- Up-to-date: /home/osawakousei/ros2_ws/install/custom_message_unity/include/custom_message_unity/custom_message_unity/msg/detail/custom_unity__traits.hpp
[19.310s] -- Up-to-date: /home/osawakousei/ros2_ws/install/custom_message_unity/include/custom_message_unity/custom_message_unity
[19.311s] -- Up-to-date: /home/osawakousei/ros2_ws/install/custom_message_unity/include/custom_message_unity/custom_message_unity/msg
[19.311s] -- Up-to-date: /home/osawakousei/ros2_ws/install/custom_message_unity/include/custom_message_unity/custom_message_unity/msg/rosidl_typesupport_fastrtps_cpp__visibility_control.h
[19.311s] -- Up-to-date: /home/osawakousei/ros2_ws/install/custom_message_unity/include/custom_message_unity/custom_message_unity/msg/detail
[19.312s] -- Up-to-date: /home/osawakousei/ros2_ws/install/custom_message_unity/include/custom_message_unity/custom_message_unity/msg/detail/custom_unity__rosidl_typesupport_fastrtps_cpp.hpp
[19.312s] -- Up-to-date: /home/osawakousei/ros2_ws/install/custom_message_unity/include/custom_message_unity/custom_message_unity/msg/detail/dds_fastrtps
[19.321s] -- Up-to-date: /home/osawakousei/ros2_ws/install/custom_message_unity/lib/libcustom_message_unity__rosidl_typesupport_fastrtps_cpp.so
[19.323s] -- Up-to-date: /home/osawakousei/ros2_ws/install/custom_message_unity/include/custom_message_unity/custom_message_unity
[19.325s] -- Up-to-date: /home/osawakousei/ros2_ws/install/custom_message_unity/include/custom_message_unity/custom_message_unity/msg
[19.325s] -- Up-to-date: /home/osawakousei/ros2_ws/install/custom_message_unity/include/custom_message_unity/custom_message_unity/msg/detail
[19.326s] -- Up-to-date: /home/osawakousei/ros2_ws/install/custom_message_unity/include/custom_message_unity/custom_message_unity/msg/detail/custom_unity__rosidl_typesupport_introspection_cpp.hpp
[19.327s] -- Up-to-date: /home/osawakousei/ros2_ws/install/custom_message_unity/include/custom_message_unity/custom_message_unity/msg/detail/custom_unity__type_support.cpp
[19.330s] -- Up-to-date: /home/osawakousei/ros2_ws/install/custom_message_unity/lib/libcustom_message_unity__rosidl_typesupport_introspection_cpp.so
[19.331s] -- Up-to-date: /home/osawakousei/ros2_ws/install/custom_message_unity/lib/libcustom_message_unity__rosidl_typesupport_cpp.so
[19.335s] -- Up-to-date: /home/osawakousei/ros2_ws/install/custom_message_unity/lib/libcustom_message_unity_custom_unity__rosidl_typesupport_c_native.so
[19.336s] -- Up-to-date: /home/osawakousei/ros2_ws/install/custom_message_unity/lib/libcustom_message_unity_custom_unity__rosidl_typesupport_introspection_c_native.so
[19.340s] -- Up-to-date: /home/osawakousei/ros2_ws/install/custom_message_unity/lib/libcustom_message_unity_custom_unity__rosidl_typesupport_fastrtps_c_native.so
[19.341s] -- Up-to-date: /home/osawakousei/ros2_ws/install/custom_message_unity/lib/dotnet
[19.342s] -- Up-to-date: /home/osawakousei/ros2_ws/install/custom_message_unity/lib/dotnet/custom_message_unity_assembly.dll
[19.342s] -- Up-to-date: /home/osawakousei/ros2_ws/install/custom_message_unity/lib/dotnet/ros2cs_common.dll
[19.343s] -- Up-to-date: /home/osawakousei/ros2_ws/install/custom_message_unity/lib/dotnet/custom_message_unity_assembly.deps.json
[19.344s] -- Up-to-date: /home/osawakousei/ros2_ws/install/custom_message_unity/share/custom_message_unity/environment/pythonpath.sh
[19.344s] -- Up-to-date: /home/osawakousei/ros2_ws/install/custom_message_unity/share/custom_message_unity/environment/pythonpath.dsv
[19.346s] -- Up-to-date: /home/osawakousei/ros2_ws/install/custom_message_unity/local/lib/python3.10/dist-packages/custom_message_unity-0.0.0-py3.10.egg-info
[19.346s] -- Installing: /home/osawakousei/ros2_ws/install/custom_message_unity/local/lib/python3.10/dist-packages/custom_message_unity-0.0.0-py3.10.egg-info/top_level.txt
[19.346s] -- Installing: /home/osawakousei/ros2_ws/install/custom_message_unity/local/lib/python3.10/dist-packages/custom_message_unity-0.0.0-py3.10.egg-info/SOURCES.txt
[19.346s] -- Installing: /home/osawakousei/ros2_ws/install/custom_message_unity/local/lib/python3.10/dist-packages/custom_message_unity-0.0.0-py3.10.egg-info/dependency_links.txt
[19.347s] -- Installing: /home/osawakousei/ros2_ws/install/custom_message_unity/local/lib/python3.10/dist-packages/custom_message_unity-0.0.0-py3.10.egg-info/PKG-INFO
[19.347s] -- Up-to-date: /home/osawakousei/ros2_ws/install/custom_message_unity/local/lib/python3.10/dist-packages/custom_message_unity
[19.348s] -- Up-to-date: /home/osawakousei/ros2_ws/install/custom_message_unity/local/lib/python3.10/dist-packages/custom_message_unity/_custom_message_unity_s.ep.rosidl_typesupport_fastrtps_c.c
[19.348s] -- Up-to-date: /home/osawakousei/ros2_ws/install/custom_message_unity/local/lib/python3.10/dist-packages/custom_message_unity/custom_message_unity_s__rosidl_typesupport_fastrtps_c.cpython-310-x86_64-linux-gnu.so
[19.348s] -- Up-to-date: /home/osawakousei/ros2_ws/install/custom_message_unity/local/lib/python3.10/dist-packages/custom_message_unity/custom_message_unity_s__rosidl_typesupport_introspection_c.cpython-310-x86_64-linux-gnu.so
[19.349s] -- Up-to-date: /home/osawakousei/ros2_ws/install/custom_message_unity/local/lib/python3.10/dist-packages/custom_message_unity/_custom_message_unity_s.ep.rosidl_typesupport_c.c
[19.349s] -- Up-to-date: /home/osawakousei/ros2_ws/install/custom_message_unity/local/lib/python3.10/dist-packages/custom_message_unity/_custom_message_unity_s.ep.rosidl_typesupport_introspection_c.c
[19.349s] -- Up-to-date: /home/osawakousei/ros2_ws/install/custom_message_unity/local/lib/python3.10/dist-packages/custom_message_unity/__init__.py
[19.350s] -- Up-to-date: /home/osawakousei/ros2_ws/install/custom_message_unity/local/lib/python3.10/dist-packages/custom_message_unity/libcustom_message_unity__rosidl_generator_py.so
[19.351s] -- Up-to-date: /home/osawakousei/ros2_ws/install/custom_message_unity/local/lib/python3.10/dist-packages/custom_message_unity/msg
[19.351s] -- Up-to-date: /home/osawakousei/ros2_ws/install/custom_message_unity/local/lib/python3.10/dist-packages/custom_message_unity/msg/_custom_unity_s.c
[19.355s] -- Up-to-date: /home/osawakousei/ros2_ws/install/custom_message_unity/local/lib/python3.10/dist-packages/custom_message_unity/msg/_custom_unity.py
[19.358s] -- Up-to-date: /home/osawakousei/ros2_ws/install/custom_message_unity/local/lib/python3.10/dist-packages/custom_message_unity/msg/__init__.py
[19.358s] -- Up-to-date: /home/osawakousei/ros2_ws/install/custom_message_unity/local/lib/python3.10/dist-packages/custom_message_unity/custom_message_unity_s__rosidl_typesupport_c.cpython-310-x86_64-linux-gnu.so
[19.502s] Listing '/home/osawakousei/ros2_ws/install/custom_message_unity/local/lib/python3.10/dist-packages/custom_message_unity'...
[19.503s] Listing '/home/osawakousei/ros2_ws/install/custom_message_unity/local/lib/python3.10/dist-packages/custom_message_unity/msg'...
[19.514s] -- Up-to-date: /home/osawakousei/ros2_ws/install/custom_message_unity/local/lib/python3.10/dist-packages/custom_message_unity/custom_message_unity_s__rosidl_typesupport_fastrtps_c.cpython-310-x86_64-linux-gnu.so
[19.518s] -- Up-to-date: /home/osawakousei/ros2_ws/install/custom_message_unity/local/lib/python3.10/dist-packages/custom_message_unity/custom_message_unity_s__rosidl_typesupport_introspection_c.cpython-310-x86_64-linux-gnu.so
[19.523s] -- Up-to-date: /home/osawakousei/ros2_ws/install/custom_message_unity/local/lib/python3.10/dist-packages/custom_message_unity/custom_message_unity_s__rosidl_typesupport_c.cpython-310-x86_64-linux-gnu.so
[19.530s] -- Up-to-date: /home/osawakousei/ros2_ws/install/custom_message_unity/lib/libcustom_message_unity__rosidl_generator_py.so
[19.531s] -- Up-to-date: /home/osawakousei/ros2_ws/install/custom_message_unity/share/custom_message_unity/msg/CustomUnity.idl
[19.531s] -- Up-to-date: /home/osawakousei/ros2_ws/install/custom_message_unity/share/custom_message_unity/msg/CustomUnity.msg
[19.531s] -- Up-to-date: /home/osawakousei/ros2_ws/install/custom_message_unity/share/ament_index/resource_index/package_run_dependencies/custom_message_unity
[19.531s] -- Up-to-date: /home/osawakousei/ros2_ws/install/custom_message_unity/share/ament_index/resource_index/parent_prefix_path/custom_message_unity
[19.532s] -- Up-to-date: /home/osawakousei/ros2_ws/install/custom_message_unity/share/custom_message_unity/environment/ament_prefix_path.sh
[19.532s] -- Up-to-date: /home/osawakousei/ros2_ws/install/custom_message_unity/share/custom_message_unity/environment/ament_prefix_path.dsv
[19.532s] -- Up-to-date: /home/osawakousei/ros2_ws/install/custom_message_unity/share/custom_message_unity/environment/path.sh
[19.533s] -- Up-to-date: /home/osawakousei/ros2_ws/install/custom_message_unity/share/custom_message_unity/environment/path.dsv
[19.533s] -- Up-to-date: /home/osawakousei/ros2_ws/install/custom_message_unity/share/custom_message_unity/local_setup.bash
[19.533s] -- Up-to-date: /home/osawakousei/ros2_ws/install/custom_message_unity/share/custom_message_unity/local_setup.sh
[19.533s] -- Up-to-date: /home/osawakousei/ros2_ws/install/custom_message_unity/share/custom_message_unity/local_setup.zsh
[19.534s] -- Up-to-date: /home/osawakousei/ros2_ws/install/custom_message_unity/share/custom_message_unity/local_setup.dsv
[19.534s] -- Installing: /home/osawakousei/ros2_ws/install/custom_message_unity/share/custom_message_unity/package.dsv
[19.536s] -- Up-to-date: /home/osawakousei/ros2_ws/install/custom_message_unity/share/ament_index/resource_index/packages/custom_message_unity
[19.539s] -- Up-to-date: /home/osawakousei/ros2_ws/install/custom_message_unity/share/custom_message_unity/cmake/export_custom_message_unity__rosidl_generator_cExport.cmake
[19.539s] -- Up-to-date: /home/osawakousei/ros2_ws/install/custom_message_unity/share/custom_message_unity/cmake/export_custom_message_unity__rosidl_generator_cExport-noconfig.cmake
[19.542s] -- Up-to-date: /home/osawakousei/ros2_ws/install/custom_message_unity/share/custom_message_unity/cmake/export_custom_message_unity__rosidl_typesupport_fastrtps_cExport.cmake
[19.543s] -- Up-to-date: /home/osawakousei/ros2_ws/install/custom_message_unity/share/custom_message_unity/cmake/export_custom_message_unity__rosidl_typesupport_fastrtps_cExport-noconfig.cmake
[19.546s] -- Up-to-date: /home/osawakousei/ros2_ws/install/custom_message_unity/share/custom_message_unity/cmake/custom_message_unity__rosidl_typesupport_introspection_cExport.cmake
[19.546s] -- Up-to-date: /home/osawakousei/ros2_ws/install/custom_message_unity/share/custom_message_unity/cmake/custom_message_unity__rosidl_typesupport_introspection_cExport-noconfig.cmake
[19.549s] -- Up-to-date: /home/osawakousei/ros2_ws/install/custom_message_unity/share/custom_message_unity/cmake/custom_message_unity__rosidl_typesupport_cExport.cmake
[19.550s] -- Up-to-date: /home/osawakousei/ros2_ws/install/custom_message_unity/share/custom_message_unity/cmake/custom_message_unity__rosidl_typesupport_cExport-noconfig.cmake
[19.552s] -- Up-to-date: /home/osawakousei/ros2_ws/install/custom_message_unity/share/custom_message_unity/cmake/export_custom_message_unity__rosidl_generator_cppExport.cmake
[19.555s] -- Up-to-date: /home/osawakousei/ros2_ws/install/custom_message_unity/share/custom_message_unity/cmake/export_custom_message_unity__rosidl_typesupport_fastrtps_cppExport.cmake
[19.556s] -- Up-to-date: /home/osawakousei/ros2_ws/install/custom_message_unity/share/custom_message_unity/cmake/export_custom_message_unity__rosidl_typesupport_fastrtps_cppExport-noconfig.cmake
[19.558s] -- Up-to-date: /home/osawakousei/ros2_ws/install/custom_message_unity/share/custom_message_unity/cmake/custom_message_unity__rosidl_typesupport_introspection_cppExport.cmake
[19.559s] -- Up-to-date: /home/osawakousei/ros2_ws/install/custom_message_unity/share/custom_message_unity/cmake/custom_message_unity__rosidl_typesupport_introspection_cppExport-noconfig.cmake
[19.561s] -- Up-to-date: /home/osawakousei/ros2_ws/install/custom_message_unity/share/custom_message_unity/cmake/custom_message_unity__rosidl_typesupport_cppExport.cmake
[19.562s] -- Up-to-date: /home/osawakousei/ros2_ws/install/custom_message_unity/share/custom_message_unity/cmake/custom_message_unity__rosidl_typesupport_cppExport-noconfig.cmake
[19.567s] -- Up-to-date: /home/osawakousei/ros2_ws/install/custom_message_unity/share/custom_message_unity/cmake/export_custom_message_unity__rosidl_generator_pyExport.cmake
[19.567s] -- Up-to-date: /home/osawakousei/ros2_ws/install/custom_message_unity/share/custom_message_unity/cmake/export_custom_message_unity__rosidl_generator_pyExport-noconfig.cmake
[19.567s] -- Up-to-date: /home/osawakousei/ros2_ws/install/custom_message_unity/share/custom_message_unity/cmake/rosidl_cmake-extras.cmake
[19.568s] -- Up-to-date: /home/osawakousei/ros2_ws/install/custom_message_unity/share/custom_message_unity/cmake/ament_cmake_export_include_directories-extras.cmake
[19.568s] -- Up-to-date: /home/osawakousei/ros2_ws/install/custom_message_unity/share/custom_message_unity/cmake/ament_cmake_export_libraries-extras.cmake
[19.568s] -- Up-to-date: /home/osawakousei/ros2_ws/install/custom_message_unity/share/custom_message_unity/cmake/ament_cmake_export_targets-extras.cmake
[19.568s] -- Up-to-date: /home/osawakousei/ros2_ws/install/custom_message_unity/share/custom_message_unity/cmake/rosidl_cmake_export_typesupport_targets-extras.cmake
[19.569s] -- Up-to-date: /home/osawakousei/ros2_ws/install/custom_message_unity/share/custom_message_unity/cmake/ament_cmake_export_dependencies-extras.cmake
[19.569s] -- Up-to-date: /home/osawakousei/ros2_ws/install/custom_message_unity/share/custom_message_unity/cmake/rosidl_cmake_export_typesupport_libraries-extras.cmake
[19.574s] -- Up-to-date: /home/osawakousei/ros2_ws/install/custom_message_unity/share/custom_message_unity/cmake/ament_cmake_export_assemblies-extras.cmake
[19.575s] -- Up-to-date: /home/osawakousei/ros2_ws/install/custom_message_unity/share/custom_message_unity/cmake/custom_message_unityConfig.cmake
[19.575s] -- Up-to-date: /home/osawakousei/ros2_ws/install/custom_message_unity/share/custom_message_unity/cmake/custom_message_unityConfig-version.cmake
[19.575s] -- Up-to-date: /home/osawakousei/ros2_ws/install/custom_message_unity/share/custom_message_unity/package.xml
[19.584s] Invoked command in '/home/osawakousei/ros2_ws/build/custom_message_unity' returned '0': CMAKE_PREFIX_PATH=${CMAKE_PREFIX_PATH}:/opt/ros/humble /usr/bin/cmake --install /home/osawakousei/ros2_ws/build/custom_message_unity
