[10.400s] Invoking command in '/home/osawakousei/ros2_ws/build/custom_message_unity': CMAKE_PREFIX_PATH=${CMAKE_PREFIX_PATH}:/opt/ros/humble /usr/bin/cmake --build /home/osawakousei/ros2_ws/build/custom_message_unity -- -j12 -l12
[11.968s] [  2%] Built target custom_message_unity__cpp
[12.152s] [  4%] Built target custom_message_unity__cs
[12.265s] [ 10%] Built target custom_message_unity__rosidl_generator_c
[13.030s] [ 10%] Built target ament_cmake_python_copy_custom_message_unity
[13.730s] [ 17%] Built target custom_message_unity__rosidl_typesupport_introspection_cpp
[13.949s] [ 23%] Built target custom_message_unity__rosidl_typesupport_c
[14.184s] [ 26%] [34m[1m/usr/bin/cmake;-version;/usr/bin/dotnet restore custom_message_unity_assembly_dotnetcore.csproj;          /usr/bin/dotnet build custom_message_unity_assembly_dotnetcore.csproj -> /home/osawakousei/ros2_ws/build/custom_message_unity/custom_message_unity_assembly[0m
[14.207s] [ 32%] Built target custom_message_unity__rosidl_typesupport_fastrtps_cpp
[14.293s] [ 39%] Built target custom_message_unity__rosidl_typesupport_cpp
[14.349s] [ 45%] Built target custom_message_unity__rosidl_typesupport_introspection_c
[14.640s] [ 52%] Built target custom_message_unity__rosidl_typesupport_fastrtps_c
[15.126s] [ 60%] Built target custom_message_unity_custom_unity__rosidl_typesupport_c
[15.842s] [ 69%] Built target custom_message_unity_custom_unity__rosidl_typesupport_introspection_c
[16.385s] [ 69%] Built target custom_message_unity
[16.385s] [ 78%] Built target custom_message_unity_custom_unity__rosidl_typesupport_fastrtps_c
[16.982s] cmake version 3.22.1
[16.983s] 
[16.984s] CMake suite maintained and supported by Kitware (kitware.com/cmake).
[17.168s] [ 80%] Built target custom_message_unity__py
[18.351s] [ 84%] Built target custom_message_unity__rosidl_generator_py
[19.530s] [ 89%] Built target custom_message_unity__rosidl_typesupport_c__pyext
[19.624s] running egg_info
[19.624s] writing custom_message_unity.egg-info/PKG-INFO
[19.625s] [ 93%] Built target custom_message_unity__rosidl_typesupport_fastrtps_c__pyext
[19.626s] writing dependency_links to custom_message_unity.egg-info/dependency_links.txt
[19.626s] writing top-level names to custom_message_unity.egg-info/top_level.txt
[19.670s] reading manifest file 'custom_message_unity.egg-info/SOURCES.txt'
[19.673s] writing manifest file 'custom_message_unity.egg-info/SOURCES.txt'
[19.702s] [ 97%] Built target custom_message_unity__rosidl_typesupport_introspection_c__pyext
[20.297s] [ 97%] Built target ament_cmake_python_build_custom_message_unity_egg
[24.460s] [?1h=  Determining projects to restore...
[25.465s]   All projects are up-to-date for restore.
[27.484s] [?1h=.NET 向け Microsoft (R) Build Engine バージョン 17.0.1+b177f8fa7
[27.489s] Copyright (C) Microsoft Corporation.All rights reserved.
[27.490s] 
[30.880s]   Determining projects to restore...
[31.878s]   All projects are up-to-date for restore.
[33.269s]   custom_message_unity_assembly_dotnetcore -> /home/osawakousei/ros2_ws/build/custom_message_unity/netstandard2.0/custom_message_unity_assembly.dll
[33.324s] [39;49m[92m
[33.325s] ビルドに成功しました。
[33.326s] [39;49m    0 個の警告
[33.326s] [39;49m    0 エラー
[33.327s] [39;49m
[33.328s] 経過時間 00:00:05.02
[33.596s] [100%] Built target custom_message_unity_assembly
[34.487s] Invoked command in '/home/osawakousei/ros2_ws/build/custom_message_unity' returned '0': CMAKE_PREFIX_PATH=${CMAKE_PREFIX_PATH}:/opt/ros/humble /usr/bin/cmake --build /home/osawakousei/ros2_ws/build/custom_message_unity -- -j12 -l12
[37.528s] Invoking command in '/home/osawakousei/ros2_ws/build/custom_message_unity': CMAKE_PREFIX_PATH=${CMAKE_PREFIX_PATH}:/opt/ros/humble /usr/bin/cmake --install /home/osawakousei/ros2_ws/build/custom_message_unity
[37.655s] -- Install configuration: ""
[37.657s] -- Up-to-date: /home/osawakousei/ros2_ws/install/custom_message_unity/share/ament_index/resource_index/rosidl_interfaces/custom_message_unity
[37.659s] -- Up-to-date: /home/osawakousei/ros2_ws/install/custom_message_unity/include/custom_message_unity/custom_message_unity
[37.661s] -- Up-to-date: /home/osawakousei/ros2_ws/install/custom_message_unity/include/custom_message_unity/custom_message_unity/msg
[37.662s] -- Up-to-date: /home/osawakousei/ros2_ws/install/custom_message_unity/include/custom_message_unity/custom_message_unity/msg/rosidl_generator_c__visibility_control.h
[37.663s] -- Up-to-date: /home/osawakousei/ros2_ws/install/custom_message_unity/include/custom_message_unity/custom_message_unity/msg/detail
[37.665s] -- Up-to-date: /home/osawakousei/ros2_ws/install/custom_message_unity/include/custom_message_unity/custom_message_unity/msg/detail/custom_unity__struct.h
[37.665s] -- Up-to-date: /home/osawakousei/ros2_ws/install/custom_message_unity/include/custom_message_unity/custom_message_unity/msg/detail/custom_unity__type_support.h
[37.666s] -- Up-to-date: /home/osawakousei/ros2_ws/install/custom_message_unity/include/custom_message_unity/custom_message_unity/msg/detail/custom_unity__functions.c
[37.667s] -- Up-to-date: /home/osawakousei/ros2_ws/install/custom_message_unity/include/custom_message_unity/custom_message_unity/msg/detail/custom_unity__functions.h
[37.669s] -- Up-to-date: /home/osawakousei/ros2_ws/install/custom_message_unity/include/custom_message_unity/custom_message_unity/msg/custom_unity.h
[37.671s] -- Up-to-date: /home/osawakousei/ros2_ws/install/custom_message_unity/share/custom_message_unity/environment/library_path.sh
[37.671s] -- Up-to-date: /home/osawakousei/ros2_ws/install/custom_message_unity/share/custom_message_unity/environment/library_path.dsv
[37.677s] -- Up-to-date: /home/osawakousei/ros2_ws/install/custom_message_unity/lib/libcustom_message_unity__rosidl_generator_c.so
[37.681s] -- Up-to-date: /home/osawakousei/ros2_ws/install/custom_message_unity/include/custom_message_unity/custom_message_unity
[37.682s] -- Up-to-date: /home/osawakousei/ros2_ws/install/custom_message_unity/include/custom_message_unity/custom_message_unity/msg
[37.682s] -- Up-to-date: /home/osawakousei/ros2_ws/install/custom_message_unity/include/custom_message_unity/custom_message_unity/msg/detail
[37.684s] -- Up-to-date: /home/osawakousei/ros2_ws/install/custom_message_unity/include/custom_message_unity/custom_message_unity/msg/detail/custom_unity__rosidl_typesupport_fastrtps_c.h
[37.691s] -- Up-to-date: /home/osawakousei/ros2_ws/install/custom_message_unity/include/custom_message_unity/custom_message_unity/msg/rosidl_typesupport_fastrtps_c__visibility_control.h
[37.696s] -- Up-to-date: /home/osawakousei/ros2_ws/install/custom_message_unity/lib/libcustom_message_unity__rosidl_typesupport_fastrtps_c.so
[37.698s] -- Up-to-date: /home/osawakousei/ros2_ws/install/custom_message_unity/include/custom_message_unity/custom_message_unity
[37.699s] -- Up-to-date: /home/osawakousei/ros2_ws/install/custom_message_unity/include/custom_message_unity/custom_message_unity/msg
[37.700s] -- Up-to-date: /home/osawakousei/ros2_ws/install/custom_message_unity/include/custom_message_unity/custom_message_unity/msg/rosidl_typesupport_introspection_c__visibility_control.h
[37.700s] -- Up-to-date: /home/osawakousei/ros2_ws/install/custom_message_unity/include/custom_message_unity/custom_message_unity/msg/detail
[37.701s] -- Up-to-date: /home/osawakousei/ros2_ws/install/custom_message_unity/include/custom_message_unity/custom_message_unity/msg/detail/custom_unity__rosidl_typesupport_introspection_c.h
[37.702s] -- Up-to-date: /home/osawakousei/ros2_ws/install/custom_message_unity/include/custom_message_unity/custom_message_unity/msg/detail/custom_unity__type_support.c
[37.705s] -- Up-to-date: /home/osawakousei/ros2_ws/install/custom_message_unity/lib/libcustom_message_unity__rosidl_typesupport_introspection_c.so
[37.713s] -- Up-to-date: /home/osawakousei/ros2_ws/install/custom_message_unity/lib/libcustom_message_unity__rosidl_typesupport_c.so
[37.726s] -- Up-to-date: /home/osawakousei/ros2_ws/install/custom_message_unity/include/custom_message_unity/custom_message_unity
[37.727s] -- Up-to-date: /home/osawakousei/ros2_ws/install/custom_message_unity/include/custom_message_unity/custom_message_unity/msg
[37.728s] -- Up-to-date: /home/osawakousei/ros2_ws/install/custom_message_unity/include/custom_message_unity/custom_message_unity/msg/custom_unity.hpp
[37.731s] -- Up-to-date: /home/osawakousei/ros2_ws/install/custom_message_unity/include/custom_message_unity/custom_message_unity/msg/detail
[37.736s] -- Up-to-date: /home/osawakousei/ros2_ws/install/custom_message_unity/include/custom_message_unity/custom_message_unity/msg/detail/custom_unity__builder.hpp
[37.738s] -- Up-to-date: /home/osawakousei/ros2_ws/install/custom_message_unity/include/custom_message_unity/custom_message_unity/msg/detail/custom_unity__struct.hpp
[37.740s] -- Up-to-date: /home/osawakousei/ros2_ws/install/custom_message_unity/include/custom_message_unity/custom_message_unity/msg/detail/custom_unity__traits.hpp
[37.740s] -- Up-to-date: /home/osawakousei/ros2_ws/install/custom_message_unity/include/custom_message_unity/custom_message_unity
[37.742s] -- Up-to-date: /home/osawakousei/ros2_ws/install/custom_message_unity/include/custom_message_unity/custom_message_unity/msg
[37.743s] -- Up-to-date: /home/osawakousei/ros2_ws/install/custom_message_unity/include/custom_message_unity/custom_message_unity/msg/rosidl_typesupport_fastrtps_cpp__visibility_control.h
[37.743s] -- Up-to-date: /home/osawakousei/ros2_ws/install/custom_message_unity/include/custom_message_unity/custom_message_unity/msg/detail
[37.744s] -- Up-to-date: /home/osawakousei/ros2_ws/install/custom_message_unity/include/custom_message_unity/custom_message_unity/msg/detail/custom_unity__rosidl_typesupport_fastrtps_cpp.hpp
[37.745s] -- Up-to-date: /home/osawakousei/ros2_ws/install/custom_message_unity/include/custom_message_unity/custom_message_unity/msg/detail/dds_fastrtps
[37.745s] -- Up-to-date: /home/osawakousei/ros2_ws/install/custom_message_unity/lib/libcustom_message_unity__rosidl_typesupport_fastrtps_cpp.so
[37.746s] -- Up-to-date: /home/osawakousei/ros2_ws/install/custom_message_unity/include/custom_message_unity/custom_message_unity
[37.747s] -- Up-to-date: /home/osawakousei/ros2_ws/install/custom_message_unity/include/custom_message_unity/custom_message_unity/msg
[37.747s] -- Up-to-date: /home/osawakousei/ros2_ws/install/custom_message_unity/include/custom_message_unity/custom_message_unity/msg/detail
[37.754s] -- Up-to-date: /home/osawakousei/ros2_ws/install/custom_message_unity/include/custom_message_unity/custom_message_unity/msg/detail/custom_unity__rosidl_typesupport_introspection_cpp.hpp
[37.755s] -- Up-to-date: /home/osawakousei/ros2_ws/install/custom_message_unity/include/custom_message_unity/custom_message_unity/msg/detail/custom_unity__type_support.cpp
[37.756s] -- Up-to-date: /home/osawakousei/ros2_ws/install/custom_message_unity/lib/libcustom_message_unity__rosidl_typesupport_introspection_cpp.so
[37.758s] -- Up-to-date: /home/osawakousei/ros2_ws/install/custom_message_unity/lib/libcustom_message_unity__rosidl_typesupport_cpp.so
[37.764s] -- Up-to-date: /home/osawakousei/ros2_ws/install/custom_message_unity/lib/libcustom_message_unity_custom_unity__rosidl_typesupport_c_native.so
[37.769s] -- Up-to-date: /home/osawakousei/ros2_ws/install/custom_message_unity/lib/libcustom_message_unity_custom_unity__rosidl_typesupport_introspection_c_native.so
[37.781s] -- Up-to-date: /home/osawakousei/ros2_ws/install/custom_message_unity/lib/libcustom_message_unity_custom_unity__rosidl_typesupport_fastrtps_c_native.so
[37.788s] -- Up-to-date: /home/osawakousei/ros2_ws/install/custom_message_unity/lib/dotnet
[37.792s] -- Up-to-date: /home/osawakousei/ros2_ws/install/custom_message_unity/lib/dotnet/custom_message_unity_assembly.dll
[37.814s] -- Up-to-date: /home/osawakousei/ros2_ws/install/custom_message_unity/lib/dotnet/ros2cs_common.dll
[37.814s] -- Up-to-date: /home/osawakousei/ros2_ws/install/custom_message_unity/lib/dotnet/custom_message_unity_assembly.deps.json
[37.815s] -- Up-to-date: /home/osawakousei/ros2_ws/install/custom_message_unity/share/custom_message_unity/environment/pythonpath.sh
[37.816s] -- Up-to-date: /home/osawakousei/ros2_ws/install/custom_message_unity/share/custom_message_unity/environment/pythonpath.dsv
[37.816s] -- Up-to-date: /home/osawakousei/ros2_ws/install/custom_message_unity/local/lib/python3.10/dist-packages/custom_message_unity-0.0.0-py3.10.egg-info
[37.817s] -- Installing: /home/osawakousei/ros2_ws/install/custom_message_unity/local/lib/python3.10/dist-packages/custom_message_unity-0.0.0-py3.10.egg-info/top_level.txt
[37.818s] -- Installing: /home/osawakousei/ros2_ws/install/custom_message_unity/local/lib/python3.10/dist-packages/custom_message_unity-0.0.0-py3.10.egg-info/SOURCES.txt
[37.818s] -- Installing: /home/osawakousei/ros2_ws/install/custom_message_unity/local/lib/python3.10/dist-packages/custom_message_unity-0.0.0-py3.10.egg-info/dependency_links.txt
[37.819s] -- Installing: /home/osawakousei/ros2_ws/install/custom_message_unity/local/lib/python3.10/dist-packages/custom_message_unity-0.0.0-py3.10.egg-info/PKG-INFO
[37.820s] -- Up-to-date: /home/osawakousei/ros2_ws/install/custom_message_unity/local/lib/python3.10/dist-packages/custom_message_unity
[37.821s] -- Up-to-date: /home/osawakousei/ros2_ws/install/custom_message_unity/local/lib/python3.10/dist-packages/custom_message_unity/_custom_message_unity_s.ep.rosidl_typesupport_fastrtps_c.c
[37.821s] -- Up-to-date: /home/osawakousei/ros2_ws/install/custom_message_unity/local/lib/python3.10/dist-packages/custom_message_unity/custom_message_unity_s__rosidl_typesupport_fastrtps_c.cpython-310-x86_64-linux-gnu.so
[37.822s] -- Up-to-date: /home/osawakousei/ros2_ws/install/custom_message_unity/local/lib/python3.10/dist-packages/custom_message_unity/custom_message_unity_s__rosidl_typesupport_introspection_c.cpython-310-x86_64-linux-gnu.so
[37.823s] -- Up-to-date: /home/osawakousei/ros2_ws/install/custom_message_unity/local/lib/python3.10/dist-packages/custom_message_unity/_custom_message_unity_s.ep.rosidl_typesupport_c.c
[37.823s] -- Up-to-date: /home/osawakousei/ros2_ws/install/custom_message_unity/local/lib/python3.10/dist-packages/custom_message_unity/_custom_message_unity_s.ep.rosidl_typesupport_introspection_c.c
[37.824s] -- Up-to-date: /home/osawakousei/ros2_ws/install/custom_message_unity/local/lib/python3.10/dist-packages/custom_message_unity/__init__.py
[37.825s] -- Up-to-date: /home/osawakousei/ros2_ws/install/custom_message_unity/local/lib/python3.10/dist-packages/custom_message_unity/libcustom_message_unity__rosidl_generator_py.so
[37.827s] -- Up-to-date: /home/osawakousei/ros2_ws/install/custom_message_unity/local/lib/python3.10/dist-packages/custom_message_unity/msg
[37.827s] -- Up-to-date: /home/osawakousei/ros2_ws/install/custom_message_unity/local/lib/python3.10/dist-packages/custom_message_unity/msg/_custom_unity_s.c
[37.828s] -- Up-to-date: /home/osawakousei/ros2_ws/install/custom_message_unity/local/lib/python3.10/dist-packages/custom_message_unity/msg/_custom_unity.py
[37.829s] -- Up-to-date: /home/osawakousei/ros2_ws/install/custom_message_unity/local/lib/python3.10/dist-packages/custom_message_unity/msg/__init__.py
[37.829s] -- Up-to-date: /home/osawakousei/ros2_ws/install/custom_message_unity/local/lib/python3.10/dist-packages/custom_message_unity/custom_message_unity_s__rosidl_typesupport_c.cpython-310-x86_64-linux-gnu.so
[38.139s] Listing '/home/osawakousei/ros2_ws/install/custom_message_unity/local/lib/python3.10/dist-packages/custom_message_unity'...
[38.140s] Listing '/home/osawakousei/ros2_ws/install/custom_message_unity/local/lib/python3.10/dist-packages/custom_message_unity/msg'...
[38.156s] -- Up-to-date: /home/osawakousei/ros2_ws/install/custom_message_unity/local/lib/python3.10/dist-packages/custom_message_unity/custom_message_unity_s__rosidl_typesupport_fastrtps_c.cpython-310-x86_64-linux-gnu.so
[38.173s] -- Up-to-date: /home/osawakousei/ros2_ws/install/custom_message_unity/local/lib/python3.10/dist-packages/custom_message_unity/custom_message_unity_s__rosidl_typesupport_introspection_c.cpython-310-x86_64-linux-gnu.so
[38.190s] -- Up-to-date: /home/osawakousei/ros2_ws/install/custom_message_unity/local/lib/python3.10/dist-packages/custom_message_unity/custom_message_unity_s__rosidl_typesupport_c.cpython-310-x86_64-linux-gnu.so
[38.219s] -- Up-to-date: /home/osawakousei/ros2_ws/install/custom_message_unity/lib/libcustom_message_unity__rosidl_generator_py.so
[38.222s] -- Up-to-date: /home/osawakousei/ros2_ws/install/custom_message_unity/share/custom_message_unity/msg/CustomUnity.idl
[38.223s] -- Up-to-date: /home/osawakousei/ros2_ws/install/custom_message_unity/share/custom_message_unity/msg/CustomUnity.msg
[38.253s] -- Up-to-date: /home/osawakousei/ros2_ws/install/custom_message_unity/share/ament_index/resource_index/package_run_dependencies/custom_message_unity
[38.260s] -- Up-to-date: /home/osawakousei/ros2_ws/install/custom_message_unity/share/ament_index/resource_index/parent_prefix_path/custom_message_unity
[38.264s] -- Up-to-date: /home/osawakousei/ros2_ws/install/custom_message_unity/share/custom_message_unity/environment/ament_prefix_path.sh
[38.268s] -- Up-to-date: /home/osawakousei/ros2_ws/install/custom_message_unity/share/custom_message_unity/environment/ament_prefix_path.dsv
[38.275s] -- Up-to-date: /home/osawakousei/ros2_ws/install/custom_message_unity/share/custom_message_unity/environment/path.sh
[38.285s] -- Up-to-date: /home/osawakousei/ros2_ws/install/custom_message_unity/share/custom_message_unity/environment/path.dsv
[38.289s] -- Up-to-date: /home/osawakousei/ros2_ws/install/custom_message_unity/share/custom_message_unity/local_setup.bash
[38.290s] -- Up-to-date: /home/osawakousei/ros2_ws/install/custom_message_unity/share/custom_message_unity/local_setup.sh
[38.291s] -- Up-to-date: /home/osawakousei/ros2_ws/install/custom_message_unity/share/custom_message_unity/local_setup.zsh
[38.292s] -- Up-to-date: /home/osawakousei/ros2_ws/install/custom_message_unity/share/custom_message_unity/local_setup.dsv
[38.295s] -- Installing: /home/osawakousei/ros2_ws/install/custom_message_unity/share/custom_message_unity/package.dsv
[38.296s] -- Up-to-date: /home/osawakousei/ros2_ws/install/custom_message_unity/share/ament_index/resource_index/packages/custom_message_unity
[38.298s] -- Up-to-date: /home/osawakousei/ros2_ws/install/custom_message_unity/share/custom_message_unity/cmake/export_custom_message_unity__rosidl_generator_cExport.cmake
[38.302s] -- Up-to-date: /home/osawakousei/ros2_ws/install/custom_message_unity/share/custom_message_unity/cmake/export_custom_message_unity__rosidl_generator_cExport-noconfig.cmake
[38.304s] -- Up-to-date: /home/osawakousei/ros2_ws/install/custom_message_unity/share/custom_message_unity/cmake/export_custom_message_unity__rosidl_typesupport_fastrtps_cExport.cmake
[38.305s] -- Up-to-date: /home/osawakousei/ros2_ws/install/custom_message_unity/share/custom_message_unity/cmake/export_custom_message_unity__rosidl_typesupport_fastrtps_cExport-noconfig.cmake
[38.305s] -- Up-to-date: /home/osawakousei/ros2_ws/install/custom_message_unity/share/custom_message_unity/cmake/custom_message_unity__rosidl_typesupport_introspection_cExport.cmake
[38.306s] -- Up-to-date: /home/osawakousei/ros2_ws/install/custom_message_unity/share/custom_message_unity/cmake/custom_message_unity__rosidl_typesupport_introspection_cExport-noconfig.cmake
[38.310s] -- Up-to-date: /home/osawakousei/ros2_ws/install/custom_message_unity/share/custom_message_unity/cmake/custom_message_unity__rosidl_typesupport_cExport.cmake
[38.313s] -- Up-to-date: /home/osawakousei/ros2_ws/install/custom_message_unity/share/custom_message_unity/cmake/custom_message_unity__rosidl_typesupport_cExport-noconfig.cmake
[38.316s] -- Up-to-date: /home/osawakousei/ros2_ws/install/custom_message_unity/share/custom_message_unity/cmake/export_custom_message_unity__rosidl_generator_cppExport.cmake
[38.321s] -- Up-to-date: /home/osawakousei/ros2_ws/install/custom_message_unity/share/custom_message_unity/cmake/export_custom_message_unity__rosidl_typesupport_fastrtps_cppExport.cmake
[38.322s] -- Up-to-date: /home/osawakousei/ros2_ws/install/custom_message_unity/share/custom_message_unity/cmake/export_custom_message_unity__rosidl_typesupport_fastrtps_cppExport-noconfig.cmake
[38.325s] -- Up-to-date: /home/osawakousei/ros2_ws/install/custom_message_unity/share/custom_message_unity/cmake/custom_message_unity__rosidl_typesupport_introspection_cppExport.cmake
[38.328s] -- Up-to-date: /home/osawakousei/ros2_ws/install/custom_message_unity/share/custom_message_unity/cmake/custom_message_unity__rosidl_typesupport_introspection_cppExport-noconfig.cmake
[38.332s] -- Up-to-date: /home/osawakousei/ros2_ws/install/custom_message_unity/share/custom_message_unity/cmake/custom_message_unity__rosidl_typesupport_cppExport.cmake
[38.333s] -- Up-to-date: /home/osawakousei/ros2_ws/install/custom_message_unity/share/custom_message_unity/cmake/custom_message_unity__rosidl_typesupport_cppExport-noconfig.cmake
[38.334s] -- Up-to-date: /home/osawakousei/ros2_ws/install/custom_message_unity/share/custom_message_unity/cmake/export_custom_message_unity__rosidl_generator_pyExport.cmake
[38.335s] -- Up-to-date: /home/osawakousei/ros2_ws/install/custom_message_unity/share/custom_message_unity/cmake/export_custom_message_unity__rosidl_generator_pyExport-noconfig.cmake
[38.336s] -- Up-to-date: /home/osawakousei/ros2_ws/install/custom_message_unity/share/custom_message_unity/cmake/rosidl_cmake-extras.cmake
[38.338s] -- Up-to-date: /home/osawakousei/ros2_ws/install/custom_message_unity/share/custom_message_unity/cmake/ament_cmake_export_include_directories-extras.cmake
[38.339s] -- Up-to-date: /home/osawakousei/ros2_ws/install/custom_message_unity/share/custom_message_unity/cmake/ament_cmake_export_libraries-extras.cmake
[38.341s] -- Up-to-date: /home/osawakousei/ros2_ws/install/custom_message_unity/share/custom_message_unity/cmake/ament_cmake_export_targets-extras.cmake
[38.344s] -- Up-to-date: /home/osawakousei/ros2_ws/install/custom_message_unity/share/custom_message_unity/cmake/rosidl_cmake_export_typesupport_targets-extras.cmake
[38.353s] -- Up-to-date: /home/osawakousei/ros2_ws/install/custom_message_unity/share/custom_message_unity/cmake/ament_cmake_export_dependencies-extras.cmake
[38.357s] -- Up-to-date: /home/osawakousei/ros2_ws/install/custom_message_unity/share/custom_message_unity/cmake/rosidl_cmake_export_typesupport_libraries-extras.cmake
[38.358s] -- Up-to-date: /home/osawakousei/ros2_ws/install/custom_message_unity/share/custom_message_unity/cmake/ament_cmake_export_assemblies-extras.cmake
[38.359s] -- Up-to-date: /home/osawakousei/ros2_ws/install/custom_message_unity/share/custom_message_unity/cmake/custom_message_unityConfig.cmake
[38.360s] -- Up-to-date: /home/osawakousei/ros2_ws/install/custom_message_unity/share/custom_message_unity/cmake/custom_message_unityConfig-version.cmake
[38.361s] -- Up-to-date: /home/osawakousei/ros2_ws/install/custom_message_unity/share/custom_message_unity/package.xml
[38.367s] Invoked command in '/home/osawakousei/ros2_ws/build/custom_message_unity' returned '0': CMAKE_PREFIX_PATH=${CMAKE_PREFIX_PATH}:/opt/ros/humble /usr/bin/cmake --install /home/osawakousei/ros2_ws/build/custom_message_unity
