[6.392s] DEBUG:colcon:Command line arguments: ['/usr/bin/colcon', 'build']
[6.393s] DEBUG:colcon:Parsed command line arguments: Namespace(log_base=None, log_level=None, verb_name='build', build_base='build', install_base='install', merge_install=False, symlink_install=False, test_result_base=None, continue_on_error=False, executor='parallel', parallel_workers=12, event_handlers=None, ignore_user_meta=False, metas=['./colcon.meta'], base_paths=['.'], packages_ignore=None, packages_ignore_regex=None, paths=None, packages_up_to=None, packages_up_to_regex=None, packages_above=None, packages_above_and_dependencies=None, packages_above_depth=None, packages_select_by_dep=None, packages_skip_by_dep=None, packages_skip_up_to=None, packages_select_build_failed=False, packages_skip_build_finished=False, packages_select_test_failures=False, packages_skip_test_passed=False, packages_select=None, packages_skip=None, packages_select_regex=None, packages_skip_regex=None, packages_start=None, packages_end=None, allow_overriding=[], cmake_args=None, cmake_target=None, cmake_target_skip_unavailable=False, cmake_clean_cache=False, cmake_clean_first=False, cmake_force_configure=False, ament_cmake_args=None, catkin_cmake_args=None, catkin_skip_building_tests=False, verb_parser=<colcon_defaults.argument_parser.defaults.DefaultArgumentsDecorator object at 0x7f76c7bb8100>, verb_extension=<colcon_core.verb.build.BuildVerb object at 0x7f76c7b0bc40>, main=<bound method BuildVerb.main of <colcon_core.verb.build.BuildVerb object at 0x7f76c7b0bc40>>)
[6.728s] Level 1:colcon.colcon_core.package_discovery:discover_packages(colcon_meta) check parameters
[6.729s] Level 1:colcon.colcon_core.package_discovery:discover_packages(recursive) check parameters
[6.729s] Level 1:colcon.colcon_core.package_discovery:discover_packages(ignore) check parameters
[6.729s] Level 1:colcon.colcon_core.package_discovery:discover_packages(path) check parameters
[6.729s] Level 1:colcon.colcon_core.package_discovery:discover_packages(colcon_meta) discover
[6.730s] Level 1:colcon.colcon_core.package_discovery:discover_packages(recursive) discover
[6.730s] INFO:colcon.colcon_core.package_discovery:Crawling recursively for packages in '/home/osawakousei/ros2_ws/src/center'
[6.731s] Level 1:colcon.colcon_core.package_identification:_identify(.) by extensions ['ignore', 'ignore_ament_install']
[6.731s] Level 1:colcon.colcon_core.package_identification:_identify(.) by extension 'ignore'
[6.732s] Level 1:colcon.colcon_core.package_identification:_identify(.) by extension 'ignore_ament_install'
[6.732s] Level 1:colcon.colcon_core.package_identification:_identify(.) by extensions ['colcon_pkg']
[6.732s] Level 1:colcon.colcon_core.package_identification:_identify(.) by extension 'colcon_pkg'
[6.733s] Level 1:colcon.colcon_core.package_identification:_identify(.) by extensions ['colcon_meta']
[6.733s] Level 1:colcon.colcon_core.package_identification:_identify(.) by extension 'colcon_meta'
[6.733s] Level 1:colcon.colcon_core.package_identification:_identify(.) by extensions ['ros']
[6.733s] Level 1:colcon.colcon_core.package_identification:_identify(.) by extension 'ros'
[6.803s] DEBUG:colcon.colcon_core.package_identification:Package '.' with type 'ros.ament_cmake' and name 'center'
[6.803s] Level 1:colcon.colcon_core.package_discovery:discover_packages(recursive) using defaults
[6.804s] Level 1:colcon.colcon_core.package_discovery:discover_packages(ignore) discover
[6.804s] Level 1:colcon.colcon_core.package_discovery:discover_packages(ignore) using defaults
[6.804s] Level 1:colcon.colcon_core.package_discovery:discover_packages(path) discover
[6.804s] Level 1:colcon.colcon_core.package_discovery:discover_packages(path) using defaults
[7.465s] Level 1:colcon.colcon_core.package_discovery:discover_packages(prefix_path) check parameters
[7.465s] Level 1:colcon.colcon_core.package_discovery:discover_packages(prefix_path) discover
[7.719s] DEBUG:colcon.colcon_installed_package_information.package_discovery:Found 17 installed packages in /home/osawakousei/ros2_ws/install
[7.829s] DEBUG:colcon.colcon_installed_package_information.package_discovery:Found 1 installed packages in /home/osawakousei/ros2_ws/src/android_controll_test/install
[7.938s] DEBUG:colcon.colcon_installed_package_information.package_discovery:Found 1 installed packages in /home/osawakousei/ros2_ws/src/custom_message_unity/install
[8.048s] DEBUG:colcon.colcon_installed_package_information.package_discovery:Found 1 installed packages in /home/osawakousei/ros2_ws/src/cpp_server_client/install
[8.183s] DEBUG:colcon.colcon_installed_package_information.package_discovery:Found 1 installed packages in /home/osawakousei/ros2_ws/src/cpp_topic_pubsub/install
[8.295s] DEBUG:colcon.colcon_installed_package_information.package_discovery:Found 1 installed packages in /home/osawakousei/ros2_ws/src/test_package/install
[8.405s] DEBUG:colcon.colcon_installed_package_information.package_discovery:Found 3 installed packages in /home/osawakousei/ros2_ws/uros_ws/install
[8.498s] DEBUG:colcon.colcon_installed_package_information.package_discovery:Found 1 installed packages in /home/osawakousei/ros2_ws/src/custom_test_msgs/install
[8.623s] DEBUG:colcon.colcon_installed_package_information.package_discovery:Found 331 installed packages in /opt/ros/humble
[8.630s] Level 1:colcon.colcon_core.package_discovery:discover_packages(prefix_path) using defaults
[9.261s] Level 5:colcon.colcon_core.verb:set package 'center' build argument 'cmake_args' from command line to 'None'
[9.262s] Level 5:colcon.colcon_core.verb:set package 'center' build argument 'cmake_target' from command line to 'None'
[9.262s] Level 5:colcon.colcon_core.verb:set package 'center' build argument 'cmake_target_skip_unavailable' from command line to 'False'
[9.262s] Level 5:colcon.colcon_core.verb:set package 'center' build argument 'cmake_clean_cache' from command line to 'False'
[9.263s] Level 5:colcon.colcon_core.verb:set package 'center' build argument 'cmake_clean_first' from command line to 'False'
[9.264s] Level 5:colcon.colcon_core.verb:set package 'center' build argument 'cmake_force_configure' from command line to 'False'
[9.265s] Level 5:colcon.colcon_core.verb:set package 'center' build argument 'ament_cmake_args' from command line to 'None'
[9.265s] Level 5:colcon.colcon_core.verb:set package 'center' build argument 'catkin_cmake_args' from command line to 'None'
[9.265s] Level 5:colcon.colcon_core.verb:set package 'center' build argument 'catkin_skip_building_tests' from command line to 'False'
[9.265s] DEBUG:colcon.colcon_core.verb:Building package 'center' with the following arguments: {'ament_cmake_args': None, 'build_base': '/home/osawakousei/ros2_ws/src/center/build/center', 'catkin_cmake_args': None, 'catkin_skip_building_tests': False, 'cmake_args': None, 'cmake_clean_cache': False, 'cmake_clean_first': False, 'cmake_force_configure': False, 'cmake_target': None, 'cmake_target_skip_unavailable': False, 'install_base': '/home/osawakousei/ros2_ws/src/center/install/center', 'merge_install': False, 'path': '/home/osawakousei/ros2_ws/src/center', 'symlink_install': False, 'test_result_base': None}
[9.373s] INFO:colcon.colcon_core.executor:Executing jobs using 'parallel' executor
[9.486s] DEBUG:colcon.colcon_parallel_executor.executor.parallel:run_until_complete
[9.487s] INFO:colcon.colcon_ros.task.ament_cmake.build:Building ROS package in '/home/osawakousei/ros2_ws/src/center' with build type 'ament_cmake'
[9.488s] INFO:colcon.colcon_cmake.task.cmake.build:Building CMake package in '/home/osawakousei/ros2_ws/src/center'
[9.627s] INFO:colcon.colcon_core.plugin_system:Skipping extension 'colcon_core.shell.bat': Not used on non-Windows systems
[9.628s] INFO:colcon.colcon_core.shell:Skip shell extension 'powershell' for command environment: Not usable outside of PowerShell
[9.628s] DEBUG:colcon.colcon_core.shell:Skip shell extension 'dsv' for command environment
[10.917s] DEBUG:colcon.colcon_core.event_handler.log_command:Invoking command in '/home/osawakousei/ros2_ws/src/center/build/center': CMAKE_PREFIX_PATH=${CMAKE_PREFIX_PATH}:/opt/ros/humble /usr/bin/cmake /home/osawakousei/ros2_ws/src/center -DCMAKE_INSTALL_PREFIX=/home/osawakousei/ros2_ws/src/center/install/center
[25.676s] DEBUG:colcon.colcon_core.event_handler.log_command:Invoked command in '/home/osawakousei/ros2_ws/src/center/build/center' returned '0': CMAKE_PREFIX_PATH=${CMAKE_PREFIX_PATH}:/opt/ros/humble /usr/bin/cmake /home/osawakousei/ros2_ws/src/center -DCMAKE_INSTALL_PREFIX=/home/osawakousei/ros2_ws/src/center/install/center
[25.691s] DEBUG:colcon.colcon_core.event_handler.log_command:Invoking command in '/home/osawakousei/ros2_ws/src/center/build/center': CMAKE_PREFIX_PATH=${CMAKE_PREFIX_PATH}:/opt/ros/humble /usr/bin/cmake --build /home/osawakousei/ros2_ws/src/center/build/center -- -j12 -l12
[77.590s] DEBUG:colcon.colcon_core.event_handler.log_command:Invoked command in '/home/osawakousei/ros2_ws/src/center/build/center' returned '0': CMAKE_PREFIX_PATH=${CMAKE_PREFIX_PATH}:/opt/ros/humble /usr/bin/cmake --build /home/osawakousei/ros2_ws/src/center/build/center -- -j12 -l12
[81.679s] DEBUG:colcon.colcon_core.event_handler.log_command:Invoking command in '/home/osawakousei/ros2_ws/src/center/build/center': CMAKE_PREFIX_PATH=${CMAKE_PREFIX_PATH}:/opt/ros/humble /usr/bin/cmake --install /home/osawakousei/ros2_ws/src/center/build/center
[82.835s] Level 1:colcon.colcon_core.environment:create_environment_scripts_only(center)
[82.843s] DEBUG:colcon.colcon_core.event_handler.log_command:Invoked command in '/home/osawakousei/ros2_ws/src/center/build/center' returned '0': CMAKE_PREFIX_PATH=${CMAKE_PREFIX_PATH}:/opt/ros/humble /usr/bin/cmake --install /home/osawakousei/ros2_ws/src/center/build/center
[82.972s] Level 1:colcon.colcon_core.environment:checking '/home/osawakousei/ros2_ws/src/center/install/center' for CMake module files
[82.978s] Level 1:colcon.colcon_core.environment:checking '/home/osawakousei/ros2_ws/src/center/install/center' for CMake config files
[82.990s] Level 1:colcon.colcon_core.shell:create_environment_hook('center', 'cmake_prefix_path')
[83.108s] INFO:colcon.colcon_core.shell:Creating environment hook '/home/osawakousei/ros2_ws/src/center/install/center/share/center/hook/cmake_prefix_path.ps1'
[83.111s] INFO:colcon.colcon_core.shell:Creating environment descriptor '/home/osawakousei/ros2_ws/src/center/install/center/share/center/hook/cmake_prefix_path.dsv'
[83.113s] INFO:colcon.colcon_core.shell:Creating environment hook '/home/osawakousei/ros2_ws/src/center/install/center/share/center/hook/cmake_prefix_path.sh'
[83.117s] Level 1:colcon.colcon_core.environment:checking '/home/osawakousei/ros2_ws/src/center/install/center/lib'
[83.118s] Level 1:colcon.colcon_core.shell:create_environment_hook('center', 'ld_library_path_lib')
[83.234s] INFO:colcon.colcon_core.shell:Creating environment hook '/home/osawakousei/ros2_ws/src/center/install/center/share/center/hook/ld_library_path_lib.ps1'
[83.236s] INFO:colcon.colcon_core.shell:Creating environment descriptor '/home/osawakousei/ros2_ws/src/center/install/center/share/center/hook/ld_library_path_lib.dsv'
[83.238s] INFO:colcon.colcon_core.shell:Creating environment hook '/home/osawakousei/ros2_ws/src/center/install/center/share/center/hook/ld_library_path_lib.sh'
[83.240s] Level 1:colcon.colcon_core.environment:checking '/home/osawakousei/ros2_ws/src/center/install/center/bin'
[83.241s] Level 1:colcon.colcon_core.environment:checking '/home/osawakousei/ros2_ws/src/center/install/center/lib/pkgconfig/center.pc'
[83.242s] Level 1:colcon.colcon_core.environment:checking '/home/osawakousei/ros2_ws/src/center/install/center/lib/python3.10/site-packages'
[83.243s] Level 1:colcon.colcon_core.environment:checking '/home/osawakousei/ros2_ws/src/center/install/center/bin'
[83.356s] INFO:colcon.colcon_core.shell:Creating package script '/home/osawakousei/ros2_ws/src/center/install/center/share/center/package.ps1'
[83.360s] INFO:colcon.colcon_core.shell:Creating package descriptor '/home/osawakousei/ros2_ws/src/center/install/center/share/center/package.dsv'
[83.363s] INFO:colcon.colcon_core.shell:Creating package script '/home/osawakousei/ros2_ws/src/center/install/center/share/center/package.sh'
[83.366s] INFO:colcon.colcon_core.shell:Creating package script '/home/osawakousei/ros2_ws/src/center/install/center/share/center/package.bash'
[83.369s] INFO:colcon.colcon_core.shell:Creating package script '/home/osawakousei/ros2_ws/src/center/install/center/share/center/package.zsh'
[83.373s] Level 1:colcon.colcon_core.environment:create_file_with_runtime_dependencies(/home/osawakousei/ros2_ws/src/center/install/center/share/colcon-core/packages/center)
[87.426s] Level 1:colcon.colcon_core.environment:create_environment_scripts_only(center)
[87.540s] Level 1:colcon.colcon_core.environment:checking '/home/osawakousei/ros2_ws/src/center/install/center' for CMake module files
[87.547s] Level 1:colcon.colcon_core.environment:checking '/home/osawakousei/ros2_ws/src/center/install/center' for CMake config files
[87.557s] Level 1:colcon.colcon_core.shell:create_environment_hook('center', 'cmake_prefix_path')
[87.677s] INFO:colcon.colcon_core.shell:Creating environment hook '/home/osawakousei/ros2_ws/src/center/install/center/share/center/hook/cmake_prefix_path.ps1'
[87.682s] INFO:colcon.colcon_core.shell:Creating environment descriptor '/home/osawakousei/ros2_ws/src/center/install/center/share/center/hook/cmake_prefix_path.dsv'
[87.684s] INFO:colcon.colcon_core.shell:Creating environment hook '/home/osawakousei/ros2_ws/src/center/install/center/share/center/hook/cmake_prefix_path.sh'
[87.688s] Level 1:colcon.colcon_core.environment:checking '/home/osawakousei/ros2_ws/src/center/install/center/lib'
[87.688s] Level 1:colcon.colcon_core.shell:create_environment_hook('center', 'ld_library_path_lib')
[87.798s] INFO:colcon.colcon_core.shell:Creating environment hook '/home/osawakousei/ros2_ws/src/center/install/center/share/center/hook/ld_library_path_lib.ps1'
[87.802s] INFO:colcon.colcon_core.shell:Creating environment descriptor '/home/osawakousei/ros2_ws/src/center/install/center/share/center/hook/ld_library_path_lib.dsv'
[87.806s] INFO:colcon.colcon_core.shell:Creating environment hook '/home/osawakousei/ros2_ws/src/center/install/center/share/center/hook/ld_library_path_lib.sh'
[87.810s] Level 1:colcon.colcon_core.environment:checking '/home/osawakousei/ros2_ws/src/center/install/center/bin'
[87.811s] Level 1:colcon.colcon_core.environment:checking '/home/osawakousei/ros2_ws/src/center/install/center/lib/pkgconfig/center.pc'
[87.812s] Level 1:colcon.colcon_core.environment:checking '/home/osawakousei/ros2_ws/src/center/install/center/lib/python3.10/site-packages'
[87.813s] Level 1:colcon.colcon_core.environment:checking '/home/osawakousei/ros2_ws/src/center/install/center/bin'
[87.945s] INFO:colcon.colcon_core.shell:Creating package script '/home/osawakousei/ros2_ws/src/center/install/center/share/center/package.ps1'
[87.949s] INFO:colcon.colcon_core.shell:Creating package descriptor '/home/osawakousei/ros2_ws/src/center/install/center/share/center/package.dsv'
[87.952s] INFO:colcon.colcon_core.shell:Creating package script '/home/osawakousei/ros2_ws/src/center/install/center/share/center/package.sh'
[87.955s] INFO:colcon.colcon_core.shell:Creating package script '/home/osawakousei/ros2_ws/src/center/install/center/share/center/package.bash'
[87.957s] INFO:colcon.colcon_core.shell:Creating package script '/home/osawakousei/ros2_ws/src/center/install/center/share/center/package.zsh'
[87.960s] Level 1:colcon.colcon_core.environment:create_file_with_runtime_dependencies(/home/osawakousei/ros2_ws/src/center/install/center/share/colcon-core/packages/center)
[87.964s] DEBUG:colcon.colcon_parallel_executor.executor.parallel:closing loop
[87.966s] DEBUG:colcon.colcon_parallel_executor.executor.parallel:loop closed
[87.967s] DEBUG:colcon.colcon_parallel_executor.executor.parallel:run_until_complete finished with '0'
[87.968s] DEBUG:colcon.colcon_core.event_reactor:joining thread
[88.138s] INFO:colcon.colcon_core.plugin_system:Skipping extension 'colcon_notification.desktop_notification.terminal_notifier': Not used on non-Darwin systems
[88.139s] INFO:colcon.colcon_core.plugin_system:Skipping extension 'colcon_notification.desktop_notification.win32': Not used on non-Windows systems
[88.139s] INFO:colcon.colcon_notification.desktop_notification:Sending desktop notification using 'notify2'
[88.235s] DEBUG:colcon.colcon_core.event_reactor:joined thread
[88.353s] INFO:colcon.colcon_core.shell:Creating prefix script '/home/osawakousei/ros2_ws/src/center/install/local_setup.ps1'
[88.357s] INFO:colcon.colcon_core.shell:Creating prefix util module '/home/osawakousei/ros2_ws/src/center/install/_local_setup_util_ps1.py'
[88.362s] INFO:colcon.colcon_core.shell:Creating prefix chain script '/home/osawakousei/ros2_ws/src/center/install/setup.ps1'
[88.498s] INFO:colcon.colcon_core.shell:Creating prefix script '/home/osawakousei/ros2_ws/src/center/install/local_setup.sh'
[88.501s] INFO:colcon.colcon_core.shell:Creating prefix util module '/home/osawakousei/ros2_ws/src/center/install/_local_setup_util_sh.py'
[88.504s] INFO:colcon.colcon_core.shell:Creating prefix chain script '/home/osawakousei/ros2_ws/src/center/install/setup.sh'
[88.643s] INFO:colcon.colcon_core.shell:Creating prefix script '/home/osawakousei/ros2_ws/src/center/install/local_setup.bash'
[88.647s] INFO:colcon.colcon_core.shell:Creating prefix chain script '/home/osawakousei/ros2_ws/src/center/install/setup.bash'
[88.783s] INFO:colcon.colcon_core.shell:Creating prefix script '/home/osawakousei/ros2_ws/src/center/install/local_setup.zsh'
[88.786s] INFO:colcon.colcon_core.shell:Creating prefix chain script '/home/osawakousei/ros2_ws/src/center/install/setup.zsh'
