[1.961s] Invoking command in '/home/osawakousei/ros2_ws/build/cpp_server_client': CMAKE_PREFIX_PATH=${CMAKE_PREFIX_PATH}:/opt/ros/humble /usr/bin/cmake --build /home/osawakousei/ros2_ws/build/cpp_server_client -- -j8 -l8
[2.585s] [  2%] Built target cpp_server_client__cpp
[2.652s] [  4%] Built target cpp_server_client__cs
[2.705s] [  4%] Built target ament_cmake_python_copy_cpp_server_client
[2.788s] [ 10%] Built target cpp_server_client__rosidl_generator_c
[3.025s] [ 12%] [34m[1m/usr/bin/cmake;-version;/usr/bin/dotnet restore cpp_server_client_assembly_dotnetcore.csproj;          /usr/bin/dotnet build cpp_server_client_assembly_dotnetcore.csproj -> /home/osawakousei/ros2_ws/build/cpp_server_client/cpp_server_client_assembly[0m
[3.068s] [ 18%] Built target cpp_server_client__rosidl_typesupport_cpp
[3.171s] [ 24%] Built target cpp_server_client__rosidl_typesupport_introspection_cpp
[3.275s] [ 30%] Built target cpp_server_client__rosidl_typesupport_fastrtps_c
[3.282s] [ 36%] Built target cpp_server_client__rosidl_typesupport_introspection_c
[3.357s] [ 42%] Built target cpp_server_client__rosidl_typesupport_c
[3.358s] [ 48%] Built target cpp_server_client__rosidl_typesupport_fastrtps_cpp
[3.714s] [ 57%] Built target cpp_server_client_srv_practice_srv__rosidl_typesupport_c
[3.740s] cmake version 3.22.1
[3.740s] 
[3.740s] CMake suite maintained and supported by Kitware (kitware.com/cmake).
[3.763s] [ 61%] Built target practice_client_node
[3.840s] [ 65%] Built target practice_server_node
[3.841s] [ 73%] Built target cpp_server_client_srv_practice_srv__rosidl_typesupport_introspection_c
[3.943s] [ 81%] Built target cpp_server_client_srv_practice_srv__rosidl_typesupport_fastrtps_c
[4.027s] [ 81%] Built target cpp_server_client
[4.273s] [ 83%] Built target cpp_server_client__py
[4.754s] [ 87%] Built target cpp_server_client__rosidl_generator_py
[4.962s] [ 91%] Built target cpp_server_client__rosidl_typesupport_fastrtps_c__pyext
[4.978s] [ 95%] Built target cpp_server_client__rosidl_typesupport_introspection_c__pyext
[4.987s] [100%] Built target cpp_server_client__rosidl_typesupport_c__pyext
[5.137s] running egg_info
[5.138s] writing cpp_server_client.egg-info/PKG-INFO
[5.139s] writing dependency_links to cpp_server_client.egg-info/dependency_links.txt
[5.140s] writing top-level names to cpp_server_client.egg-info/top_level.txt
[5.151s] reading manifest file 'cpp_server_client.egg-info/SOURCES.txt'
[5.154s] writing manifest file 'cpp_server_client.egg-info/SOURCES.txt'
[5.256s] [100%] Built target ament_cmake_python_build_cpp_server_client_egg
[8.887s] [?1h=  Determining projects to restore...
[9.736s]   All projects are up-to-date for restore.
[10.773s] [?1h=.NET 向け Microsoft (R) Build Engine バージョン 17.0.1+b177f8fa7
[10.774s] Copyright (C) Microsoft Corporation.All rights reserved.
[10.774s] 
[12.842s]   Determining projects to restore...
[13.450s]   All projects are up-to-date for restore.
[14.694s]   cpp_server_client_assembly_dotnetcore -> /home/osawakousei/ros2_ws/build/cpp_server_client/netstandard2.0/cpp_server_client_assembly.dll
[14.738s] [39;49m[92m
[14.739s] ビルドに成功しました。
[14.739s] [39;49m    0 個の警告
[14.739s] [39;49m    0 エラー
[14.739s] [39;49m
[14.740s] 経過時間 00:00:03.33
[14.845s] [100%] Built target cpp_server_client_assembly
[14.905s] Invoked command in '/home/osawakousei/ros2_ws/build/cpp_server_client' returned '0': CMAKE_PREFIX_PATH=${CMAKE_PREFIX_PATH}:/opt/ros/humble /usr/bin/cmake --build /home/osawakousei/ros2_ws/build/cpp_server_client -- -j8 -l8
[15.603s] Invoking command in '/home/osawakousei/ros2_ws/build/cpp_server_client': CMAKE_PREFIX_PATH=${CMAKE_PREFIX_PATH}:/opt/ros/humble /usr/bin/cmake --install /home/osawakousei/ros2_ws/build/cpp_server_client
[15.678s] -- Install configuration: ""
[15.679s] -- Up-to-date: /home/osawakousei/ros2_ws/install/cpp_server_client/share/ament_index/resource_index/rosidl_interfaces/cpp_server_client
[15.682s] -- Up-to-date: /home/osawakousei/ros2_ws/install/cpp_server_client/include/cpp_server_client/cpp_server_client
[15.685s] -- Up-to-date: /home/osawakousei/ros2_ws/install/cpp_server_client/include/cpp_server_client/cpp_server_client/srv
[15.686s] -- Up-to-date: /home/osawakousei/ros2_ws/install/cpp_server_client/include/cpp_server_client/cpp_server_client/srv/practice_srv.h
[15.687s] -- Up-to-date: /home/osawakousei/ros2_ws/install/cpp_server_client/include/cpp_server_client/cpp_server_client/srv/detail
[15.688s] -- Up-to-date: /home/osawakousei/ros2_ws/install/cpp_server_client/include/cpp_server_client/cpp_server_client/srv/detail/practice_srv__struct.h
[15.689s] -- Up-to-date: /home/osawakousei/ros2_ws/install/cpp_server_client/include/cpp_server_client/cpp_server_client/srv/detail/practice_srv__functions.c
[15.689s] -- Up-to-date: /home/osawakousei/ros2_ws/install/cpp_server_client/include/cpp_server_client/cpp_server_client/srv/detail/practice_srv__functions.h
[15.690s] -- Up-to-date: /home/osawakousei/ros2_ws/install/cpp_server_client/include/cpp_server_client/cpp_server_client/srv/detail/practice_srv__type_support.h
[15.690s] -- Up-to-date: /home/osawakousei/ros2_ws/install/cpp_server_client/include/cpp_server_client/cpp_server_client/msg
[15.692s] -- Up-to-date: /home/osawakousei/ros2_ws/install/cpp_server_client/include/cpp_server_client/cpp_server_client/msg/rosidl_generator_c__visibility_control.h
[15.694s] -- Up-to-date: /home/osawakousei/ros2_ws/install/cpp_server_client/share/cpp_server_client/environment/library_path.sh
[15.694s] -- Up-to-date: /home/osawakousei/ros2_ws/install/cpp_server_client/share/cpp_server_client/environment/library_path.dsv
[15.698s] -- Up-to-date: /home/osawakousei/ros2_ws/install/cpp_server_client/lib/libcpp_server_client__rosidl_generator_c.so
[15.699s] -- Up-to-date: /home/osawakousei/ros2_ws/install/cpp_server_client/include/cpp_server_client/cpp_server_client
[15.701s] -- Up-to-date: /home/osawakousei/ros2_ws/install/cpp_server_client/include/cpp_server_client/cpp_server_client/srv
[15.702s] -- Up-to-date: /home/osawakousei/ros2_ws/install/cpp_server_client/include/cpp_server_client/cpp_server_client/srv/detail
[15.703s] -- Up-to-date: /home/osawakousei/ros2_ws/install/cpp_server_client/include/cpp_server_client/cpp_server_client/srv/detail/practice_srv__rosidl_typesupport_fastrtps_c.h
[15.703s] -- Up-to-date: /home/osawakousei/ros2_ws/install/cpp_server_client/include/cpp_server_client/cpp_server_client/msg
[15.703s] -- Up-to-date: /home/osawakousei/ros2_ws/install/cpp_server_client/include/cpp_server_client/cpp_server_client/msg/rosidl_typesupport_fastrtps_c__visibility_control.h
[15.709s] -- Up-to-date: /home/osawakousei/ros2_ws/install/cpp_server_client/lib/libcpp_server_client__rosidl_typesupport_fastrtps_c.so
[15.710s] -- Up-to-date: /home/osawakousei/ros2_ws/install/cpp_server_client/include/cpp_server_client/cpp_server_client
[15.710s] -- Up-to-date: /home/osawakousei/ros2_ws/install/cpp_server_client/include/cpp_server_client/cpp_server_client/srv
[15.710s] -- Up-to-date: /home/osawakousei/ros2_ws/install/cpp_server_client/include/cpp_server_client/cpp_server_client/srv/detail
[15.712s] -- Up-to-date: /home/osawakousei/ros2_ws/install/cpp_server_client/include/cpp_server_client/cpp_server_client/srv/detail/practice_srv__traits.hpp
[15.713s] -- Up-to-date: /home/osawakousei/ros2_ws/install/cpp_server_client/include/cpp_server_client/cpp_server_client/srv/detail/practice_srv__struct.hpp
[15.713s] -- Up-to-date: /home/osawakousei/ros2_ws/install/cpp_server_client/include/cpp_server_client/cpp_server_client/srv/detail/practice_srv__builder.hpp
[15.713s] -- Up-to-date: /home/osawakousei/ros2_ws/install/cpp_server_client/include/cpp_server_client/cpp_server_client/srv/practice_srv.hpp
[15.713s] -- Up-to-date: /home/osawakousei/ros2_ws/install/cpp_server_client/include/cpp_server_client/cpp_server_client
[15.714s] -- Up-to-date: /home/osawakousei/ros2_ws/install/cpp_server_client/include/cpp_server_client/cpp_server_client/srv
[15.714s] -- Up-to-date: /home/osawakousei/ros2_ws/install/cpp_server_client/include/cpp_server_client/cpp_server_client/srv/detail
[15.714s] -- Up-to-date: /home/osawakousei/ros2_ws/install/cpp_server_client/include/cpp_server_client/cpp_server_client/srv/detail/practice_srv__rosidl_typesupport_fastrtps_cpp.hpp
[15.715s] -- Up-to-date: /home/osawakousei/ros2_ws/install/cpp_server_client/include/cpp_server_client/cpp_server_client/srv/detail/dds_fastrtps
[15.715s] -- Up-to-date: /home/osawakousei/ros2_ws/install/cpp_server_client/include/cpp_server_client/cpp_server_client/msg
[15.715s] -- Up-to-date: /home/osawakousei/ros2_ws/install/cpp_server_client/include/cpp_server_client/cpp_server_client/msg/rosidl_typesupport_fastrtps_cpp__visibility_control.h
[15.724s] -- Up-to-date: /home/osawakousei/ros2_ws/install/cpp_server_client/lib/libcpp_server_client__rosidl_typesupport_fastrtps_cpp.so
[15.724s] -- Up-to-date: /home/osawakousei/ros2_ws/install/cpp_server_client/include/cpp_server_client/cpp_server_client
[15.724s] -- Up-to-date: /home/osawakousei/ros2_ws/install/cpp_server_client/include/cpp_server_client/cpp_server_client/srv
[15.725s] -- Up-to-date: /home/osawakousei/ros2_ws/install/cpp_server_client/include/cpp_server_client/cpp_server_client/srv/detail
[15.725s] -- Up-to-date: /home/osawakousei/ros2_ws/install/cpp_server_client/include/cpp_server_client/cpp_server_client/srv/detail/practice_srv__type_support.c
[15.725s] -- Up-to-date: /home/osawakousei/ros2_ws/install/cpp_server_client/include/cpp_server_client/cpp_server_client/srv/detail/practice_srv__rosidl_typesupport_introspection_c.h
[15.726s] -- Up-to-date: /home/osawakousei/ros2_ws/install/cpp_server_client/include/cpp_server_client/cpp_server_client/msg
[15.726s] -- Up-to-date: /home/osawakousei/ros2_ws/install/cpp_server_client/include/cpp_server_client/cpp_server_client/msg/rosidl_typesupport_introspection_c__visibility_control.h
[15.729s] -- Up-to-date: /home/osawakousei/ros2_ws/install/cpp_server_client/lib/libcpp_server_client__rosidl_typesupport_introspection_c.so
[15.733s] -- Up-to-date: /home/osawakousei/ros2_ws/install/cpp_server_client/lib/libcpp_server_client__rosidl_typesupport_c.so
[15.733s] -- Up-to-date: /home/osawakousei/ros2_ws/install/cpp_server_client/include/cpp_server_client/cpp_server_client
[15.733s] -- Up-to-date: /home/osawakousei/ros2_ws/install/cpp_server_client/include/cpp_server_client/cpp_server_client/srv
[15.734s] -- Up-to-date: /home/osawakousei/ros2_ws/install/cpp_server_client/include/cpp_server_client/cpp_server_client/srv/detail
[15.734s] -- Up-to-date: /home/osawakousei/ros2_ws/install/cpp_server_client/include/cpp_server_client/cpp_server_client/srv/detail/practice_srv__rosidl_typesupport_introspection_cpp.hpp
[15.736s] -- Up-to-date: /home/osawakousei/ros2_ws/install/cpp_server_client/include/cpp_server_client/cpp_server_client/srv/detail/practice_srv__type_support.cpp
[15.740s] -- Up-to-date: /home/osawakousei/ros2_ws/install/cpp_server_client/lib/libcpp_server_client__rosidl_typesupport_introspection_cpp.so
[15.742s] -- Up-to-date: /home/osawakousei/ros2_ws/install/cpp_server_client/lib/libcpp_server_client__rosidl_typesupport_cpp.so
[15.744s] -- Up-to-date: /home/osawakousei/ros2_ws/install/cpp_server_client/lib/libcpp_server_client_srv_practice_srv__rosidl_typesupport_c_native.so
[15.748s] -- Up-to-date: /home/osawakousei/ros2_ws/install/cpp_server_client/lib/libcpp_server_client_srv_practice_srv__rosidl_typesupport_introspection_c_native.so
[15.749s] -- Up-to-date: /home/osawakousei/ros2_ws/install/cpp_server_client/lib/libcpp_server_client_srv_practice_srv__rosidl_typesupport_fastrtps_c_native.so
[15.749s] -- Up-to-date: /home/osawakousei/ros2_ws/install/cpp_server_client/lib/dotnet
[15.749s] -- Up-to-date: /home/osawakousei/ros2_ws/install/cpp_server_client/lib/dotnet/cpp_server_client_assembly.deps.json
[15.751s] -- Up-to-date: /home/osawakousei/ros2_ws/install/cpp_server_client/lib/dotnet/ros2cs_common.dll
[15.751s] -- Up-to-date: /home/osawakousei/ros2_ws/install/cpp_server_client/lib/dotnet/cpp_server_client_assembly.dll
[15.752s] -- Up-to-date: /home/osawakousei/ros2_ws/install/cpp_server_client/share/cpp_server_client/environment/pythonpath.sh
[15.752s] -- Up-to-date: /home/osawakousei/ros2_ws/install/cpp_server_client/share/cpp_server_client/environment/pythonpath.dsv
[15.753s] -- Up-to-date: /home/osawakousei/ros2_ws/install/cpp_server_client/local/lib/python3.10/dist-packages/cpp_server_client-0.0.0-py3.10.egg-info
[15.753s] -- Installing: /home/osawakousei/ros2_ws/install/cpp_server_client/local/lib/python3.10/dist-packages/cpp_server_client-0.0.0-py3.10.egg-info/top_level.txt
[15.754s] -- Installing: /home/osawakousei/ros2_ws/install/cpp_server_client/local/lib/python3.10/dist-packages/cpp_server_client-0.0.0-py3.10.egg-info/SOURCES.txt
[15.754s] -- Installing: /home/osawakousei/ros2_ws/install/cpp_server_client/local/lib/python3.10/dist-packages/cpp_server_client-0.0.0-py3.10.egg-info/dependency_links.txt
[15.754s] -- Installing: /home/osawakousei/ros2_ws/install/cpp_server_client/local/lib/python3.10/dist-packages/cpp_server_client-0.0.0-py3.10.egg-info/PKG-INFO
[15.754s] -- Up-to-date: /home/osawakousei/ros2_ws/install/cpp_server_client/local/lib/python3.10/dist-packages/cpp_server_client
[15.755s] -- Up-to-date: /home/osawakousei/ros2_ws/install/cpp_server_client/local/lib/python3.10/dist-packages/cpp_server_client/cpp_server_client_s__rosidl_typesupport_c.cpython-310-x86_64-linux-gnu.so
[15.755s] -- Up-to-date: /home/osawakousei/ros2_ws/install/cpp_server_client/local/lib/python3.10/dist-packages/cpp_server_client/_cpp_server_client_s.ep.rosidl_typesupport_c.c
[15.755s] -- Up-to-date: /home/osawakousei/ros2_ws/install/cpp_server_client/local/lib/python3.10/dist-packages/cpp_server_client/srv
[15.757s] -- Up-to-date: /home/osawakousei/ros2_ws/install/cpp_server_client/local/lib/python3.10/dist-packages/cpp_server_client/srv/_practice_srv.py
[15.757s] -- Up-to-date: /home/osawakousei/ros2_ws/install/cpp_server_client/local/lib/python3.10/dist-packages/cpp_server_client/srv/__init__.py
[15.757s] -- Up-to-date: /home/osawakousei/ros2_ws/install/cpp_server_client/local/lib/python3.10/dist-packages/cpp_server_client/srv/_practice_srv_s.c
[15.758s] -- Up-to-date: /home/osawakousei/ros2_ws/install/cpp_server_client/local/lib/python3.10/dist-packages/cpp_server_client/libcpp_server_client__rosidl_generator_py.so
[15.758s] -- Up-to-date: /home/osawakousei/ros2_ws/install/cpp_server_client/local/lib/python3.10/dist-packages/cpp_server_client/cpp_server_client_s__rosidl_typesupport_fastrtps_c.cpython-310-x86_64-linux-gnu.so
[15.758s] -- Up-to-date: /home/osawakousei/ros2_ws/install/cpp_server_client/local/lib/python3.10/dist-packages/cpp_server_client/cpp_server_client_s__rosidl_typesupport_introspection_c.cpython-310-x86_64-linux-gnu.so
[15.758s] -- Up-to-date: /home/osawakousei/ros2_ws/install/cpp_server_client/local/lib/python3.10/dist-packages/cpp_server_client/__init__.py
[15.759s] -- Up-to-date: /home/osawakousei/ros2_ws/install/cpp_server_client/local/lib/python3.10/dist-packages/cpp_server_client/_cpp_server_client_s.ep.rosidl_typesupport_introspection_c.c
[15.759s] -- Up-to-date: /home/osawakousei/ros2_ws/install/cpp_server_client/local/lib/python3.10/dist-packages/cpp_server_client/_cpp_server_client_s.ep.rosidl_typesupport_fastrtps_c.c
[15.879s] Listing '/home/osawakousei/ros2_ws/install/cpp_server_client/local/lib/python3.10/dist-packages/cpp_server_client'...
[15.879s] Listing '/home/osawakousei/ros2_ws/install/cpp_server_client/local/lib/python3.10/dist-packages/cpp_server_client/srv'...
[15.894s] -- Up-to-date: /home/osawakousei/ros2_ws/install/cpp_server_client/local/lib/python3.10/dist-packages/cpp_server_client/cpp_server_client_s__rosidl_typesupport_fastrtps_c.cpython-310-x86_64-linux-gnu.so
[15.899s] -- Up-to-date: /home/osawakousei/ros2_ws/install/cpp_server_client/local/lib/python3.10/dist-packages/cpp_server_client/cpp_server_client_s__rosidl_typesupport_introspection_c.cpython-310-x86_64-linux-gnu.so
[15.904s] -- Up-to-date: /home/osawakousei/ros2_ws/install/cpp_server_client/local/lib/python3.10/dist-packages/cpp_server_client/cpp_server_client_s__rosidl_typesupport_c.cpython-310-x86_64-linux-gnu.so
[15.911s] -- Up-to-date: /home/osawakousei/ros2_ws/install/cpp_server_client/lib/libcpp_server_client__rosidl_generator_py.so
[15.918s] -- Up-to-date: /home/osawakousei/ros2_ws/install/cpp_server_client/share/cpp_server_client/srv/PracticeSrv.idl
[15.919s] -- Up-to-date: /home/osawakousei/ros2_ws/install/cpp_server_client/share/cpp_server_client/srv/PracticeSrv.srv
[15.919s] -- Up-to-date: /home/osawakousei/ros2_ws/install/cpp_server_client/share/cpp_server_client/srv/PracticeSrv_Request.msg
[15.919s] -- Up-to-date: /home/osawakousei/ros2_ws/install/cpp_server_client/share/cpp_server_client/srv/PracticeSrv_Response.msg
[15.934s] -- Up-to-date: /home/osawakousei/ros2_ws/install/cpp_server_client/lib/cpp_server_client/practice_server_node
[15.940s] -- Up-to-date: /home/osawakousei/ros2_ws/install/cpp_server_client/lib/cpp_server_client/practice_client_node
[15.941s] -- Up-to-date: /home/osawakousei/ros2_ws/install/cpp_server_client/share/ament_index/resource_index/package_run_dependencies/cpp_server_client
[15.941s] -- Up-to-date: /home/osawakousei/ros2_ws/install/cpp_server_client/share/ament_index/resource_index/parent_prefix_path/cpp_server_client
[15.941s] -- Up-to-date: /home/osawakousei/ros2_ws/install/cpp_server_client/share/cpp_server_client/environment/ament_prefix_path.sh
[15.942s] -- Up-to-date: /home/osawakousei/ros2_ws/install/cpp_server_client/share/cpp_server_client/environment/ament_prefix_path.dsv
[15.944s] -- Up-to-date: /home/osawakousei/ros2_ws/install/cpp_server_client/share/cpp_server_client/environment/path.sh
[15.945s] -- Up-to-date: /home/osawakousei/ros2_ws/install/cpp_server_client/share/cpp_server_client/environment/path.dsv
[15.945s] -- Up-to-date: /home/osawakousei/ros2_ws/install/cpp_server_client/share/cpp_server_client/local_setup.bash
[15.946s] -- Up-to-date: /home/osawakousei/ros2_ws/install/cpp_server_client/share/cpp_server_client/local_setup.sh
[15.946s] -- Up-to-date: /home/osawakousei/ros2_ws/install/cpp_server_client/share/cpp_server_client/local_setup.zsh
[15.947s] -- Up-to-date: /home/osawakousei/ros2_ws/install/cpp_server_client/share/cpp_server_client/local_setup.dsv
[15.947s] -- Installing: /home/osawakousei/ros2_ws/install/cpp_server_client/share/cpp_server_client/package.dsv
[15.948s] -- Up-to-date: /home/osawakousei/ros2_ws/install/cpp_server_client/share/ament_index/resource_index/packages/cpp_server_client
[15.960s] -- Up-to-date: /home/osawakousei/ros2_ws/install/cpp_server_client/share/cpp_server_client/cmake/export_cpp_server_client__rosidl_generator_cExport.cmake
[15.960s] -- Up-to-date: /home/osawakousei/ros2_ws/install/cpp_server_client/share/cpp_server_client/cmake/export_cpp_server_client__rosidl_generator_cExport-noconfig.cmake
[15.960s] -- Up-to-date: /home/osawakousei/ros2_ws/install/cpp_server_client/share/cpp_server_client/cmake/export_cpp_server_client__rosidl_typesupport_fastrtps_cExport.cmake
[15.960s] -- Up-to-date: /home/osawakousei/ros2_ws/install/cpp_server_client/share/cpp_server_client/cmake/export_cpp_server_client__rosidl_typesupport_fastrtps_cExport-noconfig.cmake
[15.961s] -- Up-to-date: /home/osawakousei/ros2_ws/install/cpp_server_client/share/cpp_server_client/cmake/export_cpp_server_client__rosidl_generator_cppExport.cmake
[15.968s] -- Up-to-date: /home/osawakousei/ros2_ws/install/cpp_server_client/share/cpp_server_client/cmake/export_cpp_server_client__rosidl_typesupport_fastrtps_cppExport.cmake
[15.968s] -- Up-to-date: /home/osawakousei/ros2_ws/install/cpp_server_client/share/cpp_server_client/cmake/export_cpp_server_client__rosidl_typesupport_fastrtps_cppExport-noconfig.cmake
[15.976s] -- Up-to-date: /home/osawakousei/ros2_ws/install/cpp_server_client/share/cpp_server_client/cmake/cpp_server_client__rosidl_typesupport_introspection_cExport.cmake
[15.976s] -- Up-to-date: /home/osawakousei/ros2_ws/install/cpp_server_client/share/cpp_server_client/cmake/cpp_server_client__rosidl_typesupport_introspection_cExport-noconfig.cmake
[15.986s] -- Up-to-date: /home/osawakousei/ros2_ws/install/cpp_server_client/share/cpp_server_client/cmake/cpp_server_client__rosidl_typesupport_cExport.cmake
[15.986s] -- Up-to-date: /home/osawakousei/ros2_ws/install/cpp_server_client/share/cpp_server_client/cmake/cpp_server_client__rosidl_typesupport_cExport-noconfig.cmake
[15.989s] -- Up-to-date: /home/osawakousei/ros2_ws/install/cpp_server_client/share/cpp_server_client/cmake/cpp_server_client__rosidl_typesupport_introspection_cppExport.cmake
[15.989s] -- Up-to-date: /home/osawakousei/ros2_ws/install/cpp_server_client/share/cpp_server_client/cmake/cpp_server_client__rosidl_typesupport_introspection_cppExport-noconfig.cmake
[15.990s] -- Up-to-date: /home/osawakousei/ros2_ws/install/cpp_server_client/share/cpp_server_client/cmake/cpp_server_client__rosidl_typesupport_cppExport.cmake
[15.991s] -- Up-to-date: /home/osawakousei/ros2_ws/install/cpp_server_client/share/cpp_server_client/cmake/cpp_server_client__rosidl_typesupport_cppExport-noconfig.cmake
[16.000s] -- Up-to-date: /home/osawakousei/ros2_ws/install/cpp_server_client/share/cpp_server_client/cmake/export_cpp_server_client__rosidl_generator_pyExport.cmake
[16.001s] -- Up-to-date: /home/osawakousei/ros2_ws/install/cpp_server_client/share/cpp_server_client/cmake/export_cpp_server_client__rosidl_generator_pyExport-noconfig.cmake
[16.003s] -- Up-to-date: /home/osawakousei/ros2_ws/install/cpp_server_client/share/cpp_server_client/cmake/rosidl_cmake-extras.cmake
[16.019s] -- Up-to-date: /home/osawakousei/ros2_ws/install/cpp_server_client/share/cpp_server_client/cmake/ament_cmake_export_include_directories-extras.cmake
[16.020s] -- Up-to-date: /home/osawakousei/ros2_ws/install/cpp_server_client/share/cpp_server_client/cmake/ament_cmake_export_libraries-extras.cmake
[16.020s] -- Up-to-date: /home/osawakousei/ros2_ws/install/cpp_server_client/share/cpp_server_client/cmake/ament_cmake_export_targets-extras.cmake
[16.021s] -- Up-to-date: /home/osawakousei/ros2_ws/install/cpp_server_client/share/cpp_server_client/cmake/rosidl_cmake_export_typesupport_targets-extras.cmake
[16.025s] -- Up-to-date: /home/osawakousei/ros2_ws/install/cpp_server_client/share/cpp_server_client/cmake/ament_cmake_export_dependencies-extras.cmake
[16.026s] -- Up-to-date: /home/osawakousei/ros2_ws/install/cpp_server_client/share/cpp_server_client/cmake/rosidl_cmake_export_typesupport_libraries-extras.cmake
[16.026s] -- Up-to-date: /home/osawakousei/ros2_ws/install/cpp_server_client/share/cpp_server_client/cmake/ament_cmake_export_assemblies-extras.cmake
[16.026s] -- Up-to-date: /home/osawakousei/ros2_ws/install/cpp_server_client/share/cpp_server_client/cmake/cpp_server_clientConfig.cmake
[16.026s] -- Up-to-date: /home/osawakousei/ros2_ws/install/cpp_server_client/share/cpp_server_client/cmake/cpp_server_clientConfig-version.cmake
[16.027s] -- Up-to-date: /home/osawakousei/ros2_ws/install/cpp_server_client/share/cpp_server_client/package.xml
[16.475s] Invoked command in '/home/osawakousei/ros2_ws/build/cpp_server_client' returned '0': CMAKE_PREFIX_PATH=${CMAKE_PREFIX_PATH}:/opt/ros/humble /usr/bin/cmake --install /home/osawakousei/ros2_ws/build/cpp_server_client
