[2.071s] Invoking command in '/home/osawakousei/ros2_ws/build/cpp_server_client': CMAKE_PREFIX_PATH=${CMAKE_PREFIX_PATH}:/opt/ros/humble /usr/bin/cmake --build /home/osawakousei/ros2_ws/build/cpp_server_client -- -j8 -l8
[2.492s] [  2%] Built target cpp_server_client__cs
[2.528s] [  4%] Built target cpp_server_client__cpp
[2.597s] [ 10%] Built target cpp_server_client__rosidl_generator_c
[2.793s] [ 10%] Built target ament_cmake_python_copy_cpp_server_client
[2.831s] [ 12%] [34m[1m/usr/bin/cmake;-version;/usr/bin/dotnet restore cpp_server_client_assembly_dotnetcore.csproj;          /usr/bin/dotnet build cpp_server_client_assembly_dotnetcore.csproj -> /home/osawakousei/ros2_ws/build/cpp_server_client/cpp_server_client_assembly[0m
[2.956s] [ 18%] Built target cpp_server_client__rosidl_typesupport_cpp
[3.048s] [ 24%] Built target cpp_server_client__rosidl_typesupport_fastrtps_cpp
[3.076s] [ 30%] Built target cpp_server_client__rosidl_typesupport_introspection_cpp
[3.311s] [ 36%] Built target cpp_server_client__rosidl_typesupport_fastrtps_c
[3.361s] [ 42%] Built target cpp_server_client__rosidl_typesupport_introspection_c
[3.382s] [ 48%] Built target cpp_server_client__rosidl_typesupport_c
[3.576s] [ 53%] Built target practice_server_node
[3.583s] [ 57%] Built target practice_client_node
[3.637s] cmake version 3.22.1
[3.638s] 
[3.638s] CMake suite maintained and supported by Kitware (kitware.com/cmake).
[3.748s] [ 65%] Built target cpp_server_client_srv_practice_srv__rosidl_typesupport_introspection_c
[3.793s] [ 73%] Built target cpp_server_client_srv_practice_srv__rosidl_typesupport_c
[3.814s] [ 81%] Built target cpp_server_client_srv_practice_srv__rosidl_typesupport_fastrtps_c
[3.836s] [ 81%] Built target cpp_server_client
[4.134s] [ 83%] Built target cpp_server_client__py
[4.477s] [ 87%] Built target cpp_server_client__rosidl_generator_py
[4.782s] [ 91%] Built target cpp_server_client__rosidl_typesupport_introspection_c__pyext
[4.800s] [ 95%] Built target cpp_server_client__rosidl_typesupport_fastrtps_c__pyext
[4.848s] [100%] Built target cpp_server_client__rosidl_typesupport_c__pyext
[5.120s] running egg_info
[5.122s] writing cpp_server_client.egg-info/PKG-INFO
[5.124s] writing dependency_links to cpp_server_client.egg-info/dependency_links.txt
[5.125s] writing top-level names to cpp_server_client.egg-info/top_level.txt
[5.132s] reading manifest file 'cpp_server_client.egg-info/SOURCES.txt'
[5.145s] writing manifest file 'cpp_server_client.egg-info/SOURCES.txt'
[5.269s] [100%] Built target ament_cmake_python_build_cpp_server_client_egg
[7.933s] [?1h=  Determining projects to restore...
[8.599s]   All projects are up-to-date for restore.
[9.694s] [?1h=.NET 向け Microsoft (R) Build Engine バージョン 17.0.1+b177f8fa7
[9.695s] Copyright (C) Microsoft Corporation.All rights reserved.
[9.695s] 
[12.029s]   Determining projects to restore...
[12.749s]   All projects are up-to-date for restore.
[13.656s]   cpp_server_client_assembly_dotnetcore -> /home/osawakousei/ros2_ws/build/cpp_server_client/netstandard2.0/cpp_server_client_assembly.dll
[13.681s] [39;49m[92m
[13.682s] ビルドに成功しました。
[13.683s] [39;49m    0 個の警告
[13.684s] [39;49m    0 エラー
[13.684s] [39;49m
[13.685s] 経過時間 00:00:03.25
[13.799s] [100%] Built target cpp_server_client_assembly
[13.868s] Invoked command in '/home/osawakousei/ros2_ws/build/cpp_server_client' returned '0': CMAKE_PREFIX_PATH=${CMAKE_PREFIX_PATH}:/opt/ros/humble /usr/bin/cmake --build /home/osawakousei/ros2_ws/build/cpp_server_client -- -j8 -l8
[14.776s] Invoking command in '/home/osawakousei/ros2_ws/build/cpp_server_client': CMAKE_PREFIX_PATH=${CMAKE_PREFIX_PATH}:/opt/ros/humble /usr/bin/cmake --install /home/osawakousei/ros2_ws/build/cpp_server_client
[14.816s] -- Install configuration: ""
[14.817s] -- Up-to-date: /home/osawakousei/ros2_ws/install/cpp_server_client/share/ament_index/resource_index/rosidl_interfaces/cpp_server_client
[14.820s] -- Up-to-date: /home/osawakousei/ros2_ws/install/cpp_server_client/include/cpp_server_client/cpp_server_client
[14.824s] -- Up-to-date: /home/osawakousei/ros2_ws/install/cpp_server_client/include/cpp_server_client/cpp_server_client/srv
[14.828s] -- Up-to-date: /home/osawakousei/ros2_ws/install/cpp_server_client/include/cpp_server_client/cpp_server_client/srv/practice_srv.h
[14.829s] -- Up-to-date: /home/osawakousei/ros2_ws/install/cpp_server_client/include/cpp_server_client/cpp_server_client/srv/detail
[14.830s] -- Up-to-date: /home/osawakousei/ros2_ws/install/cpp_server_client/include/cpp_server_client/cpp_server_client/srv/detail/practice_srv__struct.h
[14.831s] -- Up-to-date: /home/osawakousei/ros2_ws/install/cpp_server_client/include/cpp_server_client/cpp_server_client/srv/detail/practice_srv__functions.c
[14.832s] -- Up-to-date: /home/osawakousei/ros2_ws/install/cpp_server_client/include/cpp_server_client/cpp_server_client/srv/detail/practice_srv__functions.h
[14.833s] -- Up-to-date: /home/osawakousei/ros2_ws/install/cpp_server_client/include/cpp_server_client/cpp_server_client/srv/detail/practice_srv__type_support.h
[14.833s] -- Up-to-date: /home/osawakousei/ros2_ws/install/cpp_server_client/include/cpp_server_client/cpp_server_client/msg
[14.835s] -- Up-to-date: /home/osawakousei/ros2_ws/install/cpp_server_client/include/cpp_server_client/cpp_server_client/msg/rosidl_generator_c__visibility_control.h
[14.841s] -- Up-to-date: /home/osawakousei/ros2_ws/install/cpp_server_client/share/cpp_server_client/environment/library_path.sh
[14.842s] -- Up-to-date: /home/osawakousei/ros2_ws/install/cpp_server_client/share/cpp_server_client/environment/library_path.dsv
[14.853s] -- Up-to-date: /home/osawakousei/ros2_ws/install/cpp_server_client/lib/libcpp_server_client__rosidl_generator_c.so
[14.855s] -- Up-to-date: /home/osawakousei/ros2_ws/install/cpp_server_client/include/cpp_server_client/cpp_server_client
[14.856s] -- Up-to-date: /home/osawakousei/ros2_ws/install/cpp_server_client/include/cpp_server_client/cpp_server_client/srv
[14.856s] -- Up-to-date: /home/osawakousei/ros2_ws/install/cpp_server_client/include/cpp_server_client/cpp_server_client/srv/detail
[14.856s] -- Up-to-date: /home/osawakousei/ros2_ws/install/cpp_server_client/include/cpp_server_client/cpp_server_client/srv/detail/practice_srv__rosidl_typesupport_fastrtps_c.h
[14.857s] -- Up-to-date: /home/osawakousei/ros2_ws/install/cpp_server_client/include/cpp_server_client/cpp_server_client/msg
[14.858s] -- Up-to-date: /home/osawakousei/ros2_ws/install/cpp_server_client/include/cpp_server_client/cpp_server_client/msg/rosidl_typesupport_fastrtps_c__visibility_control.h
[14.859s] -- Up-to-date: /home/osawakousei/ros2_ws/install/cpp_server_client/lib/libcpp_server_client__rosidl_typesupport_fastrtps_c.so
[14.864s] -- Up-to-date: /home/osawakousei/ros2_ws/install/cpp_server_client/include/cpp_server_client/cpp_server_client
[14.864s] -- Up-to-date: /home/osawakousei/ros2_ws/install/cpp_server_client/include/cpp_server_client/cpp_server_client/srv
[14.864s] -- Up-to-date: /home/osawakousei/ros2_ws/install/cpp_server_client/include/cpp_server_client/cpp_server_client/srv/detail
[14.865s] -- Up-to-date: /home/osawakousei/ros2_ws/install/cpp_server_client/include/cpp_server_client/cpp_server_client/srv/detail/practice_srv__traits.hpp
[14.865s] -- Up-to-date: /home/osawakousei/ros2_ws/install/cpp_server_client/include/cpp_server_client/cpp_server_client/srv/detail/practice_srv__struct.hpp
[14.865s] -- Up-to-date: /home/osawakousei/ros2_ws/install/cpp_server_client/include/cpp_server_client/cpp_server_client/srv/detail/practice_srv__builder.hpp
[14.865s] -- Up-to-date: /home/osawakousei/ros2_ws/install/cpp_server_client/include/cpp_server_client/cpp_server_client/srv/practice_srv.hpp
[14.866s] -- Up-to-date: /home/osawakousei/ros2_ws/install/cpp_server_client/include/cpp_server_client/cpp_server_client
[14.866s] -- Up-to-date: /home/osawakousei/ros2_ws/install/cpp_server_client/include/cpp_server_client/cpp_server_client/srv
[14.866s] -- Up-to-date: /home/osawakousei/ros2_ws/install/cpp_server_client/include/cpp_server_client/cpp_server_client/srv/detail
[14.867s] -- Up-to-date: /home/osawakousei/ros2_ws/install/cpp_server_client/include/cpp_server_client/cpp_server_client/srv/detail/practice_srv__rosidl_typesupport_fastrtps_cpp.hpp
[14.867s] -- Up-to-date: /home/osawakousei/ros2_ws/install/cpp_server_client/include/cpp_server_client/cpp_server_client/srv/detail/dds_fastrtps
[14.867s] -- Up-to-date: /home/osawakousei/ros2_ws/install/cpp_server_client/include/cpp_server_client/cpp_server_client/msg
[14.868s] -- Up-to-date: /home/osawakousei/ros2_ws/install/cpp_server_client/include/cpp_server_client/cpp_server_client/msg/rosidl_typesupport_fastrtps_cpp__visibility_control.h
[14.872s] -- Up-to-date: /home/osawakousei/ros2_ws/install/cpp_server_client/lib/libcpp_server_client__rosidl_typesupport_fastrtps_cpp.so
[14.872s] -- Up-to-date: /home/osawakousei/ros2_ws/install/cpp_server_client/include/cpp_server_client/cpp_server_client
[14.873s] -- Up-to-date: /home/osawakousei/ros2_ws/install/cpp_server_client/include/cpp_server_client/cpp_server_client/srv
[14.873s] -- Up-to-date: /home/osawakousei/ros2_ws/install/cpp_server_client/include/cpp_server_client/cpp_server_client/srv/detail
[14.874s] -- Up-to-date: /home/osawakousei/ros2_ws/install/cpp_server_client/include/cpp_server_client/cpp_server_client/srv/detail/practice_srv__type_support.c
[14.876s] -- Up-to-date: /home/osawakousei/ros2_ws/install/cpp_server_client/include/cpp_server_client/cpp_server_client/srv/detail/practice_srv__rosidl_typesupport_introspection_c.h
[14.877s] -- Up-to-date: /home/osawakousei/ros2_ws/install/cpp_server_client/include/cpp_server_client/cpp_server_client/msg
[14.877s] -- Up-to-date: /home/osawakousei/ros2_ws/install/cpp_server_client/include/cpp_server_client/cpp_server_client/msg/rosidl_typesupport_introspection_c__visibility_control.h
[14.877s] -- Up-to-date: /home/osawakousei/ros2_ws/install/cpp_server_client/lib/libcpp_server_client__rosidl_typesupport_introspection_c.so
[14.878s] -- Up-to-date: /home/osawakousei/ros2_ws/install/cpp_server_client/lib/libcpp_server_client__rosidl_typesupport_c.so
[14.879s] -- Up-to-date: /home/osawakousei/ros2_ws/install/cpp_server_client/include/cpp_server_client/cpp_server_client
[14.879s] -- Up-to-date: /home/osawakousei/ros2_ws/install/cpp_server_client/include/cpp_server_client/cpp_server_client/srv
[14.879s] -- Up-to-date: /home/osawakousei/ros2_ws/install/cpp_server_client/include/cpp_server_client/cpp_server_client/srv/detail
[14.879s] -- Up-to-date: /home/osawakousei/ros2_ws/install/cpp_server_client/include/cpp_server_client/cpp_server_client/srv/detail/practice_srv__rosidl_typesupport_introspection_cpp.hpp
[14.880s] -- Up-to-date: /home/osawakousei/ros2_ws/install/cpp_server_client/include/cpp_server_client/cpp_server_client/srv/detail/practice_srv__type_support.cpp
[14.883s] -- Up-to-date: /home/osawakousei/ros2_ws/install/cpp_server_client/lib/libcpp_server_client__rosidl_typesupport_introspection_cpp.so
[14.883s] -- Up-to-date: /home/osawakousei/ros2_ws/install/cpp_server_client/lib/libcpp_server_client__rosidl_typesupport_cpp.so
[14.884s] -- Up-to-date: /home/osawakousei/ros2_ws/install/cpp_server_client/lib/libcpp_server_client_srv_practice_srv__rosidl_typesupport_c_native.so
[14.884s] -- Up-to-date: /home/osawakousei/ros2_ws/install/cpp_server_client/lib/libcpp_server_client_srv_practice_srv__rosidl_typesupport_introspection_c_native.so
[14.884s] -- Up-to-date: /home/osawakousei/ros2_ws/install/cpp_server_client/lib/libcpp_server_client_srv_practice_srv__rosidl_typesupport_fastrtps_c_native.so
[14.884s] -- Up-to-date: /home/osawakousei/ros2_ws/install/cpp_server_client/lib/dotnet
[14.885s] -- Up-to-date: /home/osawakousei/ros2_ws/install/cpp_server_client/lib/dotnet/cpp_server_client_assembly.deps.json
[14.885s] -- Up-to-date: /home/osawakousei/ros2_ws/install/cpp_server_client/lib/dotnet/ros2cs_common.dll
[14.885s] -- Up-to-date: /home/osawakousei/ros2_ws/install/cpp_server_client/lib/dotnet/cpp_server_client_assembly.dll
[14.885s] -- Up-to-date: /home/osawakousei/ros2_ws/install/cpp_server_client/share/cpp_server_client/environment/pythonpath.sh
[14.886s] -- Up-to-date: /home/osawakousei/ros2_ws/install/cpp_server_client/share/cpp_server_client/environment/pythonpath.dsv
[14.886s] -- Up-to-date: /home/osawakousei/ros2_ws/install/cpp_server_client/local/lib/python3.10/dist-packages/cpp_server_client-0.0.0-py3.10.egg-info
[14.886s] -- Installing: /home/osawakousei/ros2_ws/install/cpp_server_client/local/lib/python3.10/dist-packages/cpp_server_client-0.0.0-py3.10.egg-info/top_level.txt
[14.886s] -- Installing: /home/osawakousei/ros2_ws/install/cpp_server_client/local/lib/python3.10/dist-packages/cpp_server_client-0.0.0-py3.10.egg-info/SOURCES.txt
[14.887s] -- Installing: /home/osawakousei/ros2_ws/install/cpp_server_client/local/lib/python3.10/dist-packages/cpp_server_client-0.0.0-py3.10.egg-info/dependency_links.txt
[14.887s] -- Installing: /home/osawakousei/ros2_ws/install/cpp_server_client/local/lib/python3.10/dist-packages/cpp_server_client-0.0.0-py3.10.egg-info/PKG-INFO
[14.887s] -- Up-to-date: /home/osawakousei/ros2_ws/install/cpp_server_client/local/lib/python3.10/dist-packages/cpp_server_client
[14.887s] -- Up-to-date: /home/osawakousei/ros2_ws/install/cpp_server_client/local/lib/python3.10/dist-packages/cpp_server_client/cpp_server_client_s__rosidl_typesupport_c.cpython-310-x86_64-linux-gnu.so
[14.889s] -- Up-to-date: /home/osawakousei/ros2_ws/install/cpp_server_client/local/lib/python3.10/dist-packages/cpp_server_client/_cpp_server_client_s.ep.rosidl_typesupport_c.c
[14.890s] -- Up-to-date: /home/osawakousei/ros2_ws/install/cpp_server_client/local/lib/python3.10/dist-packages/cpp_server_client/srv
[14.890s] -- Up-to-date: /home/osawakousei/ros2_ws/install/cpp_server_client/local/lib/python3.10/dist-packages/cpp_server_client/srv/_practice_srv.py
[14.891s] -- Up-to-date: /home/osawakousei/ros2_ws/install/cpp_server_client/local/lib/python3.10/dist-packages/cpp_server_client/srv/__init__.py
[14.892s] -- Up-to-date: /home/osawakousei/ros2_ws/install/cpp_server_client/local/lib/python3.10/dist-packages/cpp_server_client/srv/_practice_srv_s.c
[14.893s] -- Up-to-date: /home/osawakousei/ros2_ws/install/cpp_server_client/local/lib/python3.10/dist-packages/cpp_server_client/libcpp_server_client__rosidl_generator_py.so
[14.894s] -- Up-to-date: /home/osawakousei/ros2_ws/install/cpp_server_client/local/lib/python3.10/dist-packages/cpp_server_client/cpp_server_client_s__rosidl_typesupport_fastrtps_c.cpython-310-x86_64-linux-gnu.so
[14.894s] -- Up-to-date: /home/osawakousei/ros2_ws/install/cpp_server_client/local/lib/python3.10/dist-packages/cpp_server_client/cpp_server_client_s__rosidl_typesupport_introspection_c.cpython-310-x86_64-linux-gnu.so
[14.895s] -- Up-to-date: /home/osawakousei/ros2_ws/install/cpp_server_client/local/lib/python3.10/dist-packages/cpp_server_client/__init__.py
[14.896s] -- Up-to-date: /home/osawakousei/ros2_ws/install/cpp_server_client/local/lib/python3.10/dist-packages/cpp_server_client/_cpp_server_client_s.ep.rosidl_typesupport_introspection_c.c
[14.896s] -- Up-to-date: /home/osawakousei/ros2_ws/install/cpp_server_client/local/lib/python3.10/dist-packages/cpp_server_client/_cpp_server_client_s.ep.rosidl_typesupport_fastrtps_c.c
[15.080s] Listing '/home/osawakousei/ros2_ws/install/cpp_server_client/local/lib/python3.10/dist-packages/cpp_server_client'...
[15.081s] Listing '/home/osawakousei/ros2_ws/install/cpp_server_client/local/lib/python3.10/dist-packages/cpp_server_client/srv'...
[15.118s] -- Up-to-date: /home/osawakousei/ros2_ws/install/cpp_server_client/local/lib/python3.10/dist-packages/cpp_server_client/cpp_server_client_s__rosidl_typesupport_fastrtps_c.cpython-310-x86_64-linux-gnu.so
[15.125s] -- Up-to-date: /home/osawakousei/ros2_ws/install/cpp_server_client/local/lib/python3.10/dist-packages/cpp_server_client/cpp_server_client_s__rosidl_typesupport_introspection_c.cpython-310-x86_64-linux-gnu.so
[15.125s] -- Up-to-date: /home/osawakousei/ros2_ws/install/cpp_server_client/local/lib/python3.10/dist-packages/cpp_server_client/cpp_server_client_s__rosidl_typesupport_c.cpython-310-x86_64-linux-gnu.so
[15.126s] -- Up-to-date: /home/osawakousei/ros2_ws/install/cpp_server_client/lib/libcpp_server_client__rosidl_generator_py.so
[15.132s] -- Up-to-date: /home/osawakousei/ros2_ws/install/cpp_server_client/share/cpp_server_client/srv/PracticeSrv.idl
[15.145s] -- Up-to-date: /home/osawakousei/ros2_ws/install/cpp_server_client/share/cpp_server_client/srv/PracticeSrv.srv
[15.146s] -- Up-to-date: /home/osawakousei/ros2_ws/install/cpp_server_client/share/cpp_server_client/srv/PracticeSrv_Request.msg
[15.146s] -- Up-to-date: /home/osawakousei/ros2_ws/install/cpp_server_client/share/cpp_server_client/srv/PracticeSrv_Response.msg
[15.147s] -- Up-to-date: /home/osawakousei/ros2_ws/install/cpp_server_client/lib/cpp_server_client/practice_server_node
[15.150s] -- Up-to-date: /home/osawakousei/ros2_ws/install/cpp_server_client/lib/cpp_server_client/practice_client_node
[15.151s] -- Up-to-date: /home/osawakousei/ros2_ws/install/cpp_server_client/share/ament_index/resource_index/package_run_dependencies/cpp_server_client
[15.151s] -- Up-to-date: /home/osawakousei/ros2_ws/install/cpp_server_client/share/ament_index/resource_index/parent_prefix_path/cpp_server_client
[15.152s] -- Up-to-date: /home/osawakousei/ros2_ws/install/cpp_server_client/share/cpp_server_client/environment/ament_prefix_path.sh
[15.152s] -- Up-to-date: /home/osawakousei/ros2_ws/install/cpp_server_client/share/cpp_server_client/environment/ament_prefix_path.dsv
[15.153s] -- Up-to-date: /home/osawakousei/ros2_ws/install/cpp_server_client/share/cpp_server_client/environment/path.sh
[15.153s] -- Up-to-date: /home/osawakousei/ros2_ws/install/cpp_server_client/share/cpp_server_client/environment/path.dsv
[15.156s] -- Up-to-date: /home/osawakousei/ros2_ws/install/cpp_server_client/share/cpp_server_client/local_setup.bash
[15.157s] -- Up-to-date: /home/osawakousei/ros2_ws/install/cpp_server_client/share/cpp_server_client/local_setup.sh
[15.157s] -- Up-to-date: /home/osawakousei/ros2_ws/install/cpp_server_client/share/cpp_server_client/local_setup.zsh
[15.157s] -- Up-to-date: /home/osawakousei/ros2_ws/install/cpp_server_client/share/cpp_server_client/local_setup.dsv
[15.158s] -- Installing: /home/osawakousei/ros2_ws/install/cpp_server_client/share/cpp_server_client/package.dsv
[15.158s] -- Up-to-date: /home/osawakousei/ros2_ws/install/cpp_server_client/share/ament_index/resource_index/packages/cpp_server_client
[15.159s] -- Up-to-date: /home/osawakousei/ros2_ws/install/cpp_server_client/share/cpp_server_client/cmake/export_cpp_server_client__rosidl_generator_cExport.cmake
[15.159s] -- Up-to-date: /home/osawakousei/ros2_ws/install/cpp_server_client/share/cpp_server_client/cmake/export_cpp_server_client__rosidl_generator_cExport-noconfig.cmake
[15.159s] -- Up-to-date: /home/osawakousei/ros2_ws/install/cpp_server_client/share/cpp_server_client/cmake/export_cpp_server_client__rosidl_typesupport_fastrtps_cExport.cmake
[15.160s] -- Up-to-date: /home/osawakousei/ros2_ws/install/cpp_server_client/share/cpp_server_client/cmake/export_cpp_server_client__rosidl_typesupport_fastrtps_cExport-noconfig.cmake
[15.160s] -- Up-to-date: /home/osawakousei/ros2_ws/install/cpp_server_client/share/cpp_server_client/cmake/export_cpp_server_client__rosidl_generator_cppExport.cmake
[15.160s] -- Up-to-date: /home/osawakousei/ros2_ws/install/cpp_server_client/share/cpp_server_client/cmake/export_cpp_server_client__rosidl_typesupport_fastrtps_cppExport.cmake
[15.161s] -- Up-to-date: /home/osawakousei/ros2_ws/install/cpp_server_client/share/cpp_server_client/cmake/export_cpp_server_client__rosidl_typesupport_fastrtps_cppExport-noconfig.cmake
[15.164s] -- Up-to-date: /home/osawakousei/ros2_ws/install/cpp_server_client/share/cpp_server_client/cmake/cpp_server_client__rosidl_typesupport_introspection_cExport.cmake
[15.165s] -- Up-to-date: /home/osawakousei/ros2_ws/install/cpp_server_client/share/cpp_server_client/cmake/cpp_server_client__rosidl_typesupport_introspection_cExport-noconfig.cmake
[15.166s] -- Up-to-date: /home/osawakousei/ros2_ws/install/cpp_server_client/share/cpp_server_client/cmake/cpp_server_client__rosidl_typesupport_cExport.cmake
[15.166s] -- Up-to-date: /home/osawakousei/ros2_ws/install/cpp_server_client/share/cpp_server_client/cmake/cpp_server_client__rosidl_typesupport_cExport-noconfig.cmake
[15.167s] -- Up-to-date: /home/osawakousei/ros2_ws/install/cpp_server_client/share/cpp_server_client/cmake/cpp_server_client__rosidl_typesupport_introspection_cppExport.cmake
[15.168s] -- Up-to-date: /home/osawakousei/ros2_ws/install/cpp_server_client/share/cpp_server_client/cmake/cpp_server_client__rosidl_typesupport_introspection_cppExport-noconfig.cmake
[15.170s] -- Up-to-date: /home/osawakousei/ros2_ws/install/cpp_server_client/share/cpp_server_client/cmake/cpp_server_client__rosidl_typesupport_cppExport.cmake
[15.170s] -- Up-to-date: /home/osawakousei/ros2_ws/install/cpp_server_client/share/cpp_server_client/cmake/cpp_server_client__rosidl_typesupport_cppExport-noconfig.cmake
[15.171s] -- Up-to-date: /home/osawakousei/ros2_ws/install/cpp_server_client/share/cpp_server_client/cmake/export_cpp_server_client__rosidl_generator_pyExport.cmake
[15.171s] -- Up-to-date: /home/osawakousei/ros2_ws/install/cpp_server_client/share/cpp_server_client/cmake/export_cpp_server_client__rosidl_generator_pyExport-noconfig.cmake
[15.172s] -- Up-to-date: /home/osawakousei/ros2_ws/install/cpp_server_client/share/cpp_server_client/cmake/rosidl_cmake-extras.cmake
[15.173s] -- Up-to-date: /home/osawakousei/ros2_ws/install/cpp_server_client/share/cpp_server_client/cmake/ament_cmake_export_include_directories-extras.cmake
[15.173s] -- Up-to-date: /home/osawakousei/ros2_ws/install/cpp_server_client/share/cpp_server_client/cmake/ament_cmake_export_libraries-extras.cmake
[15.173s] -- Up-to-date: /home/osawakousei/ros2_ws/install/cpp_server_client/share/cpp_server_client/cmake/ament_cmake_export_targets-extras.cmake
[15.174s] -- Up-to-date: /home/osawakousei/ros2_ws/install/cpp_server_client/share/cpp_server_client/cmake/rosidl_cmake_export_typesupport_targets-extras.cmake
[15.174s] -- Up-to-date: /home/osawakousei/ros2_ws/install/cpp_server_client/share/cpp_server_client/cmake/ament_cmake_export_dependencies-extras.cmake
[15.174s] -- Up-to-date: /home/osawakousei/ros2_ws/install/cpp_server_client/share/cpp_server_client/cmake/rosidl_cmake_export_typesupport_libraries-extras.cmake
[15.174s] -- Up-to-date: /home/osawakousei/ros2_ws/install/cpp_server_client/share/cpp_server_client/cmake/ament_cmake_export_assemblies-extras.cmake
[15.175s] -- Up-to-date: /home/osawakousei/ros2_ws/install/cpp_server_client/share/cpp_server_client/cmake/cpp_server_clientConfig.cmake
[15.175s] -- Up-to-date: /home/osawakousei/ros2_ws/install/cpp_server_client/share/cpp_server_client/cmake/cpp_server_clientConfig-version.cmake
[15.177s] -- Up-to-date: /home/osawakousei/ros2_ws/install/cpp_server_client/share/cpp_server_client/package.xml
[15.392s] Invoked command in '/home/osawakousei/ros2_ws/build/cpp_server_client' returned '0': CMAKE_PREFIX_PATH=${CMAKE_PREFIX_PATH}:/opt/ros/humble /usr/bin/cmake --install /home/osawakousei/ros2_ws/build/cpp_server_client
