[1.665s] Invoking command in '/home/osawakousei/ros2_ws/build/center': CMAKE_PREFIX_PATH=/home/osawakousei/ros2_ws/install/custom_test_msgs:/home/osawakousei/ros2_ws/install/custom_message_unity:/home/osawakousei/ros2_ws/src/center/install/center:/home/osawakousei/ros2_ws/install/test_package:/home/osawakousei/ros2_ws/install/test_interface_files:/home/osawakousei/ros2_ws/install/rosidl_default_generators:/home/osawakousei/ros2_ws/install/rosidl_generator_cs:/home/osawakousei/ros2_ws/install/micro_ros_agent:/home/osawakousei/ros2_ws/install/micro_ros_msgs:/home/osawakousei/ros2_ws/install/android_controll_test:/home/osawakousei/ros2_ws/install/cpp_topic_pubsub:/home/osawakousei/ros2_ws/install/cpp_server_client:/home/osawakousei/ros2_ws/install/rosidl_default_runtime:/home/osawakousei/ros2_ws/install/ros2cs_common:/home/osawakousei/ros2_ws/install/micro_ros_setup:/home/osawakousei/ros2_ws/install/dotnet_cmake_module:/home/osawakousei/ros2_ws/install/ament_cmake_export_assemblies:/home/osawakousei/ros2_ws/src/android_controll_test/install/android_controll_test:/home/osawakousei/ros2_ws/src/custom_message_unity/install/custom_message_unity:/home/osawakousei/ros2_ws/src/cpp_server_client/install/cpp_server_client:/home/osawakousei/ros2_ws/src/cpp_topic_pubsub/install/cpp_topic_pubsub:/home/osawakousei/ros2_ws/src/test_package/install/test_package:/home/osawakousei/ros2_ws/uros_ws/install/micro_ros_setup:/home/osawakousei/ros2_ws/uros_ws/install/micro_ros_agent:/home/osawakousei/ros2_ws/uros_ws/install/micro_ros_msgs:/home/osawakousei/ros2_ws/src/custom_test_msgs/install/custom_test_msgs:/opt/ros/humble LD_LIBRARY_PATH=/home/osawakousei/ros2_ws/install/custom_test_msgs/lib:/home/osawakousei/ros2_ws/install/custom_message_unity/lib:/home/osawakousei/ros2_ws/src/center/install/center/lib:/home/osawakousei/ros2_ws/install/micro_ros_agent/lib:/home/osawakousei/ros2_ws/install/micro_ros_msgs/lib:/home/osawakousei/ros2_ws/install/android_controll_test/lib:/home/osawakousei/ros2_ws/install/cpp_topic_pubsub/lib:/home/osawakousei/ros2_ws/install/cpp_server_client/lib:/home/osawakousei/ros2_ws/src/android_controll_test/install/android_controll_test/lib:/home/osawakousei/ros2_ws/src/custom_message_unity/install/custom_message_unity/lib:/home/osawakousei/ros2_ws/src/cpp_server_client/install/cpp_server_client/lib:/home/osawakousei/ros2_ws/src/cpp_topic_pubsub/install/cpp_topic_pubsub/lib:/home/osawakousei/ros2_ws/uros_ws/install/micro_ros_agent/lib:/home/osawakousei/ros2_ws/uros_ws/install/micro_ros_msgs/lib:/home/osawakousei/ros2_ws/src/custom_test_msgs/install/custom_test_msgs/lib:/usr/lib/x86_64-linux-gnu/gazebo-11/plugins:/opt/ros/humble/opt/rviz_ogre_vendor/lib:/opt/ros/humble/lib/x86_64-linux-gnu:/opt/ros/humble/lib /usr/bin/cmake --build /home/osawakousei/ros2_ws/build/center -- -j12 -l12
[2.520s] [35m[1mConsolidate compiler generated dependencies of target center__rosidl_generator_c[0m
[2.553s] [35m[1mConsolidate compiler generated dependencies of target center_node[0m
[2.867s] [  1%] Built target center__cs
[2.911s] [  2%] Built target center__cpp
[2.965s] [  8%] Built target center__rosidl_generator_c
[3.041s] [ 11%] Built target center_node
[3.327s] [ 11%] Built target ament_cmake_python_copy_center
[3.471s] [35m[1mConsolidate compiler generated dependencies of target center__rosidl_typesupport_introspection_cpp[0m
[3.471s] [35m[1mConsolidate compiler generated dependencies of target center__rosidl_typesupport_cpp[0m
[3.472s] [35m[1mConsolidate compiler generated dependencies of target center__rosidl_typesupport_introspection_c[0m
[3.548s] [35m[1mConsolidate compiler generated dependencies of target center__rosidl_typesupport_fastrtps_cpp[0m
[3.668s] [35m[1mConsolidate compiler generated dependencies of target center__rosidl_typesupport_fastrtps_c[0m
[3.692s] [35m[1mConsolidate compiler generated dependencies of target center__rosidl_typesupport_c[0m
[4.051s] [ 22%] Built target center__rosidl_typesupport_introspection_cpp
[4.063s] [ 23%] Built target center__rosidl_typesupport_introspection_c
[4.158s] [ 29%] Built target center__rosidl_typesupport_cpp
[4.265s] [ 31%] [34m[1m/usr/bin/cmake;-version;/usr/bin/dotnet restore center_assembly_dotnetcore.csproj;          /usr/bin/dotnet build center_assembly_dotnetcore.csproj -> /home/osawakousei/ros2_ws/build/center/center_assembly[0m
[4.383s] [ 37%] Built target center__rosidl_typesupport_fastrtps_cpp
[4.433s] [ 43%] Built target center__rosidl_typesupport_fastrtps_c
[4.486s] [ 49%] Built target center__rosidl_typesupport_c
[4.936s] [35m[1mConsolidate compiler generated dependencies of target center_custom_unity__rosidl_typesupport_c[0m
[5.059s] [35m[1mConsolidate compiler generated dependencies of target center_custom_unity__rosidl_typesupport_fastrtps_c[0m
[5.086s] [35m[1mConsolidate compiler generated dependencies of target center_custom_unity__rosidl_typesupport_introspection_c[0m
[5.172s] [35m[1mConsolidate compiler generated dependencies of target center_srv_add_three_ints__rosidl_typesupport_introspection_c[0m
[5.190s] [35m[1mConsolidate compiler generated dependencies of target center_srv_add_three_ints__rosidl_typesupport_fastrtps_c[0m
[5.293s] [ 49%] Built target center
[5.314s] [35m[1mConsolidate compiler generated dependencies of target center_srv_add_three_ints__rosidl_typesupport_c[0m
[5.429s] [ 55%] Built target center_custom_unity__rosidl_typesupport_c
[5.564s] [ 61%] Built target center_custom_unity__rosidl_typesupport_introspection_c
[5.626s] [ 67%] Built target center_custom_unity__rosidl_typesupport_fastrtps_c
[5.631s] [ 73%] Built target center_srv_add_three_ints__rosidl_typesupport_introspection_c
[5.633s] [ 79%] Built target center_srv_add_three_ints__rosidl_typesupport_fastrtps_c
[5.669s] cmake version 3.22.1
[5.670s] 
[5.671s] CMake suite maintained and supported by Kitware (kitware.com/cmake).
[5.758s] [ 85%] Built target center_srv_add_three_ints__rosidl_typesupport_c
[5.984s] [ 86%] Built target center__py
[6.233s] [35m[1mConsolidate compiler generated dependencies of target center__rosidl_generator_py[0m
[6.591s] [ 91%] Built target center__rosidl_generator_py
[6.613s] running egg_info
[6.680s] writing center.egg-info/PKG-INFO
[6.682s] writing dependency_links to center.egg-info/dependency_links.txt
[6.683s] writing top-level names to center.egg-info/top_level.txt
[6.683s] reading manifest file 'center.egg-info/SOURCES.txt'
[6.684s] writing manifest file 'center.egg-info/SOURCES.txt'
[6.893s] [35m[1mConsolidate compiler generated dependencies of target center__rosidl_typesupport_c__pyext[0m
[6.919s] [35m[1mConsolidate compiler generated dependencies of target center__rosidl_typesupport_fastrtps_c__pyext[0m
[6.944s] [35m[1mConsolidate compiler generated dependencies of target center__rosidl_typesupport_introspection_c__pyext[0m
[6.945s] [ 91%] Built target ament_cmake_python_build_center_egg
[7.321s] [ 94%] Built target center__rosidl_typesupport_introspection_c__pyext
[7.345s] [ 97%] Built target center__rosidl_typesupport_c__pyext
[7.381s] [100%] Built target center__rosidl_typesupport_fastrtps_c__pyext
[10.784s] [?1h=  Determining projects to restore...
[11.568s]   All projects are up-to-date for restore.
[13.313s] [?1h=.NET 向け Microsoft (R) Build Engine バージョン 17.0.1+b177f8fa7
[13.314s] Copyright (C) Microsoft Corporation.All rights reserved.
[13.315s] 
[16.060s]   Determining projects to restore...
[16.855s]   All projects are up-to-date for restore.
[18.185s]   center_assembly_dotnetcore -> /home/osawakousei/ros2_ws/build/center/netstandard2.0/center_assembly.dll
[18.236s] [39;49m[92m
[18.237s] ビルドに成功しました。
[18.240s] [39;49m    0 個の警告
[18.240s] [39;49m    0 エラー
[18.241s] [39;49m
[18.242s] 経過時間 00:00:04.18
[18.489s] [100%] Built target center_assembly
[18.656s] Invoked command in '/home/osawakousei/ros2_ws/build/center' returned '0': CMAKE_PREFIX_PATH=/home/osawakousei/ros2_ws/install/custom_test_msgs:/home/osawakousei/ros2_ws/install/custom_message_unity:/home/osawakousei/ros2_ws/src/center/install/center:/home/osawakousei/ros2_ws/install/test_package:/home/osawakousei/ros2_ws/install/test_interface_files:/home/osawakousei/ros2_ws/install/rosidl_default_generators:/home/osawakousei/ros2_ws/install/rosidl_generator_cs:/home/osawakousei/ros2_ws/install/micro_ros_agent:/home/osawakousei/ros2_ws/install/micro_ros_msgs:/home/osawakousei/ros2_ws/install/android_controll_test:/home/osawakousei/ros2_ws/install/cpp_topic_pubsub:/home/osawakousei/ros2_ws/install/cpp_server_client:/home/osawakousei/ros2_ws/install/rosidl_default_runtime:/home/osawakousei/ros2_ws/install/ros2cs_common:/home/osawakousei/ros2_ws/install/micro_ros_setup:/home/osawakousei/ros2_ws/install/dotnet_cmake_module:/home/osawakousei/ros2_ws/install/ament_cmake_export_assemblies:/home/osawakousei/ros2_ws/src/android_controll_test/install/android_controll_test:/home/osawakousei/ros2_ws/src/custom_message_unity/install/custom_message_unity:/home/osawakousei/ros2_ws/src/cpp_server_client/install/cpp_server_client:/home/osawakousei/ros2_ws/src/cpp_topic_pubsub/install/cpp_topic_pubsub:/home/osawakousei/ros2_ws/src/test_package/install/test_package:/home/osawakousei/ros2_ws/uros_ws/install/micro_ros_setup:/home/osawakousei/ros2_ws/uros_ws/install/micro_ros_agent:/home/osawakousei/ros2_ws/uros_ws/install/micro_ros_msgs:/home/osawakousei/ros2_ws/src/custom_test_msgs/install/custom_test_msgs:/opt/ros/humble LD_LIBRARY_PATH=/home/osawakousei/ros2_ws/install/custom_test_msgs/lib:/home/osawakousei/ros2_ws/install/custom_message_unity/lib:/home/osawakousei/ros2_ws/src/center/install/center/lib:/home/osawakousei/ros2_ws/install/micro_ros_agent/lib:/home/osawakousei/ros2_ws/install/micro_ros_msgs/lib:/home/osawakousei/ros2_ws/install/android_controll_test/lib:/home/osawakousei/ros2_ws/install/cpp_topic_pubsub/lib:/home/osawakousei/ros2_ws/install/cpp_server_client/lib:/home/osawakousei/ros2_ws/src/android_controll_test/install/android_controll_test/lib:/home/osawakousei/ros2_ws/src/custom_message_unity/install/custom_message_unity/lib:/home/osawakousei/ros2_ws/src/cpp_server_client/install/cpp_server_client/lib:/home/osawakousei/ros2_ws/src/cpp_topic_pubsub/install/cpp_topic_pubsub/lib:/home/osawakousei/ros2_ws/uros_ws/install/micro_ros_agent/lib:/home/osawakousei/ros2_ws/uros_ws/install/micro_ros_msgs/lib:/home/osawakousei/ros2_ws/src/custom_test_msgs/install/custom_test_msgs/lib:/usr/lib/x86_64-linux-gnu/gazebo-11/plugins:/opt/ros/humble/opt/rviz_ogre_vendor/lib:/opt/ros/humble/lib/x86_64-linux-gnu:/opt/ros/humble/lib /usr/bin/cmake --build /home/osawakousei/ros2_ws/build/center -- -j12 -l12
[22.606s] Invoking command in '/home/osawakousei/ros2_ws/build/center': CMAKE_PREFIX_PATH=/home/osawakousei/ros2_ws/install/custom_test_msgs:/home/osawakousei/ros2_ws/install/custom_message_unity:/home/osawakousei/ros2_ws/src/center/install/center:/home/osawakousei/ros2_ws/install/test_package:/home/osawakousei/ros2_ws/install/test_interface_files:/home/osawakousei/ros2_ws/install/rosidl_default_generators:/home/osawakousei/ros2_ws/install/rosidl_generator_cs:/home/osawakousei/ros2_ws/install/micro_ros_agent:/home/osawakousei/ros2_ws/install/micro_ros_msgs:/home/osawakousei/ros2_ws/install/android_controll_test:/home/osawakousei/ros2_ws/install/cpp_topic_pubsub:/home/osawakousei/ros2_ws/install/cpp_server_client:/home/osawakousei/ros2_ws/install/rosidl_default_runtime:/home/osawakousei/ros2_ws/install/ros2cs_common:/home/osawakousei/ros2_ws/install/micro_ros_setup:/home/osawakousei/ros2_ws/install/dotnet_cmake_module:/home/osawakousei/ros2_ws/install/ament_cmake_export_assemblies:/home/osawakousei/ros2_ws/src/android_controll_test/install/android_controll_test:/home/osawakousei/ros2_ws/src/custom_message_unity/install/custom_message_unity:/home/osawakousei/ros2_ws/src/cpp_server_client/install/cpp_server_client:/home/osawakousei/ros2_ws/src/cpp_topic_pubsub/install/cpp_topic_pubsub:/home/osawakousei/ros2_ws/src/test_package/install/test_package:/home/osawakousei/ros2_ws/uros_ws/install/micro_ros_setup:/home/osawakousei/ros2_ws/uros_ws/install/micro_ros_agent:/home/osawakousei/ros2_ws/uros_ws/install/micro_ros_msgs:/home/osawakousei/ros2_ws/src/custom_test_msgs/install/custom_test_msgs:/opt/ros/humble LD_LIBRARY_PATH=/home/osawakousei/ros2_ws/install/custom_test_msgs/lib:/home/osawakousei/ros2_ws/install/custom_message_unity/lib:/home/osawakousei/ros2_ws/src/center/install/center/lib:/home/osawakousei/ros2_ws/install/micro_ros_agent/lib:/home/osawakousei/ros2_ws/install/micro_ros_msgs/lib:/home/osawakousei/ros2_ws/install/android_controll_test/lib:/home/osawakousei/ros2_ws/install/cpp_topic_pubsub/lib:/home/osawakousei/ros2_ws/install/cpp_server_client/lib:/home/osawakousei/ros2_ws/src/android_controll_test/install/android_controll_test/lib:/home/osawakousei/ros2_ws/src/custom_message_unity/install/custom_message_unity/lib:/home/osawakousei/ros2_ws/src/cpp_server_client/install/cpp_server_client/lib:/home/osawakousei/ros2_ws/src/cpp_topic_pubsub/install/cpp_topic_pubsub/lib:/home/osawakousei/ros2_ws/uros_ws/install/micro_ros_agent/lib:/home/osawakousei/ros2_ws/uros_ws/install/micro_ros_msgs/lib:/home/osawakousei/ros2_ws/src/custom_test_msgs/install/custom_test_msgs/lib:/usr/lib/x86_64-linux-gnu/gazebo-11/plugins:/opt/ros/humble/opt/rviz_ogre_vendor/lib:/opt/ros/humble/lib/x86_64-linux-gnu:/opt/ros/humble/lib /usr/bin/cmake --install /home/osawakousei/ros2_ws/build/center
[22.738s] -- Install configuration: ""
[22.738s] -- Up-to-date: /home/osawakousei/ros2_ws/install/center/share/ament_index/resource_index/rosidl_interfaces/center
[22.741s] -- Up-to-date: /home/osawakousei/ros2_ws/install/center/include/center/center
[22.742s] -- Up-to-date: /home/osawakousei/ros2_ws/install/center/include/center/center/srv
[22.743s] -- Up-to-date: /home/osawakousei/ros2_ws/install/center/include/center/center/srv/detail
[22.745s] -- Up-to-date: /home/osawakousei/ros2_ws/install/center/include/center/center/srv/detail/add_three_ints__type_support.h
[22.746s] -- Up-to-date: /home/osawakousei/ros2_ws/install/center/include/center/center/srv/detail/add_three_ints__functions.c
[22.747s] -- Up-to-date: /home/osawakousei/ros2_ws/install/center/include/center/center/srv/detail/add_three_ints__struct.h
[22.748s] -- Up-to-date: /home/osawakousei/ros2_ws/install/center/include/center/center/srv/detail/add_three_ints__functions.h
[22.749s] -- Up-to-date: /home/osawakousei/ros2_ws/install/center/include/center/center/srv/add_three_ints.h
[22.750s] -- Up-to-date: /home/osawakousei/ros2_ws/install/center/include/center/center/msg
[22.751s] -- Up-to-date: /home/osawakousei/ros2_ws/install/center/include/center/center/msg/rosidl_generator_c__visibility_control.h
[22.754s] -- Up-to-date: /home/osawakousei/ros2_ws/install/center/include/center/center/msg/detail
[22.755s] -- Up-to-date: /home/osawakousei/ros2_ws/install/center/include/center/center/msg/detail/custom_unity__struct.h
[22.755s] -- Up-to-date: /home/osawakousei/ros2_ws/install/center/include/center/center/msg/detail/custom_unity__type_support.h
[22.758s] -- Up-to-date: /home/osawakousei/ros2_ws/install/center/include/center/center/msg/detail/custom_unity__functions.c
[22.759s] -- Up-to-date: /home/osawakousei/ros2_ws/install/center/include/center/center/msg/detail/custom_unity__functions.h
[22.759s] -- Up-to-date: /home/osawakousei/ros2_ws/install/center/include/center/center/msg/custom_unity.h
[22.760s] -- Up-to-date: /home/osawakousei/ros2_ws/install/center/share/center/environment/library_path.sh
[22.761s] -- Up-to-date: /home/osawakousei/ros2_ws/install/center/share/center/environment/library_path.dsv
[22.762s] -- Up-to-date: /home/osawakousei/ros2_ws/install/center/lib/libcenter__rosidl_generator_c.so
[22.764s] -- Up-to-date: /home/osawakousei/ros2_ws/install/center/include/center/center
[22.766s] -- Up-to-date: /home/osawakousei/ros2_ws/install/center/include/center/center/srv
[22.767s] -- Up-to-date: /home/osawakousei/ros2_ws/install/center/include/center/center/srv/detail
[22.767s] -- Up-to-date: /home/osawakousei/ros2_ws/install/center/include/center/center/srv/detail/add_three_ints__rosidl_typesupport_fastrtps_c.h
[22.769s] -- Up-to-date: /home/osawakousei/ros2_ws/install/center/include/center/center/msg
[22.770s] -- Up-to-date: /home/osawakousei/ros2_ws/install/center/include/center/center/msg/detail
[22.770s] -- Up-to-date: /home/osawakousei/ros2_ws/install/center/include/center/center/msg/detail/custom_unity__rosidl_typesupport_fastrtps_c.h
[22.771s] -- Up-to-date: /home/osawakousei/ros2_ws/install/center/include/center/center/msg/rosidl_typesupport_fastrtps_c__visibility_control.h
[22.774s] -- Up-to-date: /home/osawakousei/ros2_ws/install/center/lib/libcenter__rosidl_typesupport_fastrtps_c.so
[22.781s] -- Up-to-date: /home/osawakousei/ros2_ws/install/center/include/center/center
[22.782s] -- Up-to-date: /home/osawakousei/ros2_ws/install/center/include/center/center/srv
[22.783s] -- Up-to-date: /home/osawakousei/ros2_ws/install/center/include/center/center/srv/detail
[22.786s] -- Up-to-date: /home/osawakousei/ros2_ws/install/center/include/center/center/srv/detail/add_three_ints__traits.hpp
[22.792s] -- Up-to-date: /home/osawakousei/ros2_ws/install/center/include/center/center/srv/detail/add_three_ints__struct.hpp
[22.795s] -- Up-to-date: /home/osawakousei/ros2_ws/install/center/include/center/center/srv/detail/add_three_ints__builder.hpp
[22.796s] -- Up-to-date: /home/osawakousei/ros2_ws/install/center/include/center/center/srv/add_three_ints.hpp
[22.797s] -- Up-to-date: /home/osawakousei/ros2_ws/install/center/include/center/center/msg
[22.799s] -- Up-to-date: /home/osawakousei/ros2_ws/install/center/include/center/center/msg/custom_unity.hpp
[22.799s] -- Up-to-date: /home/osawakousei/ros2_ws/install/center/include/center/center/msg/detail
[22.815s] -- Up-to-date: /home/osawakousei/ros2_ws/install/center/include/center/center/msg/detail/custom_unity__builder.hpp
[22.816s] -- Up-to-date: /home/osawakousei/ros2_ws/install/center/include/center/center/msg/detail/custom_unity__struct.hpp
[22.816s] -- Up-to-date: /home/osawakousei/ros2_ws/install/center/include/center/center/msg/detail/custom_unity__traits.hpp
[22.817s] -- Up-to-date: /home/osawakousei/ros2_ws/install/center/include/center/center
[22.818s] -- Up-to-date: /home/osawakousei/ros2_ws/install/center/include/center/center/srv
[22.819s] -- Up-to-date: /home/osawakousei/ros2_ws/install/center/include/center/center/srv/detail
[22.820s] -- Up-to-date: /home/osawakousei/ros2_ws/install/center/include/center/center/srv/detail/add_three_ints__rosidl_typesupport_fastrtps_cpp.hpp
[22.820s] -- Up-to-date: /home/osawakousei/ros2_ws/install/center/include/center/center/srv/detail/dds_fastrtps
[22.821s] -- Up-to-date: /home/osawakousei/ros2_ws/install/center/include/center/center/msg
[22.824s] -- Up-to-date: /home/osawakousei/ros2_ws/install/center/include/center/center/msg/rosidl_typesupport_fastrtps_cpp__visibility_control.h
[22.825s] -- Up-to-date: /home/osawakousei/ros2_ws/install/center/include/center/center/msg/detail
[22.825s] -- Up-to-date: /home/osawakousei/ros2_ws/install/center/include/center/center/msg/detail/custom_unity__rosidl_typesupport_fastrtps_cpp.hpp
[22.826s] -- Up-to-date: /home/osawakousei/ros2_ws/install/center/include/center/center/msg/detail/dds_fastrtps
[22.829s] -- Up-to-date: /home/osawakousei/ros2_ws/install/center/lib/libcenter__rosidl_typesupport_fastrtps_cpp.so
[22.832s] -- Up-to-date: /home/osawakousei/ros2_ws/install/center/include/center/center
[22.834s] -- Up-to-date: /home/osawakousei/ros2_ws/install/center/include/center/center/srv
[22.835s] -- Up-to-date: /home/osawakousei/ros2_ws/install/center/include/center/center/srv/detail
[22.836s] -- Up-to-date: /home/osawakousei/ros2_ws/install/center/include/center/center/srv/detail/add_three_ints__type_support.c
[22.837s] -- Up-to-date: /home/osawakousei/ros2_ws/install/center/include/center/center/srv/detail/add_three_ints__rosidl_typesupport_introspection_c.h
[22.838s] -- Up-to-date: /home/osawakousei/ros2_ws/install/center/include/center/center/msg
[22.849s] -- Up-to-date: /home/osawakousei/ros2_ws/install/center/include/center/center/msg/rosidl_typesupport_introspection_c__visibility_control.h
[22.850s] -- Up-to-date: /home/osawakousei/ros2_ws/install/center/include/center/center/msg/detail
[22.851s] -- Up-to-date: /home/osawakousei/ros2_ws/install/center/include/center/center/msg/detail/custom_unity__rosidl_typesupport_introspection_c.h
[22.851s] -- Up-to-date: /home/osawakousei/ros2_ws/install/center/include/center/center/msg/detail/custom_unity__type_support.c
[22.853s] -- Up-to-date: /home/osawakousei/ros2_ws/install/center/lib/libcenter__rosidl_typesupport_introspection_c.so
[22.854s] -- Up-to-date: /home/osawakousei/ros2_ws/install/center/lib/libcenter__rosidl_typesupport_c.so
[22.854s] -- Up-to-date: /home/osawakousei/ros2_ws/install/center/include/center/center
[22.855s] -- Up-to-date: /home/osawakousei/ros2_ws/install/center/include/center/center/srv
[22.855s] -- Up-to-date: /home/osawakousei/ros2_ws/install/center/include/center/center/srv/detail
[22.856s] -- Up-to-date: /home/osawakousei/ros2_ws/install/center/include/center/center/srv/detail/add_three_ints__type_support.cpp
[22.857s] -- Up-to-date: /home/osawakousei/ros2_ws/install/center/include/center/center/srv/detail/add_three_ints__rosidl_typesupport_introspection_cpp.hpp
[22.857s] -- Up-to-date: /home/osawakousei/ros2_ws/install/center/include/center/center/msg
[22.858s] -- Up-to-date: /home/osawakousei/ros2_ws/install/center/include/center/center/msg/detail
[22.858s] -- Up-to-date: /home/osawakousei/ros2_ws/install/center/include/center/center/msg/detail/custom_unity__rosidl_typesupport_introspection_cpp.hpp
[22.859s] -- Up-to-date: /home/osawakousei/ros2_ws/install/center/include/center/center/msg/detail/custom_unity__type_support.cpp
[22.860s] -- Up-to-date: /home/osawakousei/ros2_ws/install/center/lib/libcenter__rosidl_typesupport_introspection_cpp.so
[22.861s] -- Up-to-date: /home/osawakousei/ros2_ws/install/center/lib/libcenter__rosidl_typesupport_cpp.so
[22.871s] -- Up-to-date: /home/osawakousei/ros2_ws/install/center/lib/libcenter_custom_unity__rosidl_typesupport_c_native.so
[22.881s] -- Up-to-date: /home/osawakousei/ros2_ws/install/center/lib/libcenter_custom_unity__rosidl_typesupport_introspection_c_native.so
[22.891s] -- Up-to-date: /home/osawakousei/ros2_ws/install/center/lib/libcenter_custom_unity__rosidl_typesupport_fastrtps_c_native.so
[22.904s] -- Up-to-date: /home/osawakousei/ros2_ws/install/center/lib/libcenter_srv_add_three_ints__rosidl_typesupport_c_native.so
[22.913s] -- Up-to-date: /home/osawakousei/ros2_ws/install/center/lib/libcenter_srv_add_three_ints__rosidl_typesupport_introspection_c_native.so
[22.924s] -- Up-to-date: /home/osawakousei/ros2_ws/install/center/lib/libcenter_srv_add_three_ints__rosidl_typesupport_fastrtps_c_native.so
[22.931s] -- Up-to-date: /home/osawakousei/ros2_ws/install/center/lib/dotnet
[22.932s] -- Up-to-date: /home/osawakousei/ros2_ws/install/center/lib/dotnet/ros2cs_common.dll
[22.938s] -- Up-to-date: /home/osawakousei/ros2_ws/install/center/lib/dotnet/center_assembly.dll
[22.938s] -- Up-to-date: /home/osawakousei/ros2_ws/install/center/lib/dotnet/center_assembly.deps.json
[22.940s] -- Up-to-date: /home/osawakousei/ros2_ws/install/center/lib/dotnet
[22.941s] -- Up-to-date: /home/osawakousei/ros2_ws/install/center/lib/dotnet/ros2cs_common.dll
[22.941s] -- Up-to-date: /home/osawakousei/ros2_ws/install/center/lib/dotnet/center_assembly.dll
[22.946s] -- Up-to-date: /home/osawakousei/ros2_ws/install/center/lib/dotnet/center_assembly.deps.json
[22.947s] -- Up-to-date: /home/osawakousei/ros2_ws/install/center/share/center/environment/pythonpath.sh
[22.948s] -- Up-to-date: /home/osawakousei/ros2_ws/install/center/share/center/environment/pythonpath.dsv
[22.949s] -- Up-to-date: /home/osawakousei/ros2_ws/install/center/local/lib/python3.10/dist-packages/center-0.0.0-py3.10.egg-info
[22.950s] -- Installing: /home/osawakousei/ros2_ws/install/center/local/lib/python3.10/dist-packages/center-0.0.0-py3.10.egg-info/top_level.txt
[22.951s] -- Installing: /home/osawakousei/ros2_ws/install/center/local/lib/python3.10/dist-packages/center-0.0.0-py3.10.egg-info/SOURCES.txt
[22.952s] -- Installing: /home/osawakousei/ros2_ws/install/center/local/lib/python3.10/dist-packages/center-0.0.0-py3.10.egg-info/dependency_links.txt
[22.955s] -- Installing: /home/osawakousei/ros2_ws/install/center/local/lib/python3.10/dist-packages/center-0.0.0-py3.10.egg-info/PKG-INFO
[22.956s] -- Up-to-date: /home/osawakousei/ros2_ws/install/center/local/lib/python3.10/dist-packages/center
[22.957s] -- Up-to-date: /home/osawakousei/ros2_ws/install/center/local/lib/python3.10/dist-packages/center/_center_s.ep.rosidl_typesupport_fastrtps_c.c
[22.958s] -- Up-to-date: /home/osawakousei/ros2_ws/install/center/local/lib/python3.10/dist-packages/center/srv
[22.958s] -- Up-to-date: /home/osawakousei/ros2_ws/install/center/local/lib/python3.10/dist-packages/center/srv/_add_three_ints.py
[22.959s] -- Up-to-date: /home/osawakousei/ros2_ws/install/center/local/lib/python3.10/dist-packages/center/srv/__init__.py
[22.960s] -- Up-to-date: /home/osawakousei/ros2_ws/install/center/local/lib/python3.10/dist-packages/center/srv/_add_three_ints_s.c
[22.960s] -- Up-to-date: /home/osawakousei/ros2_ws/install/center/local/lib/python3.10/dist-packages/center/center_s__rosidl_typesupport_fastrtps_c.cpython-310-x86_64-linux-gnu.so
[22.961s] -- Up-to-date: /home/osawakousei/ros2_ws/install/center/local/lib/python3.10/dist-packages/center/center_s__rosidl_typesupport_c.cpython-310-x86_64-linux-gnu.so
[22.962s] -- Up-to-date: /home/osawakousei/ros2_ws/install/center/local/lib/python3.10/dist-packages/center/libcenter__rosidl_generator_py.so
[22.962s] -- Up-to-date: /home/osawakousei/ros2_ws/install/center/local/lib/python3.10/dist-packages/center/__init__.py
[22.963s] -- Up-to-date: /home/osawakousei/ros2_ws/install/center/local/lib/python3.10/dist-packages/center/_center_s.ep.rosidl_typesupport_c.c
[22.963s] -- Up-to-date: /home/osawakousei/ros2_ws/install/center/local/lib/python3.10/dist-packages/center/center_s__rosidl_typesupport_introspection_c.cpython-310-x86_64-linux-gnu.so
[22.964s] -- Up-to-date: /home/osawakousei/ros2_ws/install/center/local/lib/python3.10/dist-packages/center/_center_s.ep.rosidl_typesupport_introspection_c.c
[22.965s] -- Up-to-date: /home/osawakousei/ros2_ws/install/center/local/lib/python3.10/dist-packages/center/msg
[22.966s] -- Up-to-date: /home/osawakousei/ros2_ws/install/center/local/lib/python3.10/dist-packages/center/msg/_custom_unity_s.c
[22.966s] -- Up-to-date: /home/osawakousei/ros2_ws/install/center/local/lib/python3.10/dist-packages/center/msg/_custom_unity.py
[22.967s] -- Up-to-date: /home/osawakousei/ros2_ws/install/center/local/lib/python3.10/dist-packages/center/msg/__init__.py
[23.273s] Listing '/home/osawakousei/ros2_ws/install/center/local/lib/python3.10/dist-packages/center'...
[23.275s] Listing '/home/osawakousei/ros2_ws/install/center/local/lib/python3.10/dist-packages/center/msg'...
[23.278s] Listing '/home/osawakousei/ros2_ws/install/center/local/lib/python3.10/dist-packages/center/srv'...
[23.292s] -- Up-to-date: /home/osawakousei/ros2_ws/install/center/local/lib/python3.10/dist-packages/center/center_s__rosidl_typesupport_fastrtps_c.cpython-310-x86_64-linux-gnu.so
[23.303s] -- Up-to-date: /home/osawakousei/ros2_ws/install/center/local/lib/python3.10/dist-packages/center/center_s__rosidl_typesupport_introspection_c.cpython-310-x86_64-linux-gnu.so
[23.313s] -- Up-to-date: /home/osawakousei/ros2_ws/install/center/local/lib/python3.10/dist-packages/center/center_s__rosidl_typesupport_c.cpython-310-x86_64-linux-gnu.so
[23.325s] -- Up-to-date: /home/osawakousei/ros2_ws/install/center/lib/libcenter__rosidl_generator_py.so
[23.333s] -- Up-to-date: /home/osawakousei/ros2_ws/install/center/share/center/msg/CustomUnity.idl
[23.335s] -- Up-to-date: /home/osawakousei/ros2_ws/install/center/share/center/srv/AddThreeInts.idl
[23.337s] -- Up-to-date: /home/osawakousei/ros2_ws/install/center/share/center/msg/CustomUnity.msg
[23.338s] -- Up-to-date: /home/osawakousei/ros2_ws/install/center/share/center/srv/AddThreeInts.srv
[23.342s] -- Up-to-date: /home/osawakousei/ros2_ws/install/center/share/center/srv/AddThreeInts_Request.msg
[23.344s] -- Up-to-date: /home/osawakousei/ros2_ws/install/center/share/center/srv/AddThreeInts_Response.msg
[23.349s] -- Up-to-date: /home/osawakousei/ros2_ws/install/center/lib/center/center_node
[23.352s] -- Up-to-date: /home/osawakousei/ros2_ws/install/center/share/ament_index/resource_index/package_run_dependencies/center
[23.356s] -- Up-to-date: /home/osawakousei/ros2_ws/install/center/share/ament_index/resource_index/parent_prefix_path/center
[23.362s] -- Up-to-date: /home/osawakousei/ros2_ws/install/center/share/center/environment/ament_prefix_path.sh
[23.368s] -- Up-to-date: /home/osawakousei/ros2_ws/install/center/share/center/environment/ament_prefix_path.dsv
[23.374s] -- Up-to-date: /home/osawakousei/ros2_ws/install/center/share/center/environment/path.sh
[23.376s] -- Up-to-date: /home/osawakousei/ros2_ws/install/center/share/center/environment/path.dsv
[23.380s] -- Up-to-date: /home/osawakousei/ros2_ws/install/center/share/center/local_setup.bash
[23.385s] -- Up-to-date: /home/osawakousei/ros2_ws/install/center/share/center/local_setup.sh
[23.386s] -- Up-to-date: /home/osawakousei/ros2_ws/install/center/share/center/local_setup.zsh
[23.394s] -- Up-to-date: /home/osawakousei/ros2_ws/install/center/share/center/local_setup.dsv
[23.396s] -- Installing: /home/osawakousei/ros2_ws/install/center/share/center/package.dsv
[23.400s] -- Up-to-date: /home/osawakousei/ros2_ws/install/center/share/ament_index/resource_index/packages/center
[23.401s] -- Up-to-date: /home/osawakousei/ros2_ws/install/center/share/center/cmake/export_center__rosidl_generator_cExport.cmake
[23.402s] -- Up-to-date: /home/osawakousei/ros2_ws/install/center/share/center/cmake/export_center__rosidl_generator_cExport-noconfig.cmake
[23.403s] -- Up-to-date: /home/osawakousei/ros2_ws/install/center/share/center/cmake/export_center__rosidl_typesupport_fastrtps_cExport.cmake
[23.403s] -- Up-to-date: /home/osawakousei/ros2_ws/install/center/share/center/cmake/export_center__rosidl_typesupport_fastrtps_cExport-noconfig.cmake
[23.405s] -- Up-to-date: /home/osawakousei/ros2_ws/install/center/share/center/cmake/export_center__rosidl_generator_cppExport.cmake
[23.407s] -- Up-to-date: /home/osawakousei/ros2_ws/install/center/share/center/cmake/export_center__rosidl_typesupport_fastrtps_cppExport.cmake
[23.408s] -- Up-to-date: /home/osawakousei/ros2_ws/install/center/share/center/cmake/export_center__rosidl_typesupport_fastrtps_cppExport-noconfig.cmake
[23.409s] -- Up-to-date: /home/osawakousei/ros2_ws/install/center/share/center/cmake/center__rosidl_typesupport_introspection_cExport.cmake
[23.410s] -- Up-to-date: /home/osawakousei/ros2_ws/install/center/share/center/cmake/center__rosidl_typesupport_introspection_cExport-noconfig.cmake
[23.410s] -- Up-to-date: /home/osawakousei/ros2_ws/install/center/share/center/cmake/center__rosidl_typesupport_cExport.cmake
[23.411s] -- Up-to-date: /home/osawakousei/ros2_ws/install/center/share/center/cmake/center__rosidl_typesupport_cExport-noconfig.cmake
[23.412s] -- Up-to-date: /home/osawakousei/ros2_ws/install/center/share/center/cmake/center__rosidl_typesupport_introspection_cppExport.cmake
[23.415s] -- Up-to-date: /home/osawakousei/ros2_ws/install/center/share/center/cmake/center__rosidl_typesupport_introspection_cppExport-noconfig.cmake
[23.416s] -- Up-to-date: /home/osawakousei/ros2_ws/install/center/share/center/cmake/center__rosidl_typesupport_cppExport.cmake
[23.418s] -- Up-to-date: /home/osawakousei/ros2_ws/install/center/share/center/cmake/center__rosidl_typesupport_cppExport-noconfig.cmake
[23.419s] -- Up-to-date: /home/osawakousei/ros2_ws/install/center/share/center/cmake/export_center__rosidl_generator_pyExport.cmake
[23.422s] -- Up-to-date: /home/osawakousei/ros2_ws/install/center/share/center/cmake/export_center__rosidl_generator_pyExport-noconfig.cmake
[23.424s] -- Up-to-date: /home/osawakousei/ros2_ws/install/center/share/center/cmake/rosidl_cmake-extras.cmake
[23.426s] -- Up-to-date: /home/osawakousei/ros2_ws/install/center/share/center/cmake/ament_cmake_export_include_directories-extras.cmake
[23.429s] -- Up-to-date: /home/osawakousei/ros2_ws/install/center/share/center/cmake/ament_cmake_export_libraries-extras.cmake
[23.433s] -- Up-to-date: /home/osawakousei/ros2_ws/install/center/share/center/cmake/ament_cmake_export_targets-extras.cmake
[23.435s] -- Up-to-date: /home/osawakousei/ros2_ws/install/center/share/center/cmake/rosidl_cmake_export_typesupport_targets-extras.cmake
[23.437s] -- Up-to-date: /home/osawakousei/ros2_ws/install/center/share/center/cmake/ament_cmake_export_dependencies-extras.cmake
[23.439s] -- Up-to-date: /home/osawakousei/ros2_ws/install/center/share/center/cmake/rosidl_cmake_export_typesupport_libraries-extras.cmake
[23.442s] -- Up-to-date: /home/osawakousei/ros2_ws/install/center/share/center/cmake/ament_cmake_export_assemblies-extras.cmake
[23.444s] -- Up-to-date: /home/osawakousei/ros2_ws/install/center/share/center/cmake/centerConfig.cmake
[23.447s] -- Up-to-date: /home/osawakousei/ros2_ws/install/center/share/center/cmake/centerConfig-version.cmake
[23.448s] -- Up-to-date: /home/osawakousei/ros2_ws/install/center/share/center/package.xml
[23.919s] Invoked command in '/home/osawakousei/ros2_ws/build/center' returned '0': CMAKE_PREFIX_PATH=/home/osawakousei/ros2_ws/install/custom_test_msgs:/home/osawakousei/ros2_ws/install/custom_message_unity:/home/osawakousei/ros2_ws/src/center/install/center:/home/osawakousei/ros2_ws/install/test_package:/home/osawakousei/ros2_ws/install/test_interface_files:/home/osawakousei/ros2_ws/install/rosidl_default_generators:/home/osawakousei/ros2_ws/install/rosidl_generator_cs:/home/osawakousei/ros2_ws/install/micro_ros_agent:/home/osawakousei/ros2_ws/install/micro_ros_msgs:/home/osawakousei/ros2_ws/install/android_controll_test:/home/osawakousei/ros2_ws/install/cpp_topic_pubsub:/home/osawakousei/ros2_ws/install/cpp_server_client:/home/osawakousei/ros2_ws/install/rosidl_default_runtime:/home/osawakousei/ros2_ws/install/ros2cs_common:/home/osawakousei/ros2_ws/install/micro_ros_setup:/home/osawakousei/ros2_ws/install/dotnet_cmake_module:/home/osawakousei/ros2_ws/install/ament_cmake_export_assemblies:/home/osawakousei/ros2_ws/src/android_controll_test/install/android_controll_test:/home/osawakousei/ros2_ws/src/custom_message_unity/install/custom_message_unity:/home/osawakousei/ros2_ws/src/cpp_server_client/install/cpp_server_client:/home/osawakousei/ros2_ws/src/cpp_topic_pubsub/install/cpp_topic_pubsub:/home/osawakousei/ros2_ws/src/test_package/install/test_package:/home/osawakousei/ros2_ws/uros_ws/install/micro_ros_setup:/home/osawakousei/ros2_ws/uros_ws/install/micro_ros_agent:/home/osawakousei/ros2_ws/uros_ws/install/micro_ros_msgs:/home/osawakousei/ros2_ws/src/custom_test_msgs/install/custom_test_msgs:/opt/ros/humble LD_LIBRARY_PATH=/home/osawakousei/ros2_ws/install/custom_test_msgs/lib:/home/osawakousei/ros2_ws/install/custom_message_unity/lib:/home/osawakousei/ros2_ws/src/center/install/center/lib:/home/osawakousei/ros2_ws/install/micro_ros_agent/lib:/home/osawakousei/ros2_ws/install/micro_ros_msgs/lib:/home/osawakousei/ros2_ws/install/android_controll_test/lib:/home/osawakousei/ros2_ws/install/cpp_topic_pubsub/lib:/home/osawakousei/ros2_ws/install/cpp_server_client/lib:/home/osawakousei/ros2_ws/src/android_controll_test/install/android_controll_test/lib:/home/osawakousei/ros2_ws/src/custom_message_unity/install/custom_message_unity/lib:/home/osawakousei/ros2_ws/src/cpp_server_client/install/cpp_server_client/lib:/home/osawakousei/ros2_ws/src/cpp_topic_pubsub/install/cpp_topic_pubsub/lib:/home/osawakousei/ros2_ws/uros_ws/install/micro_ros_agent/lib:/home/osawakousei/ros2_ws/uros_ws/install/micro_ros_msgs/lib:/home/osawakousei/ros2_ws/src/custom_test_msgs/install/custom_test_msgs/lib:/usr/lib/x86_64-linux-gnu/gazebo-11/plugins:/opt/ros/humble/opt/rviz_ogre_vendor/lib:/opt/ros/humble/lib/x86_64-linux-gnu:/opt/ros/humble/lib /usr/bin/cmake --install /home/osawakousei/ros2_ws/build/center
